Loading plugins phase: Elapsed time ==> 0s.146ms
<CYPRESSTAG name="CyDsfit arguments...">
cydsfit arguments: -.fdsnotice -.fdswarpdepfile=warp_dependencies.txt -.fdselabdepfile=elab_dependencies.txt -.fdsbldfile=generated_files.txt -.fdsreffile=referenced_files.txt -p C:\Users\jpat614\Documents\GitHub\P4P_Project-130\Experimental_cap_sense\Design01_Copy_01.cydsn\Design01_Copy_01.cyprj -d CY8C5888LTI-LP097 -s C:\Users\jpat614\Documents\GitHub\P4P_Project-130\Experimental_cap_sense\Design01_Copy_01.cydsn\Generated_Source\PSoC5 -- -yv2 -q10 -ygs -o2 -v3 -.fftcfgtype=LE
</CYPRESSTAG>
<CYPRESSTAG name="Design elaboration results...">
</CYPRESSTAG>
Elaboration phase: Elapsed time ==> 0s.724ms
<CYPRESSTAG name="HDL generation results...">
</CYPRESSTAG>
HDL generation phase: Elapsed time ==> 0s.031ms
<CYPRESSTAG name="Synthesis results...">

     | | | | | | |
   _________________
  -|               |-
  -|               |-
  -|               |-
  -|    CYPRESS    |-
  -|               |-
  -|               |-   Warp Verilog Synthesis Compiler: Version 6.3 IR 41
  -|               |-   Copyright (C) 1991-2001 Cypress Semiconductor
   |_______________|
     | | | | | | |

======================================================================
Compiling:  Design01_Copy_01.v
Program  :   C:\Program Files (x86)\Cypress\PSoC Creator\4.2\PSoC Creator\warp\bin\warp.exe
Options  :    -yv2 -q10 -ygs -o2 -v3 -.fftcfgtype=LE -ya -.fftprj=C:\Users\jpat614\Documents\GitHub\P4P_Project-130\Experimental_cap_sense\Design01_Copy_01.cydsn\Design01_Copy_01.cyprj -dcpsoc3 Design01_Copy_01.v -verilog
======================================================================

======================================================================
Compiling:  Design01_Copy_01.v
Program  :   C:\Program Files (x86)\Cypress\PSoC Creator\4.2\PSoC Creator\warp\bin\warp.exe
Options  :    -yv2 -q10 -ygs -o2 -v3 -.fftcfgtype=LE -ya -.fftprj=C:\Users\jpat614\Documents\GitHub\P4P_Project-130\Experimental_cap_sense\Design01_Copy_01.cydsn\Design01_Copy_01.cyprj -dcpsoc3 Design01_Copy_01.v -verilog
======================================================================

======================================================================
Compiling:  Design01_Copy_01.v
Program  :   vlogfe
Options  :    -yv2 -q10 -ygs -o2 -v3 -.fftcfgtype=LE -ya -.fftprj=C:\Users\jpat614\Documents\GitHub\P4P_Project-130\Experimental_cap_sense\Design01_Copy_01.cydsn\Design01_Copy_01.cyprj -dcpsoc3 -verilog Design01_Copy_01.v
======================================================================

vlogfe V6.3 IR 41:  Verilog parser
Mon Jun 16 15:48:10 2025


======================================================================
Compiling:  Design01_Copy_01.v
Program  :   vpp
Options  :    -yv2 -q10 Design01_Copy_01.v
======================================================================

vpp V6.3 IR 41:  Verilog Pre-Processor
Mon Jun 16 15:48:10 2025

Flattening file 'C:\Program Files (x86)\Cypress\PSoC Creator\4.2\PSoC Creator\psoc\content\CyPrimitives\cyprimitives.cylib\not_v1_0\not_v1_0.v'
Flattening file 'C:\Program Files (x86)\Cypress\PSoC Creator\4.2\PSoC Creator\psoc\content\CyPrimitives\cyprimitives.cylib\ZeroTerminal\ZeroTerminal.v'
Flattening file 'C:\Program Files (x86)\Cypress\PSoC Creator\4.2\PSoC Creator\psoc\content\CyPrimitives\cyprimitives.cylib\cy_virtualmux_v1_0\cy_virtualmux_v1_0.v'
Flattening file 'C:\Program Files (x86)\Cypress\PSoC Creator\4.2\PSoC Creator\psoc\content\CyPrimitives\cyprimitives.cylib\cy_analog_virtualmux_v1_0\cy_analog_virtualmux_v1_0.v'

vpp:  No errors.

Library 'work' => directory 'lcpsoc3'
General_symbol_table
General_symbol_table
Linking 'C:\Program Files (x86)\Cypress\PSoC Creator\4.2\PSoC Creator\warp\lib\common\std.vhd'.
Linking 'C:\Program Files (x86)\Cypress\PSoC Creator\4.2\PSoC Creator\warp\lib\common\cypress.vhd'.
Linking 'C:\Program Files (x86)\Cypress\PSoC Creator\4.2\PSoC Creator\warp\lib\common\work\cypress.vif'.
Linking 'C:\Program Files (x86)\Cypress\PSoC Creator\4.2\PSoC Creator\warp\lib\ieee\work\stdlogic.vif'.
Linking 'C:\Program Files (x86)\Cypress\PSoC Creator\4.2\PSoC Creator\warp\lib\common\stdlogic\lpmpkg.vif'.
Linking 'C:\Program Files (x86)\Cypress\PSoC Creator\4.2\PSoC Creator\warp\lib\common\stdlogic\rtlpkg.vif'.
Linking 'C:\Program Files (x86)\Cypress\PSoC Creator\4.2\PSoC Creator\warp\lib\common\stdlogic\mod_cnst.vif'.
Linking 'C:\Program Files (x86)\Cypress\PSoC Creator\4.2\PSoC Creator\warp\lib\common\stdlogic\mod_mthv.vif'.
Linking 'C:\Program Files (x86)\Cypress\PSoC Creator\4.2\PSoC Creator\warp\lib\common\stdlogic\mod_genv.vif'.
Using control file 'Design01_Copy_01.ctl'.

vlogfe:  No errors.


======================================================================
Compiling:  Design01_Copy_01.v
Program  :   tovif
Options  :    -yv2 -q10 -ygs -o2 -v3 -.fftcfgtype=LE -ya -.fftprj=C:\Users\jpat614\Documents\GitHub\P4P_Project-130\Experimental_cap_sense\Design01_Copy_01.cydsn\Design01_Copy_01.cyprj -dcpsoc3 -verilog Design01_Copy_01.v
======================================================================

tovif V6.3 IR 41:  High-level synthesis
Mon Jun 16 15:48:10 2025

Linking 'C:\Program Files (x86)\Cypress\PSoC Creator\4.2\PSoC Creator\warp\lib\common\std.vhd'.
Linking 'C:\Program Files (x86)\Cypress\PSoC Creator\4.2\PSoC Creator\warp\lib\common\cypress.vhd'.
Linking 'C:\Program Files (x86)\Cypress\PSoC Creator\4.2\PSoC Creator\warp\lib\common\work\cypress.vif'.
Linking 'C:\Program Files (x86)\Cypress\PSoC Creator\4.2\PSoC Creator\warp\lib\ieee\work\stdlogic.vif'.
Linking 'C:\Program Files (x86)\Cypress\PSoC Creator\4.2\PSoC Creator\warp\lib\common\stdlogic\lpmpkg.vif'.
Linking 'C:\Program Files (x86)\Cypress\PSoC Creator\4.2\PSoC Creator\warp\lib\common\stdlogic\rtlpkg.vif'.
Linking 'C:\Program Files (x86)\Cypress\PSoC Creator\4.2\PSoC Creator\warp\lib\common\stdlogic\mod_cnst.vif'.
Linking 'C:\Program Files (x86)\Cypress\PSoC Creator\4.2\PSoC Creator\warp\lib\common\stdlogic\mod_mthv.vif'.
Linking 'C:\Program Files (x86)\Cypress\PSoC Creator\4.2\PSoC Creator\warp\lib\common\stdlogic\mod_genv.vif'.
Linking 'C:\Users\jpat614\Documents\GitHub\P4P_Project-130\Experimental_cap_sense\Design01_Copy_01.cydsn\codegentemp\Design01_Copy_01.ctl'.
Linking 'C:\Program Files (x86)\Cypress\PSoC Creator\4.2\PSoC Creator\psoc\content\CyPrimitives\cyprimitives.cylib\not_v1_0\not_v1_0.v'.
Linking 'C:\Users\jpat614\Documents\GitHub\P4P_Project-130\Experimental_cap_sense\Design01_Copy_01.cydsn\codegentemp\Design01_Copy_01.v'.
Linking 'C:\Program Files (x86)\Cypress\PSoC Creator\4.2\PSoC Creator\psoc\content\CyPrimitives\cyprimitives.cylib\ZeroTerminal\ZeroTerminal.v'.
Linking 'C:\Program Files (x86)\Cypress\PSoC Creator\4.2\PSoC Creator\psoc\content\CyPrimitives\cyprimitives.cylib\cy_virtualmux_v1_0\cy_virtualmux_v1_0.v'.
Linking 'C:\Program Files (x86)\Cypress\PSoC Creator\4.2\PSoC Creator\psoc\content\CyPrimitives\cyprimitives.cylib\cy_analog_virtualmux_v1_0\cy_analog_virtualmux_v1_0.v'.

tovif:  No errors.


======================================================================
Compiling:  Design01_Copy_01.v
Program  :   topld
Options  :    -yv2 -q10 -ygs -o2 -v3 -.fftcfgtype=LE -ya -.fftprj=C:\Users\jpat614\Documents\GitHub\P4P_Project-130\Experimental_cap_sense\Design01_Copy_01.cydsn\Design01_Copy_01.cyprj -dcpsoc3 -verilog Design01_Copy_01.v
======================================================================

topld V6.3 IR 41:  Synthesis and optimization
Mon Jun 16 15:48:10 2025

Linking 'C:\Program Files (x86)\Cypress\PSoC Creator\4.2\PSoC Creator\warp\lib\common\std.vhd'.
Linking 'C:\Program Files (x86)\Cypress\PSoC Creator\4.2\PSoC Creator\warp\lib\common\cypress.vhd'.
Linking 'C:\Program Files (x86)\Cypress\PSoC Creator\4.2\PSoC Creator\warp\lib\common\work\cypress.vif'.
Linking 'C:\Program Files (x86)\Cypress\PSoC Creator\4.2\PSoC Creator\warp\lib\ieee\work\stdlogic.vif'.
Linking 'C:\Program Files (x86)\Cypress\PSoC Creator\4.2\PSoC Creator\warp\lib\common\stdlogic\lpmpkg.vif'.
Linking 'C:\Program Files (x86)\Cypress\PSoC Creator\4.2\PSoC Creator\warp\lib\common\stdlogic\rtlpkg.vif'.
Linking 'C:\Program Files (x86)\Cypress\PSoC Creator\4.2\PSoC Creator\warp\lib\common\stdlogic\mod_cnst.vif'.
Linking 'C:\Program Files (x86)\Cypress\PSoC Creator\4.2\PSoC Creator\warp\lib\common\stdlogic\mod_mthv.vif'.
Linking 'C:\Program Files (x86)\Cypress\PSoC Creator\4.2\PSoC Creator\warp\lib\common\stdlogic\mod_genv.vif'.
Linking 'C:\Users\jpat614\Documents\GitHub\P4P_Project-130\Experimental_cap_sense\Design01_Copy_01.cydsn\codegentemp\Design01_Copy_01.ctl'.
Linking 'C:\Program Files (x86)\Cypress\PSoC Creator\4.2\PSoC Creator\psoc\content\CyPrimitives\cyprimitives.cylib\not_v1_0\not_v1_0.v'.
Linking 'C:\Users\jpat614\Documents\GitHub\P4P_Project-130\Experimental_cap_sense\Design01_Copy_01.cydsn\codegentemp\Design01_Copy_01.v'.
Linking 'C:\Program Files (x86)\Cypress\PSoC Creator\4.2\PSoC Creator\psoc\content\CyPrimitives\cyprimitives.cylib\ZeroTerminal\ZeroTerminal.v'.
Linking 'C:\Program Files (x86)\Cypress\PSoC Creator\4.2\PSoC Creator\psoc\content\CyPrimitives\cyprimitives.cylib\cy_virtualmux_v1_0\cy_virtualmux_v1_0.v'.
Linking 'C:\Program Files (x86)\Cypress\PSoC Creator\4.2\PSoC Creator\psoc\content\CyPrimitives\cyprimitives.cylib\cy_analog_virtualmux_v1_0\cy_analog_virtualmux_v1_0.v'.
Linking 'C:\Program Files (x86)\Cypress\PSoC Creator\4.2\PSoC Creator\warp\lib\lcpsoc3\stdlogic\cpsoc3.vif'.

----------------------------------------------------------
Detecting unused logic.
----------------------------------------------------------
    User names
	\IDAC8_1:Net_157\
	\IDAC8_2:Net_194\


Deleted 2 User equations/components.
Deleted 0 Synthesized equations/components.

------------------------------------------------------
Alias Detection
------------------------------------------------------
Aliasing zero to \IDAC8_1:Net_125\
Aliasing \IDAC8_1:Net_194\ to \IDAC8_1:Net_125\
Aliasing \IDAC8_1:Net_195\ to \IDAC8_1:Net_125\
Aliasing \IDAC8_2:Net_125\ to \IDAC8_1:Net_125\
Aliasing \IDAC8_2:Net_195\ to \IDAC8_1:Net_125\
Aliasing one to tmpOE__CS_net_0
Aliasing tmpOE__vref_net_0 to tmpOE__CS_net_0
Aliasing \VDAC8_1:Net_83\ to \IDAC8_1:Net_125\
Aliasing \VDAC8_1:Net_81\ to \IDAC8_1:Net_125\
Aliasing \VDAC8_1:Net_82\ to \IDAC8_1:Net_125\
Aliasing tmpOE__Vout_1_net_0 to tmpOE__CS_net_0
Aliasing tmpOE__trigger_net_0 to tmpOE__CS_net_0
Removing Lhs of wire \IDAC8_1:Net_158\[2] = \IDAC8_1:Net_125\[1]
Removing Lhs of wire \IDAC8_1:Net_123\[3] = \IDAC8_1:Net_125\[1]
Removing Rhs of wire zero[4] = \IDAC8_1:Net_125\[1]
Removing Lhs of wire \IDAC8_1:Net_194\[9] = zero[4]
Removing Lhs of wire \IDAC8_1:Net_195\[10] = zero[4]
Removing Lhs of wire \IDAC8_2:Net_125\[12] = zero[4]
Removing Lhs of wire \IDAC8_2:Net_158\[13] = zero[4]
Removing Rhs of wire \IDAC8_2:Net_123\[14] = \IDAC8_2:Net_157\[16]
Removing Lhs of wire \IDAC8_2:Net_195\[19] = zero[4]
Removing Lhs of wire one[26] = tmpOE__CS_net_0[22]
Removing Lhs of wire tmpOE__vref_net_0[29] = tmpOE__CS_net_0[22]
Removing Lhs of wire \VDAC8_1:Net_83\[36] = zero[4]
Removing Lhs of wire \VDAC8_1:Net_81\[37] = zero[4]
Removing Lhs of wire \VDAC8_1:Net_82\[38] = zero[4]
Removing Lhs of wire tmpOE__Vout_1_net_0[43] = tmpOE__CS_net_0[22]
Removing Lhs of wire tmpOE__trigger_net_0[49] = tmpOE__CS_net_0[22]

------------------------------------------------------
Aliased 0 equations, 16 wires.
------------------------------------------------------

----------------------------------------------------------
Circuit simplification
----------------------------------------------------------

Substituting virtuals - pass 1:

Note:  Expanding virtual equation for 'Net_137' (cost = 0):
Net_137 <= (not Net_135);


Substituting virtuals - pass 2:


----------------------------------------------------------
Circuit simplification results:

	Expanded 1 signals.
	Turned 0 signals into soft nodes.
	Maximum default expansion cost was set at 3.
----------------------------------------------------------

------------------------------------------------------
Alias Detection
------------------------------------------------------
Removing Lhs of wire \IDAC8_2:Net_123\[14] = Net_135[50]

------------------------------------------------------
Aliased 0 equations, 1 wires.
------------------------------------------------------

----------------------------------------------------------
Circuit simplification
----------------------------------------------------------

Eliminating unused logic - pass 1:


Eliminating unused logic - pass 2:


Substituting virtuals - pass 1:


----------------------------------------------------------
Circuit simplification results:

	Expanded 0 signals.
	Turned 0 signals into soft nodes.
	Maximum default expansion cost was set at 3.
----------------------------------------------------------

topld:  No errors.

CYPRESS_DIR    : C:\Program Files (x86)\Cypress\PSoC Creator\4.2\PSoC Creator\warp
Warp Program   : C:\Program Files (x86)\Cypress\PSoC Creator\4.2\PSoC Creator\warp\bin\warp.exe
Warp Arguments : -yv2 -q10 -ygs -o2 -v3 -.fftcfgtype=LE -ya -.fftprj=C:\Users\jpat614\Documents\GitHub\P4P_Project-130\Experimental_cap_sense\Design01_Copy_01.cydsn\Design01_Copy_01.cyprj -dcpsoc3 Design01_Copy_01.v -verilog
</CYPRESSTAG>
Warp synthesis phase: Elapsed time ==> 0s.187ms
<CYPRESSTAG name="Fitter results...">
<CYPRESSTAG name="Fitter startup details...">
cyp3fit: V4.2.0.641, Family: PSoC3, Started at: Monday, 16 June 2025 15:48:10
Options: -yv2 -q10 -ygs -o2 -v3 -.fftcfgtype=LE -ya -.fftprj=C:\Users\jpat614\Documents\GitHub\P4P_Project-130\Experimental_cap_sense\Design01_Copy_01.cydsn\Design01_Copy_01.cyprj -d CY8C5888LTI-LP097 Design01_Copy_01.v -verilog
</CYPRESSTAG>
<CYPRESSTAG name="Design parsing">
Design parsing phase: Elapsed time ==> 0s.042ms
</CYPRESSTAG>
<CYPRESSTAG name="Tech Mapping">
<CYPRESSTAG name="Initial Mapping" icon="FILE_RPT_TECHM">
<CYPRESSTAG name="Global Clock Selection" icon="FILE_RPT_TECHM">
</CYPRESSTAG>
<CYPRESSTAG name="UDB Clock/Enable Remapping Results">
</CYPRESSTAG>
Info: plm.M0038: The pin named Vout_1(0) at location P3[7] prevents usage of special purposes: OpAmp:out. (App=cydsfit)
Info: plm.M0038: The pin named trigger(0) at location P0[0] prevents usage of special purposes: OpAmp:out. (App=cydsfit)

Removing unused cells resulting from optimization
Done removing unused cells.
<CYPRESSTAG name="Duplicate Macrocell detection">
</CYPRESSTAG>
</CYPRESSTAG>
<CYPRESSTAG name="Duplicate Macrocell detection">
</CYPRESSTAG>
<CYPRESSTAG name="Design Equations" icon="FILE_RPT_EQUATION">

------------------------------------------------------------
Design Equations
------------------------------------------------------------
    <CYPRESSTAG name="Pin listing">

    ------------------------------------------------------------
    Pin listing
    ------------------------------------------------------------

    Pin : Name = CS(0)
        Attributes:
            In Group/Port: True
            In Sync Option: AUTO
            Out Sync Option: AUTO
            Interrupt generated: False
            Interrupt mode: NONE
            Drive mode: HI_Z_ANALOG
            VTrip: EITHER
            Slew: FAST
            Input Sync needed: False
            Output Sync needed: False
            SC shield enabled: False
            POR State: ANY
            LCD Mode: COMMON
            Register Mode: RegComb
            CaSense Mode: NEITHER
            Treat as pin: True
            Is OE Registered: False
            Uses Analog: True
            Can contain Digital: False
            Is SIO: False
            SIO Output Buf: NONREGULATED
            SIO Input Buf: SINGLE_ENDED
            SIO HiFreq: LOW
            SIO Hyst: DISABLED
            SIO Vtrip: MULTIPLIER_0_5
            SIO Multiplier Index: 0
            SIO RefSel: VCC_IO
            Required Capabilities: ANALOG
            Initial Value: 0
            IO Voltage: 0
        PORT MAP (
            pa_out => CS(0)__PA ,
            analog_term => Net_101 ,
            pad => CS(0)_PAD );
        Properties:
        {
        }

    Pin : Name = vref(0)
        Attributes:
            In Group/Port: True
            In Sync Option: AUTO
            Out Sync Option: AUTO
            Interrupt generated: False
            Interrupt mode: NONE
            Drive mode: HI_Z_ANALOG
            VTrip: EITHER
            Slew: FAST
            Input Sync needed: False
            Output Sync needed: False
            SC shield enabled: False
            POR State: ANY
            LCD Mode: COMMON
            Register Mode: RegComb
            CaSense Mode: NEITHER
            Treat as pin: True
            Is OE Registered: False
            Uses Analog: True
            Can contain Digital: False
            Is SIO: False
            SIO Output Buf: NONREGULATED
            SIO Input Buf: SINGLE_ENDED
            SIO HiFreq: LOW
            SIO Hyst: DISABLED
            SIO Vtrip: MULTIPLIER_0_5
            SIO Multiplier Index: 0
            SIO RefSel: VCC_IO
            Required Capabilities: ANALOG
            Initial Value: 0
            IO Voltage: 0
        PORT MAP (
            pa_out => vref(0)__PA ,
            analog_term => Net_127 ,
            pad => vref(0)_PAD );
        Properties:
        {
        }

    Pin : Name = Vout_1(0)
        Attributes:
            In Group/Port: True
            In Sync Option: AUTO
            Out Sync Option: AUTO
            Interrupt generated: False
            Interrupt mode: NONE
            Drive mode: HI_Z_ANALOG
            VTrip: EITHER
            Slew: FAST
            Input Sync needed: False
            Output Sync needed: False
            SC shield enabled: False
            POR State: ANY
            LCD Mode: COMMON
            Register Mode: RegComb
            CaSense Mode: NEITHER
            Treat as pin: True
            Is OE Registered: False
            Uses Analog: True
            Can contain Digital: False
            Is SIO: False
            SIO Output Buf: NONREGULATED
            SIO Input Buf: SINGLE_ENDED
            SIO HiFreq: LOW
            SIO Hyst: DISABLED
            SIO Vtrip: MULTIPLIER_0_5
            SIO Multiplier Index: 0
            SIO RefSel: VCC_IO
            Required Capabilities: ANALOG
            Initial Value: 0
            IO Voltage: 0
        PORT MAP (
            pa_out => Vout_1(0)__PA ,
            analog_term => Net_101 ,
            pad => Vout_1(0)_PAD );
        Properties:
        {
        }

    Pin : Name = trigger(0)
        Attributes:
            In Group/Port: True
            In Sync Option: NOSYNC
            Out Sync Option: AUTO
            Interrupt generated: False
            Interrupt mode: NONE
            Drive mode: HI_Z_DIGITAL
            VTrip: CMOS
            Slew: FAST
            Input Sync needed: False
            Output Sync needed: False
            SC shield enabled: False
            POR State: ANY
            LCD Mode: COMMON
            Register Mode: RegComb
            CaSense Mode: NEITHER
            Treat as pin: True
            Is OE Registered: False
            Uses Analog: False
            Can contain Digital: True
            Is SIO: False
            SIO Output Buf: NONREGULATED
            SIO Input Buf: SINGLE_ENDED
            SIO HiFreq: LOW
            SIO Hyst: DISABLED
            SIO Vtrip: MULTIPLIER_0_5
            SIO Multiplier Index: 0
            SIO RefSel: VCC_IO
            Required Capabilities: DIGITAL, ROUTABLE
            Initial Value: 0
            IO Voltage: 0
        PORT MAP (
            pa_out => trigger(0)__PA ,
            fb => Net_135 ,
            pad => trigger(0)_PAD );
        Properties:
        {
        }
    </CYPRESSTAG>
    <CYPRESSTAG name="Macrocell listing" icon="FILE_RPT_EQUATION">
    </CYPRESSTAG>
    <CYPRESSTAG name="Datapath listing">
    </CYPRESSTAG>
    <CYPRESSTAG name="Status register listing">
    </CYPRESSTAG>
    <CYPRESSTAG name="StatusI register listing">
    </CYPRESSTAG>
    <CYPRESSTAG name="Sync listing">
    </CYPRESSTAG>
    <CYPRESSTAG name="Control register listing">
    </CYPRESSTAG>
    <CYPRESSTAG name="Count7 listing">
    </CYPRESSTAG>
    <CYPRESSTAG name="DRQ listing">
    </CYPRESSTAG>
    <CYPRESSTAG name="Interrupt listing">
    </CYPRESSTAG>
</CYPRESSTAG>
<CYPRESSTAG name="Technology mapping summary" expanded>

------------------------------------------------------------
Technology mapping summary
------------------------------------------------------------

Resource Type                 : Used : Free :  Max :  % Used
============================================================
Digital Clocks                :    0 :    8 :    8 :  0.00 %
Analog Clocks                 :    0 :    4 :    4 :  0.00 %
CapSense Buffers              :    0 :    2 :    2 :  0.00 %
Digital Filter Block          :    0 :    1 :    1 :  0.00 %
Interrupts                    :    0 :   32 :   32 :  0.00 %
IO                            :    7 :   41 :   48 : 14.58 %
Segment LCD                   :    0 :    1 :    1 :  0.00 %
CAN 2.0b                      :    0 :    1 :    1 :  0.00 %
I2C                           :    0 :    1 :    1 :  0.00 %
USB                           :    0 :    1 :    1 :  0.00 %
DMA Channels                  :    0 :   24 :   24 :  0.00 %
Timer                         :    0 :    4 :    4 :  0.00 %
UDB                           :      :      :      :        
  Macrocells                  :    0 :  192 :  192 :  0.00 %
  Unique P-terms              :    0 :  384 :  384 :  0.00 %
  Total P-terms               :    0 :      :      :        
  Datapath Cells              :    0 :   24 :   24 :  0.00 %
  Status Cells                :    0 :   24 :   24 :  0.00 %
  Control Cells               :    0 :   24 :   24 :  0.00 %
Opamp                         :    1 :    3 :    4 : 25.00 %
Comparator                    :    0 :    4 :    4 :  0.00 %
Delta-Sigma ADC               :    0 :    1 :    1 :  0.00 %
LPF                           :    0 :    2 :    2 :  0.00 %
SAR ADC                       :    0 :    2 :    2 :  0.00 %
Analog (SC/CT) Blocks         :    0 :    4 :    4 :  0.00 %
DAC                           :      :      :      :        
  VIDAC                       :    3 :    1 :    4 : 75.00 %
</CYPRESSTAG>
Technology Mapping: Elapsed time ==> 0s.090ms
Tech Mapping phase: Elapsed time ==> 0s.173ms
</CYPRESSTAG>
<CYPRESSTAG name="Analog Placement">
Initial Analog Placement Results:
IO_0@[IOP=(3)][IoId=(0)] : CS(0) (fixed)
IO_7@[IOP=(3)][IoId=(7)] : Vout_1(0) (fixed)
IO_0@[IOP=(0)][IoId=(0)] : trigger(0) (fixed)
IO_4@[IOP=(15)][IoId=(4)] : vref(0) (fixed)
VIDAC[0]@[FFB(VIDAC,0)] : \IDAC8_1:viDAC8\
VIDAC[3]@[FFB(VIDAC,3)] : \IDAC8_2:viDAC8\
OpAmp[1]@[FFB(OpAmp,1)] : \Opamp_2:ABuf\ (OPAMP-GPIO)
VIDAC[2]@[FFB(VIDAC,2)] : \VDAC8_1:viDAC8\
IO_6@[IOP=(3)][IoId=(6)] : Dedicated_Output (OPAMP-GPIO)
Log: apr.M0058: The analog placement iterative improvement is 46% done. (App=cydsfit)
Log: apr.M0058: The analog placement iterative improvement is 89% done. (App=cydsfit)
Analog Placement Results:
IO_0@[IOP=(3)][IoId=(0)] : CS(0) (fixed)
IO_7@[IOP=(3)][IoId=(7)] : Vout_1(0) (fixed)
IO_0@[IOP=(0)][IoId=(0)] : trigger(0) (fixed)
IO_4@[IOP=(15)][IoId=(4)] : vref(0) (fixed)
VIDAC[1]@[FFB(VIDAC,1)] : \IDAC8_1:viDAC8\
VIDAC[3]@[FFB(VIDAC,3)] : \IDAC8_2:viDAC8\
OpAmp[1]@[FFB(OpAmp,1)] : \Opamp_2:ABuf\ (OPAMP-GPIO)
VIDAC[2]@[FFB(VIDAC,2)] : \VDAC8_1:viDAC8\
IO_6@[IOP=(3)][IoId=(6)] : Dedicated_Output (OPAMP-GPIO)

Analog Placement phase: Elapsed time ==> 0s.466ms
</CYPRESSTAG>
<CYPRESSTAG name="Analog Routing">
Analog Routing phase: Elapsed time ==> 0s.008ms
</CYPRESSTAG>
<CYPRESSTAG name="Analog Code Generation">
============ Analog Final Answer Routes ============
Dump of CyAnalogRoutingResultsDB
Map of net to items {
  Net: Net_101 {
    vidac_3_iout
    amuxbusr_x_vidac_3_iout
    amuxbusr
    amuxbusr_x_p3_7
    p3_7
    amuxbusr_x_vidac_1_iout
    vidac_1_iout
    p3_0_x_vidac_1_iout
    p3_0
  }
  Net: \IDAC8_1:Net_124\ {
  }
  Net: \IDAC8_2:Net_124\ {
  }
  Net: Net_126 {
    vidac_2_vout
    agl5_x_vidac_2_vout
    agl5
    agl5_x_agr5
    agr5
    agr5_x_opamp_1_vplus
    opamp_1_vplus
  }
  Net: Net_127 {
    p15_4
    agl0_x_p15_4
    agl0
    agl0_x_dsm_0_vplus
    dsm_0_vplus
    agl6_x_dsm_0_vplus
    agl6
    agl6_x_agr6
    agr6
    agr6_x_opamp_1_vminus
    opamp_1_vminus
    agr6_x_p3_6
    p3_6
  }
  Net: \VDAC8_1:Net_77\ {
  }
}
Map of item to net {
  vidac_3_iout                                     -> Net_101
  amuxbusr_x_vidac_3_iout                          -> Net_101
  amuxbusr                                         -> Net_101
  amuxbusr_x_p3_7                                  -> Net_101
  p3_7                                             -> Net_101
  amuxbusr_x_vidac_1_iout                          -> Net_101
  vidac_1_iout                                     -> Net_101
  p3_0_x_vidac_1_iout                              -> Net_101
  p3_0                                             -> Net_101
  vidac_2_vout                                     -> Net_126
  agl5_x_vidac_2_vout                              -> Net_126
  agl5                                             -> Net_126
  agl5_x_agr5                                      -> Net_126
  agr5                                             -> Net_126
  agr5_x_opamp_1_vplus                             -> Net_126
  opamp_1_vplus                                    -> Net_126
  p15_4                                            -> Net_127
  agl0_x_p15_4                                     -> Net_127
  agl0                                             -> Net_127
  agl0_x_dsm_0_vplus                               -> Net_127
  dsm_0_vplus                                      -> Net_127
  agl6_x_dsm_0_vplus                               -> Net_127
  agl6                                             -> Net_127
  agl6_x_agr6                                      -> Net_127
  agr6                                             -> Net_127
  agr6_x_opamp_1_vminus                            -> Net_127
  opamp_1_vminus                                   -> Net_127
  agr6_x_p3_6                                      -> Net_127
  p3_6                                             -> Net_127
}
Mux Info {
}
Dump of CyP35AnalogRoutingResultsDB
IsVddaHalfUsedForComp = False
IsVddaHalfUsedForSar0 = False
IsVddaHalfUsedForSar1 = False
Analog Code Generation phase: Elapsed time ==> 0s.121ms
</CYPRESSTAG>
<CYPRESSTAG name="Digital Placement">
<CYPRESSTAG name="Detailed placement messages">
I2659: No Constrained paths were found. The placer will run in non-timing driven mode.
I2076: Total run-time: 0.3 sec.

</CYPRESSTAG>
<CYPRESSTAG name="PLD Packing">
<CYPRESSTAG name="PLD Packing Summary">
No PLDs were packed.
</CYPRESSTAG>
PLD Packing: Elapsed time ==> 0s.005ms
</CYPRESSTAG>
<CYPRESSTAG name="Partitioning">
<CYPRESSTAG name="Initial Partitioning Summary">
Initial Partitioning Summary not displayed at this verbose level.</CYPRESSTAG>
<CYPRESSTAG name="Final Partitioning Summary">
Final Partitioning Summary not displayed at this verbose level.</CYPRESSTAG>
Partitioning: Elapsed time ==> 0s.035ms
</CYPRESSTAG>
<CYPRESSTAG name="Final Placement Summary">

------------------------------------------------------------
Final Placement Summary
------------------------------------------------------------

       Resource Type :      Count : Avg Inputs : Avg Outputs
    ========================================================
                 UDB :          0 :       0.00 :       0.00
<CYPRESSTAG name="Final Placement Details">
<CYPRESSTAG name="Component Details">

------------------------------------------------------------
Component Placement Details
------------------------------------------------------------
UDB [UDB=(0,0)] is empty.
UDB [UDB=(0,1)] is empty.
UDB [UDB=(0,2)] is empty.
UDB [UDB=(0,3)] is empty.
UDB [UDB=(0,4)] is empty.
UDB [UDB=(0,5)] is empty.
UDB [UDB=(1,0)] is empty.
UDB [UDB=(1,1)] is empty.
UDB [UDB=(1,2)] is empty.
UDB [UDB=(1,3)] is empty.
UDB [UDB=(1,4)] is empty.
UDB [UDB=(1,5)] is empty.
UDB [UDB=(2,0)] is empty.
UDB [UDB=(2,1)] is empty.
UDB [UDB=(2,2)] is empty.
UDB [UDB=(2,3)] is empty.
UDB [UDB=(2,4)] is empty.
UDB [UDB=(2,5)] is empty.
UDB [UDB=(3,0)] is empty.
UDB [UDB=(3,1)] is empty.
UDB [UDB=(3,2)] is empty.
UDB [UDB=(3,3)] is empty.
UDB [UDB=(3,4)] is empty.
UDB [UDB=(3,5)] is empty.
Intr container @ [IntrContainer=(0)]: empty
Drq container @ [DrqContainer=(0)]: empty
Port 0 contains the following IO cells:
[IoId=0]: 
Pin : Name = trigger(0)
    Attributes:
        In Group/Port: True
        In Sync Option: NOSYNC
        Out Sync Option: AUTO
        Interrupt generated: False
        Interrupt mode: NONE
        Drive mode: HI_Z_DIGITAL
        VTrip: CMOS
        Slew: FAST
        Input Sync needed: False
        Output Sync needed: False
        SC shield enabled: False
        POR State: ANY
        LCD Mode: COMMON
        Register Mode: RegComb
        CaSense Mode: NEITHER
        Treat as pin: True
        Is OE Registered: False
        Uses Analog: False
        Can contain Digital: True
        Is SIO: False
        SIO Output Buf: NONREGULATED
        SIO Input Buf: SINGLE_ENDED
        SIO HiFreq: LOW
        SIO Hyst: DISABLED
        SIO Vtrip: MULTIPLIER_0_5
        SIO Multiplier Index: 0
        SIO RefSel: VCC_IO
        Required Capabilities: DIGITAL, ROUTABLE
        Initial Value: 0
        IO Voltage: 0
    PORT MAP (
        pa_out => trigger(0)__PA ,
        fb => Net_135 ,
        pad => trigger(0)_PAD );
    Properties:
    {
    }

Port 1 contains the following IO cells:
Port 2 contains the following IO cells:
Port 3 contains the following IO cells:
[IoId=0]: 
Pin : Name = CS(0)
    Attributes:
        In Group/Port: True
        In Sync Option: AUTO
        Out Sync Option: AUTO
        Interrupt generated: False
        Interrupt mode: NONE
        Drive mode: HI_Z_ANALOG
        VTrip: EITHER
        Slew: FAST
        Input Sync needed: False
        Output Sync needed: False
        SC shield enabled: False
        POR State: ANY
        LCD Mode: COMMON
        Register Mode: RegComb
        CaSense Mode: NEITHER
        Treat as pin: True
        Is OE Registered: False
        Uses Analog: True
        Can contain Digital: False
        Is SIO: False
        SIO Output Buf: NONREGULATED
        SIO Input Buf: SINGLE_ENDED
        SIO HiFreq: LOW
        SIO Hyst: DISABLED
        SIO Vtrip: MULTIPLIER_0_5
        SIO Multiplier Index: 0
        SIO RefSel: VCC_IO
        Required Capabilities: ANALOG
        Initial Value: 0
        IO Voltage: 0
    PORT MAP (
        pa_out => CS(0)__PA ,
        analog_term => Net_101 ,
        pad => CS(0)_PAD );
    Properties:
    {
    }

[IoId=6]: 
Pin : Name = Dedicated_Output
    Attributes:
        In Group/Port: False
        In Sync Option: AUTO
        Out Sync Option: AUTO
        Interrupt generated: False
        Interrupt mode: NONE
        Drive mode: HI_Z_ANALOG
        VTrip: EITHER
        Slew: FAST
        Input Sync needed: False
        Output Sync needed: False
        SC shield enabled: False
        POR State: ANY
        LCD Mode: COMMON
        Register Mode: RegComb
        CaSense Mode: NEITHER
        Treat as pin: True
        Is OE Registered: False
        Uses Analog: True
        Can contain Digital: False
        Is SIO: False
        SIO Output Buf: NONREGULATED
        SIO Input Buf: SINGLE_ENDED
        SIO HiFreq: LOW
        SIO Hyst: DISABLED
        SIO Vtrip: MULTIPLIER_0_5
        SIO Multiplier Index: 0
        SIO RefSel: VCC_IO
        Required Capabilities: ANALOG
        Initial Value: 0
        IO Voltage: 0
    PORT MAP (
        pa_out => Dedicated_Output__PA ,
        analog_term => Net_127 );
    Properties:
    {
    }

[IoId=7]: 
Pin : Name = Vout_1(0)
    Attributes:
        In Group/Port: True
        In Sync Option: AUTO
        Out Sync Option: AUTO
        Interrupt generated: False
        Interrupt mode: NONE
        Drive mode: HI_Z_ANALOG
        VTrip: EITHER
        Slew: FAST
        Input Sync needed: False
        Output Sync needed: False
        SC shield enabled: False
        POR State: ANY
        LCD Mode: COMMON
        Register Mode: RegComb
        CaSense Mode: NEITHER
        Treat as pin: True
        Is OE Registered: False
        Uses Analog: True
        Can contain Digital: False
        Is SIO: False
        SIO Output Buf: NONREGULATED
        SIO Input Buf: SINGLE_ENDED
        SIO HiFreq: LOW
        SIO Hyst: DISABLED
        SIO Vtrip: MULTIPLIER_0_5
        SIO Multiplier Index: 0
        SIO RefSel: VCC_IO
        Required Capabilities: ANALOG
        Initial Value: 0
        IO Voltage: 0
    PORT MAP (
        pa_out => Vout_1(0)__PA ,
        analog_term => Net_101 ,
        pad => Vout_1(0)_PAD );
    Properties:
    {
    }

Port 12 contains the following IO cells:
Port 15 contains the following IO cells:
[IoId=4]: 
Pin : Name = vref(0)
    Attributes:
        In Group/Port: True
        In Sync Option: AUTO
        Out Sync Option: AUTO
        Interrupt generated: False
        Interrupt mode: NONE
        Drive mode: HI_Z_ANALOG
        VTrip: EITHER
        Slew: FAST
        Input Sync needed: False
        Output Sync needed: False
        SC shield enabled: False
        POR State: ANY
        LCD Mode: COMMON
        Register Mode: RegComb
        CaSense Mode: NEITHER
        Treat as pin: True
        Is OE Registered: False
        Uses Analog: True
        Can contain Digital: False
        Is SIO: False
        SIO Output Buf: NONREGULATED
        SIO Input Buf: SINGLE_ENDED
        SIO HiFreq: LOW
        SIO Hyst: DISABLED
        SIO Vtrip: MULTIPLIER_0_5
        SIO Multiplier Index: 0
        SIO RefSel: VCC_IO
        Required Capabilities: ANALOG
        Initial Value: 0
        IO Voltage: 0
    PORT MAP (
        pa_out => vref(0)__PA ,
        analog_term => Net_127 ,
        pad => vref(0)_PAD );
    Properties:
    {
    }

ARM group 0: empty
CAN group 0: empty
Cache group 0: empty
CapSense group 0: empty
Clock group 0: 
    Clock Block @ F(Clock,0): 
    clockblockcell: Name =ClockBlock
        PORT MAP (
            imo => ClockBlock_IMO ,
            pllout => ClockBlock_PLL_OUT ,
            ilo => ClockBlock_ILO ,
            clk_100k => ClockBlock_100k ,
            clk_1k => ClockBlock_1k ,
            clk_32k => ClockBlock_32k ,
            xtal => ClockBlock_XTAL ,
            clk_32k_xtal => ClockBlock_XTAL_32KHZ ,
            clk_sync => ClockBlock_MASTER_CLK ,
            clk_bus_glb => ClockBlock_BUS_CLK ,
            clk_bus => ClockBlock_BUS_CLK_local );
        Properties:
        {
        }
Comparator group 0: empty
DFB group 0: empty
DSM group 0: empty
Decimator group 0: empty
EMIF group 0: empty
I2C group 0: empty
LCD group 0: empty
LVD group 0: empty
PICU group 0: empty
PM group 0: empty
SC group 0: empty
SPC group 0: empty
Timer group 0: empty
USB group 0: empty
VIDAC group 0: 
    VIDAC Block @ F(VIDAC,1): 
    vidaccell: Name =\IDAC8_1:viDAC8\
        PORT MAP (
            vout => \IDAC8_1:Net_124\ ,
            iout => Net_101 );
        Properties:
        {
            cy_registers = ""
            is_all_if_any = 0
            reg_data = 0
        }
    VIDAC Block @ F(VIDAC,2): 
    vidaccell: Name =\VDAC8_1:viDAC8\
        PORT MAP (
            vout => Net_126 ,
            iout => \VDAC8_1:Net_77\ );
        Properties:
        {
            cy_registers = ""
            is_all_if_any = 0
            reg_data = 0
        }
    VIDAC Block @ F(VIDAC,3): 
    vidaccell: Name =\IDAC8_2:viDAC8\
        PORT MAP (
            ioff => Net_135 ,
            vout => \IDAC8_2:Net_124\ ,
            iout => Net_101 );
        Properties:
        {
            cy_registers = ""
            is_all_if_any = 0
            reg_data = 0
        }
OpAmp group 0: 
    Opamp Block @ F(OpAmp,1): 
    abufcell: Name =\Opamp_2:ABuf\
        PORT MAP (
            vplus => Net_126 ,
            vminus => Net_127 ,
            vout => Net_127 );
        Properties:
        {
            cy_registers = ""
        }
CsAbuf group 0: empty
Vref group 0: empty
LPF group 0: empty
SAR group 0: empty
ANAIF group 0: empty
PHUB group 0: empty
</CYPRESSTAG>
<CYPRESSTAG name="Port Configuration Details">

------------------------------------------------------------
Port Configuration report
------------------------------------------------------------
     |     |       | Interrupt |                  |                  | 
Port | Pin | Fixed |      Type |       Drive Mode |             Name | Connections
-----+-----+-------+-----------+------------------+------------------+----------------
   0 |   0 |     * |      NONE |     HI_Z_DIGITAL |       trigger(0) | FB(Net_135)
-----+-----+-------+-----------+------------------+------------------+----------------
   3 |   0 |     * |      NONE |      HI_Z_ANALOG |            CS(0) | Analog(Net_101)
     |   6 |       |      NONE |      HI_Z_ANALOG | Dedicated_Output | Analog(Net_127)
     |   7 |     * |      NONE |      HI_Z_ANALOG |        Vout_1(0) | Analog(Net_101)
-----+-----+-------+-----------+------------------+------------------+----------------
  15 |   4 |     * |      NONE |      HI_Z_ANALOG |          vref(0) | Analog(Net_127)
--------------------------------------------------------------------------------------
</CYPRESSTAG>
</CYPRESSTAG>
</CYPRESSTAG>
Digital component placer commit/Report: Elapsed time ==> 0s.013ms
Digital Placement phase: Elapsed time ==> 0s.696ms
</CYPRESSTAG>
<CYPRESSTAG name="Digital Routing">
"C:\Program Files (x86)\Cypress\PSoC Creator\4.2\PSoC Creator\bin/sjrouter.exe" --xml-path "C:\Program Files (x86)\Cypress\PSoC Creator\4.2\PSoC Creator\dev\psoc5/psoc5lp/route_arch-rrg.cydata" --vh2-path "Design01_Copy_01_r.vh2" --pcf-path "Design01_Copy_01.pco" --des-name "Design01_Copy_01" --dsf-path "Design01_Copy_01.dsf" --sdc-path "Design01_Copy_01.sdc" --lib-path "Design01_Copy_01_r.lib"
Routing successful.
Digital Routing phase: Elapsed time ==> 0s.614ms
</CYPRESSTAG>
<CYPRESSTAG name="Bitstream Generation">
Bitstream Generation phase: Elapsed time ==> 0s.173ms
</CYPRESSTAG>
<CYPRESSTAG name="Bitstream Verification">
Bitstream Verification phase: Elapsed time ==> 0s.042ms
</CYPRESSTAG>
<CYPRESSTAG name="Static timing analysis">
Timing report is in Design01_Copy_01_timing.html.
Static timing analysis phase: Elapsed time ==> 0s.174ms
</CYPRESSTAG>
<CYPRESSTAG name="Data reporting">
Data reporting phase: Elapsed time ==> 0s.003ms
</CYPRESSTAG>
<CYPRESSTAG name="Database update...">
Design database save phase: Elapsed time ==> 0s.095ms
</CYPRESSTAG>
cydsfit: Elapsed time ==> 2s.670ms
</CYPRESSTAG>
Fitter phase: Elapsed time ==> 2s.675ms
API generation phase: Elapsed time ==> 0s.969ms
Dependency generation phase: Elapsed time ==> 0s.008ms
Cleanup phase: Elapsed time ==> 0s.000ms
