2025-07-07 16:32:06   Electrostatic Solver

                      ------------------------------------------------------------------------------
2025-07-07 16:32:06   Units settings: 

                        Dimensions: m
                        Frequency:  Hz

                      ------------------------------------------------------------------------------
2025-07-07 16:32:06   Boundary conditions: 

                        YZsymmetry: none
                        XZsymmetry: none
                        XYsymmetry: none

                        Xmin: open
                        Xmax: open

                        Ymin: open
                        Ymax: open

                        Zmin: open
                        Zmax: open

                      ------------------------------------------------------------------------------
2025-07-07 16:32:06   *** Warning ***

                      This software is licensed for non-commercial use only.

                      ------------------------------------------------------------------------------
2025-07-07 16:32:08   Solver started at: 2025-07-07 16:32:08 +1200

                        Module:  Electrostatic Solver (Win 64)
                        Version: 2024.5 Release from 2024-06-14 (change 1285309)

                        Hardware:
                           Computer name: EN461026

                      ------------------------------------------------------------------------------
2025-07-07 16:32:08   Solver order = 2


                      ------------------------------------------------------------------------------
2025-07-07 16:32:08   Detected 3 independent conductive sets.
2025-07-07 16:32:08   Desired accuracy = 1.0e-062025-07-07 16:32:08   


                      ------------------------------------------------------------------------------
2025-07-07 16:32:08   Using mesh with curved elements order: 1


                      ------------------------------------------------------------------------------
2025-07-07 16:32:10   Solver Timing Statistics: (last run)

                        Mesh generation:                  0d :  0h :  0m :  1s
                        Assembling process:               0d :  0h :  0m :  0s
                        Linear solver:                    0d :  0h :  0m :  0s
                                                       --------------------------
                        Total time:                       0d :  0h :  0m :  1s

                        Number of threads used:           1024 



                      ------------------------------------------------------------------------------
2025-07-07 16:32:10   Solver Size Statistics:

                        Number of mesh cells:         71332 
                        Number of unknowns:           99159

                      ------------------------------------------------------------------------------
2025-07-07 16:32:10   Linear Solver Results: (last run)

                        Accuracy:                     7.785077e-07
                        Desired accuracy:             1.000000e-06
                        Number of iterations:         43
                        Maximum number of iterations: 10000


                      ------------------------------------------------------------------------------
2025-07-07 16:32:10   Memory statistics:

                        ----------------------------------------------------------------------------
                                            Peak memory used (kB)         Free physical memory (kB) 
                                                                          At begin     Minimum      
                        ----------------------------------------------------------------------------
                        Solver start        14604                         15624104     15623384     
                        Solver run total    122160                        15622388     15573596     
                        ----------------------------------------------------------------------------


                      ------------------------------------------------------------------------------
