2025-07-22 13:20:14   Electrostatic Solver

                      ------------------------------------------------------------------------------
2025-07-22 13:20:14   Units settings: 

                        Dimensions: m
                        Frequency:  Hz

                      ------------------------------------------------------------------------------
2025-07-22 13:20:14   Boundary conditions: 

                        YZsymmetry: none
                        XZsymmetry: none
                        XYsymmetry: none

                        Xmin: magnetic
                        Xmax: magnetic

                        Ymin: magnetic
                        Ymax: magnetic

                        Zmin: magnetic
                        Zmax: magnetic

                      ------------------------------------------------------------------------------
2025-07-22 13:20:14   *** Warning ***

                      This software is licensed for non-commercial use only.

                      ------------------------------------------------------------------------------
2025-07-22 13:20:14   Solver started at: 2025-07-22 13:20:14 +1200

                        Module:  Electrostatic Solver (Win 64)
                        Version: 2024.5 Release from 2024-06-14 (change 1285309)

                        Hardware:
                           Computer name: EN461026

                      ------------------------------------------------------------------------------
2025-07-22 13:20:14   Solver order = 2


                      ------------------------------------------------------------------------------
2025-07-22 13:20:15   Detected 4 independent conductive sets.
2025-07-22 13:20:15   Desired accuracy = 1.0e-062025-07-22 13:20:15   


                      ------------------------------------------------------------------------------
2025-07-22 13:20:15   Using mesh with curved elements order: 1


                      ------------------------------------------------------------------------------
2025-07-22 13:20:15   Capacitance computation

                      ------------------------------------------------------------------------------
2025-07-22 13:20:15   *** Warning ***

2025-07-22 13:20:15   No reference potential can be found for this model. This will lead to a singular capacitance matrix. At least one PEC 
                      body or one electric boundary must be left without a source definition and defined as grounded (in the Specials settings
                      of the Electrostatic Solver Parameters) in order to get a regular capacitance matrix.

                      ------------------------------------------------------------------------------
2025-07-22 13:20:16   Solver Timing Statistics: (last run)

                        Mesh generation:                  0d :  0h :  0m :  2s
                        Assembling process:               0d :  0h :  0m :  0s
                        Linear solver:                    0d :  0h :  0m :  0s
                        Post-processing:                  0d :  0h :  0m :  1s
                                                       --------------------------
                        Total time:                       0d :  0h :  0m :  3s

                        Number of threads used:           1024 



                      ------------------------------------------------------------------------------
2025-07-22 13:20:16   Solver Size Statistics:

                        Number of mesh cells:         33180 
                        Number of unknowns:           38113

                      ------------------------------------------------------------------------------
2025-07-22 13:20:16   Linear Solver Results: (last run)

                        Accuracy:                     8.719834e-07
                        Desired accuracy:             1.000000e-06
                        Number of iterations:         14
                        Maximum number of iterations: 10000


                      ------------------------------------------------------------------------------
2025-07-22 13:20:16   Memory statistics:

                        ----------------------------------------------------------------------------
                                            Peak memory used (kB)         Free physical memory (kB) 
                                                                          At begin     Minimum      
                        ----------------------------------------------------------------------------
                        Solver start        14920                         6571328      6570192      
                        Solver run total    88328                         6569948      6418092      
                        ----------------------------------------------------------------------------


                      ------------------------------------------------------------------------------
