Removed Pin From Net: NetName=NetC4_amplifier.SchDoc1_2 Pin=U4_amplifier.SchDoc1-1
Removed Pin From Net: NetName=NetC4_amplifier.SchDoc1_1 Pin=U4_amplifier.SchDoc1-2
Removed Pin From Net: NetName=NetC17_amplifier.SchDoc1_2 Pin=U4_amplifier.SchDoc1-3
Removed Pin From Net: NetName=NetC16_amplifier.SchDoc1_2 Pin=U4_amplifier.SchDoc1-5
Removed Pin From Net: NetName=NetC1_amplifier.SchDoc1_1 Pin=U4_amplifier.SchDoc1-6
Removed Pin From Net: NetName=NetC1_amplifier.SchDoc1_2 Pin=U4_amplifier.SchDoc1-7
Removed Pin From Net: NetName=NetC4_amplifier.SchDoc2_2 Pin=U4_amplifier.SchDoc2-1
Removed Pin From Net: NetName=NetC4_amplifier.SchDoc2_1 Pin=U4_amplifier.SchDoc2-2
Removed Pin From Net: NetName=NetC17_amplifier.SchDoc2_2 Pin=U4_amplifier.SchDoc2-3
Removed Pin From Net: NetName=NetC16_amplifier.SchDoc2_2 Pin=U4_amplifier.SchDoc2-5
Removed Pin From Net: NetName=NetC1_amplifier.SchDoc2_1 Pin=U4_amplifier.SchDoc2-6
Removed Pin From Net: NetName=NetC1_amplifier.SchDoc2_2 Pin=U4_amplifier.SchDoc2-7
Removed Pin From Net: NetName=NetC4_amplifier.SchDoc3_2 Pin=U4_amplifier.SchDoc3-1
Removed Pin From Net: NetName=NetC4_amplifier.SchDoc3_1 Pin=U4_amplifier.SchDoc3-2
Removed Pin From Net: NetName=NetC17_amplifier.SchDoc3_2 Pin=U4_amplifier.SchDoc3-3
Removed Pin From Net: NetName=NetC16_amplifier.SchDoc3_2 Pin=U4_amplifier.SchDoc3-5
Removed Pin From Net: NetName=NetC1_amplifier.SchDoc3_1 Pin=U4_amplifier.SchDoc3-6
Removed Pin From Net: NetName=NetC1_amplifier.SchDoc3_2 Pin=U4_amplifier.SchDoc3-7
Removed Pin From Net: NetName=NetC4_amplifier.SchDoc4_2 Pin=U4_amplifier.SchDoc4-1
Removed Pin From Net: NetName=NetC4_amplifier.SchDoc4_1 Pin=U4_amplifier.SchDoc4-2
Removed Pin From Net: NetName=NetC17_amplifier.SchDoc4_2 Pin=U4_amplifier.SchDoc4-3
Removed Pin From Net: NetName=NetC16_amplifier.SchDoc4_2 Pin=U4_amplifier.SchDoc4-5
Removed Pin From Net: NetName=NetC1_amplifier.SchDoc4_1 Pin=U4_amplifier.SchDoc4-6
Removed Pin From Net: NetName=NetC1_amplifier.SchDoc4_2 Pin=U4_amplifier.SchDoc4-7
Change Component Designator: OldDesignator=R?_amplifier.SchDoc1 NewDesignator=R11_amplifier.SchDoc1
Change Component Designator: OldDesignator=R?_amplifier.SchDoc2 NewDesignator=R11_amplifier.SchDoc2
Change Component Designator: OldDesignator=R?_amplifier.SchDoc3 NewDesignator=R11_amplifier.SchDoc3
Change Component Designator: OldDesignator=R?_amplifier.SchDoc4 NewDesignator=R11_amplifier.SchDoc4
Added Component: Designator=P?(HDR2X3)
Added Component: Designator=P?(HDR1X7)
Added Component: Designator=P?(HDR1X8)
Added Pin To Net: NetName=5VDIGITAL Pin=P?-2
Added Pin To Net: NetName=CLK_amplifier.SchDoc1 Pin=P?-3
Added Pin To Net: NetName=DIN_amplifier.SchDoc1 Pin=P?-4
Added Pin To Net: NetName=GND Pin=P?-6
Added Pin To Net: NetName=NetC1_amplifier.SchDoc1_2 Pin=U4_amplifier.SchDoc1-1
Added Pin To Net: NetName=NetC1_amplifier.SchDoc1_1 Pin=U4_amplifier.SchDoc1-2
Added Pin To Net: NetName=NetC16_amplifier.SchDoc1_2 Pin=U4_amplifier.SchDoc1-3
Added Pin To Net: NetName=NetC17_amplifier.SchDoc1_2 Pin=U4_amplifier.SchDoc1-5
Added Pin To Net: NetName=NetC4_amplifier.SchDoc1_1 Pin=U4_amplifier.SchDoc1-6
Added Pin To Net: NetName=NetC4_amplifier.SchDoc1_2 Pin=U4_amplifier.SchDoc1-7
Added Pin To Net: NetName=NetC1_amplifier.SchDoc2_2 Pin=U4_amplifier.SchDoc2-1
Added Pin To Net: NetName=NetC1_amplifier.SchDoc2_1 Pin=U4_amplifier.SchDoc2-2
Added Pin To Net: NetName=NetC16_amplifier.SchDoc2_2 Pin=U4_amplifier.SchDoc2-3
Added Pin To Net: NetName=NetC17_amplifier.SchDoc2_2 Pin=U4_amplifier.SchDoc2-5
Added Pin To Net: NetName=NetC4_amplifier.SchDoc2_1 Pin=U4_amplifier.SchDoc2-6
Added Pin To Net: NetName=NetC4_amplifier.SchDoc2_2 Pin=U4_amplifier.SchDoc2-7
Added Pin To Net: NetName=NetC1_amplifier.SchDoc3_2 Pin=U4_amplifier.SchDoc3-1
Added Pin To Net: NetName=NetC1_amplifier.SchDoc3_1 Pin=U4_amplifier.SchDoc3-2
Added Pin To Net: NetName=NetC16_amplifier.SchDoc3_2 Pin=U4_amplifier.SchDoc3-3
Added Pin To Net: NetName=NetC17_amplifier.SchDoc3_2 Pin=U4_amplifier.SchDoc3-5
Added Pin To Net: NetName=NetC4_amplifier.SchDoc3_1 Pin=U4_amplifier.SchDoc3-6
Added Pin To Net: NetName=NetC4_amplifier.SchDoc3_2 Pin=U4_amplifier.SchDoc3-7
Added Pin To Net: NetName=NetC1_amplifier.SchDoc4_2 Pin=U4_amplifier.SchDoc4-1
Added Pin To Net: NetName=NetC1_amplifier.SchDoc4_1 Pin=U4_amplifier.SchDoc4-2
Added Pin To Net: NetName=NetC16_amplifier.SchDoc4_2 Pin=U4_amplifier.SchDoc4-3
Added Pin To Net: NetName=NetC17_amplifier.SchDoc4_2 Pin=U4_amplifier.SchDoc4-5
Added Pin To Net: NetName=NetC4_amplifier.SchDoc4_1 Pin=U4_amplifier.SchDoc4-6
Added Pin To Net: NetName=NetC4_amplifier.SchDoc4_2 Pin=U4_amplifier.SchDoc4-7
Added Pin To Net: NetName=SHDN_amplifier.SchDoc1 Pin=U5-14
Added Pin To Net: NetName=NetP?_1 Pin=P?-1
Added Pin To Net: NetName=NetP?_1 Pin=U5-2
Added Net: Name=NetP?_1
Added Pin To Net: NetName=NetP?_2 Pin=P?-2
Added Pin To Net: NetName=NetP?_2 Pin=U5-24
Added Net: Name=NetP?_2
Added Pin To Net: NetName=NetP?_3 Pin=P?-3
Added Pin To Net: NetName=NetP?_3 Pin=U5-4
Added Net: Name=NetP?_3
Added Pin To Net: NetName=NetP?_4 Pin=P?-4
Added Pin To Net: NetName=NetP?_4 Pin=U5-26
Added Net: Name=NetP?_4
Added Pin To Net: NetName=NetP?_5 Pin=P?-5
Added Pin To Net: NetName=NetP?_5 Pin=U5-6
Added Net: Name=NetP?_5
Added Pin To Net: NetName=NetP?_6 Pin=P?-6
Added Pin To Net: NetName=NetP?_6 Pin=U5-28
Added Net: Name=NetP?_6
Added Pin To Net: NetName=NetP?_7 Pin=P?-7
Added Pin To Net: NetName=NetP?_7 Pin=U5-12
Added Net: Name=NetP?_7
Added Pin To Net: NetName=NetP?_8 Pin=P?-8
Added Pin To Net: NetName=NetP?_8 Pin=U5-13
Added Net: Name=NetP?_8
Added Pin To Net: NetName=RST Pin=P?-5
Added Pin To Net: NetName=RST Pin=P?-7
Added Pin To Net: NetName=RST Pin=U5-1
Added Net: Name=RST
Added Class: Name=main
