ARM GAS  C:\Users\ash750\AppData\Local\Temp\ccpti8GU.s 			page 1


   1              		.syntax unified
   2              		.cpu cortex-m3
   3              		.fpu softvfp
   4              		.eabi_attribute 20, 1
   5              		.eabi_attribute 21, 1
   6              		.eabi_attribute 23, 3
   7              		.eabi_attribute 24, 1
   8              		.eabi_attribute 25, 1
   9              		.eabi_attribute 26, 1
  10              		.eabi_attribute 30, 1
  11              		.eabi_attribute 34, 1
  12              		.eabi_attribute 18, 4
  13              		.thumb
  14              		.syntax unified
  15              		.file	"CapSense_1_INT.c"
  16              		.text
  17              	.Ltext0:
  18              		.cfi_sections	.debug_frame
  19              		.section	.text.CapSense_1_IsrCH0_ISR,"ax",%progbits
  20              		.align	2
  21              		.global	CapSense_1_IsrCH0_ISR
  22              		.thumb
  23              		.thumb_func
  24              		.type	CapSense_1_IsrCH0_ISR, %function
  25              	CapSense_1_IsrCH0_ISR:
  26              	.LFB0:
  27              		.file 1 "Generated_Source\\PSoC5\\CapSense_1_INT.c"
   1:Generated_Source\PSoC5/CapSense_1_INT.c **** /*******************************************************************************
   2:Generated_Source\PSoC5/CapSense_1_INT.c **** * File Name: CapSense_1_INT.c
   3:Generated_Source\PSoC5/CapSense_1_INT.c **** * Version 3.50
   4:Generated_Source\PSoC5/CapSense_1_INT.c **** *
   5:Generated_Source\PSoC5/CapSense_1_INT.c **** * Description:
   6:Generated_Source\PSoC5/CapSense_1_INT.c **** *  This file provides the source code of Interrupt Service Routine (ISR)
   7:Generated_Source\PSoC5/CapSense_1_INT.c **** *  for CapSense CSD component.
   8:Generated_Source\PSoC5/CapSense_1_INT.c **** *
   9:Generated_Source\PSoC5/CapSense_1_INT.c **** * Note:
  10:Generated_Source\PSoC5/CapSense_1_INT.c **** *
  11:Generated_Source\PSoC5/CapSense_1_INT.c **** ********************************************************************************
  12:Generated_Source\PSoC5/CapSense_1_INT.c **** * Copyright 2008-2013, Cypress Semiconductor Corporation.  All rights reserved.
  13:Generated_Source\PSoC5/CapSense_1_INT.c **** * You may use this file only in accordance with the license, terms, conditions,
  14:Generated_Source\PSoC5/CapSense_1_INT.c **** * disclaimers, and limitations in the end user license agreement accompanying
  15:Generated_Source\PSoC5/CapSense_1_INT.c **** * the software package with which this file was provided.
  16:Generated_Source\PSoC5/CapSense_1_INT.c **** *******************************************************************************/
  17:Generated_Source\PSoC5/CapSense_1_INT.c **** 
  18:Generated_Source\PSoC5/CapSense_1_INT.c **** #include "CapSense_1.h"
  19:Generated_Source\PSoC5/CapSense_1_INT.c **** #include "cyapicallbacks.h"
  20:Generated_Source\PSoC5/CapSense_1_INT.c **** 
  21:Generated_Source\PSoC5/CapSense_1_INT.c **** 
  22:Generated_Source\PSoC5/CapSense_1_INT.c **** /*******************************************************************************
  23:Generated_Source\PSoC5/CapSense_1_INT.c **** *  Place your includes, defines and code here 
  24:Generated_Source\PSoC5/CapSense_1_INT.c **** ********************************************************************************/
  25:Generated_Source\PSoC5/CapSense_1_INT.c **** /* `#START CapSense_1_IsrCH_ISR_intc` */
  26:Generated_Source\PSoC5/CapSense_1_INT.c **** 
  27:Generated_Source\PSoC5/CapSense_1_INT.c **** /* `#END` */
  28:Generated_Source\PSoC5/CapSense_1_INT.c **** 
  29:Generated_Source\PSoC5/CapSense_1_INT.c **** 
  30:Generated_Source\PSoC5/CapSense_1_INT.c **** #if (CapSense_1_DESIGN_TYPE == CapSense_1_ONE_CHANNEL_DESIGN)
ARM GAS  C:\Users\ash750\AppData\Local\Temp\ccpti8GU.s 			page 2


  31:Generated_Source\PSoC5/CapSense_1_INT.c ****     /*******************************************************************************
  32:Generated_Source\PSoC5/CapSense_1_INT.c ****     * Function Name: CapSense_1_IsrCH0_ISR
  33:Generated_Source\PSoC5/CapSense_1_INT.c ****     ********************************************************************************
  34:Generated_Source\PSoC5/CapSense_1_INT.c ****     *
  35:Generated_Source\PSoC5/CapSense_1_INT.c ****     * Summary:
  36:Generated_Source\PSoC5/CapSense_1_INT.c ****     *  This ISR is executed when measure window is closed. The measure window 
  37:Generated_Source\PSoC5/CapSense_1_INT.c ****     *  depends on scan resolution parameter of sensor. 
  38:Generated_Source\PSoC5/CapSense_1_INT.c ****     *  The ISR has two modes: 
  39:Generated_Source\PSoC5/CapSense_1_INT.c ****     *   1. Scans single sensor and stores measure result.
  40:Generated_Source\PSoC5/CapSense_1_INT.c ****     *   2. Stores result of current measure and starts next scan till all 
  41:Generated_Source\PSoC5/CapSense_1_INT.c ****     *      enabled sensors will be scanned.
  42:Generated_Source\PSoC5/CapSense_1_INT.c ****     *  This interrupt handler only used in one channel designs.
  43:Generated_Source\PSoC5/CapSense_1_INT.c ****     *
  44:Generated_Source\PSoC5/CapSense_1_INT.c ****     * Parameters:
  45:Generated_Source\PSoC5/CapSense_1_INT.c ****     *  None
  46:Generated_Source\PSoC5/CapSense_1_INT.c ****     *
  47:Generated_Source\PSoC5/CapSense_1_INT.c ****     * Return:
  48:Generated_Source\PSoC5/CapSense_1_INT.c ****     *  None
  49:Generated_Source\PSoC5/CapSense_1_INT.c ****     *
  50:Generated_Source\PSoC5/CapSense_1_INT.c ****     * Global Variables:
  51:Generated_Source\PSoC5/CapSense_1_INT.c ****     *  CapSense_1_csv - used to provide status and mode of scanning process.
  52:Generated_Source\PSoC5/CapSense_1_INT.c ****     *   Mode - single scan or scan of all enabled sensors.
  53:Generated_Source\PSoC5/CapSense_1_INT.c ****     *   Status - scan in progress or ready for new scan.
  54:Generated_Source\PSoC5/CapSense_1_INT.c ****     *  CapSense_1_sensorIndex - used to store sensor scanning sensor number.
  55:Generated_Source\PSoC5/CapSense_1_INT.c ****     *
  56:Generated_Source\PSoC5/CapSense_1_INT.c ****     * Reentrant:
  57:Generated_Source\PSoC5/CapSense_1_INT.c ****     *  No
  58:Generated_Source\PSoC5/CapSense_1_INT.c ****     *
  59:Generated_Source\PSoC5/CapSense_1_INT.c ****     *******************************************************************************/
  60:Generated_Source\PSoC5/CapSense_1_INT.c ****     CY_ISR(CapSense_1_IsrCH0_ISR)
  61:Generated_Source\PSoC5/CapSense_1_INT.c ****     {
  28              		.loc 1 61 0
  29              		.cfi_startproc
  30              		@ args = 0, pretend = 0, frame = 0
  31              		@ frame_needed = 0, uses_anonymous_args = 0
  32 0000 10B5     		push	{r4, lr}
  33              		.cfi_def_cfa_offset 8
  34              		.cfi_offset 4, -8
  35              		.cfi_offset 14, -4
  62:Generated_Source\PSoC5/CapSense_1_INT.c ****         #ifdef CapSense_1_ONE_CHANNEL_CH0_ISR_ENTRY_CALLBACK
  63:Generated_Source\PSoC5/CapSense_1_INT.c ****             CapSense_1_IsrCH0_ISR_EntryCallback();
  64:Generated_Source\PSoC5/CapSense_1_INT.c ****         #endif /* CapSense_1_ONE_CHANNEL_CH0_ISR_ENTRY_CALLBACK */
  65:Generated_Source\PSoC5/CapSense_1_INT.c **** 
  66:Generated_Source\PSoC5/CapSense_1_INT.c ****         /*  Place your Interrupt code here. */
  67:Generated_Source\PSoC5/CapSense_1_INT.c ****         /* `#START CapSense_1_ONE_CHANNEL_IsrCH0_ISR_ENTER` */
  68:Generated_Source\PSoC5/CapSense_1_INT.c **** 
  69:Generated_Source\PSoC5/CapSense_1_INT.c ****         /* `#END` */
  70:Generated_Source\PSoC5/CapSense_1_INT.c **** 
  71:Generated_Source\PSoC5/CapSense_1_INT.c ****         /* Save results and disable sensor */
  72:Generated_Source\PSoC5/CapSense_1_INT.c ****         CapSense_1_PostScan(CapSense_1_sensorIndex);
  36              		.loc 1 72 0
  37 0002 114B     		ldr	r3, .L6
  38 0004 1878     		ldrb	r0, [r3]	@ zero_extendqisi2
  39 0006 FFF7FEFF 		bl	CapSense_1_PostScan
  40              	.LVL0:
  73:Generated_Source\PSoC5/CapSense_1_INT.c ****                 
  74:Generated_Source\PSoC5/CapSense_1_INT.c ****         if ((CapSense_1_csv & CapSense_1_SW_CTRL_SINGLE_SCAN) != 0u)
ARM GAS  C:\Users\ash750\AppData\Local\Temp\ccpti8GU.s 			page 3


  41              		.loc 1 74 0
  42 000a 104B     		ldr	r3, .L6+4
  43 000c 1B78     		ldrb	r3, [r3]	@ zero_extendqisi2
  44 000e 13F0800F 		tst	r3, #128
  45 0012 05D0     		beq	.L2
  75:Generated_Source\PSoC5/CapSense_1_INT.c ****         {
  76:Generated_Source\PSoC5/CapSense_1_INT.c ****             CapSense_1_csv &= (uint8)~CapSense_1_SW_STS_BUSY;
  46              		.loc 1 76 0
  47 0014 0D4A     		ldr	r2, .L6+4
  48 0016 1378     		ldrb	r3, [r2]	@ zero_extendqisi2
  49 0018 03F0FE03 		and	r3, r3, #254
  50 001c 1370     		strb	r3, [r2]
  51 001e 10BD     		pop	{r4, pc}
  52              	.L2:
  77:Generated_Source\PSoC5/CapSense_1_INT.c ****         }
  78:Generated_Source\PSoC5/CapSense_1_INT.c ****         else
  79:Generated_Source\PSoC5/CapSense_1_INT.c ****         {
  80:Generated_Source\PSoC5/CapSense_1_INT.c ****             /* Proceed the scanning */
  81:Generated_Source\PSoC5/CapSense_1_INT.c ****             CapSense_1_sensorIndex = CapSense_1_FindNextSensor(CapSense_1_sensorIndex);
  53              		.loc 1 81 0
  54 0020 094C     		ldr	r4, .L6
  55 0022 2078     		ldrb	r0, [r4]	@ zero_extendqisi2
  56 0024 FFF7FEFF 		bl	CapSense_1_FindNextSensor
  57              	.LVL1:
  58 0028 2070     		strb	r0, [r4]
  82:Generated_Source\PSoC5/CapSense_1_INT.c ****             
  83:Generated_Source\PSoC5/CapSense_1_INT.c ****             /* Check end of scan */
  84:Generated_Source\PSoC5/CapSense_1_INT.c ****             if(CapSense_1_sensorIndex < CapSense_1_TOTAL_SENSOR_COUNT)
  59              		.loc 1 84 0
  60 002a 2378     		ldrb	r3, [r4]	@ zero_extendqisi2
  61 002c 13F0FF0F 		tst	r3, #255
  62 0030 03D1     		bne	.L4
  85:Generated_Source\PSoC5/CapSense_1_INT.c ****             {
  86:Generated_Source\PSoC5/CapSense_1_INT.c ****                 CapSense_1_PreScan(CapSense_1_sensorIndex);
  63              		.loc 1 86 0
  64 0032 2078     		ldrb	r0, [r4]	@ zero_extendqisi2
  65 0034 FFF7FEFF 		bl	CapSense_1_PreScan
  66              	.LVL2:
  67 0038 10BD     		pop	{r4, pc}
  68              	.L4:
  87:Generated_Source\PSoC5/CapSense_1_INT.c ****             }
  88:Generated_Source\PSoC5/CapSense_1_INT.c ****             else
  89:Generated_Source\PSoC5/CapSense_1_INT.c ****             {
  90:Generated_Source\PSoC5/CapSense_1_INT.c ****                 CapSense_1_csv &= (uint8)~CapSense_1_SW_STS_BUSY;
  69              		.loc 1 90 0
  70 003a 044A     		ldr	r2, .L6+4
  71 003c 1378     		ldrb	r3, [r2]	@ zero_extendqisi2
  72 003e 03F0FE03 		and	r3, r3, #254
  73 0042 1370     		strb	r3, [r2]
  74 0044 10BD     		pop	{r4, pc}
  75              	.L7:
  76 0046 00BF     		.align	2
  77              	.L6:
  78 0048 00000000 		.word	CapSense_1_sensorIndex
  79 004c 00000000 		.word	CapSense_1_csv
  80              		.cfi_endproc
  81              	.LFE0:
ARM GAS  C:\Users\ash750\AppData\Local\Temp\ccpti8GU.s 			page 4


  82              		.size	CapSense_1_IsrCH0_ISR, .-CapSense_1_IsrCH0_ISR
  83              		.text
  84              	.Letext0:
  85              		.file 2 "Generated_Source\\PSoC5\\CapSense_1.h"
  86              		.file 3 "Generated_Source\\PSoC5\\cytypes.h"
  87              		.section	.debug_info,"",%progbits
  88              	.Ldebug_info0:
  89 0000 09010000 		.4byte	0x109
  90 0004 0400     		.2byte	0x4
  91 0006 00000000 		.4byte	.Ldebug_abbrev0
  92 000a 04       		.byte	0x4
  93 000b 01       		.uleb128 0x1
  94 000c BB000000 		.4byte	.LASF19
  95 0010 0C       		.byte	0xc
  96 0011 F1010000 		.4byte	.LASF20
  97 0015 2E000000 		.4byte	.LASF21
  98 0019 00000000 		.4byte	.Ldebug_ranges0+0
  99 001d 00000000 		.4byte	0
 100 0021 00000000 		.4byte	.Ldebug_line0
 101 0025 02       		.uleb128 0x2
 102 0026 01       		.byte	0x1
 103 0027 06       		.byte	0x6
 104 0028 19020000 		.4byte	.LASF0
 105 002c 02       		.uleb128 0x2
 106 002d 01       		.byte	0x1
 107 002e 08       		.byte	0x8
 108 002f A1010000 		.4byte	.LASF1
 109 0033 02       		.uleb128 0x2
 110 0034 02       		.byte	0x2
 111 0035 05       		.byte	0x5
 112 0036 31020000 		.4byte	.LASF2
 113 003a 02       		.uleb128 0x2
 114 003b 02       		.byte	0x2
 115 003c 07       		.byte	0x7
 116 003d 0E000000 		.4byte	.LASF3
 117 0041 02       		.uleb128 0x2
 118 0042 04       		.byte	0x4
 119 0043 05       		.byte	0x5
 120 0044 B4010000 		.4byte	.LASF4
 121 0048 02       		.uleb128 0x2
 122 0049 04       		.byte	0x4
 123 004a 07       		.byte	0x7
 124 004b 63010000 		.4byte	.LASF5
 125 004f 02       		.uleb128 0x2
 126 0050 08       		.byte	0x8
 127 0051 05       		.byte	0x5
 128 0052 00000000 		.4byte	.LASF6
 129 0056 02       		.uleb128 0x2
 130 0057 08       		.byte	0x8
 131 0058 07       		.byte	0x7
 132 0059 75010000 		.4byte	.LASF7
 133 005d 03       		.uleb128 0x3
 134 005e 04       		.byte	0x4
 135 005f 05       		.byte	0x5
 136 0060 696E7400 		.ascii	"int\000"
 137 0064 02       		.uleb128 0x2
 138 0065 04       		.byte	0x4
ARM GAS  C:\Users\ash750\AppData\Local\Temp\ccpti8GU.s 			page 5


 139 0066 07       		.byte	0x7
 140 0067 21000000 		.4byte	.LASF8
 141 006b 04       		.uleb128 0x4
 142 006c 5D010000 		.4byte	.LASF22
 143 0070 03       		.byte	0x3
 144 0071 E701     		.2byte	0x1e7
 145 0073 2C000000 		.4byte	0x2c
 146 0077 02       		.uleb128 0x2
 147 0078 04       		.byte	0x4
 148 0079 04       		.byte	0x4
 149 007a 8C010000 		.4byte	.LASF9
 150 007e 02       		.uleb128 0x2
 151 007f 08       		.byte	0x8
 152 0080 04       		.byte	0x4
 153 0081 EA010000 		.4byte	.LASF10
 154 0085 02       		.uleb128 0x2
 155 0086 01       		.byte	0x1
 156 0087 08       		.byte	0x8
 157 0088 AF010000 		.4byte	.LASF11
 158 008c 05       		.uleb128 0x5
 159 008d 6B000000 		.4byte	0x6b
 160 0091 02       		.uleb128 0x2
 161 0092 08       		.byte	0x8
 162 0093 04       		.byte	0x4
 163 0094 25020000 		.4byte	.LASF12
 164 0098 02       		.uleb128 0x2
 165 0099 04       		.byte	0x4
 166 009a 07       		.byte	0x7
 167 009b 51020000 		.4byte	.LASF13
 168 009f 06       		.uleb128 0x6
 169 00a0 3B020000 		.4byte	.LASF23
 170 00a4 01       		.byte	0x1
 171 00a5 3C       		.byte	0x3c
 172 00a6 00000000 		.4byte	.LFB0
 173 00aa 50000000 		.4byte	.LFE0-.LFB0
 174 00ae 01       		.uleb128 0x1
 175 00af 9C       		.byte	0x9c
 176 00b0 D0000000 		.4byte	0xd0
 177 00b4 07       		.uleb128 0x7
 178 00b5 0A000000 		.4byte	.LVL0
 179 00b9 E8000000 		.4byte	0xe8
 180 00bd 07       		.uleb128 0x7
 181 00be 28000000 		.4byte	.LVL1
 182 00c2 F4000000 		.4byte	0xf4
 183 00c6 07       		.uleb128 0x7
 184 00c7 38000000 		.4byte	.LVL2
 185 00cb 00010000 		.4byte	0x100
 186 00cf 00       		.byte	0
 187 00d0 08       		.uleb128 0x8
 188 00d1 92010000 		.4byte	.LASF14
 189 00d5 02       		.byte	0x2
 190 00d6 AE02     		.2byte	0x2ae
 191 00d8 8C000000 		.4byte	0x8c
 192 00dc 08       		.uleb128 0x8
 193 00dd A4000000 		.4byte	.LASF15
 194 00e1 02       		.byte	0x2
 195 00e2 AF02     		.2byte	0x2af
ARM GAS  C:\Users\ash750\AppData\Local\Temp\ccpti8GU.s 			page 6


 196 00e4 8C000000 		.4byte	0x8c
 197 00e8 09       		.uleb128 0x9
 198 00e9 49010000 		.4byte	.LASF16
 199 00ed 49010000 		.4byte	.LASF16
 200 00f1 02       		.byte	0x2
 201 00f2 9B02     		.2byte	0x29b
 202 00f4 09       		.uleb128 0x9
 203 00f5 D0010000 		.4byte	.LASF17
 204 00f9 D0010000 		.4byte	.LASF17
 205 00fd 02       		.byte	0x2
 206 00fe 9002     		.2byte	0x290
 207 0100 09       		.uleb128 0x9
 208 0101 BD010000 		.4byte	.LASF18
 209 0105 BD010000 		.4byte	.LASF18
 210 0109 02       		.byte	0x2
 211 010a 9902     		.2byte	0x299
 212 010c 00       		.byte	0
 213              		.section	.debug_abbrev,"",%progbits
 214              	.Ldebug_abbrev0:
 215 0000 01       		.uleb128 0x1
 216 0001 11       		.uleb128 0x11
 217 0002 01       		.byte	0x1
 218 0003 25       		.uleb128 0x25
 219 0004 0E       		.uleb128 0xe
 220 0005 13       		.uleb128 0x13
 221 0006 0B       		.uleb128 0xb
 222 0007 03       		.uleb128 0x3
 223 0008 0E       		.uleb128 0xe
 224 0009 1B       		.uleb128 0x1b
 225 000a 0E       		.uleb128 0xe
 226 000b 55       		.uleb128 0x55
 227 000c 17       		.uleb128 0x17
 228 000d 11       		.uleb128 0x11
 229 000e 01       		.uleb128 0x1
 230 000f 10       		.uleb128 0x10
 231 0010 17       		.uleb128 0x17
 232 0011 00       		.byte	0
 233 0012 00       		.byte	0
 234 0013 02       		.uleb128 0x2
 235 0014 24       		.uleb128 0x24
 236 0015 00       		.byte	0
 237 0016 0B       		.uleb128 0xb
 238 0017 0B       		.uleb128 0xb
 239 0018 3E       		.uleb128 0x3e
 240 0019 0B       		.uleb128 0xb
 241 001a 03       		.uleb128 0x3
 242 001b 0E       		.uleb128 0xe
 243 001c 00       		.byte	0
 244 001d 00       		.byte	0
 245 001e 03       		.uleb128 0x3
 246 001f 24       		.uleb128 0x24
 247 0020 00       		.byte	0
 248 0021 0B       		.uleb128 0xb
 249 0022 0B       		.uleb128 0xb
 250 0023 3E       		.uleb128 0x3e
 251 0024 0B       		.uleb128 0xb
 252 0025 03       		.uleb128 0x3
ARM GAS  C:\Users\ash750\AppData\Local\Temp\ccpti8GU.s 			page 7


 253 0026 08       		.uleb128 0x8
 254 0027 00       		.byte	0
 255 0028 00       		.byte	0
 256 0029 04       		.uleb128 0x4
 257 002a 16       		.uleb128 0x16
 258 002b 00       		.byte	0
 259 002c 03       		.uleb128 0x3
 260 002d 0E       		.uleb128 0xe
 261 002e 3A       		.uleb128 0x3a
 262 002f 0B       		.uleb128 0xb
 263 0030 3B       		.uleb128 0x3b
 264 0031 05       		.uleb128 0x5
 265 0032 49       		.uleb128 0x49
 266 0033 13       		.uleb128 0x13
 267 0034 00       		.byte	0
 268 0035 00       		.byte	0
 269 0036 05       		.uleb128 0x5
 270 0037 35       		.uleb128 0x35
 271 0038 00       		.byte	0
 272 0039 49       		.uleb128 0x49
 273 003a 13       		.uleb128 0x13
 274 003b 00       		.byte	0
 275 003c 00       		.byte	0
 276 003d 06       		.uleb128 0x6
 277 003e 2E       		.uleb128 0x2e
 278 003f 01       		.byte	0x1
 279 0040 3F       		.uleb128 0x3f
 280 0041 19       		.uleb128 0x19
 281 0042 03       		.uleb128 0x3
 282 0043 0E       		.uleb128 0xe
 283 0044 3A       		.uleb128 0x3a
 284 0045 0B       		.uleb128 0xb
 285 0046 3B       		.uleb128 0x3b
 286 0047 0B       		.uleb128 0xb
 287 0048 27       		.uleb128 0x27
 288 0049 19       		.uleb128 0x19
 289 004a 11       		.uleb128 0x11
 290 004b 01       		.uleb128 0x1
 291 004c 12       		.uleb128 0x12
 292 004d 06       		.uleb128 0x6
 293 004e 40       		.uleb128 0x40
 294 004f 18       		.uleb128 0x18
 295 0050 9742     		.uleb128 0x2117
 296 0052 19       		.uleb128 0x19
 297 0053 01       		.uleb128 0x1
 298 0054 13       		.uleb128 0x13
 299 0055 00       		.byte	0
 300 0056 00       		.byte	0
 301 0057 07       		.uleb128 0x7
 302 0058 898201   		.uleb128 0x4109
 303 005b 00       		.byte	0
 304 005c 11       		.uleb128 0x11
 305 005d 01       		.uleb128 0x1
 306 005e 31       		.uleb128 0x31
 307 005f 13       		.uleb128 0x13
 308 0060 00       		.byte	0
 309 0061 00       		.byte	0
ARM GAS  C:\Users\ash750\AppData\Local\Temp\ccpti8GU.s 			page 8


 310 0062 08       		.uleb128 0x8
 311 0063 34       		.uleb128 0x34
 312 0064 00       		.byte	0
 313 0065 03       		.uleb128 0x3
 314 0066 0E       		.uleb128 0xe
 315 0067 3A       		.uleb128 0x3a
 316 0068 0B       		.uleb128 0xb
 317 0069 3B       		.uleb128 0x3b
 318 006a 05       		.uleb128 0x5
 319 006b 49       		.uleb128 0x49
 320 006c 13       		.uleb128 0x13
 321 006d 3F       		.uleb128 0x3f
 322 006e 19       		.uleb128 0x19
 323 006f 3C       		.uleb128 0x3c
 324 0070 19       		.uleb128 0x19
 325 0071 00       		.byte	0
 326 0072 00       		.byte	0
 327 0073 09       		.uleb128 0x9
 328 0074 2E       		.uleb128 0x2e
 329 0075 00       		.byte	0
 330 0076 3F       		.uleb128 0x3f
 331 0077 19       		.uleb128 0x19
 332 0078 3C       		.uleb128 0x3c
 333 0079 19       		.uleb128 0x19
 334 007a 6E       		.uleb128 0x6e
 335 007b 0E       		.uleb128 0xe
 336 007c 03       		.uleb128 0x3
 337 007d 0E       		.uleb128 0xe
 338 007e 3A       		.uleb128 0x3a
 339 007f 0B       		.uleb128 0xb
 340 0080 3B       		.uleb128 0x3b
 341 0081 05       		.uleb128 0x5
 342 0082 00       		.byte	0
 343 0083 00       		.byte	0
 344 0084 00       		.byte	0
 345              		.section	.debug_aranges,"",%progbits
 346 0000 1C000000 		.4byte	0x1c
 347 0004 0200     		.2byte	0x2
 348 0006 00000000 		.4byte	.Ldebug_info0
 349 000a 04       		.byte	0x4
 350 000b 00       		.byte	0
 351 000c 0000     		.2byte	0
 352 000e 0000     		.2byte	0
 353 0010 00000000 		.4byte	.LFB0
 354 0014 50000000 		.4byte	.LFE0-.LFB0
 355 0018 00000000 		.4byte	0
 356 001c 00000000 		.4byte	0
 357              		.section	.debug_ranges,"",%progbits
 358              	.Ldebug_ranges0:
 359 0000 00000000 		.4byte	.LFB0
 360 0004 50000000 		.4byte	.LFE0
 361 0008 00000000 		.4byte	0
 362 000c 00000000 		.4byte	0
 363              		.section	.debug_line,"",%progbits
 364              	.Ldebug_line0:
 365 0000 79000000 		.section	.debug_str,"MS",%progbits,1
 365      02005B00 
ARM GAS  C:\Users\ash750\AppData\Local\Temp\ccpti8GU.s 			page 9


 365      00000201 
 365      FB0E0D00 
 365      01010101 
 366              	.LASF6:
 367 0000 6C6F6E67 		.ascii	"long long int\000"
 367      206C6F6E 
 367      6720696E 
 367      7400
 368              	.LASF3:
 369 000e 73686F72 		.ascii	"short unsigned int\000"
 369      7420756E 
 369      7369676E 
 369      65642069 
 369      6E7400
 370              	.LASF8:
 371 0021 756E7369 		.ascii	"unsigned int\000"
 371      676E6564 
 371      20696E74 
 371      00
 372              	.LASF21:
 373 002e 433A5C55 		.ascii	"C:\\Users\\ash750\\OneDrive - The University of Auc"
 373      73657273 
 373      5C617368 
 373      3735305C 
 373      4F6E6544 
 374 005e 6B6C616E 		.ascii	"kland\\Documents\\GitHub\\P4P_Project-130\\Capsense"
 374      645C446F 
 374      63756D65 
 374      6E74735C 
 374      47697448 
 375 008d 5F737475 		.ascii	"_stuff\\Cap_Sense.cydsn\000"
 375      66665C43 
 375      61705F53 
 375      656E7365 
 375      2E637964 
 376              	.LASF15:
 377 00a4 43617053 		.ascii	"CapSense_1_sensorIndex\000"
 377      656E7365 
 377      5F315F73 
 377      656E736F 
 377      72496E64 
 378              	.LASF19:
 379 00bb 474E5520 		.ascii	"GNU C11 5.4.1 20160609 (release) [ARM/embedded-5-br"
 379      43313120 
 379      352E342E 
 379      31203230 
 379      31363036 
 380 00ee 616E6368 		.ascii	"anch revision 237715] -mcpu=cortex-m3 -mthumb -g -O"
 380      20726576 
 380      6973696F 
 380      6E203233 
 380      37373135 
 381 0121 67202D66 		.ascii	"g -ffunction-sections -ffat-lto-objects\000"
 381      66756E63 
 381      74696F6E 
 381      2D736563 
 381      74696F6E 
ARM GAS  C:\Users\ash750\AppData\Local\Temp\ccpti8GU.s 			page 10


 382              	.LASF16:
 383 0149 43617053 		.ascii	"CapSense_1_PostScan\000"
 383      656E7365 
 383      5F315F50 
 383      6F737453 
 383      63616E00 
 384              	.LASF22:
 385 015d 75696E74 		.ascii	"uint8\000"
 385      3800
 386              	.LASF5:
 387 0163 6C6F6E67 		.ascii	"long unsigned int\000"
 387      20756E73 
 387      69676E65 
 387      6420696E 
 387      7400
 388              	.LASF7:
 389 0175 6C6F6E67 		.ascii	"long long unsigned int\000"
 389      206C6F6E 
 389      6720756E 
 389      7369676E 
 389      65642069 
 390              	.LASF9:
 391 018c 666C6F61 		.ascii	"float\000"
 391      7400
 392              	.LASF14:
 393 0192 43617053 		.ascii	"CapSense_1_csv\000"
 393      656E7365 
 393      5F315F63 
 393      737600
 394              	.LASF1:
 395 01a1 756E7369 		.ascii	"unsigned char\000"
 395      676E6564 
 395      20636861 
 395      7200
 396              	.LASF11:
 397 01af 63686172 		.ascii	"char\000"
 397      00
 398              	.LASF4:
 399 01b4 6C6F6E67 		.ascii	"long int\000"
 399      20696E74 
 399      00
 400              	.LASF18:
 401 01bd 43617053 		.ascii	"CapSense_1_PreScan\000"
 401      656E7365 
 401      5F315F50 
 401      72655363 
 401      616E00
 402              	.LASF17:
 403 01d0 43617053 		.ascii	"CapSense_1_FindNextSensor\000"
 403      656E7365 
 403      5F315F46 
 403      696E644E 
 403      65787453 
 404              	.LASF10:
 405 01ea 646F7562 		.ascii	"double\000"
 405      6C6500
 406              	.LASF20:
ARM GAS  C:\Users\ash750\AppData\Local\Temp\ccpti8GU.s 			page 11


 407 01f1 47656E65 		.ascii	"Generated_Source\\PSoC5\\CapSense_1_INT.c\000"
 407      72617465 
 407      645F536F 
 407      75726365 
 407      5C50536F 
 408              	.LASF0:
 409 0219 7369676E 		.ascii	"signed char\000"
 409      65642063 
 409      68617200 
 410              	.LASF12:
 411 0225 6C6F6E67 		.ascii	"long double\000"
 411      20646F75 
 411      626C6500 
 412              	.LASF2:
 413 0231 73686F72 		.ascii	"short int\000"
 413      7420696E 
 413      7400
 414              	.LASF23:
 415 023b 43617053 		.ascii	"CapSense_1_IsrCH0_ISR\000"
 415      656E7365 
 415      5F315F49 
 415      73724348 
 415      305F4953 
 416              	.LASF13:
 417 0251 73697A65 		.ascii	"sizetype\000"
 417      74797065 
 417      00
 418              		.ident	"GCC: (GNU Tools for ARM Embedded Processors) 5.4.1 20160609 (release) [ARM/embedded-5-bran
