ARM GAS  C:\Users\ash750\AppData\Local\Temp\ccTwusxk.s 			page 1


   1              		.syntax unified
   2              		.cpu cortex-m3
   3              		.fpu softvfp
   4              		.eabi_attribute 20, 1
   5              		.eabi_attribute 21, 1
   6              		.eabi_attribute 23, 3
   7              		.eabi_attribute 24, 1
   8              		.eabi_attribute 25, 1
   9              		.eabi_attribute 26, 1
  10              		.eabi_attribute 30, 1
  11              		.eabi_attribute 34, 1
  12              		.eabi_attribute 18, 4
  13              		.thumb
  14              		.syntax unified
  15              		.file	"cymetadata.c"
  16              		.text
  17              	.Ltext0:
  18              		.cfi_sections	.debug_frame
  19              		.global	cy_metadata
  20              		.global	cy_meta_flashprotect
  21              		.global	cy_meta_wonvl
  22              		.global	cy_meta_custnvl
  23              		.global	cy_meta_configecc
  24              		.section	.cyconfigecc,"a",%progbits
  25              		.align	2
  26              		.type	cy_meta_configecc, %object
  27              		.size	cy_meta_configecc, 1524
  28              	cy_meta_configecc:
  29 0000 03       		.byte	3
  30 0001 52       		.byte	82
  31 0002 00       		.byte	0
  32 0003 40       		.byte	64
  33 0004 06       		.byte	6
  34 0005 64       		.byte	100
  35 0006 00       		.byte	0
  36 0007 40       		.byte	64
  37 0008 05       		.byte	5
  38 0009 65       		.byte	101
  39 000a 00       		.byte	0
  40 000b 40       		.byte	64
  41 000c 05       		.byte	5
  42 000d 03       		.byte	3
  43 000e 01       		.byte	1
  44 000f 40       		.byte	64
  45 0010 5B       		.byte	91
  46 0011 04       		.byte	4
  47 0012 01       		.byte	1
  48 0013 40       		.byte	64
  49 0014 3A       		.byte	58
  50 0015 05       		.byte	5
  51 0016 01       		.byte	1
  52 0017 40       		.byte	64
  53 0018 5F       		.byte	95
  54 0019 06       		.byte	6
  55 001a 01       		.byte	1
  56 001b 40       		.byte	64
  57 001c 40       		.byte	64
ARM GAS  C:\Users\ash750\AppData\Local\Temp\ccTwusxk.s 			page 2


  58 001d 07       		.byte	7
  59 001e 01       		.byte	1
  60 001f 40       		.byte	64
  61 0020 01       		.byte	1
  62 0021 09       		.byte	9
  63 0022 01       		.byte	1
  64 0023 40       		.byte	64
  65 0024 01       		.byte	1
  66 0025 0D       		.byte	13
  67 0026 01       		.byte	1
  68 0027 40       		.byte	64
  69 0028 66       		.byte	102
  70 0029 14       		.byte	20
  71 002a 01       		.byte	1
  72 002b 40       		.byte	64
  73 002c 44       		.byte	68
  74 002d 15       		.byte	21
  75 002e 01       		.byte	1
  76 002f 40       		.byte	64
  77 0030 1C       		.byte	28
  78 0031 16       		.byte	22
  79 0032 01       		.byte	1
  80 0033 40       		.byte	64
  81 0034 46       		.byte	70
  82 0035 17       		.byte	23
  83 0036 01       		.byte	1
  84 0037 40       		.byte	64
  85 0038 04       		.byte	4
  86 0039 40       		.byte	64
  87 003a 01       		.byte	1
  88 003b 40       		.byte	64
  89 003c 03       		.byte	3
  90 003d 41       		.byte	65
  91 003e 01       		.byte	1
  92 003f 40       		.byte	64
  93 0040 03       		.byte	3
  94 0041 42       		.byte	66
  95 0042 01       		.byte	1
  96 0043 40       		.byte	64
  97 0044 02       		.byte	2
  98 0045 43       		.byte	67
  99 0046 01       		.byte	1
 100 0047 40       		.byte	64
 101 0048 02       		.byte	2
 102 0049 44       		.byte	68
 103 004a 01       		.byte	1
 104 004b 40       		.byte	64
 105 004c 01       		.byte	1
 106 004d 45       		.byte	69
 107 004e 01       		.byte	1
 108 004f 40       		.byte	64
 109 0050 02       		.byte	2
 110 0051 46       		.byte	70
 111 0052 01       		.byte	1
 112 0053 40       		.byte	64
 113 0054 02       		.byte	2
 114 0055 47       		.byte	71
ARM GAS  C:\Users\ash750\AppData\Local\Temp\ccTwusxk.s 			page 3


 115 0056 01       		.byte	1
 116 0057 40       		.byte	64
 117 0058 05       		.byte	5
 118 0059 48       		.byte	72
 119 005a 01       		.byte	1
 120 005b 40       		.byte	64
 121 005c 02       		.byte	2
 122 005d 49       		.byte	73
 123 005e 01       		.byte	1
 124 005f 40       		.byte	64
 125 0060 04       		.byte	4
 126 0061 50       		.byte	80
 127 0062 01       		.byte	1
 128 0063 40       		.byte	64
 129 0064 01       		.byte	1
 130 0065 51       		.byte	81
 131 0066 01       		.byte	1
 132 0067 40       		.byte	64
 133 0068 16       		.byte	22
 134 0069 01       		.byte	1
 135 006a 61       		.byte	97
 136 006b 08       		.byte	8
 137 006c 7C       		.byte	124
 138 006d 02       		.byte	2
 139 006e 04       		.byte	4
 140 006f FF       		.byte	-1
 141 0070 05       		.byte	5
 142 0071 FF       		.byte	-1
 143 0072 14       		.byte	20
 144 0073 FF       		.byte	-1
 145 0074 24       		.byte	36
 146 0075 FF       		.byte	-1
 147 0076 84       		.byte	-124
 148 0077 1F       		.byte	31
 149 0078 87       		.byte	-121
 150 0079 38       		.byte	56
 151 007a 06       		.byte	6
 152 007b FF       		.byte	-1
 153 007c 16       		.byte	22
 154 007d FF       		.byte	-1
 155 007e 26       		.byte	38
 156 007f FF       		.byte	-1
 157 0080 84       		.byte	-124
 158 0081 0F       		.byte	15
 159 0082 87       		.byte	-121
 160 0083 72       		.byte	114
 161 0084 91       		.byte	-111
 162 0085 40       		.byte	64
 163 0086 97       		.byte	-105
 164 0087 01       		.byte	1
 165 0088 A9       		.byte	-87
 166 0089 40       		.byte	64
 167 008a AB       		.byte	-85
 168 008b 01       		.byte	1
 169 008c EE       		.byte	-18
 170 008d 04       		.byte	4
 171 008e 04       		.byte	4
ARM GAS  C:\Users\ash750\AppData\Local\Temp\ccTwusxk.s 			page 4


 172 008f 15       		.byte	21
 173 0090 07       		.byte	7
 174 0091 03       		.byte	3
 175 0092 09       		.byte	9
 176 0093 01       		.byte	1
 177 0094 0C       		.byte	12
 178 0095 3F       		.byte	63
 179 0096 10       		.byte	16
 180 0097 3C       		.byte	60
 181 0098 13       		.byte	19
 182 0099 04       		.byte	4
 183 009a 1A       		.byte	26
 184 009b 3F       		.byte	63
 185 009c 1B       		.byte	27
 186 009d 03       		.byte	3
 187 009e 20       		.byte	32
 188 009f 2A       		.byte	42
 189 00a0 21       		.byte	33
 190 00a1 02       		.byte	2
 191 00a2 26       		.byte	38
 192 00a3 30       		.byte	48
 193 00a4 2D       		.byte	45
 194 00a5 03       		.byte	3
 195 00a6 30       		.byte	48
 196 00a7 0C       		.byte	12
 197 00a8 32       		.byte	50
 198 00a9 30       		.byte	48
 199 00aa 34       		.byte	52
 200 00ab 03       		.byte	3
 201 00ac 35       		.byte	53
 202 00ad 07       		.byte	7
 203 00ae 3E       		.byte	62
 204 00af 15       		.byte	21
 205 00b0 3F       		.byte	63
 206 00b1 10       		.byte	16
 207 00b2 40       		.byte	64
 208 00b3 32       		.byte	50
 209 00b4 41       		.byte	65
 210 00b5 04       		.byte	4
 211 00b6 45       		.byte	69
 212 00b7 02       		.byte	2
 213 00b8 47       		.byte	71
 214 00b9 06       		.byte	6
 215 00ba 48       		.byte	72
 216 00bb 11       		.byte	17
 217 00bc 56       		.byte	86
 218 00bd 02       		.byte	2
 219 00be 58       		.byte	88
 220 00bf 04       		.byte	4
 221 00c0 59       		.byte	89
 222 00c1 04       		.byte	4
 223 00c2 5A       		.byte	90
 224 00c3 04       		.byte	4
 225 00c4 5B       		.byte	91
 226 00c5 04       		.byte	4
 227 00c6 5E       		.byte	94
 228 00c7 08       		.byte	8
ARM GAS  C:\Users\ash750\AppData\Local\Temp\ccTwusxk.s 			page 5


 229 00c8 5F       		.byte	95
 230 00c9 01       		.byte	1
 231 00ca 61       		.byte	97
 232 00cb 0C       		.byte	12
 233 00cc 62       		.byte	98
 234 00cd F0       		.byte	-16
 235 00ce 63       		.byte	99
 236 00cf 0C       		.byte	12
 237 00d0 65       		.byte	101
 238 00d1 0C       		.byte	12
 239 00d2 67       		.byte	103
 240 00d3 0C       		.byte	12
 241 00d4 68       		.byte	104
 242 00d5 40       		.byte	64
 243 00d6 69       		.byte	105
 244 00d7 4C       		.byte	76
 245 00d8 6A       		.byte	106
 246 00d9 40       		.byte	64
 247 00da 6B       		.byte	107
 248 00db 4C       		.byte	76
 249 00dc 6C       		.byte	108
 250 00dd 90       		.byte	-112
 251 00de 6D       		.byte	109
 252 00df 58       		.byte	88
 253 00e0 6F       		.byte	111
 254 00e1 0C       		.byte	12
 255 00e2 80       		.byte	-128
 256 00e3 01       		.byte	1
 257 00e4 82       		.byte	-126
 258 00e5 10       		.byte	16
 259 00e6 84       		.byte	-124
 260 00e7 02       		.byte	2
 261 00e8 85       		.byte	-123
 262 00e9 01       		.byte	1
 263 00ea 86       		.byte	-122
 264 00eb 20       		.byte	32
 265 00ec 88       		.byte	-120
 266 00ed 1F       		.byte	31
 267 00ee 89       		.byte	-119
 268 00ef 01       		.byte	1
 269 00f0 8C       		.byte	-116
 270 00f1 37       		.byte	55
 271 00f2 8E       		.byte	-114
 272 00f3 08       		.byte	8
 273 00f4 90       		.byte	-112
 274 00f5 0E       		.byte	14
 275 00f6 92       		.byte	-110
 276 00f7 11       		.byte	17
 277 00f8 98       		.byte	-104
 278 00f9 19       		.byte	25
 279 00fa 9A       		.byte	-102
 280 00fb 26       		.byte	38
 281 00fc 9B       		.byte	-101
 282 00fd 02       		.byte	2
 283 00fe 9C       		.byte	-100
 284 00ff 1F       		.byte	31
 285 0100 A0       		.byte	-96
ARM GAS  C:\Users\ash750\AppData\Local\Temp\ccTwusxk.s 			page 6


 286 0101 24       		.byte	36
 287 0102 A4       		.byte	-92
 288 0103 40       		.byte	64
 289 0104 AA       		.byte	-86
 290 0105 40       		.byte	64
 291 0106 B0       		.byte	-80
 292 0107 0F       		.byte	15
 293 0108 B2       		.byte	-78
 294 0109 40       		.byte	64
 295 010a B3       		.byte	-77
 296 010b 01       		.byte	1
 297 010c B4       		.byte	-76
 298 010d 10       		.byte	16
 299 010e B5       		.byte	-75
 300 010f 02       		.byte	2
 301 0110 B6       		.byte	-74
 302 0111 20       		.byte	32
 303 0112 B9       		.byte	-71
 304 0113 08       		.byte	8
 305 0114 BE       		.byte	-66
 306 0115 40       		.byte	64
 307 0116 C0       		.byte	-64
 308 0117 14       		.byte	20
 309 0118 C5       		.byte	-59
 310 0119 04       		.byte	4
 311 011a C6       		.byte	-58
 312 011b 50       		.byte	80
 313 011c C7       		.byte	-57
 314 011d 20       		.byte	32
 315 011e C8       		.byte	-56
 316 011f 29       		.byte	41
 317 0120 C9       		.byte	-55
 318 0121 FF       		.byte	-1
 319 0122 CA       		.byte	-54
 320 0123 FF       		.byte	-1
 321 0124 CB       		.byte	-53
 322 0125 FF       		.byte	-1
 323 0126 CC       		.byte	-52
 324 0127 02       		.byte	2
 325 0128 CD       		.byte	-51
 326 0129 20       		.byte	32
 327 012a CF       		.byte	-49
 328 012b 05       		.byte	5
 329 012c D1       		.byte	-47
 330 012d 10       		.byte	16
 331 012e D6       		.byte	-42
 332 012f 08       		.byte	8
 333 0130 D8       		.byte	-40
 334 0131 04       		.byte	4
 335 0132 D9       		.byte	-39
 336 0133 04       		.byte	4
 337 0134 DA       		.byte	-38
 338 0135 04       		.byte	4
 339 0136 DB       		.byte	-37
 340 0137 0F       		.byte	15
 341 0138 DF       		.byte	-33
 342 0139 01       		.byte	1
ARM GAS  C:\Users\ash750\AppData\Local\Temp\ccTwusxk.s 			page 7


 343 013a E0       		.byte	-32
 344 013b 40       		.byte	64
 345 013c E1       		.byte	-31
 346 013d 40       		.byte	64
 347 013e E2       		.byte	-30
 348 013f 80       		.byte	-128
 349 0140 E4       		.byte	-28
 350 0141 80       		.byte	-128
 351 0142 E6       		.byte	-26
 352 0143 80       		.byte	-128
 353 0144 01       		.byte	1
 354 0145 08       		.byte	8
 355 0146 02       		.byte	2
 356 0147 02       		.byte	2
 357 0148 03       		.byte	3
 358 0149 01       		.byte	1
 359 014a 04       		.byte	4
 360 014b 21       		.byte	33
 361 014c 05       		.byte	5
 362 014d 08       		.byte	8
 363 014e 06       		.byte	6
 364 014f A0       		.byte	-96
 365 0150 07       		.byte	7
 366 0151 01       		.byte	1
 367 0152 08       		.byte	8
 368 0153 01       		.byte	1
 369 0154 09       		.byte	9
 370 0155 20       		.byte	32
 371 0156 0D       		.byte	13
 372 0157 20       		.byte	32
 373 0158 0E       		.byte	14
 374 0159 80       		.byte	-128
 375 015a 0F       		.byte	15
 376 015b 01       		.byte	1
 377 015c 10       		.byte	16
 378 015d 60       		.byte	96
 379 015e 11       		.byte	17
 380 015f 02       		.byte	2
 381 0160 13       		.byte	19
 382 0161 02       		.byte	2
 383 0162 17       		.byte	23
 384 0163 1A       		.byte	26
 385 0164 18       		.byte	24
 386 0165 10       		.byte	16
 387 0166 1A       		.byte	26
 388 0167 40       		.byte	64
 389 0168 1B       		.byte	27
 390 0169 10       		.byte	16
 391 016a 1D       		.byte	29
 392 016b B8       		.byte	-72
 393 016c 1E       		.byte	30
 394 016d 80       		.byte	-128
 395 016e 1F       		.byte	31
 396 016f 02       		.byte	2
 397 0170 20       		.byte	32
 398 0171 04       		.byte	4
 399 0172 27       		.byte	39
ARM GAS  C:\Users\ash750\AppData\Local\Temp\ccTwusxk.s 			page 8


 400 0173 18       		.byte	24
 401 0174 28       		.byte	40
 402 0175 41       		.byte	65
 403 0176 31       		.byte	49
 404 0177 10       		.byte	16
 405 0178 32       		.byte	50
 406 0179 02       		.byte	2
 407 017a 37       		.byte	55
 408 017b 10       		.byte	16
 409 017c 38       		.byte	56
 410 017d 08       		.byte	8
 411 017e 3A       		.byte	58
 412 017f 20       		.byte	32
 413 0180 3C       		.byte	60
 414 0181 20       		.byte	32
 415 0182 3F       		.byte	63
 416 0183 04       		.byte	4
 417 0184 40       		.byte	64
 418 0185 14       		.byte	20
 419 0186 42       		.byte	66
 420 0187 40       		.byte	64
 421 0188 44       		.byte	68
 422 0189 80       		.byte	-128
 423 018a 46       		.byte	70
 424 018b 02       		.byte	2
 425 018c 48       		.byte	72
 426 018d 20       		.byte	32
 427 018e 4F       		.byte	79
 428 018f 04       		.byte	4
 429 0190 50       		.byte	80
 430 0191 04       		.byte	4
 431 0192 54       		.byte	84
 432 0193 10       		.byte	16
 433 0194 56       		.byte	86
 434 0195 02       		.byte	2
 435 0196 5D       		.byte	93
 436 0197 40       		.byte	64
 437 0198 64       		.byte	100
 438 0199 01       		.byte	1
 439 019a 72       		.byte	114
 440 019b 80       		.byte	-128
 441 019c 78       		.byte	120
 442 019d 80       		.byte	-128
 443 019e 7C       		.byte	124
 444 019f 01       		.byte	1
 445 01a0 91       		.byte	-111
 446 01a1 40       		.byte	64
 447 01a2 97       		.byte	-105
 448 01a3 01       		.byte	1
 449 01a4 C0       		.byte	-64
 450 01a5 F5       		.byte	-11
 451 01a6 C2       		.byte	-62
 452 01a7 DA       		.byte	-38
 453 01a8 C4       		.byte	-60
 454 01a9 7C       		.byte	124
 455 01aa CA       		.byte	-54
 456 01ab 09       		.byte	9
ARM GAS  C:\Users\ash750\AppData\Local\Temp\ccTwusxk.s 			page 9


 457 01ac CC       		.byte	-52
 458 01ad 25       		.byte	37
 459 01ae CE       		.byte	-50
 460 01af 66       		.byte	102
 461 01b0 D0       		.byte	-48
 462 01b1 97       		.byte	-105
 463 01b2 D6       		.byte	-42
 464 01b3 10       		.byte	16
 465 01b4 D8       		.byte	-40
 466 01b5 10       		.byte	16
 467 01b6 DE       		.byte	-34
 468 01b7 88       		.byte	-120
 469 01b8 03       		.byte	3
 470 01b9 28       		.byte	40
 471 01ba 06       		.byte	6
 472 01bb 01       		.byte	1
 473 01bc 07       		.byte	7
 474 01bd 14       		.byte	20
 475 01be 08       		.byte	8
 476 01bf 0C       		.byte	12
 477 01c0 0A       		.byte	10
 478 01c1 10       		.byte	16
 479 01c2 0C       		.byte	12
 480 01c3 01       		.byte	1
 481 01c4 0D       		.byte	13
 482 01c5 0C       		.byte	12
 483 01c6 0E       		.byte	14
 484 01c7 02       		.byte	2
 485 01c8 0F       		.byte	15
 486 01c9 10       		.byte	16
 487 01ca 10       		.byte	16
 488 01cb 1C       		.byte	28
 489 01cc 11       		.byte	17
 490 01cd 1C       		.byte	28
 491 01ce 13       		.byte	19
 492 01cf 40       		.byte	64
 493 01d0 15       		.byte	21
 494 01d1 02       		.byte	2
 495 01d2 19       		.byte	25
 496 01d3 14       		.byte	20
 497 01d4 1B       		.byte	27
 498 01d5 28       		.byte	40
 499 01d6 1C       		.byte	28
 500 01d7 14       		.byte	20
 501 01d8 1D       		.byte	29
 502 01d9 02       		.byte	2
 503 01da 1E       		.byte	30
 504 01db 08       		.byte	8
 505 01dc 1F       		.byte	31
 506 01dd 01       		.byte	1
 507 01de 21       		.byte	33
 508 01df 03       		.byte	3
 509 01e0 22       		.byte	34
 510 01e1 02       		.byte	2
 511 01e2 23       		.byte	35
 512 01e3 14       		.byte	20
 513 01e4 25       		.byte	37
ARM GAS  C:\Users\ash750\AppData\Local\Temp\ccTwusxk.s 			page 10


 514 01e5 1D       		.byte	29
 515 01e6 26       		.byte	38
 516 01e7 10       		.byte	16
 517 01e8 27       		.byte	39
 518 01e9 02       		.byte	2
 519 01ea 29       		.byte	41
 520 01eb 20       		.byte	32
 521 01ec 2B       		.byte	43
 522 01ed 08       		.byte	8
 523 01ee 2D       		.byte	45
 524 01ef 1C       		.byte	28
 525 01f0 2E       		.byte	46
 526 01f1 0C       		.byte	12
 527 01f2 30       		.byte	48
 528 01f3 04       		.byte	4
 529 01f4 31       		.byte	49
 530 01f5 04       		.byte	4
 531 01f6 33       		.byte	51
 532 01f7 03       		.byte	3
 533 01f8 34       		.byte	52
 534 01f9 03       		.byte	3
 535 01fa 35       		.byte	53
 536 01fb 60       		.byte	96
 537 01fc 36       		.byte	54
 538 01fd 18       		.byte	24
 539 01fe 37       		.byte	55
 540 01ff 18       		.byte	24
 541 0200 3E       		.byte	62
 542 0201 10       		.byte	16
 543 0202 3F       		.byte	63
 544 0203 10       		.byte	16
 545 0204 40       		.byte	64
 546 0205 03       		.byte	3
 547 0206 41       		.byte	65
 548 0207 04       		.byte	4
 549 0208 49       		.byte	73
 550 0209 FF       		.byte	-1
 551 020a 4A       		.byte	74
 552 020b FF       		.byte	-1
 553 020c 4B       		.byte	75
 554 020d FF       		.byte	-1
 555 020e 4C       		.byte	76
 556 020f 02       		.byte	2
 557 0210 4D       		.byte	77
 558 0211 0C       		.byte	12
 559 0212 4E       		.byte	78
 560 0213 F8       		.byte	-8
 561 0214 52       		.byte	82
 562 0215 17       		.byte	23
 563 0216 58       		.byte	88
 564 0217 04       		.byte	4
 565 0218 59       		.byte	89
 566 0219 04       		.byte	4
 567 021a 5A       		.byte	90
 568 021b 04       		.byte	4
 569 021c 5B       		.byte	91
 570 021d 04       		.byte	4
ARM GAS  C:\Users\ash750\AppData\Local\Temp\ccTwusxk.s 			page 11


 571 021e 5F       		.byte	95
 572 021f 01       		.byte	1
 573 0220 62       		.byte	98
 574 0221 48       		.byte	72
 575 0222 63       		.byte	99
 576 0223 A1       		.byte	-95
 577 0224 68       		.byte	104
 578 0225 F0       		.byte	-16
 579 0226 6A       		.byte	106
 580 0227 F0       		.byte	-16
 581 0228 6C       		.byte	108
 582 0229 F0       		.byte	-16
 583 022a 6E       		.byte	110
 584 022b F0       		.byte	-16
 585 022c 84       		.byte	-124
 586 022d 08       		.byte	8
 587 022e 8A       		.byte	-118
 588 022f 02       		.byte	2
 589 0230 8D       		.byte	-115
 590 0231 01       		.byte	1
 591 0232 8E       		.byte	-114
 592 0233 04       		.byte	4
 593 0234 96       		.byte	-106
 594 0235 01       		.byte	1
 595 0236 9E       		.byte	-98
 596 0237 02       		.byte	2
 597 0238 A2       		.byte	-94
 598 0239 01       		.byte	1
 599 023a B0       		.byte	-80
 600 023b 08       		.byte	8
 601 023c B2       		.byte	-78
 602 023d 02       		.byte	2
 603 023e B3       		.byte	-77
 604 023f 01       		.byte	1
 605 0240 B4       		.byte	-76
 606 0241 01       		.byte	1
 607 0242 B6       		.byte	-74
 608 0243 04       		.byte	4
 609 0244 BE       		.byte	-66
 610 0245 15       		.byte	21
 611 0246 BF       		.byte	-65
 612 0247 04       		.byte	4
 613 0248 C0       		.byte	-64
 614 0249 03       		.byte	3
 615 024a C1       		.byte	-63
 616 024b 04       		.byte	4
 617 024c C7       		.byte	-57
 618 024d A0       		.byte	-96
 619 024e C9       		.byte	-55
 620 024f FF       		.byte	-1
 621 0250 CA       		.byte	-54
 622 0251 FF       		.byte	-1
 623 0252 CB       		.byte	-53
 624 0253 FF       		.byte	-1
 625 0254 CC       		.byte	-52
 626 0255 03       		.byte	3
 627 0256 CD       		.byte	-51
ARM GAS  C:\Users\ash750\AppData\Local\Temp\ccTwusxk.s 			page 12


 628 0257 0C       		.byte	12
 629 0258 CE       		.byte	-50
 630 0259 F4       		.byte	-12
 631 025a D4       		.byte	-44
 632 025b 18       		.byte	24
 633 025c D8       		.byte	-40
 634 025d 04       		.byte	4
 635 025e D9       		.byte	-39
 636 025f 04       		.byte	4
 637 0260 DA       		.byte	-38
 638 0261 04       		.byte	4
 639 0262 DB       		.byte	-37
 640 0263 04       		.byte	4
 641 0264 DC       		.byte	-36
 642 0265 01       		.byte	1
 643 0266 DD       		.byte	-35
 644 0267 10       		.byte	16
 645 0268 DF       		.byte	-33
 646 0269 01       		.byte	1
 647 026a E2       		.byte	-30
 648 026b 48       		.byte	72
 649 026c E3       		.byte	-29
 650 026d A1       		.byte	-95
 651 026e E8       		.byte	-24
 652 026f F0       		.byte	-16
 653 0270 EA       		.byte	-22
 654 0271 F0       		.byte	-16
 655 0272 EC       		.byte	-20
 656 0273 F0       		.byte	-16
 657 0274 EE       		.byte	-18
 658 0275 F0       		.byte	-16
 659 0276 00       		.byte	0
 660 0277 20       		.byte	32
 661 0278 01       		.byte	1
 662 0279 08       		.byte	8
 663 027a 02       		.byte	2
 664 027b 01       		.byte	1
 665 027c 04       		.byte	4
 666 027d 20       		.byte	32
 667 027e 06       		.byte	6
 668 027f 0A       		.byte	10
 669 0280 07       		.byte	7
 670 0281 10       		.byte	16
 671 0282 0A       		.byte	10
 672 0283 01       		.byte	1
 673 0284 0B       		.byte	11
 674 0285 20       		.byte	32
 675 0286 0D       		.byte	13
 676 0287 02       		.byte	2
 677 0288 0E       		.byte	14
 678 0289 02       		.byte	2
 679 028a 12       		.byte	18
 680 028b 80       		.byte	-128
 681 028c 15       		.byte	21
 682 028d 42       		.byte	66
 683 028e 17       		.byte	23
 684 028f 04       		.byte	4
ARM GAS  C:\Users\ash750\AppData\Local\Temp\ccTwusxk.s 			page 13


 685 0290 18       		.byte	24
 686 0291 16       		.byte	22
 687 0292 1B       		.byte	27
 688 0293 01       		.byte	1
 689 0294 1C       		.byte	28
 690 0295 08       		.byte	8
 691 0296 1D       		.byte	29
 692 0297 02       		.byte	2
 693 0298 1E       		.byte	30
 694 0299 02       		.byte	2
 695 029a 1F       		.byte	31
 696 029b 40       		.byte	64
 697 029c 22       		.byte	34
 698 029d 04       		.byte	4
 699 029e 24       		.byte	36
 700 029f 20       		.byte	32
 701 02a0 25       		.byte	37
 702 02a1 40       		.byte	64
 703 02a2 26       		.byte	38
 704 02a3 02       		.byte	2
 705 02a4 27       		.byte	39
 706 02a5 0A       		.byte	10
 707 02a6 2E       		.byte	46
 708 02a7 28       		.byte	40
 709 02a8 2F       		.byte	47
 710 02a9 42       		.byte	66
 711 02aa 34       		.byte	52
 712 02ab 80       		.byte	-128
 713 02ac 35       		.byte	53
 714 02ad 10       		.byte	16
 715 02ae 36       		.byte	54
 716 02af 02       		.byte	2
 717 02b0 37       		.byte	55
 718 02b1 04       		.byte	4
 719 02b2 38       		.byte	56
 720 02b3 80       		.byte	-128
 721 02b4 3D       		.byte	61
 722 02b5 82       		.byte	-126
 723 02b6 3E       		.byte	62
 724 02b7 04       		.byte	4
 725 02b8 40       		.byte	64
 726 02b9 80       		.byte	-128
 727 02ba 41       		.byte	65
 728 02bb 0A       		.byte	10
 729 02bc 45       		.byte	69
 730 02bd 0A       		.byte	10
 731 02be 51       		.byte	81
 732 02bf 01       		.byte	1
 733 02c0 5A       		.byte	90
 734 02c1 02       		.byte	2
 735 02c2 5F       		.byte	95
 736 02c3 03       		.byte	3
 737 02c4 60       		.byte	96
 738 02c5 06       		.byte	6
 739 02c6 6D       		.byte	109
 740 02c7 40       		.byte	64
 741 02c8 6E       		.byte	110
ARM GAS  C:\Users\ash750\AppData\Local\Temp\ccTwusxk.s 			page 14


 742 02c9 04       		.byte	4
 743 02ca 6F       		.byte	111
 744 02cb 04       		.byte	4
 745 02cc 76       		.byte	118
 746 02cd 02       		.byte	2
 747 02ce 94       		.byte	-108
 748 02cf 20       		.byte	32
 749 02d0 97       		.byte	-105
 750 02d1 01       		.byte	1
 751 02d2 99       		.byte	-103
 752 02d3 10       		.byte	16
 753 02d4 9B       		.byte	-101
 754 02d5 10       		.byte	16
 755 02d6 9C       		.byte	-100
 756 02d7 80       		.byte	-128
 757 02d8 9E       		.byte	-98
 758 02d9 20       		.byte	32
 759 02da A1       		.byte	-95
 760 02db 88       		.byte	-120
 761 02dc A3       		.byte	-93
 762 02dd 12       		.byte	18
 763 02de A5       		.byte	-91
 764 02df 01       		.byte	1
 765 02e0 A6       		.byte	-90
 766 02e1 02       		.byte	2
 767 02e2 B0       		.byte	-80
 768 02e3 01       		.byte	1
 769 02e4 C0       		.byte	-64
 770 02e5 E7       		.byte	-25
 771 02e6 C2       		.byte	-62
 772 02e7 95       		.byte	-107
 773 02e8 C4       		.byte	-60
 774 02e9 B8       		.byte	-72
 775 02ea CA       		.byte	-54
 776 02eb F0       		.byte	-16
 777 02ec CC       		.byte	-52
 778 02ed F0       		.byte	-16
 779 02ee CE       		.byte	-50
 780 02ef D8       		.byte	-40
 781 02f0 D0       		.byte	-48
 782 02f1 C3       		.byte	-61
 783 02f2 D6       		.byte	-42
 784 02f3 01       		.byte	1
 785 02f4 D8       		.byte	-40
 786 02f5 0C       		.byte	12
 787 02f6 EC       		.byte	-20
 788 02f7 20       		.byte	32
 789 02f8 EE       		.byte	-18
 790 02f9 04       		.byte	4
 791 02fa 01       		.byte	1
 792 02fb 02       		.byte	2
 793 02fc 02       		.byte	2
 794 02fd 20       		.byte	32
 795 02fe 03       		.byte	3
 796 02ff 11       		.byte	17
 797 0300 05       		.byte	5
 798 0301 27       		.byte	39
ARM GAS  C:\Users\ash750\AppData\Local\Temp\ccTwusxk.s 			page 15


 799 0302 06       		.byte	6
 800 0303 03       		.byte	3
 801 0304 09       		.byte	9
 802 0305 27       		.byte	39
 803 0306 0C       		.byte	12
 804 0307 0C       		.byte	12
 805 0308 0D       		.byte	13
 806 0309 20       		.byte	32
 807 030a 0E       		.byte	14
 808 030b 71       		.byte	113
 809 030c 10       		.byte	16
 810 030d DC       		.byte	-36
 811 030e 12       		.byte	18
 812 030f 22       		.byte	34
 813 0310 18       		.byte	24
 814 0311 10       		.byte	16
 815 0312 19       		.byte	25
 816 0313 01       		.byte	1
 817 0314 1A       		.byte	26
 818 0315 40       		.byte	64
 819 0316 1B       		.byte	27
 820 0317 0E       		.byte	14
 821 0318 1D       		.byte	29
 822 0319 04       		.byte	4
 823 031a 1F       		.byte	31
 824 031b 11       		.byte	17
 825 031c 24       		.byte	36
 826 031d 10       		.byte	16
 827 031e 26       		.byte	38
 828 031f AC       		.byte	-84
 829 0320 28       		.byte	40
 830 0321 14       		.byte	20
 831 0322 2C       		.byte	44
 832 0323 09       		.byte	9
 833 0324 2E       		.byte	46
 834 0325 D0       		.byte	-48
 835 0326 30       		.byte	48
 836 0327 E0       		.byte	-32
 837 0328 32       		.byte	50
 838 0329 1F       		.byte	31
 839 032a 33       		.byte	51
 840 032b 20       		.byte	32
 841 032c 35       		.byte	53
 842 032d 07       		.byte	7
 843 032e 37       		.byte	55
 844 032f 18       		.byte	24
 845 0330 3A       		.byte	58
 846 0331 22       		.byte	34
 847 0332 3F       		.byte	63
 848 0333 40       		.byte	64
 849 0334 40       		.byte	64
 850 0335 25       		.byte	37
 851 0336 41       		.byte	65
 852 0337 01       		.byte	1
 853 0338 46       		.byte	70
 854 0339 CE       		.byte	-50
 855 033a 47       		.byte	71
ARM GAS  C:\Users\ash750\AppData\Local\Temp\ccTwusxk.s 			page 16


 856 033b 0B       		.byte	11
 857 033c 48       		.byte	72
 858 033d 1C       		.byte	28
 859 033e 49       		.byte	73
 860 033f FF       		.byte	-1
 861 0340 4A       		.byte	74
 862 0341 FF       		.byte	-1
 863 0342 4B       		.byte	75
 864 0343 FF       		.byte	-1
 865 0344 4E       		.byte	78
 866 0345 F0       		.byte	-16
 867 0346 4F       		.byte	79
 868 0347 44       		.byte	68
 869 0348 50       		.byte	80
 870 0349 0C       		.byte	12
 871 034a 54       		.byte	84
 872 034b 01       		.byte	1
 873 034c 58       		.byte	88
 874 034d 04       		.byte	4
 875 034e 59       		.byte	89
 876 034f 04       		.byte	4
 877 0350 5A       		.byte	90
 878 0351 04       		.byte	4
 879 0352 5B       		.byte	91
 880 0353 04       		.byte	4
 881 0354 5C       		.byte	92
 882 0355 11       		.byte	17
 883 0356 5D       		.byte	93
 884 0357 11       		.byte	17
 885 0358 5F       		.byte	95
 886 0359 01       		.byte	1
 887 035a 66       		.byte	102
 888 035b C0       		.byte	-64
 889 035c 6A       		.byte	106
 890 035d 40       		.byte	64
 891 035e 6B       		.byte	107
 892 035f 02       		.byte	2
 893 0360 80       		.byte	-128
 894 0361 0C       		.byte	12
 895 0362 82       		.byte	-126
 896 0363 13       		.byte	19
 897 0364 8D       		.byte	-115
 898 0365 80       		.byte	-128
 899 0366 8F       		.byte	-113
 900 0367 15       		.byte	21
 901 0368 92       		.byte	-110
 902 0369 13       		.byte	19
 903 036a 93       		.byte	-109
 904 036b 08       		.byte	8
 905 036c 96       		.byte	-106
 906 036d 08       		.byte	8
 907 036e 99       		.byte	-103
 908 036f 73       		.byte	115
 909 0370 9B       		.byte	-101
 910 0371 0C       		.byte	12
 911 0372 9C       		.byte	-100
 912 0373 11       		.byte	17
ARM GAS  C:\Users\ash750\AppData\Local\Temp\ccTwusxk.s 			page 17


 913 0374 9E       		.byte	-98
 914 0375 0E       		.byte	14
 915 0376 A1       		.byte	-95
 916 0377 2A       		.byte	42
 917 0378 A2       		.byte	-94
 918 0379 0C       		.byte	12
 919 037a A3       		.byte	-93
 920 037b 44       		.byte	68
 921 037c A4       		.byte	-92
 922 037d 11       		.byte	17
 923 037e A5       		.byte	-91
 924 037f 03       		.byte	3
 925 0380 A6       		.byte	-90
 926 0381 06       		.byte	6
 927 0382 A7       		.byte	-89
 928 0383 04       		.byte	4
 929 0384 AA       		.byte	-86
 930 0385 10       		.byte	16
 931 0386 AD       		.byte	-83
 932 0387 73       		.byte	115
 933 0388 AF       		.byte	-81
 934 0389 04       		.byte	4
 935 038a B0       		.byte	-80
 936 038b 10       		.byte	16
 937 038c B3       		.byte	-77
 938 038d 30       		.byte	48
 939 038e B5       		.byte	-75
 940 038f 0F       		.byte	15
 941 0390 B6       		.byte	-74
 942 0391 0F       		.byte	15
 943 0392 B7       		.byte	-73
 944 0393 C0       		.byte	-64
 945 0394 B9       		.byte	-71
 946 0395 88       		.byte	-120
 947 0396 BA       		.byte	-70
 948 0397 80       		.byte	-128
 949 0398 BB       		.byte	-69
 950 0399 20       		.byte	32
 951 039a BE       		.byte	-66
 952 039b 01       		.byte	1
 953 039c BF       		.byte	-65
 954 039d 04       		.byte	4
 955 039e C0       		.byte	-64
 956 039f 02       		.byte	2
 957 03a0 C6       		.byte	-58
 958 03a1 40       		.byte	64
 959 03a2 C9       		.byte	-55
 960 03a3 FF       		.byte	-1
 961 03a4 CA       		.byte	-54
 962 03a5 07       		.byte	7
 963 03a6 CB       		.byte	-53
 964 03a7 FF       		.byte	-1
 965 03a8 CC       		.byte	-52
 966 03a9 40       		.byte	64
 967 03aa CD       		.byte	-51
 968 03ab 20       		.byte	32
 969 03ac CE       		.byte	-50
ARM GAS  C:\Users\ash750\AppData\Local\Temp\ccTwusxk.s 			page 18


 970 03ad F0       		.byte	-16
 971 03ae CF       		.byte	-49
 972 03af 05       		.byte	5
 973 03b0 D0       		.byte	-48
 974 03b1 08       		.byte	8
 975 03b2 D8       		.byte	-40
 976 03b3 04       		.byte	4
 977 03b4 D9       		.byte	-39
 978 03b5 04       		.byte	4
 979 03b6 DA       		.byte	-38
 980 03b7 04       		.byte	4
 981 03b8 DC       		.byte	-36
 982 03b9 11       		.byte	17
 983 03ba DD       		.byte	-35
 984 03bb 01       		.byte	1
 985 03bc DF       		.byte	-33
 986 03bd 01       		.byte	1
 987 03be E0       		.byte	-32
 988 03bf 40       		.byte	64
 989 03c0 E1       		.byte	-31
 990 03c1 A8       		.byte	-88
 991 03c2 E2       		.byte	-30
 992 03c3 40       		.byte	64
 993 03c4 E3       		.byte	-29
 994 03c5 20       		.byte	32
 995 03c6 01       		.byte	1
 996 03c7 08       		.byte	8
 997 03c8 02       		.byte	2
 998 03c9 40       		.byte	64
 999 03ca 03       		.byte	3
 1000 03cb 02       		.byte	2
 1001 03cc 04       		.byte	4
 1002 03cd 80       		.byte	-128
 1003 03ce 05       		.byte	5
 1004 03cf 02       		.byte	2
 1005 03d0 07       		.byte	7
 1006 03d1 02       		.byte	2
 1007 03d2 09       		.byte	9
 1008 03d3 10       		.byte	16
 1009 03d4 0B       		.byte	11
 1010 03d5 80       		.byte	-128
 1011 03d6 0E       		.byte	14
 1012 03d7 01       		.byte	1
 1013 03d8 0F       		.byte	15
 1014 03d9 A2       		.byte	-94
 1015 03da 10       		.byte	16
 1016 03db 09       		.byte	9
 1017 03dc 12       		.byte	18
 1018 03dd 20       		.byte	32
 1019 03de 15       		.byte	21
 1020 03df 20       		.byte	32
 1021 03e0 17       		.byte	23
 1022 03e1 19       		.byte	25
 1023 03e2 19       		.byte	25
 1024 03e3 28       		.byte	40
 1025 03e4 1B       		.byte	27
 1026 03e5 03       		.byte	3
ARM GAS  C:\Users\ash750\AppData\Local\Temp\ccTwusxk.s 			page 19


 1027 03e6 1E       		.byte	30
 1028 03e7 40       		.byte	64
 1029 03e8 1F       		.byte	31
 1030 03e9 C0       		.byte	-64
 1031 03ea 20       		.byte	32
 1032 03eb 01       		.byte	1
 1033 03ec 21       		.byte	33
 1034 03ed 08       		.byte	8
 1035 03ee 22       		.byte	34
 1036 03ef 10       		.byte	16
 1037 03f0 24       		.byte	36
 1038 03f1 04       		.byte	4
 1039 03f2 26       		.byte	38
 1040 03f3 20       		.byte	32
 1041 03f4 27       		.byte	39
 1042 03f5 29       		.byte	41
 1043 03f6 2D       		.byte	45
 1044 03f7 02       		.byte	2
 1045 03f8 2F       		.byte	47
 1046 03f9 92       		.byte	-110
 1047 03fa 32       		.byte	50
 1048 03fb 10       		.byte	16
 1049 03fc 33       		.byte	51
 1050 03fd 40       		.byte	64
 1051 03fe 34       		.byte	52
 1052 03ff 01       		.byte	1
 1053 0400 36       		.byte	54
 1054 0401 20       		.byte	32
 1055 0402 37       		.byte	55
 1056 0403 01       		.byte	1
 1057 0404 39       		.byte	57
 1058 0405 94       		.byte	-108
 1059 0406 3A       		.byte	58
 1060 0407 01       		.byte	1
 1061 0408 3F       		.byte	63
 1062 0409 C0       		.byte	-64
 1063 040a 40       		.byte	64
 1064 040b 04       		.byte	4
 1065 040c 42       		.byte	66
 1066 040d 01       		.byte	1
 1067 040e 47       		.byte	71
 1068 040f 20       		.byte	32
 1069 0410 4B       		.byte	75
 1070 0411 40       		.byte	64
 1071 0412 50       		.byte	80
 1072 0413 48       		.byte	72
 1073 0414 51       		.byte	81
 1074 0415 10       		.byte	16
 1075 0416 53       		.byte	83
 1076 0417 10       		.byte	16
 1077 0418 55       		.byte	85
 1078 0419 10       		.byte	16
 1079 041a 56       		.byte	86
 1080 041b 40       		.byte	64
 1081 041c 57       		.byte	87
 1082 041d 50       		.byte	80
 1083 041e 5A       		.byte	90
ARM GAS  C:\Users\ash750\AppData\Local\Temp\ccTwusxk.s 			page 20


 1084 041f 48       		.byte	72
 1085 0420 5B       		.byte	91
 1086 0421 12       		.byte	18
 1087 0422 81       		.byte	-127
 1088 0423 40       		.byte	64
 1089 0424 82       		.byte	-126
 1090 0425 10       		.byte	16
 1091 0426 91       		.byte	-111
 1092 0427 94       		.byte	-108
 1093 0428 92       		.byte	-110
 1094 0429 08       		.byte	8
 1095 042a 94       		.byte	-108
 1096 042b 81       		.byte	-127
 1097 042c 95       		.byte	-107
 1098 042d 40       		.byte	64
 1099 042e 9A       		.byte	-102
 1100 042f 01       		.byte	1
 1101 0430 9B       		.byte	-101
 1102 0431 40       		.byte	64
 1103 0432 9D       		.byte	-99
 1104 0433 28       		.byte	40
 1105 0434 A5       		.byte	-91
 1106 0435 08       		.byte	8
 1107 0436 A8       		.byte	-88
 1108 0437 02       		.byte	2
 1109 0438 A9       		.byte	-87
 1110 0439 80       		.byte	-128
 1111 043a AA       		.byte	-86
 1112 043b 01       		.byte	1
 1113 043c C0       		.byte	-64
 1114 043d 1D       		.byte	29
 1115 043e C2       		.byte	-62
 1116 043f BA       		.byte	-70
 1117 0440 C4       		.byte	-60
 1118 0441 77       		.byte	119
 1119 0442 CA       		.byte	-54
 1120 0443 D0       		.byte	-48
 1121 0444 CC       		.byte	-52
 1122 0445 AC       		.byte	-84
 1123 0446 CE       		.byte	-50
 1124 0447 1F       		.byte	31
 1125 0448 D0       		.byte	-48
 1126 0449 2C       		.byte	44
 1127 044a D2       		.byte	-46
 1128 044b 08       		.byte	8
 1129 044c D6       		.byte	-42
 1130 044d 0F       		.byte	15
 1131 044e 05       		.byte	5
 1132 044f 03       		.byte	3
 1133 0450 09       		.byte	9
 1134 0451 03       		.byte	3
 1135 0452 1D       		.byte	29
 1136 0453 02       		.byte	2
 1137 0454 1F       		.byte	31
 1138 0455 01       		.byte	1
 1139 0456 2D       		.byte	45
 1140 0457 01       		.byte	1
ARM GAS  C:\Users\ash750\AppData\Local\Temp\ccTwusxk.s 			page 21


 1141 0458 2F       		.byte	47
 1142 0459 02       		.byte	2
 1143 045a 31       		.byte	49
 1144 045b 03       		.byte	3
 1145 045c 40       		.byte	64
 1146 045d 13       		.byte	19
 1147 045e 41       		.byte	65
 1148 045f 06       		.byte	6
 1149 0460 46       		.byte	70
 1150 0461 20       		.byte	32
 1151 0462 47       		.byte	71
 1152 0463 60       		.byte	96
 1153 0464 48       		.byte	72
 1154 0465 28       		.byte	40
 1155 0466 59       		.byte	89
 1156 0467 04       		.byte	4
 1157 0468 5A       		.byte	90
 1158 0469 04       		.byte	4
 1159 046a 5C       		.byte	92
 1160 046b 10       		.byte	16
 1161 046c 5F       		.byte	95
 1162 046d 01       		.byte	1
 1163 046e 61       		.byte	97
 1164 046f 0C       		.byte	12
 1165 0470 62       		.byte	98
 1166 0471 F0       		.byte	-16
 1167 0472 63       		.byte	99
 1168 0473 0C       		.byte	12
 1169 0474 65       		.byte	101
 1170 0475 0C       		.byte	12
 1171 0476 67       		.byte	103
 1172 0477 0C       		.byte	12
 1173 0478 68       		.byte	104
 1174 0479 40       		.byte	64
 1175 047a 69       		.byte	105
 1176 047b 4C       		.byte	76
 1177 047c 6A       		.byte	106
 1178 047d 40       		.byte	64
 1179 047e 6B       		.byte	107
 1180 047f 4C       		.byte	76
 1181 0480 6C       		.byte	108
 1182 0481 90       		.byte	-112
 1183 0482 6D       		.byte	109
 1184 0483 58       		.byte	88
 1185 0484 6F       		.byte	111
 1186 0485 0C       		.byte	12
 1187 0486 00       		.byte	0
 1188 0487 04       		.byte	4
 1189 0488 01       		.byte	1
 1190 0489 A0       		.byte	-96
 1191 048a 03       		.byte	3
 1192 048b C0       		.byte	-64
 1193 048c 08       		.byte	8
 1194 048d 11       		.byte	17
 1195 048e 0A       		.byte	10
 1196 048f 90       		.byte	-112
 1197 0490 0B       		.byte	11
ARM GAS  C:\Users\ash750\AppData\Local\Temp\ccTwusxk.s 			page 22


 1198 0491 04       		.byte	4
 1199 0492 10       		.byte	16
 1200 0493 A8       		.byte	-88
 1201 0494 11       		.byte	17
 1202 0495 40       		.byte	64
 1203 0496 12       		.byte	18
 1204 0497 40       		.byte	64
 1205 0498 18       		.byte	24
 1206 0499 04       		.byte	4
 1207 049a 19       		.byte	25
 1208 049b 51       		.byte	81
 1209 049c 1A       		.byte	26
 1210 049d 31       		.byte	49
 1211 049e 22       		.byte	34
 1212 049f 81       		.byte	-127
 1213 04a0 23       		.byte	35
 1214 04a1 04       		.byte	4
 1215 04a2 27       		.byte	39
 1216 04a3 40       		.byte	64
 1217 04a4 28       		.byte	40
 1218 04a5 10       		.byte	16
 1219 04a6 29       		.byte	41
 1220 04a7 10       		.byte	16
 1221 04a8 2A       		.byte	42
 1222 04a9 40       		.byte	64
 1223 04aa 2B       		.byte	43
 1224 04ab 80       		.byte	-128
 1225 04ac 2D       		.byte	45
 1226 04ad 80       		.byte	-128
 1227 04ae 30       		.byte	48
 1228 04af 02       		.byte	2
 1229 04b0 32       		.byte	50
 1230 04b1 58       		.byte	88
 1231 04b2 37       		.byte	55
 1232 04b3 40       		.byte	64
 1233 04b4 38       		.byte	56
 1234 04b5 2A       		.byte	42
 1235 04b6 39       		.byte	57
 1236 04b7 40       		.byte	64
 1237 04b8 3D       		.byte	61
 1238 04b9 10       		.byte	16
 1239 04ba 3E       		.byte	62
 1240 04bb 04       		.byte	4
 1241 04bc 40       		.byte	64
 1242 04bd 05       		.byte	5
 1243 04be 41       		.byte	65
 1244 04bf 08       		.byte	8
 1245 04c0 45       		.byte	69
 1246 04c1 80       		.byte	-128
 1247 04c2 47       		.byte	71
 1248 04c3 08       		.byte	8
 1249 04c4 48       		.byte	72
 1250 04c5 10       		.byte	16
 1251 04c6 49       		.byte	73
 1252 04c7 60       		.byte	96
 1253 04c8 4A       		.byte	74
 1254 04c9 08       		.byte	8
ARM GAS  C:\Users\ash750\AppData\Local\Temp\ccTwusxk.s 			page 23


 1255 04ca 4F       		.byte	79
 1256 04cb 20       		.byte	32
 1257 04cc 53       		.byte	83
 1258 04cd 10       		.byte	16
 1259 04ce 55       		.byte	85
 1260 04cf 01       		.byte	1
 1261 04d0 56       		.byte	86
 1262 04d1 20       		.byte	32
 1263 04d2 59       		.byte	89
 1264 04d3 01       		.byte	1
 1265 04d4 69       		.byte	105
 1266 04d5 94       		.byte	-108
 1267 04d6 6A       		.byte	106
 1268 04d7 04       		.byte	4
 1269 04d8 70       		.byte	112
 1270 04d9 BC       		.byte	-68
 1271 04da 84       		.byte	-124
 1272 04db 01       		.byte	1
 1273 04dc 85       		.byte	-123
 1274 04dd 08       		.byte	8
 1275 04de 90       		.byte	-112
 1276 04df 02       		.byte	2
 1277 04e0 92       		.byte	-110
 1278 04e1 08       		.byte	8
 1279 04e2 94       		.byte	-108
 1280 04e3 80       		.byte	-128
 1281 04e4 96       		.byte	-106
 1282 04e5 03       		.byte	3
 1283 04e6 97       		.byte	-105
 1284 04e7 20       		.byte	32
 1285 04e8 9B       		.byte	-101
 1286 04e9 08       		.byte	8
 1287 04ea 9D       		.byte	-99
 1288 04eb 08       		.byte	8
 1289 04ec 9E       		.byte	-98
 1290 04ed 21       		.byte	33
 1291 04ee A1       		.byte	-95
 1292 04ef 80       		.byte	-128
 1293 04f0 A3       		.byte	-93
 1294 04f1 10       		.byte	16
 1295 04f2 A4       		.byte	-92
 1296 04f3 10       		.byte	16
 1297 04f4 A5       		.byte	-91
 1298 04f5 01       		.byte	1
 1299 04f6 A6       		.byte	-90
 1300 04f7 80       		.byte	-128
 1301 04f8 A8       		.byte	-88
 1302 04f9 12       		.byte	18
 1303 04fa AF       		.byte	-81
 1304 04fb 01       		.byte	1
 1305 04fc B0       		.byte	-80
 1306 04fd 04       		.byte	4
 1307 04fe C0       		.byte	-64
 1308 04ff 0F       		.byte	15
 1309 0500 C2       		.byte	-62
 1310 0501 0E       		.byte	14
 1311 0502 C4       		.byte	-60
ARM GAS  C:\Users\ash750\AppData\Local\Temp\ccTwusxk.s 			page 24


 1312 0503 0F       		.byte	15
 1313 0504 CA       		.byte	-54
 1314 0505 1F       		.byte	31
 1315 0506 CC       		.byte	-52
 1316 0507 1F       		.byte	31
 1317 0508 CE       		.byte	-50
 1318 0509 6F       		.byte	111
 1319 050a D0       		.byte	-48
 1320 050b 5E       		.byte	94
 1321 050c D2       		.byte	-46
 1322 050d 2C       		.byte	44
 1323 050e D6       		.byte	-42
 1324 050f 01       		.byte	1
 1325 0510 EA       		.byte	-22
 1326 0511 20       		.byte	32
 1327 0512 30       		.byte	48
 1328 0513 20       		.byte	32
 1329 0514 73       		.byte	115
 1330 0515 40       		.byte	64
 1331 0516 CC       		.byte	-52
 1332 0517 10       		.byte	16
 1333 0518 DC       		.byte	-36
 1334 0519 80       		.byte	-128
 1335 051a 97       		.byte	-105
 1336 051b 40       		.byte	64
 1337 051c A8       		.byte	-88
 1338 051d 20       		.byte	32
 1339 051e EA       		.byte	-22
 1340 051f 80       		.byte	-128
 1341 0520 53       		.byte	83
 1342 0521 80       		.byte	-128
 1343 0522 97       		.byte	-105
 1344 0523 40       		.byte	64
 1345 0524 D4       		.byte	-44
 1346 0525 20       		.byte	32
 1347 0526 97       		.byte	-105
 1348 0527 40       		.byte	64
 1349 0528 A7       		.byte	-89
 1350 0529 80       		.byte	-128
 1351 052a 2B       		.byte	43
 1352 052b 04       		.byte	4
 1353 052c CA       		.byte	-54
 1354 052d 08       		.byte	8
 1355 052e AB       		.byte	-85
 1356 052f 04       		.byte	4
 1357 0530 3A       		.byte	58
 1358 0531 10       		.byte	16
 1359 0532 CE       		.byte	-50
 1360 0533 08       		.byte	8
 1361 0534 B2       		.byte	-78
 1362 0535 10       		.byte	16
 1363 0536 EC       		.byte	-20
 1364 0537 04       		.byte	4
 1365 0538 07       		.byte	7
 1366 0539 10       		.byte	16
 1367 053a AF       		.byte	-81
 1368 053b 80       		.byte	-128
ARM GAS  C:\Users\ash750\AppData\Local\Temp\ccTwusxk.s 			page 25


 1369 053c B3       		.byte	-77
 1370 053d 40       		.byte	64
 1371 053e C0       		.byte	-64
 1372 053f 20       		.byte	32
 1373 0540 EE       		.byte	-18
 1374 0541 10       		.byte	16
 1375 0542 AB       		.byte	-85
 1376 0543 10       		.byte	16
 1377 0544 E8       		.byte	-24
 1378 0545 20       		.byte	32
 1379 0546 00       		.byte	0
 1380 0547 03       		.byte	3
 1381 0548 0A       		.byte	10
 1382 0549 03       		.byte	3
 1383 054a 10       		.byte	16
 1384 054b 03       		.byte	3
 1385 054c 1A       		.byte	26
 1386 054d 03       		.byte	3
 1387 054e 00       		.byte	0
 1388 054f 03       		.byte	3
 1389 0550 02       		.byte	2
 1390 0551 00       		.byte	0
 1391 0552 00       		.byte	0
 1392 0553 04       		.byte	4
 1393 0554 73       		.byte	115
 1394 0555 18       		.byte	24
 1395 0556 0C       		.byte	12
 1396 0557 00       		.byte	0
 1397 0558 7F       		.byte	127
 1398 0559 08       		.byte	8
 1399 055a 00       		.byte	0
 1400 055b 00       		.byte	0
 1401 055c 01       		.byte	1
 1402 055d 60       		.byte	96
 1403 055e 00       		.byte	0
 1404 055f 00       		.byte	0
 1405 0560 00       		.byte	0
 1406 0561 24       		.byte	36
 1407 0562 63       		.byte	99
 1408 0563 00       		.byte	0
 1409 0564 1F       		.byte	31
 1410 0565 FF       		.byte	-1
 1411 0566 60       		.byte	96
 1412 0567 00       		.byte	0
 1413 0568 5C       		.byte	92
 1414 0569 1C       		.byte	28
 1415 056a 23       		.byte	35
 1416 056b E1       		.byte	-31
 1417 056c 00       		.byte	0
 1418 056d 00       		.byte	0
 1419 056e 00       		.byte	0
 1420 056f 63       		.byte	99
 1421 0570 08       		.byte	8
 1422 0571 40       		.byte	64
 1423 0572 00       		.byte	0
 1424 0573 00       		.byte	0
 1425 0574 04       		.byte	4
ARM GAS  C:\Users\ash750\AppData\Local\Temp\ccTwusxk.s 			page 26


 1426 0575 1C       		.byte	28
 1427 0576 00       		.byte	0
 1428 0577 E2       		.byte	-30
 1429 0578 0C       		.byte	12
 1430 0579 E7       		.byte	-25
 1431 057a 00       		.byte	0
 1432 057b 18       		.byte	24
 1433 057c 03       		.byte	3
 1434 057d 10       		.byte	16
 1435 057e 00       		.byte	0
 1436 057f 00       		.byte	0
 1437 0580 10       		.byte	16
 1438 0581 60       		.byte	96
 1439 0582 2C       		.byte	44
 1440 0583 00       		.byte	0
 1441 0584 0F       		.byte	15
 1442 0585 1F       		.byte	31
 1443 0586 4C       		.byte	76
 1444 0587 80       		.byte	-128
 1445 0588 00       		.byte	0
 1446 0589 80       		.byte	-128
 1447 058a 28       		.byte	40
 1448 058b 20       		.byte	32
 1449 058c 00       		.byte	0
 1450 058d 00       		.byte	0
 1451 058e 01       		.byte	1
 1452 058f 00       		.byte	0
 1453 0590 23       		.byte	35
 1454 0591 06       		.byte	6
 1455 0592 05       		.byte	5
 1456 0593 00       		.byte	0
 1457 0594 01       		.byte	1
 1458 0595 0C       		.byte	12
 1459 0596 E0       		.byte	-32
 1460 0597 00       		.byte	0
 1461 0598 09       		.byte	9
 1462 0599 FF       		.byte	-1
 1463 059a FF       		.byte	-1
 1464 059b FF       		.byte	-1
 1465 059c 62       		.byte	98
 1466 059d A0       		.byte	-96
 1467 059e F0       		.byte	-16
 1468 059f 41       		.byte	65
 1469 05a0 0C       		.byte	12
 1470 05a1 00       		.byte	0
 1471 05a2 00       		.byte	0
 1472 05a3 00       		.byte	0
 1473 05a4 00       		.byte	0
 1474 05a5 00       		.byte	0
 1475 05a6 02       		.byte	2
 1476 05a7 13       		.byte	19
 1477 05a8 04       		.byte	4
 1478 05a9 04       		.byte	4
 1479 05aa 04       		.byte	4
 1480 05ab 04       		.byte	4
 1481 05ac 11       		.byte	17
 1482 05ad 11       		.byte	17
ARM GAS  C:\Users\ash750\AppData\Local\Temp\ccTwusxk.s 			page 27


 1483 05ae 00       		.byte	0
 1484 05af 01       		.byte	1
 1485 05b0 00       		.byte	0
 1486 05b1 00       		.byte	0
 1487 05b2 00       		.byte	0
 1488 05b3 00       		.byte	0
 1489 05b4 00       		.byte	0
 1490 05b5 00       		.byte	0
 1491 05b6 40       		.byte	64
 1492 05b7 02       		.byte	2
 1493 05b8 00       		.byte	0
 1494 05b9 10       		.byte	16
 1495 05ba 30       		.byte	48
 1496 05bb 10       		.byte	16
 1497 05bc 00       		.byte	0
 1498 05bd 10       		.byte	16
 1499 05be 10       		.byte	16
 1500 05bf 12       		.byte	18
 1501 05c0 00       		.byte	0
 1502 05c1 00       		.byte	0
 1503 05c2 00       		.byte	0
 1504 05c3 00       		.byte	0
 1505 05c4 00       		.byte	0
 1506 05c5 00       		.byte	0
 1507 05c6 00       		.byte	0
 1508 05c7 00       		.byte	0
 1509 05c8 00       		.byte	0
 1510 05c9 00       		.byte	0
 1511 05ca 00       		.byte	0
 1512 05cb 00       		.byte	0
 1513 05cc 00       		.byte	0
 1514 05cd 00       		.byte	0
 1515 05ce 00       		.byte	0
 1516 05cf 00       		.byte	0
 1517 05d0 08       		.byte	8
 1518 05d1 00       		.byte	0
 1519 05d2 00       		.byte	0
 1520 05d3 08       		.byte	8
 1521 05d4 08       		.byte	8
 1522 05d5 00       		.byte	0
 1523 05d6 08       		.byte	8
 1524 05d7 00       		.byte	0
 1525 05d8 00       		.byte	0
 1526 05d9 00       		.byte	0
 1527 05da 00       		.byte	0
 1528 05db 00       		.byte	0
 1529 05dc 02       		.byte	2
 1530 05dd 00       		.byte	0
 1531 05de 00       		.byte	0
 1532 05df 00       		.byte	0
 1533 05e0 00       		.byte	0
 1534 05e1 00       		.byte	0
 1535 05e2 10       		.byte	16
 1536 05e3 00       		.byte	0
 1537 05e4 00       		.byte	0
 1538 05e5 0B       		.byte	11
 1539 05e6 0B       		.byte	11
ARM GAS  C:\Users\ash750\AppData\Local\Temp\ccTwusxk.s 			page 28


 1540 05e7 00       		.byte	0
 1541 05e8 00       		.byte	0
 1542 05e9 00       		.byte	0
 1543 05ea 00       		.byte	0
 1544 05eb 00       		.byte	0
 1545 05ec 00       		.byte	0
 1546 05ed 02       		.byte	2
 1547 05ee 03       		.byte	3
 1548 05ef 00       		.byte	0
 1549 05f0 00       		.byte	0
 1550 05f1 00       		.byte	0
 1551 05f2 00       		.byte	0
 1552 05f3 00       		.byte	0
 1553              		.section	.cywolatch,"a",%progbits
 1554              		.align	2
 1555              		.type	cy_meta_wonvl, %object
 1556              		.size	cy_meta_wonvl, 4
 1557              	cy_meta_wonvl:
 1558 0000 BC       		.byte	-68
 1559 0001 90       		.byte	-112
 1560 0002 AC       		.byte	-84
 1561 0003 AF       		.byte	-81
 1562              		.section	.cycustnvl,"a",%progbits
 1563              		.align	2
 1564              		.type	cy_meta_custnvl, %object
 1565              		.size	cy_meta_custnvl, 4
 1566              	cy_meta_custnvl:
 1567 0000 00       		.byte	0
 1568 0001 00       		.byte	0
 1569 0002 40       		.byte	64
 1570 0003 05       		.byte	5
 1571              		.section	.cymeta,"a",%progbits
 1572              		.align	2
 1573              		.type	cy_metadata, %object
 1574              		.size	cy_metadata, 12
 1575              	cy_metadata:
 1576 0000 00       		.byte	0
 1577 0001 01       		.byte	1
 1578 0002 2E       		.byte	46
 1579 0003 16       		.byte	22
 1580 0004 10       		.byte	16
 1581 0005 69       		.byte	105
 1582 0006 00       		.byte	0
 1583 0007 01       		.byte	1
 1584 0008 00       		.byte	0
 1585 0009 00       		.byte	0
 1586 000a 00       		.byte	0
 1587 000b 00       		.byte	0
 1588              		.section	.cyflashprotect,"a",%progbits
 1589              		.align	2
 1590              		.type	cy_meta_flashprotect, %object
 1591              		.size	cy_meta_flashprotect, 256
 1592              	cy_meta_flashprotect:
 1593 0000 00000000 		.space	256
 1593      00000000 
 1593      00000000 
 1593      00000000 
ARM GAS  C:\Users\ash750\AppData\Local\Temp\ccTwusxk.s 			page 29


 1593      00000000 
 1594              		.text
 1595              	.Letext0:
 1596              		.file 1 "c:\\program files (x86)\\cypress\\psoc creator\\4.2\\psoc creator\\import\\gnu\\arm\\5.4.
 1597              		.file 2 "c:\\program files (x86)\\cypress\\psoc creator\\4.2\\psoc creator\\import\\gnu\\arm\\5.4.
 1598              		.file 3 "Generated_Source\\PSoC5\\cymetadata.c"
 1599              		.section	.debug_info,"",%progbits
 1600              	.Ldebug_info0:
 1601 0000 33010000 		.4byte	0x133
 1602 0004 0400     		.2byte	0x4
 1603 0006 00000000 		.4byte	.Ldebug_abbrev0
 1604 000a 04       		.byte	0x4
 1605 000b 01       		.uleb128 0x1
 1606 000c 9A000000 		.4byte	.LASF17
 1607 0010 0C       		.byte	0xc
 1608 0011 F4010000 		.4byte	.LASF18
 1609 0015 16000000 		.4byte	.LASF19
 1610 0019 00000000 		.4byte	.Ldebug_line0
 1611 001d 02       		.uleb128 0x2
 1612 001e 01       		.byte	0x1
 1613 001f 06       		.byte	0x6
 1614 0020 E8010000 		.4byte	.LASF0
 1615 0024 03       		.uleb128 0x3
 1616 0025 00000000 		.4byte	.LASF9
 1617 0029 01       		.byte	0x1
 1618 002a 1D       		.byte	0x1d
 1619 002b 2F000000 		.4byte	0x2f
 1620 002f 02       		.uleb128 0x2
 1621 0030 01       		.byte	0x1
 1622 0031 08       		.byte	0x8
 1623 0032 8C000000 		.4byte	.LASF1
 1624 0036 02       		.uleb128 0x2
 1625 0037 02       		.byte	0x2
 1626 0038 05       		.byte	0x5
 1627 0039 D5010000 		.4byte	.LASF2
 1628 003d 02       		.uleb128 0x2
 1629 003e 02       		.byte	0x2
 1630 003f 07       		.byte	0x7
 1631 0040 3A010000 		.4byte	.LASF3
 1632 0044 02       		.uleb128 0x2
 1633 0045 04       		.byte	0x4
 1634 0046 05       		.byte	0x5
 1635 0047 DF010000 		.4byte	.LASF4
 1636 004b 02       		.uleb128 0x2
 1637 004c 04       		.byte	0x4
 1638 004d 07       		.byte	0x7
 1639 004e 28010000 		.4byte	.LASF5
 1640 0052 02       		.uleb128 0x2
 1641 0053 08       		.byte	0x8
 1642 0054 05       		.byte	0x5
 1643 0055 C7010000 		.4byte	.LASF6
 1644 0059 02       		.uleb128 0x2
 1645 005a 08       		.byte	0x8
 1646 005b 07       		.byte	0x7
 1647 005c 7C010000 		.4byte	.LASF7
 1648 0060 04       		.uleb128 0x4
 1649 0061 04       		.byte	0x4
ARM GAS  C:\Users\ash750\AppData\Local\Temp\ccTwusxk.s 			page 30


 1650 0062 05       		.byte	0x5
 1651 0063 696E7400 		.ascii	"int\000"
 1652 0067 02       		.uleb128 0x2
 1653 0068 04       		.byte	0x4
 1654 0069 07       		.byte	0x7
 1655 006a 6F010000 		.4byte	.LASF8
 1656 006e 03       		.uleb128 0x3
 1657 006f 93010000 		.4byte	.LASF10
 1658 0073 02       		.byte	0x2
 1659 0074 18       		.byte	0x18
 1660 0075 24000000 		.4byte	0x24
 1661 0079 05       		.uleb128 0x5
 1662 007a 91000000 		.4byte	0x91
 1663 007e 8A000000 		.4byte	0x8a
 1664 0082 06       		.uleb128 0x6
 1665 0083 8A000000 		.4byte	0x8a
 1666 0087 F305     		.2byte	0x5f3
 1667 0089 00       		.byte	0
 1668 008a 02       		.uleb128 0x2
 1669 008b 04       		.byte	0x4
 1670 008c 07       		.byte	0x7
 1671 008d BE010000 		.4byte	.LASF11
 1672 0091 07       		.uleb128 0x7
 1673 0092 6E000000 		.4byte	0x6e
 1674 0096 08       		.uleb128 0x8
 1675 0097 5D010000 		.4byte	.LASF12
 1676 009b 03       		.byte	0x3
 1677 009c 1F       		.byte	0x1f
 1678 009d A7000000 		.4byte	0xa7
 1679 00a1 05       		.uleb128 0x5
 1680 00a2 03       		.byte	0x3
 1681 00a3 00000000 		.4byte	cy_meta_configecc
 1682 00a7 07       		.uleb128 0x7
 1683 00a8 79000000 		.4byte	0x79
 1684 00ac 05       		.uleb128 0x5
 1685 00ad 91000000 		.4byte	0x91
 1686 00b1 BC000000 		.4byte	0xbc
 1687 00b5 09       		.uleb128 0x9
 1688 00b6 8A000000 		.4byte	0x8a
 1689 00ba 03       		.byte	0x3
 1690 00bb 00       		.byte	0
 1691 00bc 08       		.uleb128 0x8
 1692 00bd 4D010000 		.4byte	.LASF13
 1693 00c1 03       		.byte	0x3
 1694 00c2 EB       		.byte	0xeb
 1695 00c3 CD000000 		.4byte	0xcd
 1696 00c7 05       		.uleb128 0x5
 1697 00c8 03       		.byte	0x3
 1698 00c9 00000000 		.4byte	cy_meta_custnvl
 1699 00cd 07       		.uleb128 0x7
 1700 00ce AC000000 		.4byte	0xac
 1701 00d2 08       		.uleb128 0x8
 1702 00d3 B0010000 		.4byte	.LASF14
 1703 00d7 03       		.byte	0x3
 1704 00d8 F9       		.byte	0xf9
 1705 00d9 E3000000 		.4byte	0xe3
 1706 00dd 05       		.uleb128 0x5
ARM GAS  C:\Users\ash750\AppData\Local\Temp\ccTwusxk.s 			page 31


 1707 00de 03       		.byte	0x3
 1708 00df 00000000 		.4byte	cy_meta_wonvl
 1709 00e3 07       		.uleb128 0x7
 1710 00e4 AC000000 		.4byte	0xac
 1711 00e8 05       		.uleb128 0x5
 1712 00e9 91000000 		.4byte	0x91
 1713 00ed F8000000 		.4byte	0xf8
 1714 00f1 09       		.uleb128 0x9
 1715 00f2 8A000000 		.4byte	0x8a
 1716 00f6 FF       		.byte	0xff
 1717 00f7 00       		.byte	0
 1718 00f8 0A       		.uleb128 0xa
 1719 00f9 9B010000 		.4byte	.LASF15
 1720 00fd 03       		.byte	0x3
 1721 00fe 0701     		.2byte	0x107
 1722 0100 0A010000 		.4byte	0x10a
 1723 0104 05       		.uleb128 0x5
 1724 0105 03       		.byte	0x3
 1725 0106 00000000 		.4byte	cy_meta_flashprotect
 1726 010a 07       		.uleb128 0x7
 1727 010b E8000000 		.4byte	0xe8
 1728 010f 05       		.uleb128 0x5
 1729 0110 91000000 		.4byte	0x91
 1730 0114 1F010000 		.4byte	0x11f
 1731 0118 09       		.uleb128 0x9
 1732 0119 8A000000 		.4byte	0x8a
 1733 011d 0B       		.byte	0xb
 1734 011e 00       		.byte	0
 1735 011f 0A       		.uleb128 0xa
 1736 0120 0A000000 		.4byte	.LASF16
 1737 0124 03       		.byte	0x3
 1738 0125 3401     		.2byte	0x134
 1739 0127 31010000 		.4byte	0x131
 1740 012b 05       		.uleb128 0x5
 1741 012c 03       		.byte	0x3
 1742 012d 00000000 		.4byte	cy_metadata
 1743 0131 07       		.uleb128 0x7
 1744 0132 0F010000 		.4byte	0x10f
 1745 0136 00       		.byte	0
 1746              		.section	.debug_abbrev,"",%progbits
 1747              	.Ldebug_abbrev0:
 1748 0000 01       		.uleb128 0x1
 1749 0001 11       		.uleb128 0x11
 1750 0002 01       		.byte	0x1
 1751 0003 25       		.uleb128 0x25
 1752 0004 0E       		.uleb128 0xe
 1753 0005 13       		.uleb128 0x13
 1754 0006 0B       		.uleb128 0xb
 1755 0007 03       		.uleb128 0x3
 1756 0008 0E       		.uleb128 0xe
 1757 0009 1B       		.uleb128 0x1b
 1758 000a 0E       		.uleb128 0xe
 1759 000b 10       		.uleb128 0x10
 1760 000c 17       		.uleb128 0x17
 1761 000d 00       		.byte	0
 1762 000e 00       		.byte	0
 1763 000f 02       		.uleb128 0x2
ARM GAS  C:\Users\ash750\AppData\Local\Temp\ccTwusxk.s 			page 32


 1764 0010 24       		.uleb128 0x24
 1765 0011 00       		.byte	0
 1766 0012 0B       		.uleb128 0xb
 1767 0013 0B       		.uleb128 0xb
 1768 0014 3E       		.uleb128 0x3e
 1769 0015 0B       		.uleb128 0xb
 1770 0016 03       		.uleb128 0x3
 1771 0017 0E       		.uleb128 0xe
 1772 0018 00       		.byte	0
 1773 0019 00       		.byte	0
 1774 001a 03       		.uleb128 0x3
 1775 001b 16       		.uleb128 0x16
 1776 001c 00       		.byte	0
 1777 001d 03       		.uleb128 0x3
 1778 001e 0E       		.uleb128 0xe
 1779 001f 3A       		.uleb128 0x3a
 1780 0020 0B       		.uleb128 0xb
 1781 0021 3B       		.uleb128 0x3b
 1782 0022 0B       		.uleb128 0xb
 1783 0023 49       		.uleb128 0x49
 1784 0024 13       		.uleb128 0x13
 1785 0025 00       		.byte	0
 1786 0026 00       		.byte	0
 1787 0027 04       		.uleb128 0x4
 1788 0028 24       		.uleb128 0x24
 1789 0029 00       		.byte	0
 1790 002a 0B       		.uleb128 0xb
 1791 002b 0B       		.uleb128 0xb
 1792 002c 3E       		.uleb128 0x3e
 1793 002d 0B       		.uleb128 0xb
 1794 002e 03       		.uleb128 0x3
 1795 002f 08       		.uleb128 0x8
 1796 0030 00       		.byte	0
 1797 0031 00       		.byte	0
 1798 0032 05       		.uleb128 0x5
 1799 0033 01       		.uleb128 0x1
 1800 0034 01       		.byte	0x1
 1801 0035 49       		.uleb128 0x49
 1802 0036 13       		.uleb128 0x13
 1803 0037 01       		.uleb128 0x1
 1804 0038 13       		.uleb128 0x13
 1805 0039 00       		.byte	0
 1806 003a 00       		.byte	0
 1807 003b 06       		.uleb128 0x6
 1808 003c 21       		.uleb128 0x21
 1809 003d 00       		.byte	0
 1810 003e 49       		.uleb128 0x49
 1811 003f 13       		.uleb128 0x13
 1812 0040 2F       		.uleb128 0x2f
 1813 0041 05       		.uleb128 0x5
 1814 0042 00       		.byte	0
 1815 0043 00       		.byte	0
 1816 0044 07       		.uleb128 0x7
 1817 0045 26       		.uleb128 0x26
 1818 0046 00       		.byte	0
 1819 0047 49       		.uleb128 0x49
 1820 0048 13       		.uleb128 0x13
ARM GAS  C:\Users\ash750\AppData\Local\Temp\ccTwusxk.s 			page 33


 1821 0049 00       		.byte	0
 1822 004a 00       		.byte	0
 1823 004b 08       		.uleb128 0x8
 1824 004c 34       		.uleb128 0x34
 1825 004d 00       		.byte	0
 1826 004e 03       		.uleb128 0x3
 1827 004f 0E       		.uleb128 0xe
 1828 0050 3A       		.uleb128 0x3a
 1829 0051 0B       		.uleb128 0xb
 1830 0052 3B       		.uleb128 0x3b
 1831 0053 0B       		.uleb128 0xb
 1832 0054 49       		.uleb128 0x49
 1833 0055 13       		.uleb128 0x13
 1834 0056 3F       		.uleb128 0x3f
 1835 0057 19       		.uleb128 0x19
 1836 0058 02       		.uleb128 0x2
 1837 0059 18       		.uleb128 0x18
 1838 005a 00       		.byte	0
 1839 005b 00       		.byte	0
 1840 005c 09       		.uleb128 0x9
 1841 005d 21       		.uleb128 0x21
 1842 005e 00       		.byte	0
 1843 005f 49       		.uleb128 0x49
 1844 0060 13       		.uleb128 0x13
 1845 0061 2F       		.uleb128 0x2f
 1846 0062 0B       		.uleb128 0xb
 1847 0063 00       		.byte	0
 1848 0064 00       		.byte	0
 1849 0065 0A       		.uleb128 0xa
 1850 0066 34       		.uleb128 0x34
 1851 0067 00       		.byte	0
 1852 0068 03       		.uleb128 0x3
 1853 0069 0E       		.uleb128 0xe
 1854 006a 3A       		.uleb128 0x3a
 1855 006b 0B       		.uleb128 0xb
 1856 006c 3B       		.uleb128 0x3b
 1857 006d 05       		.uleb128 0x5
 1858 006e 49       		.uleb128 0x49
 1859 006f 13       		.uleb128 0x13
 1860 0070 3F       		.uleb128 0x3f
 1861 0071 19       		.uleb128 0x19
 1862 0072 02       		.uleb128 0x2
 1863 0073 18       		.uleb128 0x18
 1864 0074 00       		.byte	0
 1865 0075 00       		.byte	0
 1866 0076 00       		.byte	0
 1867              		.section	.debug_aranges,"",%progbits
 1868 0000 14000000 		.4byte	0x14
 1869 0004 0200     		.2byte	0x2
 1870 0006 00000000 		.4byte	.Ldebug_info0
 1871 000a 04       		.byte	0x4
 1872 000b 00       		.byte	0
 1873 000c 0000     		.2byte	0
 1874 000e 0000     		.2byte	0
 1875 0010 00000000 		.4byte	0
 1876 0014 00000000 		.4byte	0
 1877              		.section	.debug_line,"",%progbits
ARM GAS  C:\Users\ash750\AppData\Local\Temp\ccTwusxk.s 			page 34


 1878              	.Ldebug_line0:
 1879 0000 3D010000 		.section	.debug_str,"MS",%progbits,1
 1879      02003701 
 1879      00000201 
 1879      FB0E0D00 
 1879      01010101 
 1880              	.LASF9:
 1881 0000 5F5F7569 		.ascii	"__uint8_t\000"
 1881      6E74385F 
 1881      7400
 1882              	.LASF16:
 1883 000a 63795F6D 		.ascii	"cy_metadata\000"
 1883      65746164 
 1883      61746100 
 1884              	.LASF19:
 1885 0016 433A5C55 		.ascii	"C:\\Users\\ash750\\OneDrive - The University of Auc"
 1885      73657273 
 1885      5C617368 
 1885      3735305C 
 1885      4F6E6544 
 1886 0046 6B6C616E 		.ascii	"kland\\Documents\\GitHub\\P4P_Project-130\\Capsense"
 1886      645C446F 
 1886      63756D65 
 1886      6E74735C 
 1886      47697448 
 1887 0075 5F737475 		.ascii	"_stuff\\Cap_Sense.cydsn\000"
 1887      66665C43 
 1887      61705F53 
 1887      656E7365 
 1887      2E637964 
 1888              	.LASF1:
 1889 008c 756E7369 		.ascii	"unsigned char\000"
 1889      676E6564 
 1889      20636861 
 1889      7200
 1890              	.LASF17:
 1891 009a 474E5520 		.ascii	"GNU C11 5.4.1 20160609 (release) [ARM/embedded-5-br"
 1891      43313120 
 1891      352E342E 
 1891      31203230 
 1891      31363036 
 1892 00cd 616E6368 		.ascii	"anch revision 237715] -mcpu=cortex-m3 -mthumb -g -O"
 1892      20726576 
 1892      6973696F 
 1892      6E203233 
 1892      37373135 
 1893 0100 67202D66 		.ascii	"g -ffunction-sections -ffat-lto-objects\000"
 1893      66756E63 
 1893      74696F6E 
 1893      2D736563 
 1893      74696F6E 
 1894              	.LASF5:
 1895 0128 6C6F6E67 		.ascii	"long unsigned int\000"
 1895      20756E73 
 1895      69676E65 
 1895      6420696E 
 1895      7400
ARM GAS  C:\Users\ash750\AppData\Local\Temp\ccTwusxk.s 			page 35


 1896              	.LASF3:
 1897 013a 73686F72 		.ascii	"short unsigned int\000"
 1897      7420756E 
 1897      7369676E 
 1897      65642069 
 1897      6E7400
 1898              	.LASF13:
 1899 014d 63795F6D 		.ascii	"cy_meta_custnvl\000"
 1899      6574615F 
 1899      63757374 
 1899      6E766C00 
 1900              	.LASF12:
 1901 015d 63795F6D 		.ascii	"cy_meta_configecc\000"
 1901      6574615F 
 1901      636F6E66 
 1901      69676563 
 1901      6300
 1902              	.LASF8:
 1903 016f 756E7369 		.ascii	"unsigned int\000"
 1903      676E6564 
 1903      20696E74 
 1903      00
 1904              	.LASF7:
 1905 017c 6C6F6E67 		.ascii	"long long unsigned int\000"
 1905      206C6F6E 
 1905      6720756E 
 1905      7369676E 
 1905      65642069 
 1906              	.LASF10:
 1907 0193 75696E74 		.ascii	"uint8_t\000"
 1907      385F7400 
 1908              	.LASF15:
 1909 019b 63795F6D 		.ascii	"cy_meta_flashprotect\000"
 1909      6574615F 
 1909      666C6173 
 1909      6870726F 
 1909      74656374 
 1910              	.LASF14:
 1911 01b0 63795F6D 		.ascii	"cy_meta_wonvl\000"
 1911      6574615F 
 1911      776F6E76 
 1911      6C00
 1912              	.LASF11:
 1913 01be 73697A65 		.ascii	"sizetype\000"
 1913      74797065 
 1913      00
 1914              	.LASF6:
 1915 01c7 6C6F6E67 		.ascii	"long long int\000"
 1915      206C6F6E 
 1915      6720696E 
 1915      7400
 1916              	.LASF2:
 1917 01d5 73686F72 		.ascii	"short int\000"
 1917      7420696E 
 1917      7400
 1918              	.LASF4:
 1919 01df 6C6F6E67 		.ascii	"long int\000"
ARM GAS  C:\Users\ash750\AppData\Local\Temp\ccTwusxk.s 			page 36


 1919      20696E74 
 1919      00
 1920              	.LASF0:
 1921 01e8 7369676E 		.ascii	"signed char\000"
 1921      65642063 
 1921      68617200 
 1922              	.LASF18:
 1923 01f4 47656E65 		.ascii	"Generated_Source\\PSoC5\\cymetadata.c\000"
 1923      72617465 
 1923      645F536F 
 1923      75726365 
 1923      5C50536F 
 1924              		.ident	"GCC: (GNU Tools for ARM Embedded Processors) 5.4.1 20160609 (release) [ARM/embedded-5-bran
