ARM GAS  C:\Users\jpat614\AppData\Local\Temp\ccDAHlcr.s 			page 1


   1              		.syntax unified
   2              		.cpu cortex-m3
   3              		.fpu softvfp
   4              		.eabi_attribute 20, 1
   5              		.eabi_attribute 21, 1
   6              		.eabi_attribute 23, 3
   7              		.eabi_attribute 24, 1
   8              		.eabi_attribute 25, 1
   9              		.eabi_attribute 26, 1
  10              		.eabi_attribute 30, 1
  11              		.eabi_attribute 34, 1
  12              		.eabi_attribute 18, 4
  13              		.thumb
  14              		.syntax unified
  15              		.file	"main.c"
  16              		.text
  17              	.Ltext0:
  18              		.cfi_sections	.debug_frame
  19              		.section	.text.main,"ax",%progbits
  20              		.align	2
  21              		.global	main
  22              		.thumb
  23              		.thumb_func
  24              		.type	main, %function
  25              	main:
  26              	.LFB63:
  27              		.file 1 "main.c"
   1:main.c        **** /* ========================================
   2:main.c        ****  *
   3:main.c        ****  * Copyright YOUR COMPANY, THE YEAR
   4:main.c        ****  * All Rights Reserved
   5:main.c        ****  * UNPUBLISHED, LICENSED SOFTWARE.
   6:main.c        ****  *
   7:main.c        ****  * CONFIDENTIAL AND PROPRIETARY INFORMATION
   8:main.c        ****  * WHICH IS THE PROPERTY OF your company.
   9:main.c        ****  *
  10:main.c        ****  * ========================================
  11:main.c        **** */
  12:main.c        **** #include "project.h"
  13:main.c        **** 
  14:main.c        **** int main(void)
  15:main.c        **** {
  28              		.loc 1 15 0
  29              		.cfi_startproc
  30              		@ Volatile: function does not return.
  31              		@ args = 0, pretend = 0, frame = 0
  32              		@ frame_needed = 0, uses_anonymous_args = 0
  33 0000 08B5     		push	{r3, lr}
  34              		.cfi_def_cfa_offset 8
  35              		.cfi_offset 3, -8
  36              		.cfi_offset 14, -4
  16:main.c        ****     CyGlobalIntEnable; /* Enable global interrupts. */
  37              		.loc 1 16 0
  38              		.syntax unified
  39              	@ 16 "main.c" 1
  40 0002 62B6     		CPSIE   i
  41              	@ 0 "" 2
ARM GAS  C:\Users\jpat614\AppData\Local\Temp\ccDAHlcr.s 			page 2


  17:main.c        **** 
  18:main.c        ****     /* Place your initialization/startup code here (e.g. MyInst_Start()) */
  19:main.c        **** 
  20:main.c        ****     PGA_Inv_1_Start();
  42              		.loc 1 20 0
  43              		.thumb
  44              		.syntax unified
  45 0004 FFF7FEFF 		bl	PGA_Inv_1_Start
  46              	.LVL0:
  21:main.c        ****     Comp_1_Start();
  47              		.loc 1 21 0
  48 0008 FFF7FEFF 		bl	Comp_1_Start
  49              	.LVL1:
  22:main.c        ****     VDAC8_1_Start();
  50              		.loc 1 22 0
  51 000c FFF7FEFF 		bl	VDAC8_1_Start
  52              	.LVL2:
  23:main.c        ****     VDAC8_1_SetValue(127);
  53              		.loc 1 23 0
  54 0010 7F20     		movs	r0, #127
  55 0012 FFF7FEFF 		bl	VDAC8_1_SetValue
  56              	.LVL3:
  24:main.c        ****     
  25:main.c        ****    
  26:main.c        ****     IDAC8_1_SetValue(80);
  57              		.loc 1 26 0
  58 0016 5020     		movs	r0, #80
  59 0018 FFF7FEFF 		bl	IDAC8_1_SetValue
  60              	.LVL4:
  27:main.c        ****     IDAC8_1_SetValue(160);
  61              		.loc 1 27 0
  62 001c A020     		movs	r0, #160
  63 001e FFF7FEFF 		bl	IDAC8_1_SetValue
  64              	.LVL5:
  28:main.c        ****     IDAC8_1_Start();
  65              		.loc 1 28 0
  66 0022 FFF7FEFF 		bl	IDAC8_1_Start
  67              	.LVL6:
  29:main.c        ****     IDAC8_2_Start();
  68              		.loc 1 29 0
  69 0026 FFF7FEFF 		bl	IDAC8_2_Start
  70              	.LVL7:
  71              	.L2:
  72 002a FEE7     		b	.L2
  73              		.cfi_endproc
  74              	.LFE63:
  75              		.size	main, .-main
  76              		.text
  77              	.Letext0:
  78              		.file 2 "c:\\program files (x86)\\cypress\\psoc creator\\4.2\\psoc creator\\import\\gnu\\arm\\5.4.
  79              		.file 3 "c:\\program files (x86)\\cypress\\psoc creator\\4.2\\psoc creator\\import\\gnu\\arm\\5.4.
  80              		.file 4 "Generated_Source\\PSoC5/PGA_Inv_1.h"
  81              		.file 5 "Generated_Source\\PSoC5/Comp_1.h"
  82              		.file 6 "Generated_Source\\PSoC5/VDAC8_1.h"
  83              		.file 7 "Generated_Source\\PSoC5/IDAC8_1.h"
  84              		.file 8 "Generated_Source\\PSoC5/IDAC8_2.h"
  85              		.file 9 "Generated_Source\\PSoC5/core_cm3.h"
ARM GAS  C:\Users\jpat614\AppData\Local\Temp\ccDAHlcr.s 			page 3


  86              		.section	.debug_info,"",%progbits
  87              	.Ldebug_info0:
  88 0000 82010000 		.4byte	0x182
  89 0004 0400     		.2byte	0x4
  90 0006 00000000 		.4byte	.Ldebug_abbrev0
  91 000a 04       		.byte	0x4
  92 000b 01       		.uleb128 0x1
  93 000c 54000000 		.4byte	.LASF23
  94 0010 0C       		.byte	0xc
  95 0011 48000000 		.4byte	.LASF24
  96 0015 2C010000 		.4byte	.LASF25
  97 0019 00000000 		.4byte	.Ldebug_ranges0+0
  98 001d 00000000 		.4byte	0
  99 0021 00000000 		.4byte	.Ldebug_line0
 100 0025 02       		.uleb128 0x2
 101 0026 01       		.byte	0x1
 102 0027 06       		.byte	0x6
 103 0028 D2010000 		.4byte	.LASF0
 104 002c 02       		.uleb128 0x2
 105 002d 01       		.byte	0x1
 106 002e 08       		.byte	0x8
 107 002f 3A000000 		.4byte	.LASF1
 108 0033 02       		.uleb128 0x2
 109 0034 02       		.byte	0x2
 110 0035 05       		.byte	0x5
 111 0036 FA010000 		.4byte	.LASF2
 112 003a 02       		.uleb128 0x2
 113 003b 02       		.byte	0x2
 114 003c 07       		.byte	0x7
 115 003d 19010000 		.4byte	.LASF3
 116 0041 03       		.uleb128 0x3
 117 0042 EA010000 		.4byte	.LASF9
 118 0046 02       		.byte	0x2
 119 0047 3F       		.byte	0x3f
 120 0048 4C000000 		.4byte	0x4c
 121 004c 02       		.uleb128 0x2
 122 004d 04       		.byte	0x4
 123 004e 05       		.byte	0x5
 124 004f 89010000 		.4byte	.LASF4
 125 0053 02       		.uleb128 0x2
 126 0054 04       		.byte	0x4
 127 0055 07       		.byte	0x7
 128 0056 F0000000 		.4byte	.LASF5
 129 005a 02       		.uleb128 0x2
 130 005b 08       		.byte	0x8
 131 005c 05       		.byte	0x5
 132 005d 00000000 		.4byte	.LASF6
 133 0061 02       		.uleb128 0x2
 134 0062 08       		.byte	0x8
 135 0063 07       		.byte	0x7
 136 0064 02010000 		.4byte	.LASF7
 137 0068 04       		.uleb128 0x4
 138 0069 04       		.byte	0x4
 139 006a 05       		.byte	0x5
 140 006b 696E7400 		.ascii	"int\000"
 141 006f 02       		.uleb128 0x2
 142 0070 04       		.byte	0x4
ARM GAS  C:\Users\jpat614\AppData\Local\Temp\ccDAHlcr.s 			page 4


 143 0071 07       		.byte	0x7
 144 0072 1C000000 		.4byte	.LASF8
 145 0076 03       		.uleb128 0x3
 146 0077 04020000 		.4byte	.LASF10
 147 007b 03       		.byte	0x3
 148 007c 2C       		.byte	0x2c
 149 007d 41000000 		.4byte	0x41
 150 0081 02       		.uleb128 0x2
 151 0082 04       		.byte	0x4
 152 0083 04       		.byte	0x4
 153 0084 F4010000 		.4byte	.LASF11
 154 0088 02       		.uleb128 0x2
 155 0089 08       		.byte	0x8
 156 008a 04       		.byte	0x4
 157 008b B0010000 		.4byte	.LASF12
 158 008f 02       		.uleb128 0x2
 159 0090 01       		.byte	0x1
 160 0091 08       		.byte	0x8
 161 0092 84010000 		.4byte	.LASF13
 162 0096 02       		.uleb128 0x2
 163 0097 08       		.byte	0x8
 164 0098 04       		.byte	0x4
 165 0099 DE010000 		.4byte	.LASF14
 166 009d 02       		.uleb128 0x2
 167 009e 04       		.byte	0x4
 168 009f 07       		.byte	0x7
 169 00a0 0C020000 		.4byte	.LASF15
 170 00a4 05       		.uleb128 0x5
 171 00a5 4F000000 		.4byte	.LASF26
 172 00a9 01       		.byte	0x1
 173 00aa 0E       		.byte	0xe
 174 00ab 68000000 		.4byte	0x68
 175 00af 00000000 		.4byte	.LFB63
 176 00b3 2C000000 		.4byte	.LFE63-.LFB63
 177 00b7 01       		.uleb128 0x1
 178 00b8 9C       		.byte	0x9c
 179 00b9 27010000 		.4byte	0x127
 180 00bd 06       		.uleb128 0x6
 181 00be 08000000 		.4byte	.LVL0
 182 00c2 38010000 		.4byte	0x138
 183 00c6 06       		.uleb128 0x6
 184 00c7 0C000000 		.4byte	.LVL1
 185 00cb 43010000 		.4byte	0x143
 186 00cf 06       		.uleb128 0x6
 187 00d0 10000000 		.4byte	.LVL2
 188 00d4 4E010000 		.4byte	0x14e
 189 00d8 07       		.uleb128 0x7
 190 00d9 16000000 		.4byte	.LVL3
 191 00dd 59010000 		.4byte	0x159
 192 00e1 EC000000 		.4byte	0xec
 193 00e5 08       		.uleb128 0x8
 194 00e6 01       		.uleb128 0x1
 195 00e7 50       		.byte	0x50
 196 00e8 02       		.uleb128 0x2
 197 00e9 08       		.byte	0x8
 198 00ea 7F       		.byte	0x7f
 199 00eb 00       		.byte	0
ARM GAS  C:\Users\jpat614\AppData\Local\Temp\ccDAHlcr.s 			page 5


 200 00ec 07       		.uleb128 0x7
 201 00ed 1C000000 		.4byte	.LVL4
 202 00f1 64010000 		.4byte	0x164
 203 00f5 00010000 		.4byte	0x100
 204 00f9 08       		.uleb128 0x8
 205 00fa 01       		.uleb128 0x1
 206 00fb 50       		.byte	0x50
 207 00fc 02       		.uleb128 0x2
 208 00fd 08       		.byte	0x8
 209 00fe 50       		.byte	0x50
 210 00ff 00       		.byte	0
 211 0100 07       		.uleb128 0x7
 212 0101 22000000 		.4byte	.LVL5
 213 0105 64010000 		.4byte	0x164
 214 0109 14010000 		.4byte	0x114
 215 010d 08       		.uleb128 0x8
 216 010e 01       		.uleb128 0x1
 217 010f 50       		.byte	0x50
 218 0110 02       		.uleb128 0x2
 219 0111 09       		.byte	0x9
 220 0112 A0       		.byte	0xa0
 221 0113 00       		.byte	0
 222 0114 06       		.uleb128 0x6
 223 0115 26000000 		.4byte	.LVL6
 224 0119 6F010000 		.4byte	0x16f
 225 011d 06       		.uleb128 0x6
 226 011e 2A000000 		.4byte	.LVL7
 227 0122 7A010000 		.4byte	0x17a
 228 0126 00       		.byte	0
 229 0127 09       		.uleb128 0x9
 230 0128 C5010000 		.4byte	.LASF27
 231 012c 09       		.byte	0x9
 232 012d 1207     		.2byte	0x712
 233 012f 33010000 		.4byte	0x133
 234 0133 0A       		.uleb128 0xa
 235 0134 76000000 		.4byte	0x76
 236 0138 0B       		.uleb128 0xb
 237 0139 15020000 		.4byte	.LASF16
 238 013d 15020000 		.4byte	.LASF16
 239 0141 04       		.byte	0x4
 240 0142 3F       		.byte	0x3f
 241 0143 0B       		.uleb128 0xb
 242 0144 92010000 		.4byte	.LASF17
 243 0148 92010000 		.4byte	.LASF17
 244 014c 05       		.byte	0x5
 245 014d 3F       		.byte	0x3f
 246 014e 0B       		.uleb128 0xb
 247 014f B7010000 		.4byte	.LASF18
 248 0153 B7010000 		.4byte	.LASF18
 249 0157 06       		.byte	0x6
 250 0158 33       		.byte	0x33
 251 0159 0B       		.uleb128 0xb
 252 015a 9F010000 		.4byte	.LASF19
 253 015e 9F010000 		.4byte	.LASF19
 254 0162 06       		.byte	0x6
 255 0163 37       		.byte	0x37
 256 0164 0B       		.uleb128 0xb
ARM GAS  C:\Users\jpat614\AppData\Local\Temp\ccDAHlcr.s 			page 6


 257 0165 29000000 		.4byte	.LASF20
 258 0169 29000000 		.4byte	.LASF20
 259 016d 07       		.byte	0x7
 260 016e 41       		.byte	0x41
 261 016f 0B       		.uleb128 0xb
 262 0170 0E000000 		.4byte	.LASF21
 263 0174 0E000000 		.4byte	.LASF21
 264 0178 07       		.byte	0x7
 265 0179 3C       		.byte	0x3c
 266 017a 0B       		.uleb128 0xb
 267 017b E2000000 		.4byte	.LASF22
 268 017f E2000000 		.4byte	.LASF22
 269 0183 08       		.byte	0x8
 270 0184 3C       		.byte	0x3c
 271 0185 00       		.byte	0
 272              		.section	.debug_abbrev,"",%progbits
 273              	.Ldebug_abbrev0:
 274 0000 01       		.uleb128 0x1
 275 0001 11       		.uleb128 0x11
 276 0002 01       		.byte	0x1
 277 0003 25       		.uleb128 0x25
 278 0004 0E       		.uleb128 0xe
 279 0005 13       		.uleb128 0x13
 280 0006 0B       		.uleb128 0xb
 281 0007 03       		.uleb128 0x3
 282 0008 0E       		.uleb128 0xe
 283 0009 1B       		.uleb128 0x1b
 284 000a 0E       		.uleb128 0xe
 285 000b 55       		.uleb128 0x55
 286 000c 17       		.uleb128 0x17
 287 000d 11       		.uleb128 0x11
 288 000e 01       		.uleb128 0x1
 289 000f 10       		.uleb128 0x10
 290 0010 17       		.uleb128 0x17
 291 0011 00       		.byte	0
 292 0012 00       		.byte	0
 293 0013 02       		.uleb128 0x2
 294 0014 24       		.uleb128 0x24
 295 0015 00       		.byte	0
 296 0016 0B       		.uleb128 0xb
 297 0017 0B       		.uleb128 0xb
 298 0018 3E       		.uleb128 0x3e
 299 0019 0B       		.uleb128 0xb
 300 001a 03       		.uleb128 0x3
 301 001b 0E       		.uleb128 0xe
 302 001c 00       		.byte	0
 303 001d 00       		.byte	0
 304 001e 03       		.uleb128 0x3
 305 001f 16       		.uleb128 0x16
 306 0020 00       		.byte	0
 307 0021 03       		.uleb128 0x3
 308 0022 0E       		.uleb128 0xe
 309 0023 3A       		.uleb128 0x3a
 310 0024 0B       		.uleb128 0xb
 311 0025 3B       		.uleb128 0x3b
 312 0026 0B       		.uleb128 0xb
 313 0027 49       		.uleb128 0x49
ARM GAS  C:\Users\jpat614\AppData\Local\Temp\ccDAHlcr.s 			page 7


 314 0028 13       		.uleb128 0x13
 315 0029 00       		.byte	0
 316 002a 00       		.byte	0
 317 002b 04       		.uleb128 0x4
 318 002c 24       		.uleb128 0x24
 319 002d 00       		.byte	0
 320 002e 0B       		.uleb128 0xb
 321 002f 0B       		.uleb128 0xb
 322 0030 3E       		.uleb128 0x3e
 323 0031 0B       		.uleb128 0xb
 324 0032 03       		.uleb128 0x3
 325 0033 08       		.uleb128 0x8
 326 0034 00       		.byte	0
 327 0035 00       		.byte	0
 328 0036 05       		.uleb128 0x5
 329 0037 2E       		.uleb128 0x2e
 330 0038 01       		.byte	0x1
 331 0039 3F       		.uleb128 0x3f
 332 003a 19       		.uleb128 0x19
 333 003b 03       		.uleb128 0x3
 334 003c 0E       		.uleb128 0xe
 335 003d 3A       		.uleb128 0x3a
 336 003e 0B       		.uleb128 0xb
 337 003f 3B       		.uleb128 0x3b
 338 0040 0B       		.uleb128 0xb
 339 0041 27       		.uleb128 0x27
 340 0042 19       		.uleb128 0x19
 341 0043 49       		.uleb128 0x49
 342 0044 13       		.uleb128 0x13
 343 0045 8701     		.uleb128 0x87
 344 0047 19       		.uleb128 0x19
 345 0048 11       		.uleb128 0x11
 346 0049 01       		.uleb128 0x1
 347 004a 12       		.uleb128 0x12
 348 004b 06       		.uleb128 0x6
 349 004c 40       		.uleb128 0x40
 350 004d 18       		.uleb128 0x18
 351 004e 9742     		.uleb128 0x2117
 352 0050 19       		.uleb128 0x19
 353 0051 01       		.uleb128 0x1
 354 0052 13       		.uleb128 0x13
 355 0053 00       		.byte	0
 356 0054 00       		.byte	0
 357 0055 06       		.uleb128 0x6
 358 0056 898201   		.uleb128 0x4109
 359 0059 00       		.byte	0
 360 005a 11       		.uleb128 0x11
 361 005b 01       		.uleb128 0x1
 362 005c 31       		.uleb128 0x31
 363 005d 13       		.uleb128 0x13
 364 005e 00       		.byte	0
 365 005f 00       		.byte	0
 366 0060 07       		.uleb128 0x7
 367 0061 898201   		.uleb128 0x4109
 368 0064 01       		.byte	0x1
 369 0065 11       		.uleb128 0x11
 370 0066 01       		.uleb128 0x1
ARM GAS  C:\Users\jpat614\AppData\Local\Temp\ccDAHlcr.s 			page 8


 371 0067 31       		.uleb128 0x31
 372 0068 13       		.uleb128 0x13
 373 0069 01       		.uleb128 0x1
 374 006a 13       		.uleb128 0x13
 375 006b 00       		.byte	0
 376 006c 00       		.byte	0
 377 006d 08       		.uleb128 0x8
 378 006e 8A8201   		.uleb128 0x410a
 379 0071 00       		.byte	0
 380 0072 02       		.uleb128 0x2
 381 0073 18       		.uleb128 0x18
 382 0074 9142     		.uleb128 0x2111
 383 0076 18       		.uleb128 0x18
 384 0077 00       		.byte	0
 385 0078 00       		.byte	0
 386 0079 09       		.uleb128 0x9
 387 007a 34       		.uleb128 0x34
 388 007b 00       		.byte	0
 389 007c 03       		.uleb128 0x3
 390 007d 0E       		.uleb128 0xe
 391 007e 3A       		.uleb128 0x3a
 392 007f 0B       		.uleb128 0xb
 393 0080 3B       		.uleb128 0x3b
 394 0081 05       		.uleb128 0x5
 395 0082 49       		.uleb128 0x49
 396 0083 13       		.uleb128 0x13
 397 0084 3F       		.uleb128 0x3f
 398 0085 19       		.uleb128 0x19
 399 0086 3C       		.uleb128 0x3c
 400 0087 19       		.uleb128 0x19
 401 0088 00       		.byte	0
 402 0089 00       		.byte	0
 403 008a 0A       		.uleb128 0xa
 404 008b 35       		.uleb128 0x35
 405 008c 00       		.byte	0
 406 008d 49       		.uleb128 0x49
 407 008e 13       		.uleb128 0x13
 408 008f 00       		.byte	0
 409 0090 00       		.byte	0
 410 0091 0B       		.uleb128 0xb
 411 0092 2E       		.uleb128 0x2e
 412 0093 00       		.byte	0
 413 0094 3F       		.uleb128 0x3f
 414 0095 19       		.uleb128 0x19
 415 0096 3C       		.uleb128 0x3c
 416 0097 19       		.uleb128 0x19
 417 0098 6E       		.uleb128 0x6e
 418 0099 0E       		.uleb128 0xe
 419 009a 03       		.uleb128 0x3
 420 009b 0E       		.uleb128 0xe
 421 009c 3A       		.uleb128 0x3a
 422 009d 0B       		.uleb128 0xb
 423 009e 3B       		.uleb128 0x3b
 424 009f 0B       		.uleb128 0xb
 425 00a0 00       		.byte	0
 426 00a1 00       		.byte	0
 427 00a2 00       		.byte	0
ARM GAS  C:\Users\jpat614\AppData\Local\Temp\ccDAHlcr.s 			page 9


 428              		.section	.debug_aranges,"",%progbits
 429 0000 1C000000 		.4byte	0x1c
 430 0004 0200     		.2byte	0x2
 431 0006 00000000 		.4byte	.Ldebug_info0
 432 000a 04       		.byte	0x4
 433 000b 00       		.byte	0
 434 000c 0000     		.2byte	0
 435 000e 0000     		.2byte	0
 436 0010 00000000 		.4byte	.LFB63
 437 0014 2C000000 		.4byte	.LFE63-.LFB63
 438 0018 00000000 		.4byte	0
 439 001c 00000000 		.4byte	0
 440              		.section	.debug_ranges,"",%progbits
 441              	.Ldebug_ranges0:
 442 0000 00000000 		.4byte	.LFB63
 443 0004 2C000000 		.4byte	.LFE63
 444 0008 00000000 		.4byte	0
 445 000c 00000000 		.4byte	0
 446              		.section	.debug_line,"",%progbits
 447              	.Ldebug_line0:
 448 0000 9F010000 		.section	.debug_str,"MS",%progbits,1
 448      02008101 
 448      00000201 
 448      FB0E0D00 
 448      01010101 
 449              	.LASF6:
 450 0000 6C6F6E67 		.ascii	"long long int\000"
 450      206C6F6E 
 450      6720696E 
 450      7400
 451              	.LASF21:
 452 000e 49444143 		.ascii	"IDAC8_1_Start\000"
 452      385F315F 
 452      53746172 
 452      7400
 453              	.LASF8:
 454 001c 756E7369 		.ascii	"unsigned int\000"
 454      676E6564 
 454      20696E74 
 454      00
 455              	.LASF20:
 456 0029 49444143 		.ascii	"IDAC8_1_SetValue\000"
 456      385F315F 
 456      53657456 
 456      616C7565 
 456      00
 457              	.LASF1:
 458 003a 756E7369 		.ascii	"unsigned char\000"
 458      676E6564 
 458      20636861 
 458      7200
 459              	.LASF24:
 460 0048 6D61696E 		.ascii	"main.c\000"
 460      2E6300
 461              	.LASF26:
 462 004f 6D61696E 		.ascii	"main\000"
 462      00
ARM GAS  C:\Users\jpat614\AppData\Local\Temp\ccDAHlcr.s 			page 10


 463              	.LASF23:
 464 0054 474E5520 		.ascii	"GNU C11 5.4.1 20160609 (release) [ARM/embedded-5-br"
 464      43313120 
 464      352E342E 
 464      31203230 
 464      31363036 
 465 0087 616E6368 		.ascii	"anch revision 237715] -mcpu=cortex-m3 -mthumb -g -O"
 465      20726576 
 465      6973696F 
 465      6E203233 
 465      37373135 
 466 00ba 67202D66 		.ascii	"g -ffunction-sections -ffat-lto-objects\000"
 466      66756E63 
 466      74696F6E 
 466      2D736563 
 466      74696F6E 
 467              	.LASF22:
 468 00e2 49444143 		.ascii	"IDAC8_2_Start\000"
 468      385F325F 
 468      53746172 
 468      7400
 469              	.LASF5:
 470 00f0 6C6F6E67 		.ascii	"long unsigned int\000"
 470      20756E73 
 470      69676E65 
 470      6420696E 
 470      7400
 471              	.LASF7:
 472 0102 6C6F6E67 		.ascii	"long long unsigned int\000"
 472      206C6F6E 
 472      6720756E 
 472      7369676E 
 472      65642069 
 473              	.LASF3:
 474 0119 73686F72 		.ascii	"short unsigned int\000"
 474      7420756E 
 474      7369676E 
 474      65642069 
 474      6E7400
 475              	.LASF25:
 476 012c 433A5C55 		.ascii	"C:\\Users\\jpat614\\Documents\\GitHub\\P4P_Project-"
 476      73657273 
 476      5C6A7061 
 476      74363134 
 476      5C446F63 
 477 015a 3133305C 		.ascii	"130\\Experimental_cap_sense\\Design01.cydsn\000"
 477      45787065 
 477      72696D65 
 477      6E74616C 
 477      5F636170 
 478              	.LASF13:
 479 0184 63686172 		.ascii	"char\000"
 479      00
 480              	.LASF4:
 481 0189 6C6F6E67 		.ascii	"long int\000"
 481      20696E74 
 481      00
ARM GAS  C:\Users\jpat614\AppData\Local\Temp\ccDAHlcr.s 			page 11


 482              	.LASF17:
 483 0192 436F6D70 		.ascii	"Comp_1_Start\000"
 483      5F315F53 
 483      74617274 
 483      00
 484              	.LASF19:
 485 019f 56444143 		.ascii	"VDAC8_1_SetValue\000"
 485      385F315F 
 485      53657456 
 485      616C7565 
 485      00
 486              	.LASF12:
 487 01b0 646F7562 		.ascii	"double\000"
 487      6C6500
 488              	.LASF18:
 489 01b7 56444143 		.ascii	"VDAC8_1_Start\000"
 489      385F315F 
 489      53746172 
 489      7400
 490              	.LASF27:
 491 01c5 49544D5F 		.ascii	"ITM_RxBuffer\000"
 491      52784275 
 491      66666572 
 491      00
 492              	.LASF0:
 493 01d2 7369676E 		.ascii	"signed char\000"
 493      65642063 
 493      68617200 
 494              	.LASF14:
 495 01de 6C6F6E67 		.ascii	"long double\000"
 495      20646F75 
 495      626C6500 
 496              	.LASF9:
 497 01ea 5F5F696E 		.ascii	"__int32_t\000"
 497      7433325F 
 497      7400
 498              	.LASF11:
 499 01f4 666C6F61 		.ascii	"float\000"
 499      7400
 500              	.LASF2:
 501 01fa 73686F72 		.ascii	"short int\000"
 501      7420696E 
 501      7400
 502              	.LASF10:
 503 0204 696E7433 		.ascii	"int32_t\000"
 503      325F7400 
 504              	.LASF15:
 505 020c 73697A65 		.ascii	"sizetype\000"
 505      74797065 
 505      00
 506              	.LASF16:
 507 0215 5047415F 		.ascii	"PGA_Inv_1_Start\000"
 507      496E765F 
 507      315F5374 
 507      61727400 
 508              		.ident	"GCC: (GNU Tools for ARM Embedded Processors) 5.4.1 20160609 (release) [ARM/embedded-5-bran
