Unknown:
C:\Users\Ash750\Documents\GitHub\P4P_Project-130\cst\cap\Result\field_se_e.tfo
C:\Users\Ash750\Documents\GitHub\P4P_Project-130\cst\cap\Result\field_se_eldens.tfo
C:\Users\Ash750\Documents\GitHub\P4P_Project-130\cst\cap\Result\field_se_phi.tfo
C:\Users\Ash750\Documents\GitHub\P4P_Project-130\cst\cap\Result\mesh.tfo
C:\Users\Ash750\Documents\GitHub\P4P_Project-130\cst\cap\Result\Model.inf
C:\Users\Ash750\Documents\GitHub\P4P_Project-130\cst\cap\Result\Model.log
C:\Users\Ash750\Documents\GitHub\P4P_Project-130\cst\cap\Result\Model.sa
Mesh:
C:\Users\Ash750\Documents\GitHub\P4P_Project-130\cst\cap\Result\3d_full.slim
C:\Users\Ash750\Documents\GitHub\P4P_Project-130\cst\cap\Result\CellNameTo_ML_BGIDMap.tet
C:\Users\Ash750\Documents\GitHub\P4P_Project-130\cst\cap\Result\Entities2Mesh.tet
C:\Users\Ash750\Documents\GitHub\P4P_Project-130\cst\cap\Result\log.tet
C:\Users\Ash750\Documents\GitHub\P4P_Project-130\cst\cap\Result\meshprops.tet
C:\Users\Ash750\Documents\GitHub\P4P_Project-130\cst\cap\Result\mir.tet
C:\Users\Ash750\Documents\GitHub\P4P_Project-130\cst\cap\Result\ML_BGID_To_ZStart_Map.tet
C:\Users\Ash750\Documents\GitHub\P4P_Project-130\cst\cap\Result\Model.mss
C:\Users\Ash750\Documents\GitHub\P4P_Project-130\cst\cap\Result\moegeom.tet
C:\Users\Ash750\Documents\GitHub\P4P_Project-130\cst\cap\Result\topot.tet
Port:
