--------------- Clean Started: 05/02/2025 11:29:48 Project: Cap_Sense, Configuration: ARM GCC 5.4-2016-q2-update Debug ---------------
Deleting file ".\CortexM3\ARM_GCC_541\Debug\main.o"
Deleting file ".\CortexM3\ARM_GCC_541\Debug\cyfitter_cfg.o"
Deleting file ".\CortexM3\ARM_GCC_541\Debug\cymetadata.o"
Deleting file ".\CortexM3\ARM_GCC_541\Debug\CapSense_1.o"
Deleting file ".\CortexM3\ARM_GCC_541\Debug\CapSense_1_CSHL.o"
Deleting file ".\CortexM3\ARM_GCC_541\Debug\CapSense_1_INT.o"
Deleting file ".\CortexM3\ARM_GCC_541\Debug\CapSense_1_Pins.o"
Deleting file ".\CortexM3\ARM_GCC_541\Debug\CapSense_1_PM.o"
Deleting file ".\CortexM3\ARM_GCC_541\Debug\CapSense_1_SMS_Wrapper.o"
Deleting file ".\CortexM3\ARM_GCC_541\Debug\CapSense_1_TunerHelper.o"
Deleting file ".\CortexM3\ARM_GCC_541\Debug\LED.o"
Deleting file ".\CortexM3\ARM_GCC_541\Debug\UART_1.o"
Deleting file ".\CortexM3\ARM_GCC_541\Debug\UART_1_PM.o"
Deleting file ".\CortexM3\ARM_GCC_541\Debug\UART_1_INT.o"
Deleting file ".\CortexM3\ARM_GCC_541\Debug\UART_1_BOOT.o"
Deleting file ".\CortexM3\ARM_GCC_541\Debug\CapSense_1_CompCH0.o"
Deleting file ".\CortexM3\ARM_GCC_541\Debug\CapSense_1_CompCH0_PM.o"
Deleting file ".\CortexM3\ARM_GCC_541\Debug\CapSense_1_IdacCH0.o"
Deleting file ".\CortexM3\ARM_GCC_541\Debug\CapSense_1_IdacCH0_PM.o"
Deleting file ".\CortexM3\ARM_GCC_541\Debug\CapSense_1_AMuxCH0.o"
Deleting file ".\CortexM3\ARM_GCC_541\Debug\CapSense_1_IntClock.o"
Deleting file ".\CortexM3\ARM_GCC_541\Debug\UART_1_IntClock.o"
Deleting file ".\CortexM3\ARM_GCC_541\Debug\cy_em_eeprom.o"
Deleting file ".\CortexM3\ARM_GCC_541\Debug\Cm3Start.o"
Deleting file ".\CortexM3\ARM_GCC_541\Debug\CyBootAsmGnu.o"
Deleting file ".\CortexM3\ARM_GCC_541\Debug\CyDmac.o"
Deleting file ".\CortexM3\ARM_GCC_541\Debug\CyFlash.o"
Deleting file ".\CortexM3\ARM_GCC_541\Debug\CyLib.o"
Deleting file ".\CortexM3\ARM_GCC_541\Debug\cyPm.o"
Deleting file ".\CortexM3\ARM_GCC_541\Debug\CySpc.o"
Deleting file ".\CortexM3\ARM_GCC_541\Debug\cyutils.o"
Deleting file ".\CortexM3\ARM_GCC_541\Debug\Cap_Sense.hex"
Deleting file ".\CortexM3\ARM_GCC_541\Debug\Cap_Sense.elf"
Deleting file ".\CortexM3\ARM_GCC_541\Debug\Cap_Sense.map"
Deleting file ".\Cap_Sense.cycdx"
Deleting file ".\Cap_Sense.svd"
Deleting file ".\Cap_Sense.rpt"
Deleting file ".\Cap_Sense_timing.html"
Deleting file ".\CortexM3\ARM_GCC_541\Debug\.deps\SOURCE_C__ARM_GCC_GENERIC.P"
Deleting file ".\CortexM3\ARM_GCC_541\Debug\.deps\SOURCE_ASM__ARM_GCC_GENERIC.P"
--------------- Clean Succeeded: 05/02/2025 11:29:48 ---------------
