2025-07-27 16:23:41   Electrostatic Solver

                      ------------------------------------------------------------------------------
2025-07-27 16:23:41   Units settings: 

                        Dimensions: mm
                        Frequency:  MHz

                      ------------------------------------------------------------------------------
2025-07-27 16:23:41   Boundary conditions: 

                        YZsymmetry: none
                        XZsymmetry: none
                        XYsymmetry: none

                        Xmin: electric
                        Xmax: electric

                        Ymin: electric
                        Ymax: electric

                        Zmin: electric
                        Zmax: electric

                      ------------------------------------------------------------------------------
2025-07-27 16:23:41   *** Warning ***

                      This software is licensed for non-commercial use only.

                      ------------------------------------------------------------------------------
2025-07-27 16:23:41   --- Material prioritization table with "ElectricConductivity" scheme was used
                      ---
                       - PEC
                       - esf6_gnd(PCB3)/PEC Sheets
                       - esf6_s1(PCB1)/PEC Sheets
                       - esf6_s2(PCB2)/PEC Sheets
                       - esf6_source(PCB4)/PEC Sheets
                       - Copper (annealed)
                       - esf6_gnd(PCB3)/Copper
                       - esf6_gnd(PCB3)/VIAS_MATERIAL
                       - esf6_s1(PCB1)/Copper
                       - esf6_s1(PCB1)/VIAS_MATERIAL
                       - esf6_s2(PCB2)/Copper
                       - esf6_s2(PCB2)/VIAS_MATERIAL
                       - esf6_source(PCB4)/Copper
                       - esf6_source(PCB4)/VIAS_MATERIAL
                       - $CoilMaterial$
                       - $NFSMaterial$
                       - Air
                       - FR-4 (loss free)
                       - air_0

                      ------------------------------------------------------------------------------
2025-07-27 16:23:45   Solver started at: 2025-07-27 16:23:45 +1200

                        Module:  Electrostatic Solver (Win 64)
                        Version: 2024.5 Release from 2024-06-14 (change 1285309)

                        Hardware:
                           Computer name: EN461026

                      ------------------------------------------------------------------------------
2025-07-27 16:23:45   Solver order = 2


                      ------------------------------------------------------------------------------
2025-07-27 16:23:45   Detected 9 independent conductive sets.
2025-07-27 16:23:45   Desired accuracy = 1.0e-062025-07-27 16:23:45   


                      ------------------------------------------------------------------------------
2025-07-27 16:23:45   Using mesh with curved elements order: 3


                      ------------------------------------------------------------------------------
2025-07-27 16:23:46   Capacitance computation

                      ------------------------------------------------------------------------------
2025-07-27 16:23:49   Solver Timing Statistics: (last run)

                        Mesh generation:                  0d :  0h :  0m :  3s
                        Assembling process:               0d :  0h :  0m :  0s
                        Linear solver:                    0d :  0h :  0m :  0s
                        Post-processing:                  0d :  0h :  0m :  3s
                                                       --------------------------
                        Total time:                       0d :  0h :  0m :  6s

                        Number of threads used:           1024 



                      ------------------------------------------------------------------------------
2025-07-27 16:23:49   Solver Size Statistics:

                        Number of mesh cells:         79483 
                        Number of unknowns:           96194

                      ------------------------------------------------------------------------------
2025-07-27 16:23:49   Linear Solver Results: (last run)

                        Accuracy:                     7.189608e-07
                        Desired accuracy:             1.000000e-06
                        Number of iterations:         15
                        Maximum number of iterations: 10000


                      ------------------------------------------------------------------------------
2025-07-27 16:23:49   Memory statistics:

                        ----------------------------------------------------------------------------
                                            Peak memory used (kB)         Free physical memory (kB) 
                                                                          At begin     Minimum      
                        ----------------------------------------------------------------------------
                        Solver start        15168                         13928088     13926724     
                        Solver run total    160304                        13924792     13792444     
                        ----------------------------------------------------------------------------


                      ------------------------------------------------------------------------------
2025-07-27 16:23:49   Creating parametric 1D results for Run ID 11

                      ------------------------------------------------------------------------------
