2025-07-25 13:55:21   Electrostatic Solver

                      ------------------------------------------------------------------------------
2025-07-25 13:55:21   Units settings: 

                        Dimensions: mm
                        Frequency:  MHz

                      ------------------------------------------------------------------------------
2025-07-25 13:55:21   Boundary conditions: 

                        YZsymmetry: none
                        XZsymmetry: none
                        XYsymmetry: none

                        Xmin: magnetic
                        Xmax: magnetic

                        Ymin: magnetic
                        Ymax: magnetic

                        Zmin: magnetic
                        Zmax: magnetic

                      ------------------------------------------------------------------------------
2025-07-25 13:55:21   *** Warning ***

                      This software is licensed for non-commercial use only.

                      ------------------------------------------------------------------------------
2025-07-25 13:55:21   --- Material prioritization table with "ElectricConductivity" scheme was used
                      ---
                       - PEC
                       - esf1-B_Cu_0(PCB2)/PEC Sheets
                       - esf1-F_Cu_0(PCB1)/PEC Sheets
                       - esf6-B(PCB4)/PEC Sheets
                       - esf6-F(PCB3)/PEC Sheets
                       - esf7_gnd(PCB3)/PEC Sheets
                       - esf7_s1(PCB1)/PEC Sheets
                       - esf7_s2(PCB2)/PEC Sheets
                       - Copper (annealed)
                       - esf1-B_Cu_0(PCB2)/Copper
                       - esf1-B_Cu_0(PCB2)/VIAS_MATERIAL
                       - esf1-F_Cu_0(PCB1)/Copper
                       - esf1-F_Cu_0(PCB1)/VIAS_MATERIAL
                       - esf6-B(PCB4)/Copper
                       - esf6-B(PCB4)/VIAS_MATERIAL
                       - esf6-F(PCB3)/Copper
                       - esf6-F(PCB3)/VIAS_MATERIAL
                       - esf7_gnd(PCB3)/Copper
                       - esf7_gnd(PCB3)/VIAS_MATERIAL
                       - esf7_s1(PCB1)/Copper
                       - esf7_s1(PCB1)/VIAS_MATERIAL
                       - esf7_s2(PCB2)/Copper
                       - esf7_s2(PCB2)/VIAS_MATERIAL
                       - $CoilMaterial$
                       - $NFSMaterial$
                       - Air
                       - FR-4 (lossy)
                       - Folder1/material1
                       - air_0

                      ------------------------------------------------------------------------------
2025-07-25 13:55:25   Solver started at: 2025-07-25 13:55:25 +1200

                        Module:  Electrostatic Solver (Win 64)
                        Version: 2024.5 Release from 2024-06-14 (change 1285309)

                        Hardware:
                           Computer name: EN461026

                      ------------------------------------------------------------------------------
2025-07-25 13:55:25   Solver order = 2


                      ------------------------------------------------------------------------------
2025-07-25 13:55:25   Detected 9 independent conductive sets.
2025-07-25 13:55:25   Desired accuracy = 1.0e-062025-07-25 13:55:25   


                      ------------------------------------------------------------------------------
2025-07-25 13:55:25   Using mesh with curved elements order: 3


                      ------------------------------------------------------------------------------
2025-07-25 13:55:26   Capacitance computation

                      ------------------------------------------------------------------------------
2025-07-25 13:55:29   Solver Timing Statistics: (last run)

                        Mesh generation:                  0d :  0h :  0m :  3s
                        Assembling process:               0d :  0h :  0m :  0s
                        Linear solver:                    0d :  0h :  0m :  0s
                        Post-processing:                  0d :  0h :  0m :  3s
                                                       --------------------------
                        Total time:                       0d :  0h :  0m :  6s

                        Number of threads used:           1024 



                      ------------------------------------------------------------------------------
2025-07-25 13:55:29   Solver Size Statistics:

                        Number of mesh cells:         54573 
                        Number of unknowns:           65540

                      ------------------------------------------------------------------------------
2025-07-25 13:55:29   Linear Solver Results: (last run)

                        Accuracy:                     9.520039e-07
                        Desired accuracy:             1.000000e-06
                        Number of iterations:         25
                        Maximum number of iterations: 10000


                      ------------------------------------------------------------------------------
2025-07-25 13:55:29   Memory statistics:

                        ----------------------------------------------------------------------------
                                            Peak memory used (kB)         Free physical memory (kB) 
                                                                          At begin     Minimum      
                        ----------------------------------------------------------------------------
                        Solver start        15172                         18366860     18366412     
                        Solver run total    131368                        18363116     18215856     
                        ----------------------------------------------------------------------------


                      ------------------------------------------------------------------------------
2025-07-25 13:55:29   Creating parametric 1D results for Run ID 11

                      ------------------------------------------------------------------------------
