08-26 08:18:32 com_github_MitjaNemec_ReplicateLayout.action_replicate_layout 392:Plugin executed on: 'darwin'
08-26 08:18:32 com_github_MitjaNemec_ReplicateLayout.action_replicate_layout 393:Plugin executed with python version: '3.9.13 (v3.9.13:6de2ca5339, May 17 2022, 11:37:23) \n[Clang 13.0.0 (clang-1300.0.29.30)]'
08-26 08:18:32 com_github_MitjaNemec_ReplicateLayout.action_replicate_layout 394:KiCad build version: 8.0.8
08-26 08:18:32 com_github_MitjaNemec_ReplicateLayout.action_replicate_layout 395:Plugin version: 3.0.3
08-26 08:18:32 com_github_MitjaNemec_ReplicateLayout.action_replicate_layout 396:Frame repr: <wx._core.Frame object at 0x348662700>
08-26 08:18:32 com_github_MitjaNemec_ReplicateLayout.action_replicate_layout 420:Preparing replicator with U7 as a reference
08-26 08:18:32 com_github_MitjaNemec_ReplicateLayout.replicate_layout 117:getting a list of all footprints on board
08-26 08:18:32 com_github_MitjaNemec_ReplicateLayout.action_replicate_layout 468:source anchor footprint is 'U7'
Located on: ['opampInstrumentationAmp1']
With filenames: ['ia2.kicad_sch']
With sheet_id:['opampInstrumentationAmp1']
08-26 08:18:32 com_github_MitjaNemec_ReplicateLayout.action_replicate_layout 475:Corresponding footprints are 
[('U7', ['opampInstrumentationAmp1']), ('U6', ['opampInstrumentationAmp2'])]
08-26 08:18:32 com_github_MitjaNemec_ReplicateLayout.action_replicate_layout 487:Showing dialog
08-26 08:18:32 com_github_MitjaNemec_ReplicateLayout.replicate_layout 472:constructing a list of sheets suitable for replication on level:'opampInstrumentationAmp1', file:'ia2.kicad_sch'
08-26 08:18:32 com_github_MitjaNemec_ReplicateLayout.replicate_layout 509:suitable sheets are:[['opampInstrumentationAmp2']]
08-26 08:18:32 com_github_MitjaNemec_ReplicateLayout.replicate_layout 1507:Level selected: ['opampInstrumentationAmp1']
08-26 08:18:32 com_github_MitjaNemec_ReplicateLayout.replicate_layout 1331:Filtering list of tracks
08-26 08:18:32 com_github_MitjaNemec_ReplicateLayout.action_replicate_layout 493:Toolbar position: wx.Point(1507, 134)
08-26 08:18:32 com_github_MitjaNemec_ReplicateLayout.action_replicate_layout 498:Dialog position: wx.Point(1068, 134)
08-26 08:18:35 com_github_MitjaNemec_ReplicateLayout.replicate_layout 472:constructing a list of sheets suitable for replication on level:'opampInstrumentationAmp1', file:'ia2.kicad_sch'
08-26 08:18:35 com_github_MitjaNemec_ReplicateLayout.replicate_layout 509:suitable sheets are:[['opampInstrumentationAmp2']]
08-26 08:18:35 com_github_MitjaNemec_ReplicateLayout.action_replicate_layout 240:Replicating layout
08-26 08:18:35 com_github_MitjaNemec_ReplicateLayout.replicate_layout 288:Starting replication of sheets: [['opampInstrumentationAmp2']]
on level: ['opampInstrumentationAmp1']
with tracks=True, zone=True, text=True, text=True, intersecting=False, remove=False, locked footprints=False, group_only=False
08-26 08:18:35 root 332:updating GUI message: 'Preparing for replication'
08-26 08:18:35 root 337:updating GUI with: 0
08-26 08:18:35 com_github_MitjaNemec_ReplicateLayout.replicate_layout 358:Getting the list of source footprints
08-26 08:18:35 com_github_MitjaNemec_ReplicateLayout.replicate_layout 368:Getting the list of all the remaining footprints
08-26 08:18:35 com_github_MitjaNemec_ReplicateLayout.replicate_layout 375:Getting source tracks
08-26 08:18:35 com_github_MitjaNemec_ReplicateLayout.replicate_layout 1331:Filtering list of tracks
08-26 08:18:35 com_github_MitjaNemec_ReplicateLayout.replicate_layout 379:Getting source zones
08-26 08:18:35 com_github_MitjaNemec_ReplicateLayout.replicate_layout 383:Getting source text items
08-26 08:18:35 com_github_MitjaNemec_ReplicateLayout.replicate_layout 387:Getting source drawing items
