2025-07-08 06:44:03   LF Time Domain Solver (MQS)

                      ------------------------------------------------------------------------------
2025-07-08 06:44:03   Units settings: 

                        Dimensions: m
                        Frequency:  Hz

                      ------------------------------------------------------------------------------
2025-07-08 06:44:03   Boundary conditions: 

                        YZsymmetry: none
                        XZsymmetry: none
                        XYsymmetry: none

                        Xmin: magnetic
                        Xmax: magnetic

                        Ymin: magnetic
                        Ymax: magnetic

                        Zmin: magnetic
                        Zmax: magnetic

                      ------------------------------------------------------------------------------
2025-07-08 06:44:03   *** Warning ***

                      This software is licensed for non-commercial use only.

                      ------------------------------------------------------------------------------
2025-07-08 06:44:03   Solver started at: 2025-07-08 06:44:03 +1200

                        Module:  LF Time Domain Solver (MQS) (Win 64)
                        Version: 2024.5 Release from 2024-06-14 (change 1285309)

                        Hardware:
                           Computer name: EN461026

                      ------------------------------------------------------------------------------
2025-07-08 06:44:03   Solver order = 2


                      ------------------------------------------------------------------------------
2025-07-08 06:44:04   Detected 4 independent conductive sets.
2025-07-08 06:44:04   Desired accuracy = 1.0e-062025-07-08 06:44:04   


                      ------------------------------------------------------------------------------
2025-07-08 06:44:04   Using mesh with curved elements order: 1


                      ------------------------------------------------------------------------------
2025-07-08 06:44:05   Linear solver is running
                      Desired linear accuracy = 1.0e-06, max Iter = 1200


                      ------------------------------------------------------------------------------
2025-07-08 06:44:06   Linear solver is running
                      Desired linear accuracy = 1.0e-06, max Iter = 1200


                      ------------------------------------------------------------------------------
2025-07-08 06:44:18   Solver Size Statistics:

                        Number of mesh cells:         338346 
                        Number of unknowns:           434161

                      ------------------------------------------------------------------------------
2025-07-08 06:44:18   Solver Timing Statistics:

                        Meshing time:	           0d :  0h :  0m :  0s
                        Assemble time:           0d :  0h :  0m :  2s
                        Solver time:             0d :  0h :  0m : 11s
                        Post-processing time:    0d :  0h :  0m :  1s
                                          	--------------------------
                        Total time:              0d :  0h :  0m : 14s

                        Number of threads used:  8 



                      ------------------------------------------------------------------------------
2025-07-08 06:44:18   Memory statistics:

                        ----------------------------------------------------------------------------
                                            Peak memory used (kB)         Free physical memory (kB) 
                                                                          At begin     Minimum      
                        ----------------------------------------------------------------------------
                        Solver start        15228                         15578240     15577852     
                        Solver run total    753088                        15575744     14877656     
                        ----------------------------------------------------------------------------


                      ------------------------------------------------------------------------------
2025-07-08 06:44:18   Created export files in C:\Users\npat025\OneDrive - The University of
                      Auckland\mystuff\cst\esf\esf2_TD\Export\FieldPlots\E-Field (50) (Arrows Plot)\

                      ------------------------------------------------------------------------------
2025-07-08 06:44:18   Created export files in C:\Users\npat025\OneDrive - The University of
                      Auckland\mystuff\cst\esf\esf2_TD\Export\FieldPlots\E-Field (Js) (Contour Plot)\

                      ------------------------------------------------------------------------------
