2025-07-24 07:10:58   Electrostatic Solver

                      ------------------------------------------------------------------------------
2025-07-24 07:10:58   Units settings: 

                        Dimensions: mm
                        Frequency:  MHz

                      ------------------------------------------------------------------------------
2025-07-24 07:10:58   Boundary conditions: 

                        YZsymmetry: none
                        XZsymmetry: none
                        XYsymmetry: none

                        Xmin: magnetic
                        Xmax: magnetic

                        Ymin: magnetic
                        Ymax: magnetic

                        Zmin: magnetic
                        Zmax: magnetic

                      ------------------------------------------------------------------------------
2025-07-24 07:10:58   *** Warning ***

                      This software is licensed for non-commercial use only.

                      ------------------------------------------------------------------------------
2025-07-24 07:10:59   --- Material prioritization table with "ElectricConductivity" scheme was used
                      ---
                       - PEC
                       - esf1-B_Cu_0(PCB2)/PEC Sheets
                       - esf1-F_Cu_0(PCB1)/PEC Sheets
                       - esf6-B(PCB4)/PEC Sheets
                       - esf6-F(PCB3)/PEC Sheets
                       - Copper (annealed)
                       - esf1-B_Cu_0(PCB2)/Copper
                       - esf1-B_Cu_0(PCB2)/VIAS_MATERIAL
                       - esf1-F_Cu_0(PCB1)/Copper
                       - esf1-F_Cu_0(PCB1)/VIAS_MATERIAL
                       - esf6-B(PCB4)/Copper
                       - esf6-B(PCB4)/VIAS_MATERIAL
                       - esf6-F(PCB3)/Copper
                       - esf6-F(PCB3)/VIAS_MATERIAL
                       - $CoilMaterial$
                       - $NFSMaterial$
                       - Air
                       - FR-4 (lossy)
                       - Folder1/material1
                       - air_0

                      ------------------------------------------------------------------------------
2025-07-24 07:11:01   Solver started at: 2025-07-24 07:11:01 +1200

                        Module:  Electrostatic Solver (Win 64)
                        Version: 2024.5 Release from 2024-06-14 (change 1285309)

                        Hardware:
                           Computer name: EN461026

                      ------------------------------------------------------------------------------
2025-07-24 07:11:01   Solver order = 2


                      ------------------------------------------------------------------------------
2025-07-24 07:11:01   Detected 2 independent conductive sets.
2025-07-24 07:11:01   Desired accuracy = 1.0e-062025-07-24 07:11:01   


                      ------------------------------------------------------------------------------
2025-07-24 07:11:01   Using mesh with curved elements order: 3


                      ------------------------------------------------------------------------------
2025-07-24 07:11:02   Capacitance computation

                      ------------------------------------------------------------------------------
2025-07-24 07:11:02   Solver Timing Statistics: (last run)

                        Mesh generation:                  0d :  0h :  0m :  2s
                        Assembling process:               0d :  0h :  0m :  0s
                        Linear solver:                    0d :  0h :  0m :  0s
                                                       --------------------------
                        Total time:                       0d :  0h :  0m :  2s

                        Number of threads used:           1024 



                      ------------------------------------------------------------------------------
2025-07-24 07:11:02   Solver Size Statistics:

                        Number of mesh cells:         17418 
                        Number of unknowns:           21462

                      ------------------------------------------------------------------------------
2025-07-24 07:11:02   Linear Solver Results: (last run)

                        Accuracy:                     1.516536e-15
                        Desired accuracy:             1.000000e-06
                        Number of iterations:         1
                        Maximum number of iterations: 10000


                      ------------------------------------------------------------------------------
2025-07-24 07:11:02   Memory statistics:

                        ----------------------------------------------------------------------------
                                            Peak memory used (kB)         Free physical memory (kB) 
                                                                          At begin     Minimum      
                        ----------------------------------------------------------------------------
                        Solver start        14900                         7762416      7762368      
                        Solver run total    112580                        7762128      7703312      
                        ----------------------------------------------------------------------------


                      ------------------------------------------------------------------------------
2025-07-24 07:11:02   Creating parametric 1D results for Run ID 1

                      ------------------------------------------------------------------------------
