2025-07-22 23:01:27   Electrostatic Solver

                      ------------------------------------------------------------------------------
2025-07-22 23:01:27   Units settings: 

                        Dimensions: m
                        Frequency:  Hz

                      ------------------------------------------------------------------------------
2025-07-22 23:01:27   Boundary conditions: 

                        YZsymmetry: none
                        XZsymmetry: none
                        XYsymmetry: none

                        Xmin: magnetic
                        Xmax: magnetic

                        Ymin: magnetic
                        Ymax: magnetic

                        Zmin: magnetic
                        Zmax: magnetic

                      ------------------------------------------------------------------------------
2025-07-22 23:01:27   *** Warning ***

                      This software is licensed for non-commercial use only.

                      ------------------------------------------------------------------------------
2025-07-22 23:01:27   Solver started at: 2025-07-22 23:01:27 +1200

                        Module:  Electrostatic Solver (Win 64)
                        Version: 2024.5 Release from 2024-06-14 (change 1285309)

                        Hardware:
                           Computer name: EN461026

                      ------------------------------------------------------------------------------
2025-07-22 23:01:27   Solver order = 2


                      ------------------------------------------------------------------------------
2025-07-22 23:01:27   Detected 4 independent conductive sets.
2025-07-22 23:01:27   Desired accuracy = 1.0e-062025-07-22 23:01:27   


                      ------------------------------------------------------------------------------
2025-07-22 23:01:27   Using mesh with curved elements order: 1


                      ------------------------------------------------------------------------------
2025-07-22 23:01:28   Adaptive Computation

                      ------------------------------------------------------------------------------
2025-07-22 23:01:28   Pass 1: 

                      ------------------------------------------------------------------------------
2025-07-22 23:01:28   Pass 2: 

                      ------------------------------------------------------------------------------
2025-07-22 23:01:28   Marked 4084 of 45840 for refinement.2025-07-22 23:01:29   Refinement successful
2025-07-22 23:01:30   Solver Timing Statistics: (last run)

                        Mesh generation:                  0d :  0h :  0m :  2s
                        Initialization and data import:   0d :  0h :  0m :  0s
                        Assembling process:               0d :  0h :  0m :  0s
                        Linear solver:                    0d :  0h :  0m :  0s
                                                       --------------------------
                        Total time:                       0d :  0h :  0m :  3s

                        Number of threads used:           1024 



                      ------------------------------------------------------------------------------
2025-07-22 23:01:30   Total simulation time (all mesh adaptation runs) 0d :  0h :  0m :  2s


                      ------------------------------------------------------------------------------
2025-07-22 23:01:30   Solver Size Statistics:

                        Number of mesh cells:         67188 
                        Number of unknowns:           86009

                      ------------------------------------------------------------------------------
2025-07-22 23:01:30   Linear Solver Results: (last run)

                        Accuracy:                     7.621356e-07
                        Desired accuracy:             1.000000e-06
                        Number of iterations:         14
                        Maximum number of iterations: 10000


                      ------------------------------------------------------------------------------
2025-07-22 23:01:30   Memory statistics:

                        ----------------------------------------------------------------------------
                                            Peak memory used (kB)         Free physical memory (kB) 
                                                                          At begin     Minimum      
                        ----------------------------------------------------------------------------
                        Solver start        14680                         6190588      6190520      
                        Solver run total    114784                        6189400      6079768      
                        ----------------------------------------------------------------------------


                      ------------------------------------------------------------------------------
2025-07-22 23:01:31   Creating parametric 1D results for Run ID 1

                      ------------------------------------------------------------------------------
