2025-07-30 10:32:02   Electrostatic Solver

                      ------------------------------------------------------------------------------
2025-07-30 10:32:02   Units settings: 

                        Dimensions: mm
                        Frequency:  MHz

                      ------------------------------------------------------------------------------
2025-07-30 10:32:02   Boundary conditions: 

                        YZsymmetry: none
                        XZsymmetry: none
                        XYsymmetry: none

                        Xmin: electric
                        Xmax: electric

                        Ymin: electric
                        Ymax: electric

                        Zmin: electric
                        Zmax: electric

                      ------------------------------------------------------------------------------
2025-07-30 10:32:02   *** Warning ***

                      This software is licensed for non-commercial use only.

                      ------------------------------------------------------------------------------
2025-07-30 10:32:02   The length ratio between the shortest and the longest model edges is 1:12698.
                      Short model edges can be highlighted via Mesh:Mesh Control->Check Mesh->Check
                      Model Edge Length.... (It may be advantageous to model the metallizations as
                      infinitely thin sheets.) More...

                      ------------------------------------------------------------------------------
2025-07-30 10:32:02   --- Material prioritization table with "ElectricConductivity" scheme was used
                      ---
                       - PEC
                       - esf8grid-gnd(PCB3)/PEC Sheets
                       - esf8grid_s1(PCB1)/PEC Sheets
                       - esf8grid_s2(PCB2)/PEC Sheets
                       - Copper (annealed)
                       - esf8grid-gnd(PCB3)/Copper
                       - esf8grid-gnd(PCB3)/VIAS_MATERIAL
                       - esf8grid_s1(PCB1)/Copper
                       - esf8grid_s1(PCB1)/VIAS_MATERIAL
                       - esf8grid_s2(PCB2)/Copper
                       - esf8grid_s2(PCB2)/VIAS_MATERIAL
                       - $CoilMaterial$
                       - $NFSMaterial$
                       - Air
                       - FR-4 (loss free)
                       - air_0

                      ------------------------------------------------------------------------------
2025-07-30 10:32:22   Solver started at: 2025-07-30 10:32:22 +1200

                        Module:  Electrostatic Solver (Win 64)
                        Version: 2024.5 Release from 2024-06-14 (change 1285309)

                        Hardware:
                           Computer name: EN461026

                      ------------------------------------------------------------------------------
2025-07-30 10:32:22   Solver order = 2


                      ------------------------------------------------------------------------------
2025-07-30 10:32:23   Detected 35 independent conductive sets.
2025-07-30 10:32:23   Desired accuracy = 1.0e-062025-07-30 10:32:23   


                      ------------------------------------------------------------------------------
2025-07-30 10:32:23   Using mesh with curved elements order: 3


                      ------------------------------------------------------------------------------
2025-07-30 10:32:33   Capacitance computation

                      ------------------------------------------------------------------------------
2025-07-30 10:35:10   Solver Timing Statistics: (last run)

                        Mesh generation:                  0d :  0h :  0m : 19s
                        Assembling process:               0d :  0h :  0m :  2s
                        Linear solver:                    0d :  0h :  0m :  4s
                        Post-processing:                  0d :  0h :  2m : 40s
                                                       --------------------------
                        Total time:                       0d :  0h :  3m :  6s

                        Number of threads used:           1024 



                      ------------------------------------------------------------------------------
2025-07-30 10:35:10   Solver Size Statistics:

                        Number of mesh cells:         451073 
                        Number of unknowns:           538119

                      ------------------------------------------------------------------------------
2025-07-30 10:35:10   Linear Solver Results: (last run)

                        Accuracy:                     9.715133e-07
                        Desired accuracy:             1.000000e-06
                        Number of iterations:         64
                        Maximum number of iterations: 10000


                      ------------------------------------------------------------------------------
2025-07-30 10:35:10   Memory statistics:

                        ----------------------------------------------------------------------------
                                            Peak memory used (kB)         Free physical memory (kB) 
                                                                          At begin     Minimum      
                        ----------------------------------------------------------------------------
                        Solver start        15252                         9897704      9897516      
                        Solver run total    1564708                       9896632      8191920      
                        ----------------------------------------------------------------------------


                      ------------------------------------------------------------------------------
2025-07-30 10:35:11   Creating parametric 1D results for Run ID 11

                      ------------------------------------------------------------------------------
