--------------- Build Started: 08/08/2025 15:57:44 Project: CapSense_CSD_WithTuner01, Configuration: ARM GCC 5.4-2016-q2-update Debug ---------------
cydsfit.exe -.appdatapath "C:\Users\ash750\AppData\Local\Cypress Semiconductor\PSoC Creator\4.2" -.fdsnotice -.fdswarpdepfile=warp_dependencies.txt -.fdselabdepfile=elab_dependencies.txt -.fdsbldfile=generated_files.txt -.fdsreffile=referenced_files.txt -p H:\P4P\New\P4P_Project-130\Capsense_stuff\Cap_Sense.cydsn\CapSense_CSD_WithTuner01.cydsn\CapSense_CSD_WithTuner01.cyprj -d CY8C5888LTI-LP097 -s H:\P4P\New\P4P_Project-130\Capsense_stuff\Cap_Sense.cydsn\CapSense_CSD_WithTuner01.cydsn\Generated_Source\PSoC5 -- -yv2 -q10 -ygs -o2 -v3 -.fftcfgtype=LE
Elaborating Design...
HDL Generation...
Synthesis...
Tech Mapping...
Analog Placement...
Log: apr.M0058: The analog placement iterative improvement is 38% done. (App=cydsfit)
Log: apr.M0058: The analog placement iterative improvement is 63% done. (App=cydsfit)
Analog Routing...
Analog Code Generation...
Digital Placement...
Digital Routing...
Bitstream Generation...
Bitstream Verification...
Static timing analysis...
API Generation...
Dependency Generation...
Cleanup...
arm-none-eabi-gcc.exe -mcpu=cortex-m3 -mthumb -I. -IGenerated_Source\PSoC5 -Wa,-alh=.\ARM_GCC_541\Debug/main.lst -g -ffunction-sections -ffat-lto-objects -O0 -c main.c -o .\ARM_GCC_541\Debug\main.o
arm-none-eabi-gcc.exe -mcpu=cortex-m3 -mthumb -I. -IGenerated_Source\PSoC5 -Wa,-alh=.\ARM_GCC_541\Debug/CapSense_CSD_CSHL.lst -g -ffunction-sections -ffat-lto-objects -O0 -c Generated_Source\PSoC5\CapSense_CSD_CSHL.c -o .\ARM_GCC_541\Debug\CapSense_CSD_CSHL.o
arm-none-eabi-gcc.exe -mcpu=cortex-m3 -mthumb -I. -IGenerated_Source\PSoC5 -Wa,-alh=.\ARM_GCC_541\Debug/CapSense_CSD_MBX.lst -g -ffunction-sections -ffat-lto-objects -O0 -c Generated_Source\PSoC5\CapSense_CSD_MBX.c -o .\ARM_GCC_541\Debug\CapSense_CSD_MBX.o
arm-none-eabi-gcc.exe -mcpu=cortex-m3 -mthumb -I. -IGenerated_Source\PSoC5 -Wa,-alh=.\ARM_GCC_541\Debug/CapSense_CSD_SMS_Wrapper.lst -g -ffunction-sections -ffat-lto-objects -O0 -c Generated_Source\PSoC5\CapSense_CSD_SMS_Wrapper.c -o .\ARM_GCC_541\Debug\CapSense_CSD_SMS_Wrapper.o
arm-none-eabi-gcc.exe -mcpu=cortex-m3 -mthumb -I. -IGenerated_Source\PSoC5 -Wa,-alh=.\ARM_GCC_541\Debug/CapSense_CSD_TunerHelper.lst -g -ffunction-sections -ffat-lto-objects -O0 -c Generated_Source\PSoC5\CapSense_CSD_TunerHelper.c -o .\ARM_GCC_541\Debug\CapSense_CSD_TunerHelper.o
arm-none-eabi-ar.exe -rs .\ARM_GCC_541\Debug\CapSense_CSD_WithTuner01.a .\ARM_GCC_541\Debug\Pins.o .\ARM_GCC_541\Debug\EzI2C.o .\ARM_GCC_541\Debug\EzI2C_PM.o .\ARM_GCC_541\Debug\EzI2C_INT.o .\ARM_GCC_541\Debug\CapSense_CSD.o .\ARM_GCC_541\Debug\CapSense_CSD_CSHL.o .\ARM_GCC_541\Debug\CapSense_CSD_INT.o .\ARM_GCC_541\Debug\CapSense_CSD_MBX.o .\ARM_GCC_541\Debug\CapSense_CSD_Pins.o .\ARM_GCC_541\Debug\CapSense_CSD_PM.o .\ARM_GCC_541\Debug\CapSense_CSD_SMS_Wrapper.o .\ARM_GCC_541\Debug\CapSense_CSD_TunerHelper.o .\ARM_GCC_541\Debug\CapSense_CSD_CompCH0.o .\ARM_GCC_541\Debug\CapSense_CSD_CompCH0_PM.o .\ARM_GCC_541\Debug\CapSense_CSD_IdacCH0.o .\ARM_GCC_541\Debug\CapSense_CSD_IdacCH0_PM.o .\ARM_GCC_541\Debug\CapSense_CSD_AMuxCH0.o .\ARM_GCC_541\Debug\CapSense_CSD_IntClock.o .\ARM_GCC_541\Debug\cy_em_eeprom.o .\ARM_GCC_541\Debug\CyDmac.o .\ARM_GCC_541\Debug\CyFlash.o .\ARM_GCC_541\Debug\CyLib.o .\ARM_GCC_541\Debug\cyPm.o .\ARM_GCC_541\Debug\CySpc.o .\ARM_GCC_541\Debug\cyutils.o .\ARM_GCC_541\Debug\LED.o .\ARM_GCC_541\Debug\Clock_1.o .\ARM_GCC_541\Debug\PWM_1.o .\ARM_GCC_541\Debug\PWM_1_PM.o .\ARM_GCC_541\Debug\CyBootAsmGnu.o
arm-none-eabi-ar.exe: creating .\ARM_GCC_541\Debug\CapSense_CSD_WithTuner01.a
arm-none-eabi-gcc.exe -Wl,--start-group -o H:\P4P\New\P4P_Project-130\Capsense_stuff\Cap_Sense.cydsn\CapSense_CSD_WithTuner01.cydsn\ARM_GCC_541\Debug\CapSense_CSD_WithTuner01.elf .\ARM_GCC_541\Debug\main.o .\ARM_GCC_541\Debug\cyfitter_cfg.o .\ARM_GCC_541\Debug\cymetadata.o .\ARM_GCC_541\Debug\Cm3Start.o .\ARM_GCC_541\Debug\CapSense_CSD_WithTuner01.a "C:\Program Files (x86)\Cypress\PSoC Creator\4.2\PSoC Creator\psoc\content\CyComponentLibrary\CyComponentLibrary.cylib\CapSense_CSD_v3_50\Library\CapSenseLibrary_GCC.a" "C:\Program Files (x86)\Cypress\PSoC Creator\4.2\PSoC Creator\psoc\content\cycomponentlibrary\CyComponentLibrary.cylib\CortexM3\ARM_GCC_541\Debug\CyComponentLibrary.a" -mcpu=cortex-m3 -mthumb -L Generated_Source\PSoC5 -Wl,-Map,.\ARM_GCC_541\Debug/CapSense_CSD_WithTuner01.map -T Generated_Source\PSoC5\cm3gcc.ld -specs=nano.specs -Wl,--gc-sections -g -ffunction-sections -O0 -ffat-lto-objects -Wl,--end-group
cyelftool.exe -C H:\P4P\New\P4P_Project-130\Capsense_stuff\Cap_Sense.cydsn\CapSense_CSD_WithTuner01.cydsn\ARM_GCC_541\Debug\CapSense_CSD_WithTuner01.elf --flash_row_size 256 --flash_size 262144 --flash_offset 0x00000000
No ELF section .cychecksum found, creating one
Application checksum calculated and stored in ELF section .cychecksum
Checksum calculated and stored in ELF section .cymeta
cyelftool.exe -S H:\P4P\New\P4P_Project-130\Capsense_stuff\Cap_Sense.cydsn\CapSense_CSD_WithTuner01.cydsn\ARM_GCC_541\Debug\CapSense_CSD_WithTuner01.elf
Flash used: 8030 of 262144 bytes (3.1%).
SRAM used: 2637 of 65536 bytes (4.0%). Stack: 2048 bytes. Heap: 128 bytes.
--------------- Build Succeeded: 08/08/2025 15:58:47 ---------------
