Unknown:
C:\Users\npat025\OneDrive - The University of Auckland\mystuff\cst\esf\esf2_TD\Result\hardware_resources.sconf
C:\Users\npat025\OneDrive - The University of Auckland\mystuff\cst\esf\esf2_TD\Result\Model.log
C:\Users\npat025\OneDrive - The University of Auckland\mystuff\cst\esf\esf2_TD\Result\Model.sa
C:\Users\npat025\OneDrive - The University of Auckland\mystuff\cst\esf\esf2_TD\Result\Postprocessing.log
Mesh:
C:\Users\npat025\OneDrive - The University of Auckland\mystuff\cst\esf\esf2_TD\Result\3d.slim
C:\Users\npat025\OneDrive - The University of Auckland\mystuff\cst\esf\esf2_TD\Result\bc3d.tet
C:\Users\npat025\OneDrive - The University of Auckland\mystuff\cst\esf\esf2_TD\Result\log.tet
C:\Users\npat025\OneDrive - The University of Auckland\mystuff\cst\esf\esf2_TD\Result\meshrelated.info
C:\Users\npat025\OneDrive - The University of Auckland\mystuff\cst\esf\esf2_TD\Result\Mesh_Input.Entities2Mesh.tet
C:\Users\npat025\OneDrive - The University of Auckland\mystuff\cst\esf\esf2_TD\Result\Mesh_Input.Options.tet
C:\Users\npat025\OneDrive - The University of Auckland\mystuff\cst\esf\esf2_TD\Result\Mesh_Input.QuasiModel.tet
C:\Users\npat025\OneDrive - The University of Auckland\mystuff\cst\esf\esf2_TD\Result\Mesh_Output.QuasiModel.tet
C:\Users\npat025\OneDrive - The University of Auckland\mystuff\cst\esf\esf2_TD\Result\Mesh_Output.U2F.tet
C:\Users\npat025\OneDrive - The University of Auckland\mystuff\cst\esf\esf2_TD\Result\mir.tet
C:\Users\npat025\OneDrive - The University of Auckland\mystuff\cst\esf\esf2_TD\Result\moegeom.tet
C:\Users\npat025\OneDrive - The University of Auckland\mystuff\cst\esf\esf2_TD\Result\objectid.tet
C:\Users\npat025\OneDrive - The University of Auckland\mystuff\cst\esf\esf2_TD\Result\sat.tet
C:\Users\npat025\OneDrive - The University of Auckland\mystuff\cst\esf\esf2_TD\Result\topot.tet
Port:
