Removed Pin From Net: NetName=GND_A Pin=R19_amplifier.SchDoc1-1
Removed Pin From Net: NetName=GND_A Pin=R19_amplifier.SchDoc2-1
Removed Pin From Net: NetName=GND_A Pin=R19_amplifier.SchDoc3-1
Removed Pin From Net: NetName=GND_A Pin=R19_amplifier.SchDoc4-1
Removed Pin From Net: NetName=GND_A Pin=R20_amplifier.SchDoc1-1
Removed Pin From Net: NetName=GND_A Pin=R20_amplifier.SchDoc2-1
Removed Pin From Net: NetName=GND_A Pin=R20_amplifier.SchDoc3-1
Removed Pin From Net: NetName=GND_A Pin=R20_amplifier.SchDoc4-1
Change Component DesignItemId : Designator=C2_amplifier.SchDoc1 Old DesignItemId=CAP000624 New DesignItemId=CAP000630
Change Component DesignItemId : Designator=C2_amplifier.SchDoc2 Old DesignItemId=CAP000624 New DesignItemId=CAP000630
Change Component DesignItemId : Designator=C2_amplifier.SchDoc3 Old DesignItemId=CAP000624 New DesignItemId=CAP000630
Change Component DesignItemId : Designator=C2_amplifier.SchDoc4 Old DesignItemId=CAP000624 New DesignItemId=CAP000630
Change Component DesignItemId : Designator=C3_amplifier.SchDoc1 Old DesignItemId=CAP000624 New DesignItemId=CAP000630
Change Component DesignItemId : Designator=C3_amplifier.SchDoc2 Old DesignItemId=CAP000624 New DesignItemId=CAP000630
Change Component DesignItemId : Designator=C3_amplifier.SchDoc3 Old DesignItemId=CAP000624 New DesignItemId=CAP000630
Change Component DesignItemId : Designator=C3_amplifier.SchDoc4 Old DesignItemId=CAP000624 New DesignItemId=CAP000630
Change Component DesignItemId : Designator=C5_amplifier.SchDoc1 Old DesignItemId=CAP000624 New DesignItemId=CAP000630
Change Component DesignItemId : Designator=C5_amplifier.SchDoc2 Old DesignItemId=CAP000624 New DesignItemId=CAP000630
Change Component DesignItemId : Designator=C5_amplifier.SchDoc3 Old DesignItemId=CAP000624 New DesignItemId=CAP000630
Change Component DesignItemId : Designator=C5_amplifier.SchDoc4 Old DesignItemId=CAP000624 New DesignItemId=CAP000630
Change Component DesignItemId : Designator=C6_amplifier.SchDoc1 Old DesignItemId=CAP000624 New DesignItemId=CAP000630
Change Component DesignItemId : Designator=C6_amplifier.SchDoc2 Old DesignItemId=CAP000624 New DesignItemId=CAP000630
Change Component DesignItemId : Designator=C6_amplifier.SchDoc3 Old DesignItemId=CAP000624 New DesignItemId=CAP000630
Change Component DesignItemId : Designator=C6_amplifier.SchDoc4 Old DesignItemId=CAP000624 New DesignItemId=CAP000630
Change Component DesignItemId : Designator=R19_amplifier.SchDoc1 Old DesignItemId=RES000159 New DesignItemId=RES000150
Change Component DesignItemId : Designator=R19_amplifier.SchDoc2 Old DesignItemId=RES000159 New DesignItemId=RES000150
Change Component DesignItemId : Designator=R19_amplifier.SchDoc3 Old DesignItemId=RES000159 New DesignItemId=RES000150
Change Component DesignItemId : Designator=R19_amplifier.SchDoc4 Old DesignItemId=RES000159 New DesignItemId=RES000150
Change Component DesignItemId : Designator=R20_amplifier.SchDoc1 Old DesignItemId=RES000159 New DesignItemId=RES000150
Change Component DesignItemId : Designator=R20_amplifier.SchDoc2 Old DesignItemId=RES000159 New DesignItemId=RES000150
Change Component DesignItemId : Designator=R20_amplifier.SchDoc3 Old DesignItemId=RES000159 New DesignItemId=RES000150
Change Component DesignItemId : Designator=R20_amplifier.SchDoc4 Old DesignItemId=RES000159 New DesignItemId=RES000150
Change Component Comment : Designator=R19_amplifier.SchDoc1 Old Comment=56K New Comment=10K
Change Component Comment : Designator=R19_amplifier.SchDoc2 Old Comment=56K New Comment=10K
Change Component Comment : Designator=R19_amplifier.SchDoc3 Old Comment=56K New Comment=10K
Change Component Comment : Designator=R19_amplifier.SchDoc4 Old Comment=56K New Comment=10K
Change Component Comment : Designator=R20_amplifier.SchDoc1 Old Comment=56K New Comment=10K
Change Component Comment : Designator=R20_amplifier.SchDoc2 Old Comment=56K New Comment=10K
Change Component Comment : Designator=R20_amplifier.SchDoc3 Old Comment=56K New Comment=10K
Change Component Comment : Designator=R20_amplifier.SchDoc4 Old Comment=56K New Comment=10K
Change Component Comment : Designator=C2_amplifier.SchDoc1 Old Comment=100nF New Comment=1uF
Change Component Comment : Designator=C2_amplifier.SchDoc2 Old Comment=100nF New Comment=1uF
Change Component Comment : Designator=C2_amplifier.SchDoc3 Old Comment=100nF New Comment=1uF
Change Component Comment : Designator=C2_amplifier.SchDoc4 Old Comment=100nF New Comment=1uF
Change Component Comment : Designator=C3_amplifier.SchDoc1 Old Comment=100nF New Comment=1uF
Change Component Comment : Designator=C3_amplifier.SchDoc2 Old Comment=100nF New Comment=1uF
Change Component Comment : Designator=C3_amplifier.SchDoc3 Old Comment=100nF New Comment=1uF
Change Component Comment : Designator=C3_amplifier.SchDoc4 Old Comment=100nF New Comment=1uF
Change Component Comment : Designator=C5_amplifier.SchDoc1 Old Comment=100nF New Comment=1uF
Change Component Comment : Designator=C5_amplifier.SchDoc2 Old Comment=100nF New Comment=1uF
Change Component Comment : Designator=C5_amplifier.SchDoc3 Old Comment=100nF New Comment=1uF
Change Component Comment : Designator=C5_amplifier.SchDoc4 Old Comment=100nF New Comment=1uF
Change Component Comment : Designator=C6_amplifier.SchDoc1 Old Comment=100nF New Comment=1uF
Change Component Comment : Designator=C6_amplifier.SchDoc2 Old Comment=100nF New Comment=1uF
Change Component Comment : Designator=C6_amplifier.SchDoc3 Old Comment=100nF New Comment=1uF
Change Component Comment : Designator=C6_amplifier.SchDoc4 Old Comment=100nF New Comment=1uF
Change Component Description : Designator=C2_amplifier.SchDoc1 Old Description=CAP CER 100nF 25V X7R SM0603 New Description=CAP CER 1uF 50V X7R SM0603
Change Component Description : Designator=C2_amplifier.SchDoc2 Old Description=CAP CER 100nF 25V X7R SM0603 New Description=CAP CER 1uF 50V X7R SM0603
Change Component Description : Designator=C2_amplifier.SchDoc3 Old Description=CAP CER 100nF 25V X7R SM0603 New Description=CAP CER 1uF 50V X7R SM0603
Change Component Description : Designator=C2_amplifier.SchDoc4 Old Description=CAP CER 100nF 25V X7R SM0603 New Description=CAP CER 1uF 50V X7R SM0603
Change Component Description : Designator=C3_amplifier.SchDoc1 Old Description=CAP CER 100nF 25V X7R SM0603 New Description=CAP CER 1uF 50V X7R SM0603
Change Component Description : Designator=C3_amplifier.SchDoc2 Old Description=CAP CER 100nF 25V X7R SM0603 New Description=CAP CER 1uF 50V X7R SM0603
Change Component Description : Designator=C3_amplifier.SchDoc3 Old Description=CAP CER 100nF 25V X7R SM0603 New Description=CAP CER 1uF 50V X7R SM0603
Change Component Description : Designator=C3_amplifier.SchDoc4 Old Description=CAP CER 100nF 25V X7R SM0603 New Description=CAP CER 1uF 50V X7R SM0603
Change Component Description : Designator=C5_amplifier.SchDoc1 Old Description=CAP CER 100nF 25V X7R SM0603 New Description=CAP CER 1uF 50V X7R SM0603
Change Component Description : Designator=C5_amplifier.SchDoc2 Old Description=CAP CER 100nF 25V X7R SM0603 New Description=CAP CER 1uF 50V X7R SM0603
Change Component Description : Designator=C5_amplifier.SchDoc3 Old Description=CAP CER 100nF 25V X7R SM0603 New Description=CAP CER 1uF 50V X7R SM0603
Change Component Description : Designator=C5_amplifier.SchDoc4 Old Description=CAP CER 100nF 25V X7R SM0603 New Description=CAP CER 1uF 50V X7R SM0603
Change Component Description : Designator=C6_amplifier.SchDoc1 Old Description=CAP CER 100nF 25V X7R SM0603 New Description=CAP CER 1uF 50V X7R SM0603
Change Component Description : Designator=C6_amplifier.SchDoc2 Old Description=CAP CER 100nF 25V X7R SM0603 New Description=CAP CER 1uF 50V X7R SM0603
Change Component Description : Designator=C6_amplifier.SchDoc3 Old Description=CAP CER 100nF 25V X7R SM0603 New Description=CAP CER 1uF 50V X7R SM0603
Change Component Description : Designator=C6_amplifier.SchDoc4 Old Description=CAP CER 100nF 25V X7R SM0603 New Description=CAP CER 1uF 50V X7R SM0603
Change Component Description : Designator=R19_amplifier.SchDoc1 Old Description=RES CER 56K 1608 SM New Description=RES CER 10K 1608 SM
Change Component Description : Designator=R19_amplifier.SchDoc2 Old Description=RES CER 56K 1608 SM New Description=RES CER 10K 1608 SM
Change Component Description : Designator=R19_amplifier.SchDoc3 Old Description=RES CER 56K 1608 SM New Description=RES CER 10K 1608 SM
Change Component Description : Designator=R19_amplifier.SchDoc4 Old Description=RES CER 56K 1608 SM New Description=RES CER 10K 1608 SM
Change Component Description : Designator=R20_amplifier.SchDoc1 Old Description=RES CER 56K 1608 SM New Description=RES CER 10K 1608 SM
Change Component Description : Designator=R20_amplifier.SchDoc2 Old Description=RES CER 56K 1608 SM New Description=RES CER 10K 1608 SM
Change Component Description : Designator=R20_amplifier.SchDoc3 Old Description=RES CER 56K 1608 SM New Description=RES CER 10K 1608 SM
Change Component Description : Designator=R20_amplifier.SchDoc4 Old Description=RES CER 56K 1608 SM New Description=RES CER 10K 1608 SM
Added Pin To Net: NetName=V25 Pin=R19_amplifier.SchDoc1-1
Added Pin To Net: NetName=V25 Pin=R19_amplifier.SchDoc2-1
Added Pin To Net: NetName=V25 Pin=R19_amplifier.SchDoc3-1
Added Pin To Net: NetName=V25 Pin=R19_amplifier.SchDoc4-1
Added Pin To Net: NetName=V25 Pin=R20_amplifier.SchDoc1-1
Added Pin To Net: NetName=V25 Pin=R20_amplifier.SchDoc2-1
Added Pin To Net: NetName=V25 Pin=R20_amplifier.SchDoc3-1
Added Pin To Net: NetName=V25 Pin=R20_amplifier.SchDoc4-1
