Removed Pin From Net: NetName=CHA_OUT1 Pin=O1-1
Removed Pin From Net: NetName=CHB_OUT1 Pin=O2-1
Removed Pin From Net: NetName=CHA_OUT2 Pin=O3-1
Removed Pin From Net: NetName=CHB_OUT2 Pin=O4-1
Removed Pin From Net: NetName=CHA_OUT3 Pin=O5-1
Removed Pin From Net: NetName=CHB_OUT3 Pin=O6-1
Removed Pin From Net: NetName=CHA_OUT4 Pin=O7-1
Removed Pin From Net: NetName=CHB_OUT4 Pin=O8-1
Added Component: Designator=I1_amplifier.SchDoc1(UFL)
Added Component: Designator=I1_amplifier.SchDoc2(UFL)
Added Component: Designator=I1_amplifier.SchDoc3(UFL)
Added Component: Designator=I1_amplifier.SchDoc4(UFL)
Added Component: Designator=I2_amplifier.SchDoc1(UFL)
Added Component: Designator=I2_amplifier.SchDoc2(UFL)
Added Component: Designator=I2_amplifier.SchDoc3(UFL)
Added Component: Designator=I2_amplifier.SchDoc4(UFL)
Added Component: Designator=OA_amplifier.SchDoc1(PIN1)
Added Component: Designator=OA_amplifier.SchDoc2(PIN1)
Added Component: Designator=OA_amplifier.SchDoc3(PIN1)
Added Component: Designator=OA_amplifier.SchDoc4(PIN1)
Added Component: Designator=OB_amplifier.SchDoc1(PIN1)
Added Component: Designator=OB_amplifier.SchDoc2(PIN1)
Added Component: Designator=OB_amplifier.SchDoc3(PIN1)
Added Component: Designator=OB_amplifier.SchDoc4(PIN1)
Added Pin To Net: NetName=CHA_OUT1 Pin=OA_amplifier.SchDoc1-1
Added Pin To Net: NetName=CHA_OUT2 Pin=OA_amplifier.SchDoc2-1
Added Pin To Net: NetName=CHA_OUT3 Pin=OA_amplifier.SchDoc3-1
Added Pin To Net: NetName=CHA_OUT4 Pin=OA_amplifier.SchDoc4-1
Added Pin To Net: NetName=CHB_OUT1 Pin=OB_amplifier.SchDoc1-1
Added Pin To Net: NetName=CHB_OUT2 Pin=OB_amplifier.SchDoc2-1
Added Pin To Net: NetName=CHB_OUT3 Pin=OB_amplifier.SchDoc3-1
Added Pin To Net: NetName=CHB_OUT4 Pin=OB_amplifier.SchDoc4-1
Change Net Name : Old Net Name=CHA_OUT1 New Net Name=NetC1_amplifier.SchDoc1_2
Change Net Name : Old Net Name=CHA_OUT2 New Net Name=NetC1_amplifier.SchDoc2_2
Change Net Name : Old Net Name=CHA_OUT3 New Net Name=NetC1_amplifier.SchDoc3_2
Change Net Name : Old Net Name=CHA_OUT4 New Net Name=NetC1_amplifier.SchDoc4_2
Change Net Name : Old Net Name=CHB_OUT1 New Net Name=NetC4_amplifier.SchDoc1_2
Change Net Name : Old Net Name=CHB_OUT2 New Net Name=NetC4_amplifier.SchDoc2_2
Change Net Name : Old Net Name=CHB_OUT3 New Net Name=NetC4_amplifier.SchDoc3_2
Change Net Name : Old Net Name=CHB_OUT4 New Net Name=NetC4_amplifier.SchDoc4_2
Added Pin To Net: NetName=NetC2_amplifier.SchDoc1_1 Pin=C2_amplifier.SchDoc1-1
Added Pin To Net: NetName=NetC2_amplifier.SchDoc1_1 Pin=I1_amplifier.SchDoc1-2
Added Pin To Net: NetName=NetC2_amplifier.SchDoc1_1 Pin=I1_amplifier.SchDoc1-2
Added Pin To Net: NetName=NetC2_amplifier.SchDoc1_1 Pin=P4_amplifier.SchDoc1-1
Added Net: Name=NetC2_amplifier.SchDoc1_1
Added Pin To Net: NetName=NetC2_amplifier.SchDoc2_1 Pin=C2_amplifier.SchDoc2-1
Added Pin To Net: NetName=NetC2_amplifier.SchDoc2_1 Pin=I1_amplifier.SchDoc2-2
Added Pin To Net: NetName=NetC2_amplifier.SchDoc2_1 Pin=I1_amplifier.SchDoc2-2
Added Pin To Net: NetName=NetC2_amplifier.SchDoc2_1 Pin=P4_amplifier.SchDoc2-1
Added Net: Name=NetC2_amplifier.SchDoc2_1
Added Pin To Net: NetName=NetC2_amplifier.SchDoc3_1 Pin=C2_amplifier.SchDoc3-1
Added Pin To Net: NetName=NetC2_amplifier.SchDoc3_1 Pin=I1_amplifier.SchDoc3-2
Added Pin To Net: NetName=NetC2_amplifier.SchDoc3_1 Pin=I1_amplifier.SchDoc3-2
Added Pin To Net: NetName=NetC2_amplifier.SchDoc3_1 Pin=P4_amplifier.SchDoc3-1
Added Net: Name=NetC2_amplifier.SchDoc3_1
Added Pin To Net: NetName=NetC2_amplifier.SchDoc4_1 Pin=C2_amplifier.SchDoc4-1
Added Pin To Net: NetName=NetC2_amplifier.SchDoc4_1 Pin=I1_amplifier.SchDoc4-2
Added Pin To Net: NetName=NetC2_amplifier.SchDoc4_1 Pin=I1_amplifier.SchDoc4-2
Added Pin To Net: NetName=NetC2_amplifier.SchDoc4_1 Pin=P4_amplifier.SchDoc4-1
Added Net: Name=NetC2_amplifier.SchDoc4_1
Added Pin To Net: NetName=NetC3_amplifier.SchDoc1_1 Pin=C3_amplifier.SchDoc1-1
Added Pin To Net: NetName=NetC3_amplifier.SchDoc1_1 Pin=I1_amplifier.SchDoc1-1
Added Pin To Net: NetName=NetC3_amplifier.SchDoc1_1 Pin=P7_amplifier.SchDoc1-2
Added Net: Name=NetC3_amplifier.SchDoc1_1
Added Pin To Net: NetName=NetC3_amplifier.SchDoc2_1 Pin=C3_amplifier.SchDoc2-1
Added Pin To Net: NetName=NetC3_amplifier.SchDoc2_1 Pin=I1_amplifier.SchDoc2-1
Added Pin To Net: NetName=NetC3_amplifier.SchDoc2_1 Pin=P7_amplifier.SchDoc2-2
Added Net: Name=NetC3_amplifier.SchDoc2_1
Added Pin To Net: NetName=NetC3_amplifier.SchDoc3_1 Pin=C3_amplifier.SchDoc3-1
Added Pin To Net: NetName=NetC3_amplifier.SchDoc3_1 Pin=I1_amplifier.SchDoc3-1
Added Pin To Net: NetName=NetC3_amplifier.SchDoc3_1 Pin=P7_amplifier.SchDoc3-2
Added Net: Name=NetC3_amplifier.SchDoc3_1
Added Pin To Net: NetName=NetC3_amplifier.SchDoc4_1 Pin=C3_amplifier.SchDoc4-1
Added Pin To Net: NetName=NetC3_amplifier.SchDoc4_1 Pin=I1_amplifier.SchDoc4-1
Added Pin To Net: NetName=NetC3_amplifier.SchDoc4_1 Pin=P7_amplifier.SchDoc4-2
Added Net: Name=NetC3_amplifier.SchDoc4_1
Added Pin To Net: NetName=NetC5_amplifier.SchDoc1_1 Pin=C5_amplifier.SchDoc1-1
Added Pin To Net: NetName=NetC5_amplifier.SchDoc1_1 Pin=I2_amplifier.SchDoc1-2
Added Pin To Net: NetName=NetC5_amplifier.SchDoc1_1 Pin=I2_amplifier.SchDoc1-2
Added Pin To Net: NetName=NetC5_amplifier.SchDoc1_1 Pin=P8_amplifier.SchDoc1-1
Added Net: Name=NetC5_amplifier.SchDoc1_1
Added Pin To Net: NetName=NetC5_amplifier.SchDoc2_1 Pin=C5_amplifier.SchDoc2-1
Added Pin To Net: NetName=NetC5_amplifier.SchDoc2_1 Pin=I2_amplifier.SchDoc2-2
Added Pin To Net: NetName=NetC5_amplifier.SchDoc2_1 Pin=I2_amplifier.SchDoc2-2
Added Pin To Net: NetName=NetC5_amplifier.SchDoc2_1 Pin=P8_amplifier.SchDoc2-1
Added Net: Name=NetC5_amplifier.SchDoc2_1
Added Pin To Net: NetName=NetC5_amplifier.SchDoc3_1 Pin=C5_amplifier.SchDoc3-1
Added Pin To Net: NetName=NetC5_amplifier.SchDoc3_1 Pin=I2_amplifier.SchDoc3-2
Added Pin To Net: NetName=NetC5_amplifier.SchDoc3_1 Pin=I2_amplifier.SchDoc3-2
Added Pin To Net: NetName=NetC5_amplifier.SchDoc3_1 Pin=P8_amplifier.SchDoc3-1
Added Net: Name=NetC5_amplifier.SchDoc3_1
Added Pin To Net: NetName=NetC5_amplifier.SchDoc4_1 Pin=C5_amplifier.SchDoc4-1
Added Pin To Net: NetName=NetC5_amplifier.SchDoc4_1 Pin=I2_amplifier.SchDoc4-2
Added Pin To Net: NetName=NetC5_amplifier.SchDoc4_1 Pin=I2_amplifier.SchDoc4-2
Added Pin To Net: NetName=NetC5_amplifier.SchDoc4_1 Pin=P8_amplifier.SchDoc4-1
Added Net: Name=NetC5_amplifier.SchDoc4_1
Added Pin To Net: NetName=NetC6_amplifier.SchDoc1_1 Pin=C6_amplifier.SchDoc1-1
Added Pin To Net: NetName=NetC6_amplifier.SchDoc1_1 Pin=I2_amplifier.SchDoc1-1
Added Pin To Net: NetName=NetC6_amplifier.SchDoc1_1 Pin=P11_amplifier.SchDoc1-2
Added Net: Name=NetC6_amplifier.SchDoc1_1
Added Pin To Net: NetName=NetC6_amplifier.SchDoc2_1 Pin=C6_amplifier.SchDoc2-1
Added Pin To Net: NetName=NetC6_amplifier.SchDoc2_1 Pin=I2_amplifier.SchDoc2-1
Added Pin To Net: NetName=NetC6_amplifier.SchDoc2_1 Pin=P11_amplifier.SchDoc2-2
Added Net: Name=NetC6_amplifier.SchDoc2_1
Added Pin To Net: NetName=NetC6_amplifier.SchDoc3_1 Pin=C6_amplifier.SchDoc3-1
Added Pin To Net: NetName=NetC6_amplifier.SchDoc3_1 Pin=I2_amplifier.SchDoc3-1
Added Pin To Net: NetName=NetC6_amplifier.SchDoc3_1 Pin=P11_amplifier.SchDoc3-2
Added Net: Name=NetC6_amplifier.SchDoc3_1
Added Pin To Net: NetName=NetC6_amplifier.SchDoc4_1 Pin=C6_amplifier.SchDoc4-1
Added Pin To Net: NetName=NetC6_amplifier.SchDoc4_1 Pin=I2_amplifier.SchDoc4-1
Added Pin To Net: NetName=NetC6_amplifier.SchDoc4_1 Pin=P11_amplifier.SchDoc4-2
Added Net: Name=NetC6_amplifier.SchDoc4_1
Added Class: Name=main
Added Member To Class: ClassName=amplifier.SchDoc1 Member=Component I1_amplifier.SchDoc1 (I1) SigInA
Added Member To Class: ClassName=amplifier.SchDoc2 Member=Component I1_amplifier.SchDoc2 (I1) SigInA
Added Member To Class: ClassName=amplifier.SchDoc3 Member=Component I1_amplifier.SchDoc3 (I1) SigInA
Added Member To Class: ClassName=amplifier.SchDoc4 Member=Component I1_amplifier.SchDoc4 (I1) SigInA
Added Member To Class: ClassName=amplifier.SchDoc1 Member=Component I2_amplifier.SchDoc1 (I2) SigInB
Added Member To Class: ClassName=amplifier.SchDoc2 Member=Component I2_amplifier.SchDoc2 (I2) SigInB
Added Member To Class: ClassName=amplifier.SchDoc3 Member=Component I2_amplifier.SchDoc3 (I2) SigInB
Added Member To Class: ClassName=amplifier.SchDoc4 Member=Component I2_amplifier.SchDoc4 (I2) SigInB
Added Member To Class: ClassName=amplifier.SchDoc1 Member=Component OA_amplifier.SchDoc1 (OA) Socket
Added Member To Class: ClassName=amplifier.SchDoc2 Member=Component OA_amplifier.SchDoc2 (OA) Socket
Added Member To Class: ClassName=amplifier.SchDoc3 Member=Component OA_amplifier.SchDoc3 (OA) Socket
Added Member To Class: ClassName=amplifier.SchDoc4 Member=Component OA_amplifier.SchDoc4 (OA) Socket
Added Member To Class: ClassName=amplifier.SchDoc1 Member=Component OB_amplifier.SchDoc1 (OB) Socket
Added Member To Class: ClassName=amplifier.SchDoc2 Member=Component OB_amplifier.SchDoc2 (OB) Socket
Added Member To Class: ClassName=amplifier.SchDoc3 Member=Component OB_amplifier.SchDoc3 (OB) Socket
Added Member To Class: ClassName=amplifier.SchDoc4 Member=Component OB_amplifier.SchDoc4 (OB) Socket
Added Room: Name=main
