Removed Pin From Net: NetName=GND_A Pin=C7_amplifier.SchDoc1-2
Removed Pin From Net: NetName=GND_A Pin=C7_amplifier.SchDoc2-2
Removed Pin From Net: NetName=GND_A Pin=C7_amplifier.SchDoc3-2
Removed Pin From Net: NetName=GND_A Pin=C7_amplifier.SchDoc4-2
Removed Pin From Net: NetName=CHB_NIV3 Pin=I8-1
Removed Pin From Net: NetName=+V5 Pin=R17_amplifier.SchDoc1-2
Removed Pin From Net: NetName=+V5 Pin=R17_amplifier.SchDoc2-2
Removed Pin From Net: NetName=+V5 Pin=R17_amplifier.SchDoc3-2
Removed Pin From Net: NetName=+V5 Pin=R17_amplifier.SchDoc4-2
Removed Pin From Net: NetName=GND_A Pin=R18_amplifier.SchDoc1-1
Removed Pin From Net: NetName=GND_A Pin=R18_amplifier.SchDoc2-1
Removed Pin From Net: NetName=GND_A Pin=R18_amplifier.SchDoc3-1
Removed Pin From Net: NetName=GND_A Pin=R18_amplifier.SchDoc4-1
Removed Pin From Net: NetName=GND_A Pin=U3_amplifier.SchDoc1-4
Removed Pin From Net: NetName=+V5 Pin=U3_amplifier.SchDoc1-8
Removed Pin From Net: NetName=GND_A Pin=U3_amplifier.SchDoc2-4
Removed Pin From Net: NetName=+V5 Pin=U3_amplifier.SchDoc2-8
Removed Pin From Net: NetName=GND_A Pin=U3_amplifier.SchDoc3-4
Removed Pin From Net: NetName=+V5 Pin=U3_amplifier.SchDoc3-8
Removed Pin From Net: NetName=GND_A Pin=U3_amplifier.SchDoc4-4
Removed Pin From Net: NetName=+V5 Pin=U3_amplifier.SchDoc4-8
Removed Pin From Net: NetName=NetC4_amplifier.SchDoc1_1 Pin=U4_amplifier.SchDoc1-2
Removed Pin From Net: NetName=NetC17_amplifier.SchDoc1_2 Pin=U4_amplifier.SchDoc1-3
Removed Pin From Net: NetName=NetC16_amplifier.SchDoc1_2 Pin=U4_amplifier.SchDoc1-5
Removed Pin From Net: NetName=NetC1_amplifier.SchDoc1_1 Pin=U4_amplifier.SchDoc1-6
Removed Pin From Net: NetName=NetC4_amplifier.SchDoc2_1 Pin=U4_amplifier.SchDoc2-2
Removed Pin From Net: NetName=NetC17_amplifier.SchDoc2_2 Pin=U4_amplifier.SchDoc2-3
Removed Pin From Net: NetName=NetC16_amplifier.SchDoc2_2 Pin=U4_amplifier.SchDoc2-5
Removed Pin From Net: NetName=NetC1_amplifier.SchDoc2_1 Pin=U4_amplifier.SchDoc2-6
Removed Pin From Net: NetName=NetC4_amplifier.SchDoc3_1 Pin=U4_amplifier.SchDoc3-2
Removed Pin From Net: NetName=NetC17_amplifier.SchDoc3_2 Pin=U4_amplifier.SchDoc3-3
Removed Pin From Net: NetName=NetC16_amplifier.SchDoc3_2 Pin=U4_amplifier.SchDoc3-5
Removed Pin From Net: NetName=NetC1_amplifier.SchDoc3_1 Pin=U4_amplifier.SchDoc3-6
Removed Pin From Net: NetName=NetC4_amplifier.SchDoc4_1 Pin=U4_amplifier.SchDoc4-2
Removed Pin From Net: NetName=NetC17_amplifier.SchDoc4_2 Pin=U4_amplifier.SchDoc4-3
Removed Pin From Net: NetName=NetC16_amplifier.SchDoc4_2 Pin=U4_amplifier.SchDoc4-5
Removed Pin From Net: NetName=NetC1_amplifier.SchDoc4_1 Pin=U4_amplifier.SchDoc4-6
Removed Member From Class: ClassName=amplifier.SchDoc1 Member=C7_amplifier.SchDoc1
Removed Member From Class: ClassName=amplifier.SchDoc2 Member=C7_amplifier.SchDoc2
Removed Member From Class: ClassName=amplifier.SchDoc3 Member=C7_amplifier.SchDoc3
Removed Member From Class: ClassName=amplifier.SchDoc4 Member=C7_amplifier.SchDoc4
Removed Member From Class: ClassName=amplifier.SchDoc1 Member=R17_amplifier.SchDoc1
Removed Member From Class: ClassName=amplifier.SchDoc2 Member=R17_amplifier.SchDoc2
Removed Member From Class: ClassName=amplifier.SchDoc3 Member=R17_amplifier.SchDoc3
Removed Member From Class: ClassName=amplifier.SchDoc4 Member=R17_amplifier.SchDoc4
Removed Member From Class: ClassName=amplifier.SchDoc1 Member=R18_amplifier.SchDoc1
Removed Member From Class: ClassName=amplifier.SchDoc2 Member=R18_amplifier.SchDoc2
Removed Member From Class: ClassName=amplifier.SchDoc3 Member=R18_amplifier.SchDoc3
Removed Member From Class: ClassName=amplifier.SchDoc4 Member=R18_amplifier.SchDoc4
Removed Member From Class: ClassName=amplifier.SchDoc1 Member=U3_amplifier.SchDoc1
Removed Member From Class: ClassName=amplifier.SchDoc2 Member=U3_amplifier.SchDoc2
Removed Member From Class: ClassName=amplifier.SchDoc3 Member=U3_amplifier.SchDoc3
Removed Member From Class: ClassName=amplifier.SchDoc4 Member=U3_amplifier.SchDoc4
Added Component: Designator=C7(ECE-CAPC1608-0603SM)
Added Component: Designator=C18(CAP 1206)
Added Component: Designator=C19(ECE-CAPC1608-0603SM)
Added Component: Designator=C20_amplifier.SchDoc1(CAP 1206)
Added Component: Designator=C20_amplifier.SchDoc2(CAP 1206)
Added Component: Designator=C20_amplifier.SchDoc3(CAP 1206)
Added Component: Designator=C20_amplifier.SchDoc4(CAP 1206)
Added Component: Designator=C22(ECE-CAPC1608-0603SM)
Added Component: Designator=U3(S8_N)
Added Pin To Net: NetName=CHA_OUT1 Pin=C1_amplifier.SchDoc1-2
Added Pin To Net: NetName=CHA_OUT2 Pin=C1_amplifier.SchDoc2-2
Added Pin To Net: NetName=CHA_OUT3 Pin=C1_amplifier.SchDoc3-2
Added Pin To Net: NetName=CHA_OUT4 Pin=C1_amplifier.SchDoc4-2
Added Pin To Net: NetName=CHA_INV1 Pin=C2_amplifier.SchDoc1-1
Added Pin To Net: NetName=CHA_INV2 Pin=C2_amplifier.SchDoc2-1
Added Pin To Net: NetName=CHA_INV3 Pin=C2_amplifier.SchDoc3-1
Added Pin To Net: NetName=CHA_INV4 Pin=C2_amplifier.SchDoc4-1
Added Pin To Net: NetName=CHA_NIV1 Pin=C3_amplifier.SchDoc1-1
Added Pin To Net: NetName=CHA_NIV2 Pin=C3_amplifier.SchDoc2-1
Added Pin To Net: NetName=CHA_NIV3 Pin=C3_amplifier.SchDoc3-1
Added Pin To Net: NetName=CHA_NIV4 Pin=C3_amplifier.SchDoc4-1
Added Pin To Net: NetName=CHB_OUT1 Pin=C4_amplifier.SchDoc1-2
Added Pin To Net: NetName=CHB_OUT2 Pin=C4_amplifier.SchDoc2-2
Added Pin To Net: NetName=CHB_OUT3 Pin=C4_amplifier.SchDoc3-2
Added Pin To Net: NetName=CHB_OUT4 Pin=C4_amplifier.SchDoc4-2
Added Pin To Net: NetName=CHB_INV1 Pin=C5_amplifier.SchDoc1-1
Added Pin To Net: NetName=CHB_INV2 Pin=C5_amplifier.SchDoc2-1
Added Pin To Net: NetName=CHB_INV3 Pin=C5_amplifier.SchDoc3-1
Added Pin To Net: NetName=CHB_INV4 Pin=C5_amplifier.SchDoc4-1
Added Pin To Net: NetName=CHB_NIV1 Pin=C6_amplifier.SchDoc1-1
Added Pin To Net: NetName=CHB_NIV2 Pin=C6_amplifier.SchDoc2-1
Added Pin To Net: NetName=CHB_NIV3 Pin=C6_amplifier.SchDoc3-1
Added Pin To Net: NetName=+V5 Pin=C7-1
Added Pin To Net: NetName=GND_A Pin=C7-2
Added Pin To Net: NetName=GND_A Pin=C18-2
Added Pin To Net: NetName=GND_A Pin=C19-2
Added Pin To Net: NetName=GND_A Pin=C20_amplifier.SchDoc1-2
Added Pin To Net: NetName=GND_A Pin=C20_amplifier.SchDoc2-2
Added Pin To Net: NetName=GND_A Pin=C20_amplifier.SchDoc3-2
Added Pin To Net: NetName=GND_A Pin=C20_amplifier.SchDoc4-2
Added Pin To Net: NetName=GND_A Pin=C22-2
Added Pin To Net: NetName=CHA_INV1 Pin=P4_amplifier.SchDoc1-1
Added Pin To Net: NetName=CHA_INV2 Pin=P4_amplifier.SchDoc2-1
Added Pin To Net: NetName=CHA_INV3 Pin=P4_amplifier.SchDoc3-1
Added Pin To Net: NetName=CHA_INV4 Pin=P4_amplifier.SchDoc4-1
Added Pin To Net: NetName=CHA_NIV1 Pin=P7_amplifier.SchDoc1-2
Added Pin To Net: NetName=CHA_NIV2 Pin=P7_amplifier.SchDoc2-2
Added Pin To Net: NetName=CHA_NIV3 Pin=P7_amplifier.SchDoc3-2
Added Pin To Net: NetName=CHA_NIV4 Pin=P7_amplifier.SchDoc4-2
Added Pin To Net: NetName=CHB_INV1 Pin=P8_amplifier.SchDoc1-1
Added Pin To Net: NetName=CHB_INV2 Pin=P8_amplifier.SchDoc2-1
Added Pin To Net: NetName=CHB_INV3 Pin=P8_amplifier.SchDoc3-1
Added Pin To Net: NetName=CHB_INV4 Pin=P8_amplifier.SchDoc4-1
Added Pin To Net: NetName=CHB_NIV1 Pin=P11_amplifier.SchDoc1-2
Added Pin To Net: NetName=CHB_NIV2 Pin=P11_amplifier.SchDoc2-2
Added Pin To Net: NetName=CHB_NIV3 Pin=P11_amplifier.SchDoc3-2
Added Pin To Net: NetName=CHA_OUT1 Pin=R1_amplifier.SchDoc1-2
Added Pin To Net: NetName=CHA_OUT2 Pin=R1_amplifier.SchDoc2-2
Added Pin To Net: NetName=CHA_OUT3 Pin=R1_amplifier.SchDoc3-2
Added Pin To Net: NetName=CHA_OUT4 Pin=R1_amplifier.SchDoc4-2
Added Pin To Net: NetName=CHB_OUT1 Pin=R6_amplifier.SchDoc1-2
Added Pin To Net: NetName=CHB_OUT2 Pin=R6_amplifier.SchDoc2-2
Added Pin To Net: NetName=CHB_OUT3 Pin=R6_amplifier.SchDoc3-2
Added Pin To Net: NetName=CHB_OUT4 Pin=R6_amplifier.SchDoc4-2
Added Pin To Net: NetName=+V5 Pin=U3-2
Added Pin To Net: NetName=GND_A Pin=U3-4
Added Pin To Net: NetName=CHA_OUT1 Pin=U4_amplifier.SchDoc1-1
Added Pin To Net: NetName=NetC1_amplifier.SchDoc1_1 Pin=U4_amplifier.SchDoc1-2
Added Pin To Net: NetName=NetC16_amplifier.SchDoc1_2 Pin=U4_amplifier.SchDoc1-3
Added Pin To Net: NetName=NetC17_amplifier.SchDoc1_2 Pin=U4_amplifier.SchDoc1-5
Added Pin To Net: NetName=NetC4_amplifier.SchDoc1_1 Pin=U4_amplifier.SchDoc1-6
Added Pin To Net: NetName=CHB_OUT1 Pin=U4_amplifier.SchDoc1-7
Added Pin To Net: NetName=CHA_OUT2 Pin=U4_amplifier.SchDoc2-1
Added Pin To Net: NetName=NetC1_amplifier.SchDoc2_1 Pin=U4_amplifier.SchDoc2-2
Added Pin To Net: NetName=NetC16_amplifier.SchDoc2_2 Pin=U4_amplifier.SchDoc2-3
Added Pin To Net: NetName=NetC17_amplifier.SchDoc2_2 Pin=U4_amplifier.SchDoc2-5
Added Pin To Net: NetName=NetC4_amplifier.SchDoc2_1 Pin=U4_amplifier.SchDoc2-6
Added Pin To Net: NetName=CHB_OUT2 Pin=U4_amplifier.SchDoc2-7
Added Pin To Net: NetName=CHA_OUT3 Pin=U4_amplifier.SchDoc3-1
Added Pin To Net: NetName=NetC1_amplifier.SchDoc3_1 Pin=U4_amplifier.SchDoc3-2
Added Pin To Net: NetName=NetC16_amplifier.SchDoc3_2 Pin=U4_amplifier.SchDoc3-3
Added Pin To Net: NetName=NetC17_amplifier.SchDoc3_2 Pin=U4_amplifier.SchDoc3-5
Added Pin To Net: NetName=NetC4_amplifier.SchDoc3_1 Pin=U4_amplifier.SchDoc3-6
Added Pin To Net: NetName=CHB_OUT3 Pin=U4_amplifier.SchDoc3-7
Added Pin To Net: NetName=CHA_OUT4 Pin=U4_amplifier.SchDoc4-1
Added Pin To Net: NetName=NetC1_amplifier.SchDoc4_1 Pin=U4_amplifier.SchDoc4-2
Added Pin To Net: NetName=NetC16_amplifier.SchDoc4_2 Pin=U4_amplifier.SchDoc4-3
Added Pin To Net: NetName=NetC17_amplifier.SchDoc4_2 Pin=U4_amplifier.SchDoc4-5
Added Pin To Net: NetName=NetC4_amplifier.SchDoc4_1 Pin=U4_amplifier.SchDoc4-6
Added Pin To Net: NetName=CHB_OUT4 Pin=U4_amplifier.SchDoc4-7
Added Pin To Net: NetName=CHB_NIV4 Pin=C6_amplifier.SchDoc4-1
Added Pin To Net: NetName=CHB_NIV4 Pin=I8-1
Added Pin To Net: NetName=CHB_NIV4 Pin=P11_amplifier.SchDoc4-2
Added Net: Name=CHB_NIV4
Added Pin To Net: NetName=NetC22_1 Pin=C22-1
Added Pin To Net: NetName=NetC22_1 Pin=U3-5
Added Net: Name=NetC22_1
Added Pin To Net: NetName=V25 Pin=C18-1
Added Pin To Net: NetName=V25 Pin=C19-1
Added Pin To Net: NetName=V25 Pin=C20_amplifier.SchDoc1-1
Added Pin To Net: NetName=V25 Pin=C20_amplifier.SchDoc2-1
Added Pin To Net: NetName=V25 Pin=C20_amplifier.SchDoc3-1
Added Pin To Net: NetName=V25 Pin=C20_amplifier.SchDoc4-1
Added Pin To Net: NetName=V25 Pin=R3_amplifier.SchDoc1-1
Added Pin To Net: NetName=V25 Pin=R3_amplifier.SchDoc2-1
Added Pin To Net: NetName=V25 Pin=R3_amplifier.SchDoc3-1
Added Pin To Net: NetName=V25 Pin=R3_amplifier.SchDoc4-1
Added Pin To Net: NetName=V25 Pin=R4_amplifier.SchDoc1-1
Added Pin To Net: NetName=V25 Pin=R4_amplifier.SchDoc2-1
Added Pin To Net: NetName=V25 Pin=R4_amplifier.SchDoc3-1
Added Pin To Net: NetName=V25 Pin=R4_amplifier.SchDoc4-1
Added Pin To Net: NetName=V25 Pin=R5_amplifier.SchDoc1-1
Added Pin To Net: NetName=V25 Pin=R5_amplifier.SchDoc2-1
Added Pin To Net: NetName=V25 Pin=R5_amplifier.SchDoc3-1
Added Pin To Net: NetName=V25 Pin=R5_amplifier.SchDoc4-1
Added Pin To Net: NetName=V25 Pin=R8_amplifier.SchDoc1-1
Added Pin To Net: NetName=V25 Pin=R8_amplifier.SchDoc2-1
Added Pin To Net: NetName=V25 Pin=R8_amplifier.SchDoc3-1
Added Pin To Net: NetName=V25 Pin=R8_amplifier.SchDoc4-1
Added Pin To Net: NetName=V25 Pin=R9_amplifier.SchDoc1-1
Added Pin To Net: NetName=V25 Pin=R9_amplifier.SchDoc2-1
Added Pin To Net: NetName=V25 Pin=R9_amplifier.SchDoc3-1
Added Pin To Net: NetName=V25 Pin=R9_amplifier.SchDoc4-1
Added Pin To Net: NetName=V25 Pin=R10_amplifier.SchDoc1-1
Added Pin To Net: NetName=V25 Pin=R10_amplifier.SchDoc2-1
Added Pin To Net: NetName=V25 Pin=R10_amplifier.SchDoc3-1
Added Pin To Net: NetName=V25 Pin=R10_amplifier.SchDoc4-1
Added Pin To Net: NetName=V25 Pin=U1_amplifier.SchDoc1-5
Added Pin To Net: NetName=V25 Pin=U1_amplifier.SchDoc2-5
Added Pin To Net: NetName=V25 Pin=U1_amplifier.SchDoc3-5
Added Pin To Net: NetName=V25 Pin=U1_amplifier.SchDoc4-5
Added Pin To Net: NetName=V25 Pin=U2_amplifier.SchDoc1-5
Added Pin To Net: NetName=V25 Pin=U2_amplifier.SchDoc2-5
Added Pin To Net: NetName=V25 Pin=U2_amplifier.SchDoc3-5
Added Pin To Net: NetName=V25 Pin=U2_amplifier.SchDoc4-5
Added Pin To Net: NetName=V25 Pin=U3-6
Added Net: Name=V25
Added Member To Class: ClassName=U_power Member=Component C7 1uF
Added Member To Class: ClassName=U_power Member=Component C18 4.7uF
Added Member To Class: ClassName=U_power Member=Component C19 100nF
Added Member To Class: ClassName=amplifier.SchDoc1 Member=Component C20_amplifier.SchDoc1 (C20) 4.7uF
Added Member To Class: ClassName=amplifier.SchDoc2 Member=Component C20_amplifier.SchDoc2 (C20) 4.7uF
Added Member To Class: ClassName=amplifier.SchDoc3 Member=Component C20_amplifier.SchDoc3 (C20) 4.7uF
Added Member To Class: ClassName=amplifier.SchDoc4 Member=Component C20_amplifier.SchDoc4 (C20) 4.7uF
Added Member To Class: ClassName=U_power Member=Component C22 1uF
Added Member To Class: ClassName=U_power Member=Component U3 REF5025
Added Member To Class: ClassName=CHB_NIV[1..4] Member=Element[4]: CHB_NIV
Added Room: Name=main
