Removed Pin From Net: NetName=CHA_OUT1 Pin=U4_amplifier.SchDoc1-1
Removed Pin From Net: NetName=NetC1_amplifier.SchDoc1_1 Pin=U4_amplifier.SchDoc1-2
Removed Pin From Net: NetName=NetC16_amplifier.SchDoc1_2 Pin=U4_amplifier.SchDoc1-3
Removed Pin From Net: NetName=NetC17_amplifier.SchDoc1_2 Pin=U4_amplifier.SchDoc1-5
Removed Pin From Net: NetName=NetC4_amplifier.SchDoc1_1 Pin=U4_amplifier.SchDoc1-6
Removed Pin From Net: NetName=CHB_OUT1 Pin=U4_amplifier.SchDoc1-7
Removed Pin From Net: NetName=CHA_OUT2 Pin=U4_amplifier.SchDoc2-1
Removed Pin From Net: NetName=NetC1_amplifier.SchDoc2_1 Pin=U4_amplifier.SchDoc2-2
Removed Pin From Net: NetName=NetC16_amplifier.SchDoc2_2 Pin=U4_amplifier.SchDoc2-3
Removed Pin From Net: NetName=NetC17_amplifier.SchDoc2_2 Pin=U4_amplifier.SchDoc2-5
Removed Pin From Net: NetName=NetC4_amplifier.SchDoc2_1 Pin=U4_amplifier.SchDoc2-6
Removed Pin From Net: NetName=CHB_OUT2 Pin=U4_amplifier.SchDoc2-7
Removed Pin From Net: NetName=CHA_OUT3 Pin=U4_amplifier.SchDoc3-1
Removed Pin From Net: NetName=NetC1_amplifier.SchDoc3_1 Pin=U4_amplifier.SchDoc3-2
Removed Pin From Net: NetName=NetC16_amplifier.SchDoc3_2 Pin=U4_amplifier.SchDoc3-3
Removed Pin From Net: NetName=NetC17_amplifier.SchDoc3_2 Pin=U4_amplifier.SchDoc3-5
Removed Pin From Net: NetName=NetC4_amplifier.SchDoc3_1 Pin=U4_amplifier.SchDoc3-6
Removed Pin From Net: NetName=CHB_OUT3 Pin=U4_amplifier.SchDoc3-7
Removed Pin From Net: NetName=CHA_OUT4 Pin=U4_amplifier.SchDoc4-1
Removed Pin From Net: NetName=NetC1_amplifier.SchDoc4_1 Pin=U4_amplifier.SchDoc4-2
Removed Pin From Net: NetName=NetC16_amplifier.SchDoc4_2 Pin=U4_amplifier.SchDoc4-3
Removed Pin From Net: NetName=NetC17_amplifier.SchDoc4_2 Pin=U4_amplifier.SchDoc4-5
Removed Pin From Net: NetName=NetC4_amplifier.SchDoc4_1 Pin=U4_amplifier.SchDoc4-6
Removed Pin From Net: NetName=CHB_OUT4 Pin=U4_amplifier.SchDoc4-7
Added Pin To Net: NetName=CHB_OUT1 Pin=U4_amplifier.SchDoc1-1
Added Pin To Net: NetName=NetC4_amplifier.SchDoc1_1 Pin=U4_amplifier.SchDoc1-2
Added Pin To Net: NetName=NetC17_amplifier.SchDoc1_2 Pin=U4_amplifier.SchDoc1-3
Added Pin To Net: NetName=NetC16_amplifier.SchDoc1_2 Pin=U4_amplifier.SchDoc1-5
Added Pin To Net: NetName=NetC1_amplifier.SchDoc1_1 Pin=U4_amplifier.SchDoc1-6
Added Pin To Net: NetName=CHA_OUT1 Pin=U4_amplifier.SchDoc1-7
Added Pin To Net: NetName=CHB_OUT2 Pin=U4_amplifier.SchDoc2-1
Added Pin To Net: NetName=NetC4_amplifier.SchDoc2_1 Pin=U4_amplifier.SchDoc2-2
Added Pin To Net: NetName=NetC17_amplifier.SchDoc2_2 Pin=U4_amplifier.SchDoc2-3
Added Pin To Net: NetName=NetC16_amplifier.SchDoc2_2 Pin=U4_amplifier.SchDoc2-5
Added Pin To Net: NetName=NetC1_amplifier.SchDoc2_1 Pin=U4_amplifier.SchDoc2-6
Added Pin To Net: NetName=CHA_OUT2 Pin=U4_amplifier.SchDoc2-7
Added Pin To Net: NetName=CHB_OUT3 Pin=U4_amplifier.SchDoc3-1
Added Pin To Net: NetName=NetC4_amplifier.SchDoc3_1 Pin=U4_amplifier.SchDoc3-2
Added Pin To Net: NetName=NetC17_amplifier.SchDoc3_2 Pin=U4_amplifier.SchDoc3-3
Added Pin To Net: NetName=NetC16_amplifier.SchDoc3_2 Pin=U4_amplifier.SchDoc3-5
Added Pin To Net: NetName=NetC1_amplifier.SchDoc3_1 Pin=U4_amplifier.SchDoc3-6
Added Pin To Net: NetName=CHA_OUT3 Pin=U4_amplifier.SchDoc3-7
Added Pin To Net: NetName=CHB_OUT4 Pin=U4_amplifier.SchDoc4-1
Added Pin To Net: NetName=NetC4_amplifier.SchDoc4_1 Pin=U4_amplifier.SchDoc4-2
Added Pin To Net: NetName=NetC17_amplifier.SchDoc4_2 Pin=U4_amplifier.SchDoc4-3
Added Pin To Net: NetName=NetC16_amplifier.SchDoc4_2 Pin=U4_amplifier.SchDoc4-5
Added Pin To Net: NetName=NetC1_amplifier.SchDoc4_1 Pin=U4_amplifier.SchDoc4-6
Added Pin To Net: NetName=CHA_OUT4 Pin=U4_amplifier.SchDoc4-7
