2025-07-07 22:46:42   Electrostatic Solver

                      ------------------------------------------------------------------------------
2025-07-07 22:46:42   Units settings: 

                        Dimensions: m
                        Frequency:  Hz

                      ------------------------------------------------------------------------------
2025-07-07 22:46:42   Boundary conditions: 

                        YZsymmetry: none
                        XZsymmetry: none
                        XYsymmetry: none

                        Xmin: magnetic
                        Xmax: magnetic

                        Ymin: magnetic
                        Ymax: magnetic

                        Zmin: magnetic
                        Zmax: magnetic

                      ------------------------------------------------------------------------------
2025-07-07 22:46:42   *** Warning ***

                      This software is licensed for non-commercial use only.

                      ------------------------------------------------------------------------------
2025-07-07 22:46:43   Solver started at: 2025-07-07 22:46:43 +1200

                        Module:  Electrostatic Solver (Win 64)
                        Version: 2024.5 Release from 2024-06-14 (change 1285309)

                        Hardware:
                           Computer name: EN461026

                      ------------------------------------------------------------------------------
2025-07-07 22:46:43   Solver order = 2


                      ------------------------------------------------------------------------------
2025-07-07 22:46:43   Detected 4 independent conductive sets.
2025-07-07 22:46:43   Desired accuracy = 1.0e-062025-07-07 22:46:43   


                      ------------------------------------------------------------------------------
2025-07-07 22:46:43   Using mesh with curved elements order: 1


                      ------------------------------------------------------------------------------
2025-07-07 22:46:43   Adaptive Computation

                      ------------------------------------------------------------------------------
2025-07-07 22:46:43   Pass 1: 

                      ------------------------------------------------------------------------------
2025-07-07 22:46:44   Pass 2: 

                      ------------------------------------------------------------------------------
2025-07-07 22:46:44   Marked 4020 of 44515 for refinement.2025-07-07 22:46:45   Refinement successful
2025-07-07 22:46:46   Pass 3: 

                      ------------------------------------------------------------------------------
2025-07-07 22:46:46   Marked 5675 of 57395 for refinement.2025-07-07 22:46:47   Refinement successful
2025-07-07 22:46:48   Pass 4: 

                      ------------------------------------------------------------------------------
2025-07-07 22:46:48   Marked 7298 of 77279 for refinement.2025-07-07 22:46:49   Refinement successful
2025-07-07 22:46:51   Pass 5: 

                      ------------------------------------------------------------------------------
2025-07-07 22:46:51   Marked 9830 of 102817 for refinement.2025-07-07 22:46:52   Refinement successful
2025-07-07 22:46:54   Pass 6: 

                      ------------------------------------------------------------------------------
2025-07-07 22:46:54   Marked 13111 of 139185 for refinement.2025-07-07 22:46:55   Refinement successful
2025-07-07 22:46:59   Pass 7: 

                      ------------------------------------------------------------------------------
2025-07-07 22:46:59   Marked 16268 of 188487 for refinement.2025-07-07 22:47:01   Refinement successful
2025-07-07 22:47:05   Pass 8: 

                      ------------------------------------------------------------------------------
2025-07-07 22:47:05   Marked 22116 of 248811 for refinement.2025-07-07 22:47:08   Refinement successful
2025-07-07 22:47:16   Solver Timing Statistics: (last run)

                        Mesh generation:                  0d :  0h :  0m :  1s
                        Initialization and data import:   0d :  0h :  0m :  0s
                        Assembling process:               0d :  0h :  0m :  3s
                        Linear solver:                    0d :  0h :  0m :  2s
                        Post-processing:                  0d :  0h :  0m :  1s
                                                       --------------------------
                        Total time:                       0d :  0h :  0m :  8s

                        Number of threads used:           1024 



                      ------------------------------------------------------------------------------
2025-07-07 22:47:16   Total simulation time (all mesh adaptation runs) 0d :  0h :  0m : 30s


                      ------------------------------------------------------------------------------
2025-07-07 22:47:16   Solver Size Statistics:

                        Number of mesh cells:         338346 
                        Number of unknowns:           434160

                      ------------------------------------------------------------------------------
2025-07-07 22:47:16   Linear Solver Results: (last run)

                        Accuracy:                     8.775431e-07
                        Desired accuracy:             1.000000e-06
                        Number of iterations:         51
                        Maximum number of iterations: 10000


                      ------------------------------------------------------------------------------
2025-07-07 22:47:16   Memory statistics:

                        ----------------------------------------------------------------------------
                                            Peak memory used (kB)         Free physical memory (kB) 
                                                                          At begin     Minimum      
                        ----------------------------------------------------------------------------
                        Solver start        14588                         14550036     14548964     
                        Solver run total    377592                        14548212     14168376     
                        ----------------------------------------------------------------------------


                      ------------------------------------------------------------------------------
2025-07-07 22:47:16   Creating parametric 1D results for Run ID 1

                      ------------------------------------------------------------------------------
