2025-07-09 17:08:53   Electrostatic Solver

                      ------------------------------------------------------------------------------
2025-07-09 17:08:53   Units settings: 

                        Dimensions: mm
                        Frequency:  MHz

                      ------------------------------------------------------------------------------
2025-07-09 17:08:53   Boundary conditions: 

                        YZsymmetry: none
                        XZsymmetry: none
                        XYsymmetry: none

                        Xmin: magnetic
                        Xmax: magnetic

                        Ymin: magnetic
                        Ymax: magnetic

                        Zmin: magnetic
                        Zmax: magnetic

                      ------------------------------------------------------------------------------
2025-07-09 17:08:53   *** Warning ***

                      This software is licensed for non-commercial use only.

                      ------------------------------------------------------------------------------
2025-07-09 17:08:54   Solver started at: 2025-07-09 17:08:54 +1200

                        Module:  Electrostatic Solver (Win 64)
                        Version: 2024.5 Release from 2024-06-14 (change 1285309)

                        Hardware:
                           Computer name: EN461026

                      ------------------------------------------------------------------------------
2025-07-09 17:08:54   Solver order = 2


                      ------------------------------------------------------------------------------
2025-07-09 17:08:54   Detected 4 independent conductive sets.
2025-07-09 17:08:54   Desired accuracy = 1.0e-062025-07-09 17:08:54   


                      ------------------------------------------------------------------------------
2025-07-09 17:08:54   Using mesh with curved elements order: 1


                      ------------------------------------------------------------------------------
2025-07-09 17:08:54   Solver Timing Statistics: (last run)

                        Mesh generation:                  0d :  0h :  0m :  1s
                        Assembling process:               0d :  0h :  0m :  0s
                        Linear solver:                    0d :  0h :  0m :  0s
                                                       --------------------------
                        Total time:                       0d :  0h :  0m :  1s

                        Number of threads used:           1024 



                      ------------------------------------------------------------------------------
2025-07-09 17:08:54   Solver Size Statistics:

                        Number of mesh cells:         6538 
                        Number of unknowns:           8577

                      ------------------------------------------------------------------------------
2025-07-09 17:08:54   Linear Solver Results: (last run)

                        Accuracy:                     1.679671e-15
                        Desired accuracy:             1.000000e-06
                        Number of iterations:         1
                        Maximum number of iterations: 10000


                      ------------------------------------------------------------------------------
2025-07-09 17:08:54   Memory statistics:

                        ----------------------------------------------------------------------------
                                            Peak memory used (kB)         Free physical memory (kB) 
                                                                          At begin     Minimum      
                        ----------------------------------------------------------------------------
                        Solver start        14256                         17215672     17215436     
                        Solver run total    60768                         17214256     17175152     
                        ----------------------------------------------------------------------------


                      ------------------------------------------------------------------------------
2025-07-09 17:08:54   Creating parametric 1D results for Run ID 2

                      ------------------------------------------------------------------------------
