2025-07-13 10:53:45   Electrostatic Solver

                      ------------------------------------------------------------------------------
2025-07-13 10:53:45   Units settings: 

                        Dimensions: mm
                        Frequency:  MHz

                      ------------------------------------------------------------------------------
2025-07-13 10:53:45   Boundary conditions: 

                        YZsymmetry: none
                        XZsymmetry: none
                        XYsymmetry: none

                        Xmin: magnetic
                        Xmax: magnetic

                        Ymin: magnetic
                        Ymax: magnetic

                        Zmin: magnetic
                        Zmax: magnetic

                      ------------------------------------------------------------------------------
2025-07-13 10:53:45   *** Warning ***

                      This software is licensed for non-commercial use only.

                      ------------------------------------------------------------------------------
2025-07-13 10:53:45   Solver started at: 2025-07-13 10:53:45 +1200

                        Module:  Electrostatic Solver (Win 64)
                        Version: 2024.5 Release from 2024-06-14 (change 1285309)

                        Hardware:
                           Computer name: EN461026

                      ------------------------------------------------------------------------------
2025-07-13 10:53:45   Solver order = 2


                      ------------------------------------------------------------------------------
2025-07-13 10:53:45   Detected 3 independent conductive sets.
2025-07-13 10:53:45   Desired accuracy = 1.0e-062025-07-13 10:53:45   


                      ------------------------------------------------------------------------------
2025-07-13 10:53:45   Using mesh with curved elements order: 3


                      ------------------------------------------------------------------------------
2025-07-13 10:53:49   Capacitance computation

                      ------------------------------------------------------------------------------
2025-07-13 10:53:53   Solver Timing Statistics: (last run)

                        Mesh generation:                  0d :  0h :  0m :  2s
                        Assembling process:               0d :  0h :  0m :  1s
                        Linear solver:                    0d :  0h :  0m :  1s
                        Post-processing:                  0d :  0h :  0m :  4s
                                                       --------------------------
                        Total time:                       0d :  0h :  0m :  8s

                        Number of threads used:           1024 



                      ------------------------------------------------------------------------------
2025-07-13 10:53:53   Solver Size Statistics:

                        Number of mesh cells:         177783 
                        Number of unknowns:           221391

                      ------------------------------------------------------------------------------
2025-07-13 10:53:53   Linear Solver Results: (last run)

                        Accuracy:                     8.766955e-07
                        Desired accuracy:             1.000000e-06
                        Number of iterations:         33
                        Maximum number of iterations: 10000


                      ------------------------------------------------------------------------------
2025-07-13 10:53:53   Memory statistics:

                        ----------------------------------------------------------------------------
                                            Peak memory used (kB)         Free physical memory (kB) 
                                                                          At begin     Minimum      
                        ----------------------------------------------------------------------------
                        Solver start        14756                         15092712     15087024     
                        Solver run total    258572                        15082120     14841928     
                        ----------------------------------------------------------------------------


                      ------------------------------------------------------------------------------
2025-07-13 10:53:53   Creating parametric 1D results for Run ID 1

                      ------------------------------------------------------------------------------
