Electrostatic Solver

--------------------------------------------------------------------------------
Units settings: 

  Dimensions: mm
  Frequency:  Hz

--------------------------------------------------------------------------------
Boundary conditions: 

  YZsymmetry: none
  XZsymmetry: none
  XYsymmetry: none

  Xmin: open
  Xmax: open

  Ymin: open
  Ymax: open

  Zmin: open
  Zmax: open

--------------------------------------------------------------------------------
For an optimal performance, hyper threading is ignored for parallel
computations.

--------------------------------------------------------------------------------
Solver started at: 04:54 PM Thursday, 10. July 2025

  Module:  Electrostatic Solver (Win 64)
  Version: 2018.0 Release from 2017-10-26 (change 556462)

  Hardware:
     Computer name: EN461010

--------------------------------------------------------------------------------
Solver order = 2


--------------------------------------------------------------------------------
Detected 5 independent conductive sets.
Desired accuracy = 1.0e-06


--------------------------------------------------------------------------------
Using mesh with curved elements order: 1


--------------------------------------------------------------------------------
Solver Timing Statistics: (last run)

  Mesh generation:                  0d :  0h :  0m :  4s
  Assembling process:               0d :  0h :  0m :  1s
  Linear solver:                    0d :  0h :  0m :  0s
  Post-processing:                  0d :  0h :  0m :  2s
                                 --------------------------
  Total time:                       0d :  0h :  0m :  7s

  Number of threads used:           96 



--------------------------------------------------------------------------------
Solver Size Statistics:

  Number of mesh cells:         19622 
  Number of unknowns:           23067

--------------------------------------------------------------------------------
Linear Solver Results: (last run)

  Accuracy:                     9.158048e-16
  Desired accuracy:             1.000000e-06
  Number of iterations:         1
  Maximum number of iterations: 10000


--------------------------------------------------------------------------------
Memory statistics:

  ----------------------------------------------------------------------------
                      Peak memory used (kB)         Free physical memory (kB) 
                                                    At begin     Minimum      
  ----------------------------------------------------------------------------
  Solver start        15432                         18624368     18622676     
  Solver run total    108508                        18622136     18604660     
  ----------------------------------------------------------------------------


--------------------------------------------------------------------------------
