Removed Pin From Net: NetName=GND Pin=R10-2
Removed Pin From Net: NetName=GND Pin=R11-2
Removed Pin From Net: NetName=GND Pin=R12-2
Removed Pin From Net: NetName=GND Pin=R13-2
Removed Pin From Net: NetName=GND Pin=R14-2
Removed Pin From Net: NetName=GND Pin=R15-2
Removed Pin From Net: NetName=GND Pin=R17-2
Removed Pin From Net: NetName=GND Pin=R18-2
Removed Pin From Net: NetName=GND Pin=R19-2
Removed Pin From Net: NetName=GND Pin=R20-2
Removed Member From Class: ClassName=Sheet1 Member=H3
Removed Member From Class: ClassName=Sheet1 Member=H4
Removed Member From Class: ClassName=Sheet1 Member=R10
Removed Member From Class: ClassName=Sheet1 Member=R11
Removed Member From Class: ClassName=Sheet1 Member=R12
Removed Member From Class: ClassName=Sheet1 Member=R13
Removed Member From Class: ClassName=Sheet1 Member=R14
Removed Member From Class: ClassName=Sheet1 Member=R15
Removed Member From Class: ClassName=Sheet1 Member=R16
Removed Member From Class: ClassName=Sheet1 Member=R17
Removed Member From Class: ClassName=Sheet1 Member=R18
Removed Member From Class: ClassName=Sheet1 Member=R19
Removed Member From Class: ClassName=Sheet1 Member=R20
Removed Member From Class: ClassName=Sheet1 Member=S10
Removed Member From Class: ClassName=Sheet1 Member=S11
Removed Member From Class: ClassName=Sheet1 Member=S12
Removed Member From Class: ClassName=Sheet1 Member=S13
Removed Member From Class: ClassName=Sheet1 Member=S14
Removed Member From Class: ClassName=Sheet1 Member=S15
Removed Member From Class: ClassName=Sheet1 Member=S16
Removed Member From Class: ClassName=Sheet1 Member=S17
Removed Member From Class: ClassName=Sheet1 Member=S18
Removed Member From Class: ClassName=Sheet1 Member=S19
Removed Member From Class: ClassName=Sheet1 Member=S20
Added Pin To Net: NetName=S10out Pin=H2-5
Added Net: Name=S10out
