ARM GAS  C:\Users\jayti\AppData\Local\Temp\ccdGHlSs.s 			page 1


   1              		.syntax unified
   2              		.cpu cortex-m3
   3              		.fpu softvfp
   4              		.eabi_attribute 20, 1
   5              		.eabi_attribute 21, 1
   6              		.eabi_attribute 23, 3
   7              		.eabi_attribute 24, 1
   8              		.eabi_attribute 25, 1
   9              		.eabi_attribute 26, 1
  10              		.eabi_attribute 30, 1
  11              		.eabi_attribute 34, 1
  12              		.eabi_attribute 18, 4
  13              		.thumb
  14              		.syntax unified
  15              		.file	"cymetadata.c"
  16              		.text
  17              	.Ltext0:
  18              		.cfi_sections	.debug_frame
  19              		.global	cy_metadata
  20              		.global	cy_meta_flashprotect
  21              		.global	cy_meta_wonvl
  22              		.global	cy_meta_custnvl
  23              		.global	cy_meta_configecc
  24              		.section	.cyconfigecc,"a",%progbits
  25              		.align	2
  26              		.type	cy_meta_configecc, %object
  27              		.size	cy_meta_configecc, 112
  28              	cy_meta_configecc:
  29 0000 01       		.byte	1
  30 0001 45       		.byte	69
  31 0002 00       		.byte	0
  32 0003 40       		.byte	64
  33 0004 05       		.byte	5
  34 0005 02       		.byte	2
  35 0006 01       		.byte	1
  36 0007 40       		.byte	64
  37 0008 03       		.byte	3
  38 0009 03       		.byte	3
  39 000a 01       		.byte	1
  40 000b 40       		.byte	64
  41 000c 02       		.byte	2
  42 000d 05       		.byte	5
  43 000e 01       		.byte	1
  44 000f 40       		.byte	64
  45 0010 01       		.byte	1
  46 0011 0B       		.byte	11
  47 0012 01       		.byte	1
  48 0013 40       		.byte	64
  49 0014 02       		.byte	2
  50 0015 41       		.byte	65
  51 0016 01       		.byte	1
  52 0017 40       		.byte	64
  53 0018 02       		.byte	2
  54 0019 42       		.byte	66
  55 001a 01       		.byte	1
  56 001b 40       		.byte	64
  57 001c 03       		.byte	3
ARM GAS  C:\Users\jayti\AppData\Local\Temp\ccdGHlSs.s 			page 2


  58 001d 46       		.byte	70
  59 001e 01       		.byte	1
  60 001f 40       		.byte	64
  61 0020 03       		.byte	3
  62 0021 47       		.byte	71
  63 0022 01       		.byte	1
  64 0023 40       		.byte	64
  65 0024 00       		.byte	0
  66 0025 01       		.byte	1
  67 0026 10       		.byte	16
  68 0027 01       		.byte	1
  69 0028 30       		.byte	48
  70 0029 01       		.byte	1
  71 002a 3E       		.byte	62
  72 002b 01       		.byte	1
  73 002c 58       		.byte	88
  74 002d 04       		.byte	4
  75 002e 5F       		.byte	95
  76 002f 01       		.byte	1
  77 0030 0F       		.byte	15
  78 0031 40       		.byte	64
  79 0032 1D       		.byte	29
  80 0033 02       		.byte	2
  81 0034 C2       		.byte	-62
  82 0035 10       		.byte	16
  83 0036 AF       		.byte	-81
  84 0037 40       		.byte	64
  85 0038 B5       		.byte	-75
  86 0039 02       		.byte	2
  87 003a EC       		.byte	-20
  88 003b 10       		.byte	16
  89 003c 00       		.byte	0
  90 003d 08       		.byte	8
  91 003e C0       		.byte	-64
  92 003f 10       		.byte	16
  93 0040 AC       		.byte	-84
  94 0041 04       		.byte	4
  95 0042 EC       		.byte	-20
  96 0043 40       		.byte	64
  97 0044 90       		.byte	-112
  98 0045 80       		.byte	-128
  99 0046 B4       		.byte	-76
 100 0047 40       		.byte	64
 101 0048 EC       		.byte	-20
 102 0049 08       		.byte	8
 103 004a 38       		.byte	56
 104 004b 80       		.byte	-128
 105 004c 90       		.byte	-112
 106 004d 80       		.byte	-128
 107 004e CE       		.byte	-50
 108 004f 08       		.byte	8
 109 0050 01       		.byte	1
 110 0051 03       		.byte	3
 111 0052 02       		.byte	2
 112 0053 00       		.byte	0
 113 0054 00       		.byte	0
 114 0055 00       		.byte	0
ARM GAS  C:\Users\jayti\AppData\Local\Temp\ccdGHlSs.s 			page 3


 115 0056 00       		.byte	0
 116 0057 00       		.byte	0
 117 0058 00       		.byte	0
 118 0059 0B       		.byte	11
 119 005a 0B       		.byte	11
 120 005b 00       		.byte	0
 121 005c 00       		.byte	0
 122 005d 00       		.byte	0
 123 005e 00       		.byte	0
 124 005f 00       		.byte	0
 125 0060 00       		.byte	0
 126 0061 00       		.byte	0
 127 0062 00       		.byte	0
 128 0063 00       		.byte	0
 129 0064 00       		.byte	0
 130 0065 00       		.byte	0
 131 0066 04       		.byte	4
 132 0067 00       		.byte	0
 133 0068 00       		.byte	0
 134 0069 00       		.byte	0
 135 006a 00       		.byte	0
 136 006b 00       		.byte	0
 137 006c 00       		.byte	0
 138 006d 00       		.byte	0
 139 006e 81       		.byte	-127
 140 006f 00       		.byte	0
 141              		.section	.cywolatch,"a",%progbits
 142              		.align	2
 143              		.type	cy_meta_wonvl, %object
 144              		.size	cy_meta_wonvl, 4
 145              	cy_meta_wonvl:
 146 0000 BC       		.byte	-68
 147 0001 90       		.byte	-112
 148 0002 AC       		.byte	-84
 149 0003 AF       		.byte	-81
 150              		.section	.cycustnvl,"a",%progbits
 151              		.align	2
 152              		.type	cy_meta_custnvl, %object
 153              		.size	cy_meta_custnvl, 4
 154              	cy_meta_custnvl:
 155 0000 00       		.byte	0
 156 0001 00       		.byte	0
 157 0002 40       		.byte	64
 158 0003 05       		.byte	5
 159              		.section	.cymeta,"a",%progbits
 160              		.align	2
 161              		.type	cy_metadata, %object
 162              		.size	cy_metadata, 12
 163              	cy_metadata:
 164 0000 00       		.byte	0
 165 0001 01       		.byte	1
 166 0002 2E       		.byte	46
 167 0003 16       		.byte	22
 168 0004 10       		.byte	16
 169 0005 69       		.byte	105
 170 0006 00       		.byte	0
 171 0007 01       		.byte	1
ARM GAS  C:\Users\jayti\AppData\Local\Temp\ccdGHlSs.s 			page 4


 172 0008 00       		.byte	0
 173 0009 00       		.byte	0
 174 000a 00       		.byte	0
 175 000b 00       		.byte	0
 176              		.section	.cyflashprotect,"a",%progbits
 177              		.align	2
 178              		.type	cy_meta_flashprotect, %object
 179              		.size	cy_meta_flashprotect, 256
 180              	cy_meta_flashprotect:
 181 0000 00000000 		.space	256
 181      00000000 
 181      00000000 
 181      00000000 
 181      00000000 
 182              		.text
 183              	.Letext0:
 184              		.file 1 "c:\\program files (x86)\\cypress\\psoc creator\\4.4\\psoc creator\\import\\gnu\\arm\\5.4.
 185              		.file 2 "c:\\program files (x86)\\cypress\\psoc creator\\4.4\\psoc creator\\import\\gnu\\arm\\5.4.
 186              		.file 3 "Generated_Source\\PSoC5\\cymetadata.c"
 187              		.section	.debug_info,"",%progbits
 188              	.Ldebug_info0:
 189 0000 30010000 		.4byte	0x130
 190 0004 0400     		.2byte	0x4
 191 0006 00000000 		.4byte	.Ldebug_abbrev0
 192 000a 04       		.byte	0x4
 193 000b 01       		.uleb128 0x1
 194 000c 32000000 		.4byte	.LASF17
 195 0010 0C       		.byte	0xc
 196 0011 E1010000 		.4byte	.LASF18
 197 0015 5F010000 		.4byte	.LASF19
 198 0019 00000000 		.4byte	.Ldebug_line0
 199 001d 02       		.uleb128 0x2
 200 001e 01       		.byte	0x1
 201 001f 06       		.byte	0x6
 202 0020 D5010000 		.4byte	.LASF0
 203 0024 03       		.uleb128 0x3
 204 0025 0E000000 		.4byte	.LASF9
 205 0029 01       		.byte	0x1
 206 002a 1D       		.byte	0x1d
 207 002b 2F000000 		.4byte	0x2f
 208 002f 02       		.uleb128 0x2
 209 0030 01       		.byte	0x1
 210 0031 08       		.byte	0x8
 211 0032 24000000 		.4byte	.LASF1
 212 0036 02       		.uleb128 0x2
 213 0037 02       		.byte	0x2
 214 0038 05       		.byte	0x5
 215 0039 C2010000 		.4byte	.LASF2
 216 003d 02       		.uleb128 0x2
 217 003e 02       		.byte	0x2
 218 003f 07       		.byte	0x7
 219 0040 D2000000 		.4byte	.LASF3
 220 0044 02       		.uleb128 0x2
 221 0045 04       		.byte	0x4
 222 0046 05       		.byte	0x5
 223 0047 CC010000 		.4byte	.LASF4
 224 004b 02       		.uleb128 0x2
ARM GAS  C:\Users\jayti\AppData\Local\Temp\ccdGHlSs.s 			page 5


 225 004c 04       		.byte	0x4
 226 004d 07       		.byte	0x7
 227 004e C0000000 		.4byte	.LASF5
 228 0052 02       		.uleb128 0x2
 229 0053 08       		.byte	0x8
 230 0054 05       		.byte	0x5
 231 0055 00000000 		.4byte	.LASF6
 232 0059 02       		.uleb128 0x2
 233 005a 08       		.byte	0x8
 234 005b 07       		.byte	0x7
 235 005c 14010000 		.4byte	.LASF7
 236 0060 04       		.uleb128 0x4
 237 0061 04       		.byte	0x4
 238 0062 05       		.byte	0x5
 239 0063 696E7400 		.ascii	"int\000"
 240 0067 02       		.uleb128 0x2
 241 0068 04       		.byte	0x4
 242 0069 07       		.byte	0x7
 243 006a 07010000 		.4byte	.LASF8
 244 006e 03       		.uleb128 0x3
 245 006f 2B010000 		.4byte	.LASF10
 246 0073 02       		.byte	0x2
 247 0074 18       		.byte	0x18
 248 0075 24000000 		.4byte	0x24
 249 0079 05       		.uleb128 0x5
 250 007a 90000000 		.4byte	0x90
 251 007e 89000000 		.4byte	0x89
 252 0082 06       		.uleb128 0x6
 253 0083 89000000 		.4byte	0x89
 254 0087 6F       		.byte	0x6f
 255 0088 00       		.byte	0
 256 0089 02       		.uleb128 0x2
 257 008a 04       		.byte	0x4
 258 008b 07       		.byte	0x7
 259 008c 56010000 		.4byte	.LASF11
 260 0090 07       		.uleb128 0x7
 261 0091 6E000000 		.4byte	0x6e
 262 0095 08       		.uleb128 0x8
 263 0096 F5000000 		.4byte	.LASF12
 264 009a 03       		.byte	0x3
 265 009b 1F       		.byte	0x1f
 266 009c A6000000 		.4byte	0xa6
 267 00a0 05       		.uleb128 0x5
 268 00a1 03       		.byte	0x3
 269 00a2 00000000 		.4byte	cy_meta_configecc
 270 00a6 07       		.uleb128 0x7
 271 00a7 79000000 		.4byte	0x79
 272 00ab 05       		.uleb128 0x5
 273 00ac 90000000 		.4byte	0x90
 274 00b0 BB000000 		.4byte	0xbb
 275 00b4 06       		.uleb128 0x6
 276 00b5 89000000 		.4byte	0x89
 277 00b9 03       		.byte	0x3
 278 00ba 00       		.byte	0
 279 00bb 08       		.uleb128 0x8
 280 00bc E5000000 		.4byte	.LASF13
 281 00c0 03       		.byte	0x3
ARM GAS  C:\Users\jayti\AppData\Local\Temp\ccdGHlSs.s 			page 6


 282 00c1 3A       		.byte	0x3a
 283 00c2 CC000000 		.4byte	0xcc
 284 00c6 05       		.uleb128 0x5
 285 00c7 03       		.byte	0x3
 286 00c8 00000000 		.4byte	cy_meta_custnvl
 287 00cc 07       		.uleb128 0x7
 288 00cd AB000000 		.4byte	0xab
 289 00d1 08       		.uleb128 0x8
 290 00d2 48010000 		.4byte	.LASF14
 291 00d6 03       		.byte	0x3
 292 00d7 48       		.byte	0x48
 293 00d8 E2000000 		.4byte	0xe2
 294 00dc 05       		.uleb128 0x5
 295 00dd 03       		.byte	0x3
 296 00de 00000000 		.4byte	cy_meta_wonvl
 297 00e2 07       		.uleb128 0x7
 298 00e3 AB000000 		.4byte	0xab
 299 00e7 05       		.uleb128 0x5
 300 00e8 90000000 		.4byte	0x90
 301 00ec F7000000 		.4byte	0xf7
 302 00f0 06       		.uleb128 0x6
 303 00f1 89000000 		.4byte	0x89
 304 00f5 FF       		.byte	0xff
 305 00f6 00       		.byte	0
 306 00f7 08       		.uleb128 0x8
 307 00f8 33010000 		.4byte	.LASF15
 308 00fc 03       		.byte	0x3
 309 00fd 56       		.byte	0x56
 310 00fe 08010000 		.4byte	0x108
 311 0102 05       		.uleb128 0x5
 312 0103 03       		.byte	0x3
 313 0104 00000000 		.4byte	cy_meta_flashprotect
 314 0108 07       		.uleb128 0x7
 315 0109 E7000000 		.4byte	0xe7
 316 010d 05       		.uleb128 0x5
 317 010e 90000000 		.4byte	0x90
 318 0112 1D010000 		.4byte	0x11d
 319 0116 06       		.uleb128 0x6
 320 0117 89000000 		.4byte	0x89
 321 011b 0B       		.byte	0xb
 322 011c 00       		.byte	0
 323 011d 08       		.uleb128 0x8
 324 011e 18000000 		.4byte	.LASF16
 325 0122 03       		.byte	0x3
 326 0123 83       		.byte	0x83
 327 0124 2E010000 		.4byte	0x12e
 328 0128 05       		.uleb128 0x5
 329 0129 03       		.byte	0x3
 330 012a 00000000 		.4byte	cy_metadata
 331 012e 07       		.uleb128 0x7
 332 012f 0D010000 		.4byte	0x10d
 333 0133 00       		.byte	0
 334              		.section	.debug_abbrev,"",%progbits
 335              	.Ldebug_abbrev0:
 336 0000 01       		.uleb128 0x1
 337 0001 11       		.uleb128 0x11
 338 0002 01       		.byte	0x1
ARM GAS  C:\Users\jayti\AppData\Local\Temp\ccdGHlSs.s 			page 7


 339 0003 25       		.uleb128 0x25
 340 0004 0E       		.uleb128 0xe
 341 0005 13       		.uleb128 0x13
 342 0006 0B       		.uleb128 0xb
 343 0007 03       		.uleb128 0x3
 344 0008 0E       		.uleb128 0xe
 345 0009 1B       		.uleb128 0x1b
 346 000a 0E       		.uleb128 0xe
 347 000b 10       		.uleb128 0x10
 348 000c 17       		.uleb128 0x17
 349 000d 00       		.byte	0
 350 000e 00       		.byte	0
 351 000f 02       		.uleb128 0x2
 352 0010 24       		.uleb128 0x24
 353 0011 00       		.byte	0
 354 0012 0B       		.uleb128 0xb
 355 0013 0B       		.uleb128 0xb
 356 0014 3E       		.uleb128 0x3e
 357 0015 0B       		.uleb128 0xb
 358 0016 03       		.uleb128 0x3
 359 0017 0E       		.uleb128 0xe
 360 0018 00       		.byte	0
 361 0019 00       		.byte	0
 362 001a 03       		.uleb128 0x3
 363 001b 16       		.uleb128 0x16
 364 001c 00       		.byte	0
 365 001d 03       		.uleb128 0x3
 366 001e 0E       		.uleb128 0xe
 367 001f 3A       		.uleb128 0x3a
 368 0020 0B       		.uleb128 0xb
 369 0021 3B       		.uleb128 0x3b
 370 0022 0B       		.uleb128 0xb
 371 0023 49       		.uleb128 0x49
 372 0024 13       		.uleb128 0x13
 373 0025 00       		.byte	0
 374 0026 00       		.byte	0
 375 0027 04       		.uleb128 0x4
 376 0028 24       		.uleb128 0x24
 377 0029 00       		.byte	0
 378 002a 0B       		.uleb128 0xb
 379 002b 0B       		.uleb128 0xb
 380 002c 3E       		.uleb128 0x3e
 381 002d 0B       		.uleb128 0xb
 382 002e 03       		.uleb128 0x3
 383 002f 08       		.uleb128 0x8
 384 0030 00       		.byte	0
 385 0031 00       		.byte	0
 386 0032 05       		.uleb128 0x5
 387 0033 01       		.uleb128 0x1
 388 0034 01       		.byte	0x1
 389 0035 49       		.uleb128 0x49
 390 0036 13       		.uleb128 0x13
 391 0037 01       		.uleb128 0x1
 392 0038 13       		.uleb128 0x13
 393 0039 00       		.byte	0
 394 003a 00       		.byte	0
 395 003b 06       		.uleb128 0x6
ARM GAS  C:\Users\jayti\AppData\Local\Temp\ccdGHlSs.s 			page 8


 396 003c 21       		.uleb128 0x21
 397 003d 00       		.byte	0
 398 003e 49       		.uleb128 0x49
 399 003f 13       		.uleb128 0x13
 400 0040 2F       		.uleb128 0x2f
 401 0041 0B       		.uleb128 0xb
 402 0042 00       		.byte	0
 403 0043 00       		.byte	0
 404 0044 07       		.uleb128 0x7
 405 0045 26       		.uleb128 0x26
 406 0046 00       		.byte	0
 407 0047 49       		.uleb128 0x49
 408 0048 13       		.uleb128 0x13
 409 0049 00       		.byte	0
 410 004a 00       		.byte	0
 411 004b 08       		.uleb128 0x8
 412 004c 34       		.uleb128 0x34
 413 004d 00       		.byte	0
 414 004e 03       		.uleb128 0x3
 415 004f 0E       		.uleb128 0xe
 416 0050 3A       		.uleb128 0x3a
 417 0051 0B       		.uleb128 0xb
 418 0052 3B       		.uleb128 0x3b
 419 0053 0B       		.uleb128 0xb
 420 0054 49       		.uleb128 0x49
 421 0055 13       		.uleb128 0x13
 422 0056 3F       		.uleb128 0x3f
 423 0057 19       		.uleb128 0x19
 424 0058 02       		.uleb128 0x2
 425 0059 18       		.uleb128 0x18
 426 005a 00       		.byte	0
 427 005b 00       		.byte	0
 428 005c 00       		.byte	0
 429              		.section	.debug_aranges,"",%progbits
 430 0000 14000000 		.4byte	0x14
 431 0004 0200     		.2byte	0x2
 432 0006 00000000 		.4byte	.Ldebug_info0
 433 000a 04       		.byte	0x4
 434 000b 00       		.byte	0
 435 000c 0000     		.2byte	0
 436 000e 0000     		.2byte	0
 437 0010 00000000 		.4byte	0
 438 0014 00000000 		.4byte	0
 439              		.section	.debug_line,"",%progbits
 440              	.Ldebug_line0:
 441 0000 3D010000 		.section	.debug_str,"MS",%progbits,1
 441      02003701 
 441      00000201 
 441      FB0E0D00 
 441      01010101 
 442              	.LASF6:
 443 0000 6C6F6E67 		.ascii	"long long int\000"
 443      206C6F6E 
 443      6720696E 
 443      7400
 444              	.LASF9:
 445 000e 5F5F7569 		.ascii	"__uint8_t\000"
ARM GAS  C:\Users\jayti\AppData\Local\Temp\ccdGHlSs.s 			page 9


 445      6E74385F 
 445      7400
 446              	.LASF16:
 447 0018 63795F6D 		.ascii	"cy_metadata\000"
 447      65746164 
 447      61746100 
 448              	.LASF1:
 449 0024 756E7369 		.ascii	"unsigned char\000"
 449      676E6564 
 449      20636861 
 449      7200
 450              	.LASF17:
 451 0032 474E5520 		.ascii	"GNU C11 5.4.1 20160609 (release) [ARM/embedded-5-br"
 451      43313120 
 451      352E342E 
 451      31203230 
 451      31363036 
 452 0065 616E6368 		.ascii	"anch revision 237715] -mcpu=cortex-m3 -mthumb -g -O"
 452      20726576 
 452      6973696F 
 452      6E203233 
 452      37373135 
 453 0098 67202D66 		.ascii	"g -ffunction-sections -ffat-lto-objects\000"
 453      66756E63 
 453      74696F6E 
 453      2D736563 
 453      74696F6E 
 454              	.LASF5:
 455 00c0 6C6F6E67 		.ascii	"long unsigned int\000"
 455      20756E73 
 455      69676E65 
 455      6420696E 
 455      7400
 456              	.LASF3:
 457 00d2 73686F72 		.ascii	"short unsigned int\000"
 457      7420756E 
 457      7369676E 
 457      65642069 
 457      6E7400
 458              	.LASF13:
 459 00e5 63795F6D 		.ascii	"cy_meta_custnvl\000"
 459      6574615F 
 459      63757374 
 459      6E766C00 
 460              	.LASF12:
 461 00f5 63795F6D 		.ascii	"cy_meta_configecc\000"
 461      6574615F 
 461      636F6E66 
 461      69676563 
 461      6300
 462              	.LASF8:
 463 0107 756E7369 		.ascii	"unsigned int\000"
 463      676E6564 
 463      20696E74 
 463      00
 464              	.LASF7:
 465 0114 6C6F6E67 		.ascii	"long long unsigned int\000"
ARM GAS  C:\Users\jayti\AppData\Local\Temp\ccdGHlSs.s 			page 10


 465      206C6F6E 
 465      6720756E 
 465      7369676E 
 465      65642069 
 466              	.LASF10:
 467 012b 75696E74 		.ascii	"uint8_t\000"
 467      385F7400 
 468              	.LASF15:
 469 0133 63795F6D 		.ascii	"cy_meta_flashprotect\000"
 469      6574615F 
 469      666C6173 
 469      6870726F 
 469      74656374 
 470              	.LASF14:
 471 0148 63795F6D 		.ascii	"cy_meta_wonvl\000"
 471      6574615F 
 471      776F6E76 
 471      6C00
 472              	.LASF11:
 473 0156 73697A65 		.ascii	"sizetype\000"
 473      74797065 
 473      00
 474              	.LASF19:
 475 015f 433A5C55 		.ascii	"C:\\Users\\jayti\\Documents\\COMPSYS_723\\P4P_Proje"
 475      73657273 
 475      5C6A6179 
 475      74695C44 
 475      6F63756D 
 476 018d 63742D31 		.ascii	"ct-130\\Experimental_cap_sense\\Design01_Copy_01.cy"
 476      33305C45 
 476      78706572 
 476      696D656E 
 476      74616C5F 
 477 01be 64736E00 		.ascii	"dsn\000"
 478              	.LASF2:
 479 01c2 73686F72 		.ascii	"short int\000"
 479      7420696E 
 479      7400
 480              	.LASF4:
 481 01cc 6C6F6E67 		.ascii	"long int\000"
 481      20696E74 
 481      00
 482              	.LASF0:
 483 01d5 7369676E 		.ascii	"signed char\000"
 483      65642063 
 483      68617200 
 484              	.LASF18:
 485 01e1 47656E65 		.ascii	"Generated_Source\\PSoC5\\cymetadata.c\000"
 485      72617465 
 485      645F536F 
 485      75726365 
 485      5C50536F 
 486              		.ident	"GCC: (GNU Tools for ARM Embedded Processors) 5.4.1 20160609 (release) [ARM/embedded-5-bran
