ARM GAS  C:\Users\jpat614\AppData\Local\Temp\cccq3vST.s 			page 1


   1              		.syntax unified
   2              		.cpu cortex-m3
   3              		.fpu softvfp
   4              		.eabi_attribute 20, 1
   5              		.eabi_attribute 21, 1
   6              		.eabi_attribute 23, 3
   7              		.eabi_attribute 24, 1
   8              		.eabi_attribute 25, 1
   9              		.eabi_attribute 26, 1
  10              		.eabi_attribute 30, 1
  11              		.eabi_attribute 34, 1
  12              		.eabi_attribute 18, 4
  13              		.thumb
  14              		.syntax unified
  15              		.file	"IDAC8_2.c"
  16              		.text
  17              	.Ltext0:
  18              		.cfi_sections	.debug_frame
  19              		.section	.text.IDAC8_2_Enable,"ax",%progbits
  20              		.align	2
  21              		.global	IDAC8_2_Enable
  22              		.thumb
  23              		.thumb_func
  24              		.type	IDAC8_2_Enable, %function
  25              	IDAC8_2_Enable:
  26              	.LFB1:
  27              		.file 1 "Generated_Source\\PSoC5\\IDAC8_2.c"
   1:Generated_Source\PSoC5/IDAC8_2.c **** /*******************************************************************************
   2:Generated_Source\PSoC5/IDAC8_2.c **** * File Name: IDAC8_2.c
   3:Generated_Source\PSoC5/IDAC8_2.c **** * Version 2.0
   4:Generated_Source\PSoC5/IDAC8_2.c **** *
   5:Generated_Source\PSoC5/IDAC8_2.c **** * Description:
   6:Generated_Source\PSoC5/IDAC8_2.c **** *  This file provides the source code to the API for the 8-bit Current 
   7:Generated_Source\PSoC5/IDAC8_2.c **** *  DAC (IDAC8) User Module.
   8:Generated_Source\PSoC5/IDAC8_2.c **** *
   9:Generated_Source\PSoC5/IDAC8_2.c **** * Note:
  10:Generated_Source\PSoC5/IDAC8_2.c **** *  None
  11:Generated_Source\PSoC5/IDAC8_2.c **** *
  12:Generated_Source\PSoC5/IDAC8_2.c **** ********************************************************************************
  13:Generated_Source\PSoC5/IDAC8_2.c **** * Copyright 2008-2012, Cypress Semiconductor Corporation.  All rights reserved.
  14:Generated_Source\PSoC5/IDAC8_2.c **** * You may use this file only in accordance with the license, terms, conditions, 
  15:Generated_Source\PSoC5/IDAC8_2.c **** * disclaimers, and limitations in the end user license agreement accompanying 
  16:Generated_Source\PSoC5/IDAC8_2.c **** * the software package with which this file was provided.
  17:Generated_Source\PSoC5/IDAC8_2.c **** *******************************************************************************/
  18:Generated_Source\PSoC5/IDAC8_2.c **** 
  19:Generated_Source\PSoC5/IDAC8_2.c **** #include "cytypes.h"
  20:Generated_Source\PSoC5/IDAC8_2.c **** #include "IDAC8_2.h"   
  21:Generated_Source\PSoC5/IDAC8_2.c **** 
  22:Generated_Source\PSoC5/IDAC8_2.c **** #if (CY_PSOC5A)
  23:Generated_Source\PSoC5/IDAC8_2.c ****     #include <CyLib.h>
  24:Generated_Source\PSoC5/IDAC8_2.c **** #endif /* CY_PSOC5A */
  25:Generated_Source\PSoC5/IDAC8_2.c **** 
  26:Generated_Source\PSoC5/IDAC8_2.c **** 
  27:Generated_Source\PSoC5/IDAC8_2.c **** uint8 IDAC8_2_initVar = 0u;
  28:Generated_Source\PSoC5/IDAC8_2.c **** 
  29:Generated_Source\PSoC5/IDAC8_2.c **** 
  30:Generated_Source\PSoC5/IDAC8_2.c **** #if (CY_PSOC5A)
ARM GAS  C:\Users\jpat614\AppData\Local\Temp\cccq3vST.s 			page 2


  31:Generated_Source\PSoC5/IDAC8_2.c ****     static IDAC8_2_LOWPOWER_BACKUP_STRUCT  IDAC8_2_lowPowerBackup;
  32:Generated_Source\PSoC5/IDAC8_2.c **** #endif /* CY_PSOC5A */
  33:Generated_Source\PSoC5/IDAC8_2.c **** 
  34:Generated_Source\PSoC5/IDAC8_2.c **** /* Variable to decide whether or not to restore control register in Enable()
  35:Generated_Source\PSoC5/IDAC8_2.c ****    API. This valid only for PSoC5A */
  36:Generated_Source\PSoC5/IDAC8_2.c **** #if (CY_PSOC5A)
  37:Generated_Source\PSoC5/IDAC8_2.c ****     static uint8 IDAC8_2_restoreReg = 0u;
  38:Generated_Source\PSoC5/IDAC8_2.c **** #endif /* CY_PSOC5A */
  39:Generated_Source\PSoC5/IDAC8_2.c **** 
  40:Generated_Source\PSoC5/IDAC8_2.c **** 
  41:Generated_Source\PSoC5/IDAC8_2.c **** /*******************************************************************************
  42:Generated_Source\PSoC5/IDAC8_2.c **** * Function Name: IDAC8_2_Init
  43:Generated_Source\PSoC5/IDAC8_2.c **** ********************************************************************************
  44:Generated_Source\PSoC5/IDAC8_2.c **** * Summary:
  45:Generated_Source\PSoC5/IDAC8_2.c **** *  Initialize to the schematic state.
  46:Generated_Source\PSoC5/IDAC8_2.c **** * 
  47:Generated_Source\PSoC5/IDAC8_2.c **** * Parameters:
  48:Generated_Source\PSoC5/IDAC8_2.c **** *  void:
  49:Generated_Source\PSoC5/IDAC8_2.c **** *
  50:Generated_Source\PSoC5/IDAC8_2.c **** * Return:
  51:Generated_Source\PSoC5/IDAC8_2.c **** *  (void)
  52:Generated_Source\PSoC5/IDAC8_2.c **** *
  53:Generated_Source\PSoC5/IDAC8_2.c **** * Theory:
  54:Generated_Source\PSoC5/IDAC8_2.c **** *
  55:Generated_Source\PSoC5/IDAC8_2.c **** * Side Effects:
  56:Generated_Source\PSoC5/IDAC8_2.c **** *
  57:Generated_Source\PSoC5/IDAC8_2.c **** *******************************************************************************/
  58:Generated_Source\PSoC5/IDAC8_2.c **** void IDAC8_2_Init(void) 
  59:Generated_Source\PSoC5/IDAC8_2.c **** {
  60:Generated_Source\PSoC5/IDAC8_2.c ****     IDAC8_2_CR0 = (IDAC8_2_MODE_I | IDAC8_2_DEFAULT_RANGE );
  61:Generated_Source\PSoC5/IDAC8_2.c **** 
  62:Generated_Source\PSoC5/IDAC8_2.c ****     /* Set default data source */
  63:Generated_Source\PSoC5/IDAC8_2.c ****     #if(IDAC8_2_DEFAULT_DATA_SRC != 0u )    
  64:Generated_Source\PSoC5/IDAC8_2.c ****         IDAC8_2_CR1 = (IDAC8_2_DEFAULT_CNTL | IDAC8_2_DACBUS_ENABLE);
  65:Generated_Source\PSoC5/IDAC8_2.c ****     #else
  66:Generated_Source\PSoC5/IDAC8_2.c ****         IDAC8_2_CR1 = (IDAC8_2_DEFAULT_CNTL | IDAC8_2_DACBUS_DISABLE);
  67:Generated_Source\PSoC5/IDAC8_2.c ****     #endif /* (IDAC8_2_DEFAULT_DATA_SRC != 0u ) */
  68:Generated_Source\PSoC5/IDAC8_2.c ****     
  69:Generated_Source\PSoC5/IDAC8_2.c ****     /*Controls polarity from UDB Control*/
  70:Generated_Source\PSoC5/IDAC8_2.c ****     #if(IDAC8_2_DEFAULT_POLARITY == IDAC8_2_HARDWARE_CONTROLLED)
  71:Generated_Source\PSoC5/IDAC8_2.c ****         IDAC8_2_CR1 |= IDAC8_2_IDIR_SRC_UDB;
  72:Generated_Source\PSoC5/IDAC8_2.c ****     #else
  73:Generated_Source\PSoC5/IDAC8_2.c ****         IDAC8_2_CR1 |= IDAC8_2_DEFAULT_POLARITY;
  74:Generated_Source\PSoC5/IDAC8_2.c ****     #endif/* (IDAC8_2_DEFAULT_POLARITY == IDAC8_2_HARDWARE_CONTROLLED) */
  75:Generated_Source\PSoC5/IDAC8_2.c ****     /*Controls Current Source from UDB Control*/
  76:Generated_Source\PSoC5/IDAC8_2.c ****     #if(IDAC8_2_HARDWARE_ENABLE != 0u ) 
  77:Generated_Source\PSoC5/IDAC8_2.c ****         IDAC8_2_CR1 |= IDAC8_2_IDIR_CTL_UDB;
  78:Generated_Source\PSoC5/IDAC8_2.c ****     #endif /* (IDAC8_2_HARDWARE_ENABLE != 0u ) */ 
  79:Generated_Source\PSoC5/IDAC8_2.c ****     
  80:Generated_Source\PSoC5/IDAC8_2.c ****     /* Set default strobe mode */
  81:Generated_Source\PSoC5/IDAC8_2.c ****     #if(IDAC8_2_DEFAULT_STRB != 0u)
  82:Generated_Source\PSoC5/IDAC8_2.c ****         IDAC8_2_Strobe |= IDAC8_2_STRB_EN;
  83:Generated_Source\PSoC5/IDAC8_2.c ****     #endif /* (IDAC8_2_DEFAULT_STRB != 0u) */
  84:Generated_Source\PSoC5/IDAC8_2.c ****     
  85:Generated_Source\PSoC5/IDAC8_2.c ****     /* Set default speed */
  86:Generated_Source\PSoC5/IDAC8_2.c ****     IDAC8_2_SetSpeed(IDAC8_2_DEFAULT_SPEED);
  87:Generated_Source\PSoC5/IDAC8_2.c ****     
ARM GAS  C:\Users\jpat614\AppData\Local\Temp\cccq3vST.s 			page 3


  88:Generated_Source\PSoC5/IDAC8_2.c ****     /* Set proper DAC trim */
  89:Generated_Source\PSoC5/IDAC8_2.c ****     IDAC8_2_DacTrim();
  90:Generated_Source\PSoC5/IDAC8_2.c ****     
  91:Generated_Source\PSoC5/IDAC8_2.c **** }
  92:Generated_Source\PSoC5/IDAC8_2.c **** 
  93:Generated_Source\PSoC5/IDAC8_2.c **** 
  94:Generated_Source\PSoC5/IDAC8_2.c **** /*******************************************************************************
  95:Generated_Source\PSoC5/IDAC8_2.c **** * Function Name: IDAC8_2_Enable
  96:Generated_Source\PSoC5/IDAC8_2.c **** ********************************************************************************
  97:Generated_Source\PSoC5/IDAC8_2.c **** * Summary:
  98:Generated_Source\PSoC5/IDAC8_2.c **** *  Enable the IDAC8
  99:Generated_Source\PSoC5/IDAC8_2.c **** * 
 100:Generated_Source\PSoC5/IDAC8_2.c **** * Parameters:
 101:Generated_Source\PSoC5/IDAC8_2.c **** *  void:
 102:Generated_Source\PSoC5/IDAC8_2.c **** *
 103:Generated_Source\PSoC5/IDAC8_2.c **** * Return:
 104:Generated_Source\PSoC5/IDAC8_2.c **** *  (void)
 105:Generated_Source\PSoC5/IDAC8_2.c **** *
 106:Generated_Source\PSoC5/IDAC8_2.c **** * Theory:
 107:Generated_Source\PSoC5/IDAC8_2.c **** *
 108:Generated_Source\PSoC5/IDAC8_2.c **** * Side Effects:
 109:Generated_Source\PSoC5/IDAC8_2.c **** *
 110:Generated_Source\PSoC5/IDAC8_2.c **** *******************************************************************************/
 111:Generated_Source\PSoC5/IDAC8_2.c **** void IDAC8_2_Enable(void) 
 112:Generated_Source\PSoC5/IDAC8_2.c **** {
  28              		.loc 1 112 0
  29              		.cfi_startproc
  30              		@ args = 0, pretend = 0, frame = 0
  31              		@ frame_needed = 0, uses_anonymous_args = 0
  32              		@ link register save eliminated.
 113:Generated_Source\PSoC5/IDAC8_2.c ****     IDAC8_2_PWRMGR |= IDAC8_2_ACT_PWR_EN;
  33              		.loc 1 113 0
  34 0000 054A     		ldr	r2, .L2
  35 0002 1378     		ldrb	r3, [r2]	@ zero_extendqisi2
  36 0004 43F00103 		orr	r3, r3, #1
  37 0008 1370     		strb	r3, [r2]
 114:Generated_Source\PSoC5/IDAC8_2.c ****     IDAC8_2_STBY_PWRMGR |= IDAC8_2_STBY_PWR_EN;
  38              		.loc 1 114 0
  39 000a 1032     		adds	r2, r2, #16
  40 000c 1378     		ldrb	r3, [r2]	@ zero_extendqisi2
  41 000e 43F00103 		orr	r3, r3, #1
  42 0012 1370     		strb	r3, [r2]
  43 0014 7047     		bx	lr
  44              	.L3:
  45 0016 00BF     		.align	2
  46              	.L2:
  47 0018 A8430040 		.word	1073759144
  48              		.cfi_endproc
  49              	.LFE1:
  50              		.size	IDAC8_2_Enable, .-IDAC8_2_Enable
  51              		.section	.text.IDAC8_2_Stop,"ax",%progbits
  52              		.align	2
  53              		.global	IDAC8_2_Stop
  54              		.thumb
  55              		.thumb_func
  56              		.type	IDAC8_2_Stop, %function
  57              	IDAC8_2_Stop:
ARM GAS  C:\Users\jpat614\AppData\Local\Temp\cccq3vST.s 			page 4


  58              	.LFB3:
 115:Generated_Source\PSoC5/IDAC8_2.c **** 
 116:Generated_Source\PSoC5/IDAC8_2.c ****     /* This is to restore the value of register CR0 which is saved 
 117:Generated_Source\PSoC5/IDAC8_2.c ****       in prior to the modification in stop() API */
 118:Generated_Source\PSoC5/IDAC8_2.c ****     #if (CY_PSOC5A)
 119:Generated_Source\PSoC5/IDAC8_2.c ****         if(IDAC8_2_restoreReg == 1u)
 120:Generated_Source\PSoC5/IDAC8_2.c ****         {
 121:Generated_Source\PSoC5/IDAC8_2.c ****             IDAC8_2_CR0 = IDAC8_2_lowPowerBackup.DACCR0Reg;
 122:Generated_Source\PSoC5/IDAC8_2.c **** 
 123:Generated_Source\PSoC5/IDAC8_2.c ****             /* Clear the flag */
 124:Generated_Source\PSoC5/IDAC8_2.c ****             IDAC8_2_restoreReg = 0u;
 125:Generated_Source\PSoC5/IDAC8_2.c ****         }
 126:Generated_Source\PSoC5/IDAC8_2.c ****     #endif /* CY_PSOC5A */
 127:Generated_Source\PSoC5/IDAC8_2.c **** }
 128:Generated_Source\PSoC5/IDAC8_2.c **** 
 129:Generated_Source\PSoC5/IDAC8_2.c **** 
 130:Generated_Source\PSoC5/IDAC8_2.c **** /*******************************************************************************
 131:Generated_Source\PSoC5/IDAC8_2.c **** * Function Name: IDAC8_2_Start
 132:Generated_Source\PSoC5/IDAC8_2.c **** ********************************************************************************
 133:Generated_Source\PSoC5/IDAC8_2.c **** * Summary:
 134:Generated_Source\PSoC5/IDAC8_2.c **** *  Set power level then turn on IDAC8.
 135:Generated_Source\PSoC5/IDAC8_2.c **** *
 136:Generated_Source\PSoC5/IDAC8_2.c **** * Parameters:  
 137:Generated_Source\PSoC5/IDAC8_2.c **** *  power: Sets power level between off (0) and (3) high power
 138:Generated_Source\PSoC5/IDAC8_2.c **** *
 139:Generated_Source\PSoC5/IDAC8_2.c **** * Return:
 140:Generated_Source\PSoC5/IDAC8_2.c **** *  (void)
 141:Generated_Source\PSoC5/IDAC8_2.c **** *
 142:Generated_Source\PSoC5/IDAC8_2.c **** * Global variables:
 143:Generated_Source\PSoC5/IDAC8_2.c **** *  IDAC8_2_initVar: Is modified when this function is called for 
 144:Generated_Source\PSoC5/IDAC8_2.c **** *   the first time. Is used to ensure that initialization happens only once.
 145:Generated_Source\PSoC5/IDAC8_2.c **** *
 146:Generated_Source\PSoC5/IDAC8_2.c **** *******************************************************************************/
 147:Generated_Source\PSoC5/IDAC8_2.c **** void IDAC8_2_Start(void) 
 148:Generated_Source\PSoC5/IDAC8_2.c **** {
 149:Generated_Source\PSoC5/IDAC8_2.c ****     /* Hardware initiazation only needs to occur the first time */
 150:Generated_Source\PSoC5/IDAC8_2.c ****     if ( IDAC8_2_initVar == 0u)  
 151:Generated_Source\PSoC5/IDAC8_2.c ****     {
 152:Generated_Source\PSoC5/IDAC8_2.c ****         IDAC8_2_Init();
 153:Generated_Source\PSoC5/IDAC8_2.c ****         
 154:Generated_Source\PSoC5/IDAC8_2.c ****         IDAC8_2_initVar = 1u;
 155:Generated_Source\PSoC5/IDAC8_2.c ****     }
 156:Generated_Source\PSoC5/IDAC8_2.c ****    
 157:Generated_Source\PSoC5/IDAC8_2.c ****     /* Enable power to DAC */
 158:Generated_Source\PSoC5/IDAC8_2.c ****     IDAC8_2_Enable();
 159:Generated_Source\PSoC5/IDAC8_2.c **** 
 160:Generated_Source\PSoC5/IDAC8_2.c ****     /* Set default value */
 161:Generated_Source\PSoC5/IDAC8_2.c ****     IDAC8_2_SetValue(IDAC8_2_DEFAULT_DATA);
 162:Generated_Source\PSoC5/IDAC8_2.c **** 
 163:Generated_Source\PSoC5/IDAC8_2.c **** }
 164:Generated_Source\PSoC5/IDAC8_2.c **** 
 165:Generated_Source\PSoC5/IDAC8_2.c **** 
 166:Generated_Source\PSoC5/IDAC8_2.c **** /*******************************************************************************
 167:Generated_Source\PSoC5/IDAC8_2.c **** * Function Name: IDAC8_2_Stop
 168:Generated_Source\PSoC5/IDAC8_2.c **** ********************************************************************************
 169:Generated_Source\PSoC5/IDAC8_2.c **** * Summary:
 170:Generated_Source\PSoC5/IDAC8_2.c **** *  Powers down IDAC8 to lowest power state.
ARM GAS  C:\Users\jpat614\AppData\Local\Temp\cccq3vST.s 			page 5


 171:Generated_Source\PSoC5/IDAC8_2.c **** *
 172:Generated_Source\PSoC5/IDAC8_2.c **** * Parameters:
 173:Generated_Source\PSoC5/IDAC8_2.c **** *  (void)
 174:Generated_Source\PSoC5/IDAC8_2.c **** *
 175:Generated_Source\PSoC5/IDAC8_2.c **** * Return:
 176:Generated_Source\PSoC5/IDAC8_2.c **** *  (void)
 177:Generated_Source\PSoC5/IDAC8_2.c **** *
 178:Generated_Source\PSoC5/IDAC8_2.c **** * Theory:
 179:Generated_Source\PSoC5/IDAC8_2.c **** *
 180:Generated_Source\PSoC5/IDAC8_2.c **** * Side Effects:
 181:Generated_Source\PSoC5/IDAC8_2.c **** *
 182:Generated_Source\PSoC5/IDAC8_2.c **** *******************************************************************************/
 183:Generated_Source\PSoC5/IDAC8_2.c **** void IDAC8_2_Stop(void) 
 184:Generated_Source\PSoC5/IDAC8_2.c **** {
  59              		.loc 1 184 0
  60              		.cfi_startproc
  61              		@ args = 0, pretend = 0, frame = 0
  62              		@ frame_needed = 0, uses_anonymous_args = 0
  63              		@ link register save eliminated.
 185:Generated_Source\PSoC5/IDAC8_2.c ****     /* Disble power to DAC */
 186:Generated_Source\PSoC5/IDAC8_2.c ****     IDAC8_2_PWRMGR &= (uint8)(~IDAC8_2_ACT_PWR_EN);
  64              		.loc 1 186 0
  65 0000 054A     		ldr	r2, .L5
  66 0002 1378     		ldrb	r3, [r2]	@ zero_extendqisi2
  67 0004 03F0FE03 		and	r3, r3, #254
  68 0008 1370     		strb	r3, [r2]
 187:Generated_Source\PSoC5/IDAC8_2.c ****     IDAC8_2_STBY_PWRMGR &= (uint8)(~IDAC8_2_STBY_PWR_EN);
  69              		.loc 1 187 0
  70 000a 1032     		adds	r2, r2, #16
  71 000c 1378     		ldrb	r3, [r2]	@ zero_extendqisi2
  72 000e 03F0FE03 		and	r3, r3, #254
  73 0012 1370     		strb	r3, [r2]
  74 0014 7047     		bx	lr
  75              	.L6:
  76 0016 00BF     		.align	2
  77              	.L5:
  78 0018 A8430040 		.word	1073759144
  79              		.cfi_endproc
  80              	.LFE3:
  81              		.size	IDAC8_2_Stop, .-IDAC8_2_Stop
  82              		.section	.text.IDAC8_2_SetSpeed,"ax",%progbits
  83              		.align	2
  84              		.global	IDAC8_2_SetSpeed
  85              		.thumb
  86              		.thumb_func
  87              		.type	IDAC8_2_SetSpeed, %function
  88              	IDAC8_2_SetSpeed:
  89              	.LFB4:
 188:Generated_Source\PSoC5/IDAC8_2.c ****     
 189:Generated_Source\PSoC5/IDAC8_2.c ****     #if (CY_PSOC5A)
 190:Generated_Source\PSoC5/IDAC8_2.c ****     
 191:Generated_Source\PSoC5/IDAC8_2.c ****         /* Set the global variable  */
 192:Generated_Source\PSoC5/IDAC8_2.c ****         IDAC8_2_restoreReg = 1u;
 193:Generated_Source\PSoC5/IDAC8_2.c **** 
 194:Generated_Source\PSoC5/IDAC8_2.c ****         /* Save the control register and then Clear it. */
 195:Generated_Source\PSoC5/IDAC8_2.c ****         IDAC8_2_lowPowerBackup.DACCR0Reg = IDAC8_2_CR0;
 196:Generated_Source\PSoC5/IDAC8_2.c ****         IDAC8_2_CR0 = (IDAC8_2_MODE_I | IDAC8_2_RANGE_3 | IDAC8_2_HS_HIGHSPEED);
ARM GAS  C:\Users\jpat614\AppData\Local\Temp\cccq3vST.s 			page 6


 197:Generated_Source\PSoC5/IDAC8_2.c ****     #endif /* CY_PSOC5A */
 198:Generated_Source\PSoC5/IDAC8_2.c **** }
 199:Generated_Source\PSoC5/IDAC8_2.c **** 
 200:Generated_Source\PSoC5/IDAC8_2.c **** 
 201:Generated_Source\PSoC5/IDAC8_2.c **** /*******************************************************************************
 202:Generated_Source\PSoC5/IDAC8_2.c **** * Function Name: IDAC8_2_SetSpeed
 203:Generated_Source\PSoC5/IDAC8_2.c **** ********************************************************************************
 204:Generated_Source\PSoC5/IDAC8_2.c **** * Summary:
 205:Generated_Source\PSoC5/IDAC8_2.c **** *  Set DAC speed
 206:Generated_Source\PSoC5/IDAC8_2.c **** *
 207:Generated_Source\PSoC5/IDAC8_2.c **** * Parameters:
 208:Generated_Source\PSoC5/IDAC8_2.c **** *  power: Sets speed value
 209:Generated_Source\PSoC5/IDAC8_2.c **** *
 210:Generated_Source\PSoC5/IDAC8_2.c **** * Return:
 211:Generated_Source\PSoC5/IDAC8_2.c **** *  (void)
 212:Generated_Source\PSoC5/IDAC8_2.c **** *
 213:Generated_Source\PSoC5/IDAC8_2.c **** * Theory:
 214:Generated_Source\PSoC5/IDAC8_2.c **** *
 215:Generated_Source\PSoC5/IDAC8_2.c **** * Side Effects:
 216:Generated_Source\PSoC5/IDAC8_2.c **** *
 217:Generated_Source\PSoC5/IDAC8_2.c **** *******************************************************************************/
 218:Generated_Source\PSoC5/IDAC8_2.c **** void IDAC8_2_SetSpeed(uint8 speed) 
 219:Generated_Source\PSoC5/IDAC8_2.c **** {
  90              		.loc 1 219 0
  91              		.cfi_startproc
  92              		@ args = 0, pretend = 0, frame = 0
  93              		@ frame_needed = 0, uses_anonymous_args = 0
  94              		@ link register save eliminated.
  95              	.LVL0:
 220:Generated_Source\PSoC5/IDAC8_2.c ****     /* Clear power mask then write in new value */
 221:Generated_Source\PSoC5/IDAC8_2.c ****     IDAC8_2_CR0 &= (uint8)(~IDAC8_2_HS_MASK);
  96              		.loc 1 221 0
  97 0000 054B     		ldr	r3, .L8
  98 0002 1A78     		ldrb	r2, [r3]	@ zero_extendqisi2
  99 0004 02F0FD02 		and	r2, r2, #253
 100 0008 1A70     		strb	r2, [r3]
 222:Generated_Source\PSoC5/IDAC8_2.c ****     IDAC8_2_CR0 |=  ( speed & IDAC8_2_HS_MASK);
 101              		.loc 1 222 0
 102 000a 1A78     		ldrb	r2, [r3]	@ zero_extendqisi2
 103 000c 00F00200 		and	r0, r0, #2
 104              	.LVL1:
 105 0010 1043     		orrs	r0, r0, r2
 106 0012 1870     		strb	r0, [r3]
 107 0014 7047     		bx	lr
 108              	.L9:
 109 0016 00BF     		.align	2
 110              	.L8:
 111 0018 20580040 		.word	1073764384
 112              		.cfi_endproc
 113              	.LFE4:
 114              		.size	IDAC8_2_SetSpeed, .-IDAC8_2_SetSpeed
 115              		.section	.text.IDAC8_2_SetValue,"ax",%progbits
 116              		.align	2
 117              		.global	IDAC8_2_SetValue
 118              		.thumb
 119              		.thumb_func
 120              		.type	IDAC8_2_SetValue, %function
ARM GAS  C:\Users\jpat614\AppData\Local\Temp\cccq3vST.s 			page 7


 121              	IDAC8_2_SetValue:
 122              	.LFB7:
 223:Generated_Source\PSoC5/IDAC8_2.c **** }
 224:Generated_Source\PSoC5/IDAC8_2.c **** 
 225:Generated_Source\PSoC5/IDAC8_2.c **** 
 226:Generated_Source\PSoC5/IDAC8_2.c **** /*******************************************************************************
 227:Generated_Source\PSoC5/IDAC8_2.c **** * Function Name: IDAC8_2_SetPolarity
 228:Generated_Source\PSoC5/IDAC8_2.c **** ********************************************************************************
 229:Generated_Source\PSoC5/IDAC8_2.c **** * Summary:
 230:Generated_Source\PSoC5/IDAC8_2.c **** *  Sets IDAC to Sink or Source current.
 231:Generated_Source\PSoC5/IDAC8_2.c **** *  
 232:Generated_Source\PSoC5/IDAC8_2.c **** * Parameters:
 233:Generated_Source\PSoC5/IDAC8_2.c **** *  Polarity: Sets the IDAC to Sink or Source 
 234:Generated_Source\PSoC5/IDAC8_2.c **** *  0x00 - Source
 235:Generated_Source\PSoC5/IDAC8_2.c **** *  0x04 - Sink
 236:Generated_Source\PSoC5/IDAC8_2.c **** *
 237:Generated_Source\PSoC5/IDAC8_2.c **** * Return:
 238:Generated_Source\PSoC5/IDAC8_2.c **** *  (void)
 239:Generated_Source\PSoC5/IDAC8_2.c **** *
 240:Generated_Source\PSoC5/IDAC8_2.c **** * Theory:
 241:Generated_Source\PSoC5/IDAC8_2.c **** *
 242:Generated_Source\PSoC5/IDAC8_2.c **** * Side Effects:
 243:Generated_Source\PSoC5/IDAC8_2.c **** *
 244:Generated_Source\PSoC5/IDAC8_2.c **** *******************************************************************************/
 245:Generated_Source\PSoC5/IDAC8_2.c **** #if(IDAC8_2_DEFAULT_POLARITY != IDAC8_2_HARDWARE_CONTROLLED)
 246:Generated_Source\PSoC5/IDAC8_2.c ****     void IDAC8_2_SetPolarity(uint8 polarity) 
 247:Generated_Source\PSoC5/IDAC8_2.c ****     {
 248:Generated_Source\PSoC5/IDAC8_2.c ****         IDAC8_2_CR1 &= (uint8)(~IDAC8_2_IDIR_MASK);                /* clear polarity bit */
 249:Generated_Source\PSoC5/IDAC8_2.c ****         IDAC8_2_CR1 |= (polarity & IDAC8_2_IDIR_MASK);             /* set new value */
 250:Generated_Source\PSoC5/IDAC8_2.c ****     
 251:Generated_Source\PSoC5/IDAC8_2.c ****         IDAC8_2_DacTrim();
 252:Generated_Source\PSoC5/IDAC8_2.c ****     }
 253:Generated_Source\PSoC5/IDAC8_2.c **** #endif/*(IDAC8_2_DEFAULT_POLARITY != IDAC8_2_HARDWARE_CONTROLLED)*/
 254:Generated_Source\PSoC5/IDAC8_2.c **** 
 255:Generated_Source\PSoC5/IDAC8_2.c **** 
 256:Generated_Source\PSoC5/IDAC8_2.c **** /*******************************************************************************
 257:Generated_Source\PSoC5/IDAC8_2.c **** * Function Name: IDAC8_2_SetRange
 258:Generated_Source\PSoC5/IDAC8_2.c **** ********************************************************************************
 259:Generated_Source\PSoC5/IDAC8_2.c **** * Summary:
 260:Generated_Source\PSoC5/IDAC8_2.c **** *  Set current range
 261:Generated_Source\PSoC5/IDAC8_2.c **** *
 262:Generated_Source\PSoC5/IDAC8_2.c **** * Parameters:
 263:Generated_Source\PSoC5/IDAC8_2.c **** *  Range: Sets on of four valid ranges.
 264:Generated_Source\PSoC5/IDAC8_2.c **** *
 265:Generated_Source\PSoC5/IDAC8_2.c **** * Return:
 266:Generated_Source\PSoC5/IDAC8_2.c **** *  (void)
 267:Generated_Source\PSoC5/IDAC8_2.c **** *
 268:Generated_Source\PSoC5/IDAC8_2.c **** * Theory:
 269:Generated_Source\PSoC5/IDAC8_2.c **** *
 270:Generated_Source\PSoC5/IDAC8_2.c **** * Side Effects:
 271:Generated_Source\PSoC5/IDAC8_2.c **** *
 272:Generated_Source\PSoC5/IDAC8_2.c **** *******************************************************************************/
 273:Generated_Source\PSoC5/IDAC8_2.c **** void IDAC8_2_SetRange(uint8 range) 
 274:Generated_Source\PSoC5/IDAC8_2.c **** {
 275:Generated_Source\PSoC5/IDAC8_2.c ****     IDAC8_2_CR0 &= (uint8)(~IDAC8_2_RANGE_MASK);       /* Clear existing mode */
 276:Generated_Source\PSoC5/IDAC8_2.c ****     IDAC8_2_CR0 |= ( range & IDAC8_2_RANGE_MASK );     /*  Set Range  */
 277:Generated_Source\PSoC5/IDAC8_2.c ****     IDAC8_2_DacTrim();
ARM GAS  C:\Users\jpat614\AppData\Local\Temp\cccq3vST.s 			page 8


 278:Generated_Source\PSoC5/IDAC8_2.c **** }
 279:Generated_Source\PSoC5/IDAC8_2.c **** 
 280:Generated_Source\PSoC5/IDAC8_2.c **** 
 281:Generated_Source\PSoC5/IDAC8_2.c **** /*******************************************************************************
 282:Generated_Source\PSoC5/IDAC8_2.c **** * Function Name: IDAC8_2_SetValue
 283:Generated_Source\PSoC5/IDAC8_2.c **** ********************************************************************************
 284:Generated_Source\PSoC5/IDAC8_2.c **** * Summary:
 285:Generated_Source\PSoC5/IDAC8_2.c **** *  Set DAC value
 286:Generated_Source\PSoC5/IDAC8_2.c **** *
 287:Generated_Source\PSoC5/IDAC8_2.c **** * Parameters:
 288:Generated_Source\PSoC5/IDAC8_2.c **** *  value: Sets DAC value between 0 and 255.
 289:Generated_Source\PSoC5/IDAC8_2.c **** *
 290:Generated_Source\PSoC5/IDAC8_2.c **** * Return:
 291:Generated_Source\PSoC5/IDAC8_2.c **** *  (void)
 292:Generated_Source\PSoC5/IDAC8_2.c **** *
 293:Generated_Source\PSoC5/IDAC8_2.c **** * Theory:
 294:Generated_Source\PSoC5/IDAC8_2.c **** *
 295:Generated_Source\PSoC5/IDAC8_2.c **** * Side Effects:
 296:Generated_Source\PSoC5/IDAC8_2.c **** *
 297:Generated_Source\PSoC5/IDAC8_2.c **** *******************************************************************************/
 298:Generated_Source\PSoC5/IDAC8_2.c **** void IDAC8_2_SetValue(uint8 value) 
 299:Generated_Source\PSoC5/IDAC8_2.c **** {
 123              		.loc 1 299 0
 124              		.cfi_startproc
 125              		@ args = 0, pretend = 0, frame = 0
 126              		@ frame_needed = 0, uses_anonymous_args = 0
 127              		@ link register save eliminated.
 128              	.LVL2:
 300:Generated_Source\PSoC5/IDAC8_2.c **** 
 301:Generated_Source\PSoC5/IDAC8_2.c ****     #if (CY_PSOC5A)
 302:Generated_Source\PSoC5/IDAC8_2.c ****         uint8 IDAC8_2_intrStatus = CyEnterCriticalSection();
 303:Generated_Source\PSoC5/IDAC8_2.c ****     #endif /* CY_PSOC5A */
 304:Generated_Source\PSoC5/IDAC8_2.c **** 
 305:Generated_Source\PSoC5/IDAC8_2.c ****     IDAC8_2_Data = value;         /*  Set Value  */
 129              		.loc 1 305 0
 130 0000 014B     		ldr	r3, .L11
 131 0002 1870     		strb	r0, [r3]
 132 0004 7047     		bx	lr
 133              	.L12:
 134 0006 00BF     		.align	2
 135              	.L11:
 136 0008 805B0040 		.word	1073765248
 137              		.cfi_endproc
 138              	.LFE7:
 139              		.size	IDAC8_2_SetValue, .-IDAC8_2_SetValue
 140              		.section	.text.IDAC8_2_DacTrim,"ax",%progbits
 141              		.align	2
 142              		.global	IDAC8_2_DacTrim
 143              		.thumb
 144              		.thumb_func
 145              		.type	IDAC8_2_DacTrim, %function
 146              	IDAC8_2_DacTrim:
 147              	.LFB8:
 306:Generated_Source\PSoC5/IDAC8_2.c ****     
 307:Generated_Source\PSoC5/IDAC8_2.c ****     /* PSOC5A silicons require a double write */
 308:Generated_Source\PSoC5/IDAC8_2.c ****     #if (CY_PSOC5A)
 309:Generated_Source\PSoC5/IDAC8_2.c ****         IDAC8_2_Data = value;
ARM GAS  C:\Users\jpat614\AppData\Local\Temp\cccq3vST.s 			page 9


 310:Generated_Source\PSoC5/IDAC8_2.c ****         CyExitCriticalSection(IDAC8_2_intrStatus);
 311:Generated_Source\PSoC5/IDAC8_2.c ****     #endif /* CY_PSOC5A */
 312:Generated_Source\PSoC5/IDAC8_2.c **** }
 313:Generated_Source\PSoC5/IDAC8_2.c **** 
 314:Generated_Source\PSoC5/IDAC8_2.c **** 
 315:Generated_Source\PSoC5/IDAC8_2.c **** /*******************************************************************************
 316:Generated_Source\PSoC5/IDAC8_2.c **** * Function Name: IDAC8_2_DacTrim
 317:Generated_Source\PSoC5/IDAC8_2.c **** ********************************************************************************
 318:Generated_Source\PSoC5/IDAC8_2.c **** * Summary:
 319:Generated_Source\PSoC5/IDAC8_2.c **** *  Set the trim value for the given range.
 320:Generated_Source\PSoC5/IDAC8_2.c **** *
 321:Generated_Source\PSoC5/IDAC8_2.c **** * Parameters:
 322:Generated_Source\PSoC5/IDAC8_2.c **** *  None
 323:Generated_Source\PSoC5/IDAC8_2.c **** *
 324:Generated_Source\PSoC5/IDAC8_2.c **** * Return:
 325:Generated_Source\PSoC5/IDAC8_2.c **** *  (void) 
 326:Generated_Source\PSoC5/IDAC8_2.c **** *
 327:Generated_Source\PSoC5/IDAC8_2.c **** * Theory:
 328:Generated_Source\PSoC5/IDAC8_2.c **** *  Trim values for the IDAC blocks are stored in the "Customer Table" area in 
 329:Generated_Source\PSoC5/IDAC8_2.c **** *  Row 1 of the Hidden Flash.  There are 8 bytes of trim data for each 
 330:Generated_Source\PSoC5/IDAC8_2.c **** *  IDAC block.
 331:Generated_Source\PSoC5/IDAC8_2.c **** *  The values are:
 332:Generated_Source\PSoC5/IDAC8_2.c **** *       I Gain offset, min range, Sourcing
 333:Generated_Source\PSoC5/IDAC8_2.c **** *       I Gain offset, min range, Sinking
 334:Generated_Source\PSoC5/IDAC8_2.c **** *       I Gain offset, med range, Sourcing
 335:Generated_Source\PSoC5/IDAC8_2.c **** *       I Gain offset, med range, Sinking
 336:Generated_Source\PSoC5/IDAC8_2.c **** *       I Gain offset, max range, Sourcing
 337:Generated_Source\PSoC5/IDAC8_2.c **** *       I Gain offset, max range, Sinking
 338:Generated_Source\PSoC5/IDAC8_2.c **** *       V Gain offset, 1V range
 339:Generated_Source\PSoC5/IDAC8_2.c **** *       V Gain offset, 4V range
 340:Generated_Source\PSoC5/IDAC8_2.c **** *
 341:Generated_Source\PSoC5/IDAC8_2.c **** * Side Effects:
 342:Generated_Source\PSoC5/IDAC8_2.c **** *
 343:Generated_Source\PSoC5/IDAC8_2.c **** *******************************************************************************/
 344:Generated_Source\PSoC5/IDAC8_2.c **** void IDAC8_2_DacTrim(void) 
 345:Generated_Source\PSoC5/IDAC8_2.c **** {
 148              		.loc 1 345 0
 149              		.cfi_startproc
 150              		@ args = 0, pretend = 0, frame = 0
 151              		@ frame_needed = 0, uses_anonymous_args = 0
 152              		@ link register save eliminated.
 346:Generated_Source\PSoC5/IDAC8_2.c ****     uint8 mode;
 347:Generated_Source\PSoC5/IDAC8_2.c **** 
 348:Generated_Source\PSoC5/IDAC8_2.c ****     mode = ((IDAC8_2_CR0 & IDAC8_2_RANGE_MASK) >> 1u);
 153              		.loc 1 348 0
 154 0000 094B     		ldr	r3, .L15
 155 0002 1B78     		ldrb	r3, [r3]	@ zero_extendqisi2
 156 0004 03F00C03 		and	r3, r3, #12
 157 0008 5B08     		lsrs	r3, r3, #1
 158              	.LVL3:
 349:Generated_Source\PSoC5/IDAC8_2.c ****     
 350:Generated_Source\PSoC5/IDAC8_2.c ****     if((IDAC8_2_IDIR_MASK & IDAC8_2_CR1) == IDAC8_2_IDIR_SINK)
 159              		.loc 1 350 0
 160 000a 084A     		ldr	r2, .L15+4
 161 000c 1278     		ldrb	r2, [r2]	@ zero_extendqisi2
 162 000e 12F0040F 		tst	r2, #4
 163 0012 00D0     		beq	.L14
ARM GAS  C:\Users\jpat614\AppData\Local\Temp\cccq3vST.s 			page 10


 351:Generated_Source\PSoC5/IDAC8_2.c ****     {
 352:Generated_Source\PSoC5/IDAC8_2.c ****         mode++;
 164              		.loc 1 352 0
 165 0014 0133     		adds	r3, r3, #1
 166              	.LVL4:
 167              	.L14:
 353:Generated_Source\PSoC5/IDAC8_2.c ****     }
 354:Generated_Source\PSoC5/IDAC8_2.c **** 
 355:Generated_Source\PSoC5/IDAC8_2.c ****     IDAC8_2_TR = CY_GET_XTND_REG8((uint8 *)(IDAC8_2_DAC_TRIM_BASE + mode));
 168              		.loc 1 355 0
 169 0016 03F19243 		add	r3, r3, #1224736768
 170              	.LVL5:
 171 001a 93F82031 		ldrb	r3, [r3, #288]	@ zero_extendqisi2
 172 001e DBB2     		uxtb	r3, r3
 173 0020 034A     		ldr	r2, .L15+8
 174 0022 1370     		strb	r3, [r2]
 175 0024 7047     		bx	lr
 176              	.L16:
 177 0026 00BF     		.align	2
 178              	.L15:
 179 0028 20580040 		.word	1073764384
 180 002c 21580040 		.word	1073764385
 181 0030 08460040 		.word	1073759752
 182              		.cfi_endproc
 183              	.LFE8:
 184              		.size	IDAC8_2_DacTrim, .-IDAC8_2_DacTrim
 185              		.section	.text.IDAC8_2_Init,"ax",%progbits
 186              		.align	2
 187              		.global	IDAC8_2_Init
 188              		.thumb
 189              		.thumb_func
 190              		.type	IDAC8_2_Init, %function
 191              	IDAC8_2_Init:
 192              	.LFB0:
  59:Generated_Source\PSoC5/IDAC8_2.c ****     IDAC8_2_CR0 = (IDAC8_2_MODE_I | IDAC8_2_DEFAULT_RANGE );
 193              		.loc 1 59 0
 194              		.cfi_startproc
 195              		@ args = 0, pretend = 0, frame = 0
 196              		@ frame_needed = 0, uses_anonymous_args = 0
 197 0000 08B5     		push	{r3, lr}
 198              		.cfi_def_cfa_offset 8
 199              		.cfi_offset 3, -8
 200              		.cfi_offset 14, -4
  60:Generated_Source\PSoC5/IDAC8_2.c **** 
 201              		.loc 1 60 0
 202 0002 1022     		movs	r2, #16
 203 0004 094B     		ldr	r3, .L19
 204 0006 1A70     		strb	r2, [r3]
  66:Generated_Source\PSoC5/IDAC8_2.c ****     #endif /* (IDAC8_2_DEFAULT_DATA_SRC != 0u ) */
 205              		.loc 1 66 0
 206 0008 0133     		adds	r3, r3, #1
 207 000a 0022     		movs	r2, #0
 208 000c 1A70     		strb	r2, [r3]
  73:Generated_Source\PSoC5/IDAC8_2.c ****     #endif/* (IDAC8_2_DEFAULT_POLARITY == IDAC8_2_HARDWARE_CONTROLLED) */
 209              		.loc 1 73 0
 210 000e 1A78     		ldrb	r2, [r3]	@ zero_extendqisi2
 211 0010 42F00402 		orr	r2, r2, #4
ARM GAS  C:\Users\jpat614\AppData\Local\Temp\cccq3vST.s 			page 11


 212 0014 1A70     		strb	r2, [r3]
  77:Generated_Source\PSoC5/IDAC8_2.c ****     #endif /* (IDAC8_2_HARDWARE_ENABLE != 0u ) */ 
 213              		.loc 1 77 0
 214 0016 1A78     		ldrb	r2, [r3]	@ zero_extendqisi2
 215 0018 42F00202 		orr	r2, r2, #2
 216 001c 1A70     		strb	r2, [r3]
  86:Generated_Source\PSoC5/IDAC8_2.c ****     
 217              		.loc 1 86 0
 218 001e 0220     		movs	r0, #2
 219 0020 FFF7FEFF 		bl	IDAC8_2_SetSpeed
 220              	.LVL6:
  89:Generated_Source\PSoC5/IDAC8_2.c ****     
 221              		.loc 1 89 0
 222 0024 FFF7FEFF 		bl	IDAC8_2_DacTrim
 223              	.LVL7:
 224 0028 08BD     		pop	{r3, pc}
 225              	.L20:
 226 002a 00BF     		.align	2
 227              	.L19:
 228 002c 20580040 		.word	1073764384
 229              		.cfi_endproc
 230              	.LFE0:
 231              		.size	IDAC8_2_Init, .-IDAC8_2_Init
 232              		.section	.text.IDAC8_2_Start,"ax",%progbits
 233              		.align	2
 234              		.global	IDAC8_2_Start
 235              		.thumb
 236              		.thumb_func
 237              		.type	IDAC8_2_Start, %function
 238              	IDAC8_2_Start:
 239              	.LFB2:
 148:Generated_Source\PSoC5/IDAC8_2.c ****     /* Hardware initiazation only needs to occur the first time */
 240              		.loc 1 148 0
 241              		.cfi_startproc
 242              		@ args = 0, pretend = 0, frame = 0
 243              		@ frame_needed = 0, uses_anonymous_args = 0
 244 0000 08B5     		push	{r3, lr}
 245              		.cfi_def_cfa_offset 8
 246              		.cfi_offset 3, -8
 247              		.cfi_offset 14, -4
 150:Generated_Source\PSoC5/IDAC8_2.c ****     {
 248              		.loc 1 150 0
 249 0002 074B     		ldr	r3, .L24
 250 0004 1B78     		ldrb	r3, [r3]	@ zero_extendqisi2
 251 0006 23B9     		cbnz	r3, .L22
 152:Generated_Source\PSoC5/IDAC8_2.c ****         
 252              		.loc 1 152 0
 253 0008 FFF7FEFF 		bl	IDAC8_2_Init
 254              	.LVL8:
 154:Generated_Source\PSoC5/IDAC8_2.c ****     }
 255              		.loc 1 154 0
 256 000c 0122     		movs	r2, #1
 257 000e 044B     		ldr	r3, .L24
 258 0010 1A70     		strb	r2, [r3]
 259              	.L22:
 158:Generated_Source\PSoC5/IDAC8_2.c **** 
 260              		.loc 1 158 0
ARM GAS  C:\Users\jpat614\AppData\Local\Temp\cccq3vST.s 			page 12


 261 0012 FFF7FEFF 		bl	IDAC8_2_Enable
 262              	.LVL9:
 161:Generated_Source\PSoC5/IDAC8_2.c **** 
 263              		.loc 1 161 0
 264 0016 F020     		movs	r0, #240
 265 0018 FFF7FEFF 		bl	IDAC8_2_SetValue
 266              	.LVL10:
 267 001c 08BD     		pop	{r3, pc}
 268              	.L25:
 269 001e 00BF     		.align	2
 270              	.L24:
 271 0020 00000000 		.word	.LANCHOR0
 272              		.cfi_endproc
 273              	.LFE2:
 274              		.size	IDAC8_2_Start, .-IDAC8_2_Start
 275              		.section	.text.IDAC8_2_SetPolarity,"ax",%progbits
 276              		.align	2
 277              		.global	IDAC8_2_SetPolarity
 278              		.thumb
 279              		.thumb_func
 280              		.type	IDAC8_2_SetPolarity, %function
 281              	IDAC8_2_SetPolarity:
 282              	.LFB5:
 247:Generated_Source\PSoC5/IDAC8_2.c ****         IDAC8_2_CR1 &= (uint8)(~IDAC8_2_IDIR_MASK);                /* clear polarity bit */
 283              		.loc 1 247 0
 284              		.cfi_startproc
 285              		@ args = 0, pretend = 0, frame = 0
 286              		@ frame_needed = 0, uses_anonymous_args = 0
 287              	.LVL11:
 288 0000 08B5     		push	{r3, lr}
 289              		.cfi_def_cfa_offset 8
 290              		.cfi_offset 3, -8
 291              		.cfi_offset 14, -4
 248:Generated_Source\PSoC5/IDAC8_2.c ****         IDAC8_2_CR1 |= (polarity & IDAC8_2_IDIR_MASK);             /* set new value */
 292              		.loc 1 248 0
 293 0002 064B     		ldr	r3, .L28
 294 0004 1A78     		ldrb	r2, [r3]	@ zero_extendqisi2
 295 0006 02F0FB02 		and	r2, r2, #251
 296 000a 1A70     		strb	r2, [r3]
 249:Generated_Source\PSoC5/IDAC8_2.c ****     
 297              		.loc 1 249 0
 298 000c 1A78     		ldrb	r2, [r3]	@ zero_extendqisi2
 299 000e 00F00400 		and	r0, r0, #4
 300              	.LVL12:
 301 0012 1043     		orrs	r0, r0, r2
 302 0014 1870     		strb	r0, [r3]
 251:Generated_Source\PSoC5/IDAC8_2.c ****     }
 303              		.loc 1 251 0
 304 0016 FFF7FEFF 		bl	IDAC8_2_DacTrim
 305              	.LVL13:
 306 001a 08BD     		pop	{r3, pc}
 307              	.L29:
 308              		.align	2
 309              	.L28:
 310 001c 21580040 		.word	1073764385
 311              		.cfi_endproc
 312              	.LFE5:
ARM GAS  C:\Users\jpat614\AppData\Local\Temp\cccq3vST.s 			page 13


 313              		.size	IDAC8_2_SetPolarity, .-IDAC8_2_SetPolarity
 314              		.section	.text.IDAC8_2_SetRange,"ax",%progbits
 315              		.align	2
 316              		.global	IDAC8_2_SetRange
 317              		.thumb
 318              		.thumb_func
 319              		.type	IDAC8_2_SetRange, %function
 320              	IDAC8_2_SetRange:
 321              	.LFB6:
 274:Generated_Source\PSoC5/IDAC8_2.c ****     IDAC8_2_CR0 &= (uint8)(~IDAC8_2_RANGE_MASK);       /* Clear existing mode */
 322              		.loc 1 274 0
 323              		.cfi_startproc
 324              		@ args = 0, pretend = 0, frame = 0
 325              		@ frame_needed = 0, uses_anonymous_args = 0
 326              	.LVL14:
 327 0000 08B5     		push	{r3, lr}
 328              		.cfi_def_cfa_offset 8
 329              		.cfi_offset 3, -8
 330              		.cfi_offset 14, -4
 275:Generated_Source\PSoC5/IDAC8_2.c ****     IDAC8_2_CR0 |= ( range & IDAC8_2_RANGE_MASK );     /*  Set Range  */
 331              		.loc 1 275 0
 332 0002 064B     		ldr	r3, .L32
 333 0004 1A78     		ldrb	r2, [r3]	@ zero_extendqisi2
 334 0006 02F0F302 		and	r2, r2, #243
 335 000a 1A70     		strb	r2, [r3]
 276:Generated_Source\PSoC5/IDAC8_2.c ****     IDAC8_2_DacTrim();
 336              		.loc 1 276 0
 337 000c 1A78     		ldrb	r2, [r3]	@ zero_extendqisi2
 338 000e 00F00C00 		and	r0, r0, #12
 339              	.LVL15:
 340 0012 1043     		orrs	r0, r0, r2
 341 0014 1870     		strb	r0, [r3]
 277:Generated_Source\PSoC5/IDAC8_2.c **** }
 342              		.loc 1 277 0
 343 0016 FFF7FEFF 		bl	IDAC8_2_DacTrim
 344              	.LVL16:
 345 001a 08BD     		pop	{r3, pc}
 346              	.L33:
 347              		.align	2
 348              	.L32:
 349 001c 20580040 		.word	1073764384
 350              		.cfi_endproc
 351              	.LFE6:
 352              		.size	IDAC8_2_SetRange, .-IDAC8_2_SetRange
 353              		.global	IDAC8_2_initVar
 354              		.bss
 355              		.set	.LANCHOR0,. + 0
 356              		.type	IDAC8_2_initVar, %object
 357              		.size	IDAC8_2_initVar, 1
 358              	IDAC8_2_initVar:
 359 0000 00       		.space	1
 360              		.text
 361              	.Letext0:
 362              		.file 2 "Generated_Source\\PSoC5\\cytypes.h"
 363              		.section	.debug_info,"",%progbits
 364              	.Ldebug_info0:
 365 0000 06020000 		.4byte	0x206
ARM GAS  C:\Users\jpat614\AppData\Local\Temp\cccq3vST.s 			page 14


 366 0004 0400     		.2byte	0x4
 367 0006 00000000 		.4byte	.Ldebug_abbrev0
 368 000a 04       		.byte	0x4
 369 000b 01       		.uleb128 0x1
 370 000c CC010000 		.4byte	.LASF27
 371 0010 0C       		.byte	0xc
 372 0011 00000000 		.4byte	.LASF28
 373 0015 6C010000 		.4byte	.LASF29
 374 0019 00000000 		.4byte	.Ldebug_ranges0+0
 375 001d 00000000 		.4byte	0
 376 0021 00000000 		.4byte	.Ldebug_line0
 377 0025 02       		.uleb128 0x2
 378 0026 01       		.byte	0x1
 379 0027 06       		.byte	0x6
 380 0028 CC000000 		.4byte	.LASF0
 381 002c 02       		.uleb128 0x2
 382 002d 01       		.byte	0x1
 383 002e 08       		.byte	0x8
 384 002f A4000000 		.4byte	.LASF1
 385 0033 02       		.uleb128 0x2
 386 0034 02       		.byte	0x2
 387 0035 05       		.byte	0x5
 388 0036 2F000000 		.4byte	.LASF2
 389 003a 02       		.uleb128 0x2
 390 003b 02       		.byte	0x2
 391 003c 07       		.byte	0x7
 392 003d 02010000 		.4byte	.LASF3
 393 0041 02       		.uleb128 0x2
 394 0042 04       		.byte	0x4
 395 0043 05       		.byte	0x5
 396 0044 9B000000 		.4byte	.LASF4
 397 0048 02       		.uleb128 0x2
 398 0049 04       		.byte	0x4
 399 004a 07       		.byte	0x7
 400 004b 2C010000 		.4byte	.LASF5
 401 004f 02       		.uleb128 0x2
 402 0050 08       		.byte	0x8
 403 0051 05       		.byte	0x5
 404 0052 7C000000 		.4byte	.LASF6
 405 0056 02       		.uleb128 0x2
 406 0057 08       		.byte	0x8
 407 0058 07       		.byte	0x7
 408 0059 D8000000 		.4byte	.LASF7
 409 005d 03       		.uleb128 0x3
 410 005e 04       		.byte	0x4
 411 005f 05       		.byte	0x5
 412 0060 696E7400 		.ascii	"int\000"
 413 0064 02       		.uleb128 0x2
 414 0065 04       		.byte	0x4
 415 0066 07       		.byte	0x7
 416 0067 EF000000 		.4byte	.LASF8
 417 006b 04       		.uleb128 0x4
 418 006c 60000000 		.4byte	.LASF12
 419 0070 02       		.byte	0x2
 420 0071 E701     		.2byte	0x1e7
 421 0073 2C000000 		.4byte	0x2c
 422 0077 02       		.uleb128 0x2
ARM GAS  C:\Users\jpat614\AppData\Local\Temp\cccq3vST.s 			page 15


 423 0078 04       		.byte	0x4
 424 0079 04       		.byte	0x4
 425 007a 66000000 		.4byte	.LASF9
 426 007e 02       		.uleb128 0x2
 427 007f 08       		.byte	0x8
 428 0080 04       		.byte	0x4
 429 0081 3E010000 		.4byte	.LASF10
 430 0085 02       		.uleb128 0x2
 431 0086 01       		.byte	0x1
 432 0087 08       		.byte	0x8
 433 0088 15010000 		.4byte	.LASF11
 434 008c 04       		.uleb128 0x4
 435 008d 27010000 		.4byte	.LASF13
 436 0091 02       		.byte	0x2
 437 0092 9102     		.2byte	0x291
 438 0094 98000000 		.4byte	0x98
 439 0098 05       		.uleb128 0x5
 440 0099 6B000000 		.4byte	0x6b
 441 009d 06       		.uleb128 0x6
 442 009e 39000000 		.4byte	.LASF14
 443 00a2 01       		.byte	0x1
 444 00a3 6F       		.byte	0x6f
 445 00a4 00000000 		.4byte	.LFB1
 446 00a8 1C000000 		.4byte	.LFE1-.LFB1
 447 00ac 01       		.uleb128 0x1
 448 00ad 9C       		.byte	0x9c
 449 00ae 06       		.uleb128 0x6
 450 00af 1A010000 		.4byte	.LASF15
 451 00b3 01       		.byte	0x1
 452 00b4 B7       		.byte	0xb7
 453 00b5 00000000 		.4byte	.LFB3
 454 00b9 1C000000 		.4byte	.LFE3-.LFB3
 455 00bd 01       		.uleb128 0x1
 456 00be 9C       		.byte	0x9c
 457 00bf 07       		.uleb128 0x7
 458 00c0 B2000000 		.4byte	.LASF16
 459 00c4 01       		.byte	0x1
 460 00c5 DA       		.byte	0xda
 461 00c6 00000000 		.4byte	.LFB4
 462 00ca 1C000000 		.4byte	.LFE4-.LFB4
 463 00ce 01       		.uleb128 0x1
 464 00cf 9C       		.byte	0x9c
 465 00d0 E4000000 		.4byte	0xe4
 466 00d4 08       		.uleb128 0x8
 467 00d5 FC000000 		.4byte	.LASF18
 468 00d9 01       		.byte	0x1
 469 00da DA       		.byte	0xda
 470 00db 6B000000 		.4byte	0x6b
 471 00df 00000000 		.4byte	.LLST0
 472 00e3 00       		.byte	0
 473 00e4 09       		.uleb128 0x9
 474 00e5 8A000000 		.4byte	.LASF17
 475 00e9 01       		.byte	0x1
 476 00ea 2A01     		.2byte	0x12a
 477 00ec 00000000 		.4byte	.LFB7
 478 00f0 0C000000 		.4byte	.LFE7-.LFB7
 479 00f4 01       		.uleb128 0x1
ARM GAS  C:\Users\jpat614\AppData\Local\Temp\cccq3vST.s 			page 16


 480 00f5 9C       		.byte	0x9c
 481 00f6 09010000 		.4byte	0x109
 482 00fa 0A       		.uleb128 0xa
 483 00fb 5A000000 		.4byte	.LASF19
 484 00ff 01       		.byte	0x1
 485 0100 2A01     		.2byte	0x12a
 486 0102 6B000000 		.4byte	0x6b
 487 0106 01       		.uleb128 0x1
 488 0107 50       		.byte	0x50
 489 0108 00       		.byte	0
 490 0109 09       		.uleb128 0x9
 491 010a 56010000 		.4byte	.LASF20
 492 010e 01       		.byte	0x1
 493 010f 5801     		.2byte	0x158
 494 0111 00000000 		.4byte	.LFB8
 495 0115 34000000 		.4byte	.LFE8-.LFB8
 496 0119 01       		.uleb128 0x1
 497 011a 9C       		.byte	0x9c
 498 011b 30010000 		.4byte	0x130
 499 011f 0B       		.uleb128 0xb
 500 0120 48000000 		.4byte	.LASF30
 501 0124 01       		.byte	0x1
 502 0125 5A01     		.2byte	0x15a
 503 0127 6B000000 		.4byte	0x6b
 504 012b 21000000 		.4byte	.LLST1
 505 012f 00       		.byte	0
 506 0130 07       		.uleb128 0x7
 507 0131 4D000000 		.4byte	.LASF21
 508 0135 01       		.byte	0x1
 509 0136 3A       		.byte	0x3a
 510 0137 00000000 		.4byte	.LFB0
 511 013b 30000000 		.4byte	.LFE0-.LFB0
 512 013f 01       		.uleb128 0x1
 513 0140 9C       		.byte	0x9c
 514 0141 62010000 		.4byte	0x162
 515 0145 0C       		.uleb128 0xc
 516 0146 24000000 		.4byte	.LVL6
 517 014a BF000000 		.4byte	0xbf
 518 014e 58010000 		.4byte	0x158
 519 0152 0D       		.uleb128 0xd
 520 0153 01       		.uleb128 0x1
 521 0154 50       		.byte	0x50
 522 0155 01       		.uleb128 0x1
 523 0156 32       		.byte	0x32
 524 0157 00       		.byte	0
 525 0158 0E       		.uleb128 0xe
 526 0159 28000000 		.4byte	.LVL7
 527 015d 09010000 		.4byte	0x109
 528 0161 00       		.byte	0
 529 0162 07       		.uleb128 0x7
 530 0163 21000000 		.4byte	.LASF22
 531 0167 01       		.byte	0x1
 532 0168 93       		.byte	0x93
 533 0169 00000000 		.4byte	.LFB2
 534 016d 24000000 		.4byte	.LFE2-.LFB2
 535 0171 01       		.uleb128 0x1
 536 0172 9C       		.byte	0x9c
ARM GAS  C:\Users\jpat614\AppData\Local\Temp\cccq3vST.s 			page 17


 537 0173 9A010000 		.4byte	0x19a
 538 0177 0E       		.uleb128 0xe
 539 0178 0C000000 		.4byte	.LVL8
 540 017c 30010000 		.4byte	0x130
 541 0180 0E       		.uleb128 0xe
 542 0181 16000000 		.4byte	.LVL9
 543 0185 9D000000 		.4byte	0x9d
 544 0189 0F       		.uleb128 0xf
 545 018a 1C000000 		.4byte	.LVL10
 546 018e E4000000 		.4byte	0xe4
 547 0192 0D       		.uleb128 0xd
 548 0193 01       		.uleb128 0x1
 549 0194 50       		.byte	0x50
 550 0195 02       		.uleb128 0x2
 551 0196 09       		.byte	0x9
 552 0197 F0       		.byte	0xf0
 553 0198 00       		.byte	0
 554 0199 00       		.byte	0
 555 019a 07       		.uleb128 0x7
 556 019b 5A020000 		.4byte	.LASF23
 557 019f 01       		.byte	0x1
 558 01a0 F6       		.byte	0xf6
 559 01a1 00000000 		.4byte	.LFB5
 560 01a5 20000000 		.4byte	.LFE5-.LFB5
 561 01a9 01       		.uleb128 0x1
 562 01aa 9C       		.byte	0x9c
 563 01ab C8010000 		.4byte	0x1c8
 564 01af 08       		.uleb128 0x8
 565 01b0 C3000000 		.4byte	.LASF24
 566 01b4 01       		.byte	0x1
 567 01b5 F6       		.byte	0xf6
 568 01b6 6B000000 		.4byte	0x6b
 569 01ba 34000000 		.4byte	.LLST2
 570 01be 0E       		.uleb128 0xe
 571 01bf 1A000000 		.4byte	.LVL13
 572 01c3 09010000 		.4byte	0x109
 573 01c7 00       		.byte	0
 574 01c8 09       		.uleb128 0x9
 575 01c9 45010000 		.4byte	.LASF25
 576 01cd 01       		.byte	0x1
 577 01ce 1101     		.2byte	0x111
 578 01d0 00000000 		.4byte	.LFB6
 579 01d4 20000000 		.4byte	.LFE6-.LFB6
 580 01d8 01       		.uleb128 0x1
 581 01d9 9C       		.byte	0x9c
 582 01da F8010000 		.4byte	0x1f8
 583 01de 10       		.uleb128 0x10
 584 01df 66010000 		.4byte	.LASF26
 585 01e3 01       		.byte	0x1
 586 01e4 1101     		.2byte	0x111
 587 01e6 6B000000 		.4byte	0x6b
 588 01ea 55000000 		.4byte	.LLST3
 589 01ee 0E       		.uleb128 0xe
 590 01ef 1A000000 		.4byte	.LVL16
 591 01f3 09010000 		.4byte	0x109
 592 01f7 00       		.byte	0
 593 01f8 11       		.uleb128 0x11
ARM GAS  C:\Users\jpat614\AppData\Local\Temp\cccq3vST.s 			page 18


 594 01f9 6C000000 		.4byte	.LASF31
 595 01fd 01       		.byte	0x1
 596 01fe 1B       		.byte	0x1b
 597 01ff 6B000000 		.4byte	0x6b
 598 0203 05       		.uleb128 0x5
 599 0204 03       		.byte	0x3
 600 0205 00000000 		.4byte	IDAC8_2_initVar
 601 0209 00       		.byte	0
 602              		.section	.debug_abbrev,"",%progbits
 603              	.Ldebug_abbrev0:
 604 0000 01       		.uleb128 0x1
 605 0001 11       		.uleb128 0x11
 606 0002 01       		.byte	0x1
 607 0003 25       		.uleb128 0x25
 608 0004 0E       		.uleb128 0xe
 609 0005 13       		.uleb128 0x13
 610 0006 0B       		.uleb128 0xb
 611 0007 03       		.uleb128 0x3
 612 0008 0E       		.uleb128 0xe
 613 0009 1B       		.uleb128 0x1b
 614 000a 0E       		.uleb128 0xe
 615 000b 55       		.uleb128 0x55
 616 000c 17       		.uleb128 0x17
 617 000d 11       		.uleb128 0x11
 618 000e 01       		.uleb128 0x1
 619 000f 10       		.uleb128 0x10
 620 0010 17       		.uleb128 0x17
 621 0011 00       		.byte	0
 622 0012 00       		.byte	0
 623 0013 02       		.uleb128 0x2
 624 0014 24       		.uleb128 0x24
 625 0015 00       		.byte	0
 626 0016 0B       		.uleb128 0xb
 627 0017 0B       		.uleb128 0xb
 628 0018 3E       		.uleb128 0x3e
 629 0019 0B       		.uleb128 0xb
 630 001a 03       		.uleb128 0x3
 631 001b 0E       		.uleb128 0xe
 632 001c 00       		.byte	0
 633 001d 00       		.byte	0
 634 001e 03       		.uleb128 0x3
 635 001f 24       		.uleb128 0x24
 636 0020 00       		.byte	0
 637 0021 0B       		.uleb128 0xb
 638 0022 0B       		.uleb128 0xb
 639 0023 3E       		.uleb128 0x3e
 640 0024 0B       		.uleb128 0xb
 641 0025 03       		.uleb128 0x3
 642 0026 08       		.uleb128 0x8
 643 0027 00       		.byte	0
 644 0028 00       		.byte	0
 645 0029 04       		.uleb128 0x4
 646 002a 16       		.uleb128 0x16
 647 002b 00       		.byte	0
 648 002c 03       		.uleb128 0x3
 649 002d 0E       		.uleb128 0xe
 650 002e 3A       		.uleb128 0x3a
ARM GAS  C:\Users\jpat614\AppData\Local\Temp\cccq3vST.s 			page 19


 651 002f 0B       		.uleb128 0xb
 652 0030 3B       		.uleb128 0x3b
 653 0031 05       		.uleb128 0x5
 654 0032 49       		.uleb128 0x49
 655 0033 13       		.uleb128 0x13
 656 0034 00       		.byte	0
 657 0035 00       		.byte	0
 658 0036 05       		.uleb128 0x5
 659 0037 35       		.uleb128 0x35
 660 0038 00       		.byte	0
 661 0039 49       		.uleb128 0x49
 662 003a 13       		.uleb128 0x13
 663 003b 00       		.byte	0
 664 003c 00       		.byte	0
 665 003d 06       		.uleb128 0x6
 666 003e 2E       		.uleb128 0x2e
 667 003f 00       		.byte	0
 668 0040 3F       		.uleb128 0x3f
 669 0041 19       		.uleb128 0x19
 670 0042 03       		.uleb128 0x3
 671 0043 0E       		.uleb128 0xe
 672 0044 3A       		.uleb128 0x3a
 673 0045 0B       		.uleb128 0xb
 674 0046 3B       		.uleb128 0x3b
 675 0047 0B       		.uleb128 0xb
 676 0048 27       		.uleb128 0x27
 677 0049 19       		.uleb128 0x19
 678 004a 11       		.uleb128 0x11
 679 004b 01       		.uleb128 0x1
 680 004c 12       		.uleb128 0x12
 681 004d 06       		.uleb128 0x6
 682 004e 40       		.uleb128 0x40
 683 004f 18       		.uleb128 0x18
 684 0050 9742     		.uleb128 0x2117
 685 0052 19       		.uleb128 0x19
 686 0053 00       		.byte	0
 687 0054 00       		.byte	0
 688 0055 07       		.uleb128 0x7
 689 0056 2E       		.uleb128 0x2e
 690 0057 01       		.byte	0x1
 691 0058 3F       		.uleb128 0x3f
 692 0059 19       		.uleb128 0x19
 693 005a 03       		.uleb128 0x3
 694 005b 0E       		.uleb128 0xe
 695 005c 3A       		.uleb128 0x3a
 696 005d 0B       		.uleb128 0xb
 697 005e 3B       		.uleb128 0x3b
 698 005f 0B       		.uleb128 0xb
 699 0060 27       		.uleb128 0x27
 700 0061 19       		.uleb128 0x19
 701 0062 11       		.uleb128 0x11
 702 0063 01       		.uleb128 0x1
 703 0064 12       		.uleb128 0x12
 704 0065 06       		.uleb128 0x6
 705 0066 40       		.uleb128 0x40
 706 0067 18       		.uleb128 0x18
 707 0068 9742     		.uleb128 0x2117
ARM GAS  C:\Users\jpat614\AppData\Local\Temp\cccq3vST.s 			page 20


 708 006a 19       		.uleb128 0x19
 709 006b 01       		.uleb128 0x1
 710 006c 13       		.uleb128 0x13
 711 006d 00       		.byte	0
 712 006e 00       		.byte	0
 713 006f 08       		.uleb128 0x8
 714 0070 05       		.uleb128 0x5
 715 0071 00       		.byte	0
 716 0072 03       		.uleb128 0x3
 717 0073 0E       		.uleb128 0xe
 718 0074 3A       		.uleb128 0x3a
 719 0075 0B       		.uleb128 0xb
 720 0076 3B       		.uleb128 0x3b
 721 0077 0B       		.uleb128 0xb
 722 0078 49       		.uleb128 0x49
 723 0079 13       		.uleb128 0x13
 724 007a 02       		.uleb128 0x2
 725 007b 17       		.uleb128 0x17
 726 007c 00       		.byte	0
 727 007d 00       		.byte	0
 728 007e 09       		.uleb128 0x9
 729 007f 2E       		.uleb128 0x2e
 730 0080 01       		.byte	0x1
 731 0081 3F       		.uleb128 0x3f
 732 0082 19       		.uleb128 0x19
 733 0083 03       		.uleb128 0x3
 734 0084 0E       		.uleb128 0xe
 735 0085 3A       		.uleb128 0x3a
 736 0086 0B       		.uleb128 0xb
 737 0087 3B       		.uleb128 0x3b
 738 0088 05       		.uleb128 0x5
 739 0089 27       		.uleb128 0x27
 740 008a 19       		.uleb128 0x19
 741 008b 11       		.uleb128 0x11
 742 008c 01       		.uleb128 0x1
 743 008d 12       		.uleb128 0x12
 744 008e 06       		.uleb128 0x6
 745 008f 40       		.uleb128 0x40
 746 0090 18       		.uleb128 0x18
 747 0091 9742     		.uleb128 0x2117
 748 0093 19       		.uleb128 0x19
 749 0094 01       		.uleb128 0x1
 750 0095 13       		.uleb128 0x13
 751 0096 00       		.byte	0
 752 0097 00       		.byte	0
 753 0098 0A       		.uleb128 0xa
 754 0099 05       		.uleb128 0x5
 755 009a 00       		.byte	0
 756 009b 03       		.uleb128 0x3
 757 009c 0E       		.uleb128 0xe
 758 009d 3A       		.uleb128 0x3a
 759 009e 0B       		.uleb128 0xb
 760 009f 3B       		.uleb128 0x3b
 761 00a0 05       		.uleb128 0x5
 762 00a1 49       		.uleb128 0x49
 763 00a2 13       		.uleb128 0x13
 764 00a3 02       		.uleb128 0x2
ARM GAS  C:\Users\jpat614\AppData\Local\Temp\cccq3vST.s 			page 21


 765 00a4 18       		.uleb128 0x18
 766 00a5 00       		.byte	0
 767 00a6 00       		.byte	0
 768 00a7 0B       		.uleb128 0xb
 769 00a8 34       		.uleb128 0x34
 770 00a9 00       		.byte	0
 771 00aa 03       		.uleb128 0x3
 772 00ab 0E       		.uleb128 0xe
 773 00ac 3A       		.uleb128 0x3a
 774 00ad 0B       		.uleb128 0xb
 775 00ae 3B       		.uleb128 0x3b
 776 00af 05       		.uleb128 0x5
 777 00b0 49       		.uleb128 0x49
 778 00b1 13       		.uleb128 0x13
 779 00b2 02       		.uleb128 0x2
 780 00b3 17       		.uleb128 0x17
 781 00b4 00       		.byte	0
 782 00b5 00       		.byte	0
 783 00b6 0C       		.uleb128 0xc
 784 00b7 898201   		.uleb128 0x4109
 785 00ba 01       		.byte	0x1
 786 00bb 11       		.uleb128 0x11
 787 00bc 01       		.uleb128 0x1
 788 00bd 31       		.uleb128 0x31
 789 00be 13       		.uleb128 0x13
 790 00bf 01       		.uleb128 0x1
 791 00c0 13       		.uleb128 0x13
 792 00c1 00       		.byte	0
 793 00c2 00       		.byte	0
 794 00c3 0D       		.uleb128 0xd
 795 00c4 8A8201   		.uleb128 0x410a
 796 00c7 00       		.byte	0
 797 00c8 02       		.uleb128 0x2
 798 00c9 18       		.uleb128 0x18
 799 00ca 9142     		.uleb128 0x2111
 800 00cc 18       		.uleb128 0x18
 801 00cd 00       		.byte	0
 802 00ce 00       		.byte	0
 803 00cf 0E       		.uleb128 0xe
 804 00d0 898201   		.uleb128 0x4109
 805 00d3 00       		.byte	0
 806 00d4 11       		.uleb128 0x11
 807 00d5 01       		.uleb128 0x1
 808 00d6 31       		.uleb128 0x31
 809 00d7 13       		.uleb128 0x13
 810 00d8 00       		.byte	0
 811 00d9 00       		.byte	0
 812 00da 0F       		.uleb128 0xf
 813 00db 898201   		.uleb128 0x4109
 814 00de 01       		.byte	0x1
 815 00df 11       		.uleb128 0x11
 816 00e0 01       		.uleb128 0x1
 817 00e1 31       		.uleb128 0x31
 818 00e2 13       		.uleb128 0x13
 819 00e3 00       		.byte	0
 820 00e4 00       		.byte	0
 821 00e5 10       		.uleb128 0x10
ARM GAS  C:\Users\jpat614\AppData\Local\Temp\cccq3vST.s 			page 22


 822 00e6 05       		.uleb128 0x5
 823 00e7 00       		.byte	0
 824 00e8 03       		.uleb128 0x3
 825 00e9 0E       		.uleb128 0xe
 826 00ea 3A       		.uleb128 0x3a
 827 00eb 0B       		.uleb128 0xb
 828 00ec 3B       		.uleb128 0x3b
 829 00ed 05       		.uleb128 0x5
 830 00ee 49       		.uleb128 0x49
 831 00ef 13       		.uleb128 0x13
 832 00f0 02       		.uleb128 0x2
 833 00f1 17       		.uleb128 0x17
 834 00f2 00       		.byte	0
 835 00f3 00       		.byte	0
 836 00f4 11       		.uleb128 0x11
 837 00f5 34       		.uleb128 0x34
 838 00f6 00       		.byte	0
 839 00f7 03       		.uleb128 0x3
 840 00f8 0E       		.uleb128 0xe
 841 00f9 3A       		.uleb128 0x3a
 842 00fa 0B       		.uleb128 0xb
 843 00fb 3B       		.uleb128 0x3b
 844 00fc 0B       		.uleb128 0xb
 845 00fd 49       		.uleb128 0x49
 846 00fe 13       		.uleb128 0x13
 847 00ff 3F       		.uleb128 0x3f
 848 0100 19       		.uleb128 0x19
 849 0101 02       		.uleb128 0x2
 850 0102 18       		.uleb128 0x18
 851 0103 00       		.byte	0
 852 0104 00       		.byte	0
 853 0105 00       		.byte	0
 854              		.section	.debug_loc,"",%progbits
 855              	.Ldebug_loc0:
 856              	.LLST0:
 857 0000 00000000 		.4byte	.LVL0
 858 0004 10000000 		.4byte	.LVL1
 859 0008 0100     		.2byte	0x1
 860 000a 50       		.byte	0x50
 861 000b 10000000 		.4byte	.LVL1
 862 000f 1C000000 		.4byte	.LFE4
 863 0013 0400     		.2byte	0x4
 864 0015 F3       		.byte	0xf3
 865 0016 01       		.uleb128 0x1
 866 0017 50       		.byte	0x50
 867 0018 9F       		.byte	0x9f
 868 0019 00000000 		.4byte	0
 869 001d 00000000 		.4byte	0
 870              	.LLST1:
 871 0021 0A000000 		.4byte	.LVL3
 872 0025 1A000000 		.4byte	.LVL5
 873 0029 0100     		.2byte	0x1
 874 002b 53       		.byte	0x53
 875 002c 00000000 		.4byte	0
 876 0030 00000000 		.4byte	0
 877              	.LLST2:
 878 0034 00000000 		.4byte	.LVL11
ARM GAS  C:\Users\jpat614\AppData\Local\Temp\cccq3vST.s 			page 23


 879 0038 12000000 		.4byte	.LVL12
 880 003c 0100     		.2byte	0x1
 881 003e 50       		.byte	0x50
 882 003f 12000000 		.4byte	.LVL12
 883 0043 20000000 		.4byte	.LFE5
 884 0047 0400     		.2byte	0x4
 885 0049 F3       		.byte	0xf3
 886 004a 01       		.uleb128 0x1
 887 004b 50       		.byte	0x50
 888 004c 9F       		.byte	0x9f
 889 004d 00000000 		.4byte	0
 890 0051 00000000 		.4byte	0
 891              	.LLST3:
 892 0055 00000000 		.4byte	.LVL14
 893 0059 12000000 		.4byte	.LVL15
 894 005d 0100     		.2byte	0x1
 895 005f 50       		.byte	0x50
 896 0060 12000000 		.4byte	.LVL15
 897 0064 20000000 		.4byte	.LFE6
 898 0068 0400     		.2byte	0x4
 899 006a F3       		.byte	0xf3
 900 006b 01       		.uleb128 0x1
 901 006c 50       		.byte	0x50
 902 006d 9F       		.byte	0x9f
 903 006e 00000000 		.4byte	0
 904 0072 00000000 		.4byte	0
 905              		.section	.debug_aranges,"",%progbits
 906 0000 5C000000 		.4byte	0x5c
 907 0004 0200     		.2byte	0x2
 908 0006 00000000 		.4byte	.Ldebug_info0
 909 000a 04       		.byte	0x4
 910 000b 00       		.byte	0
 911 000c 0000     		.2byte	0
 912 000e 0000     		.2byte	0
 913 0010 00000000 		.4byte	.LFB1
 914 0014 1C000000 		.4byte	.LFE1-.LFB1
 915 0018 00000000 		.4byte	.LFB3
 916 001c 1C000000 		.4byte	.LFE3-.LFB3
 917 0020 00000000 		.4byte	.LFB4
 918 0024 1C000000 		.4byte	.LFE4-.LFB4
 919 0028 00000000 		.4byte	.LFB7
 920 002c 0C000000 		.4byte	.LFE7-.LFB7
 921 0030 00000000 		.4byte	.LFB8
 922 0034 34000000 		.4byte	.LFE8-.LFB8
 923 0038 00000000 		.4byte	.LFB0
 924 003c 30000000 		.4byte	.LFE0-.LFB0
 925 0040 00000000 		.4byte	.LFB2
 926 0044 24000000 		.4byte	.LFE2-.LFB2
 927 0048 00000000 		.4byte	.LFB5
 928 004c 20000000 		.4byte	.LFE5-.LFB5
 929 0050 00000000 		.4byte	.LFB6
 930 0054 20000000 		.4byte	.LFE6-.LFB6
 931 0058 00000000 		.4byte	0
 932 005c 00000000 		.4byte	0
 933              		.section	.debug_ranges,"",%progbits
 934              	.Ldebug_ranges0:
 935 0000 00000000 		.4byte	.LFB1
ARM GAS  C:\Users\jpat614\AppData\Local\Temp\cccq3vST.s 			page 24


 936 0004 1C000000 		.4byte	.LFE1
 937 0008 00000000 		.4byte	.LFB3
 938 000c 1C000000 		.4byte	.LFE3
 939 0010 00000000 		.4byte	.LFB4
 940 0014 1C000000 		.4byte	.LFE4
 941 0018 00000000 		.4byte	.LFB7
 942 001c 0C000000 		.4byte	.LFE7
 943 0020 00000000 		.4byte	.LFB8
 944 0024 34000000 		.4byte	.LFE8
 945 0028 00000000 		.4byte	.LFB0
 946 002c 30000000 		.4byte	.LFE0
 947 0030 00000000 		.4byte	.LFB2
 948 0034 24000000 		.4byte	.LFE2
 949 0038 00000000 		.4byte	.LFB5
 950 003c 20000000 		.4byte	.LFE5
 951 0040 00000000 		.4byte	.LFB6
 952 0044 20000000 		.4byte	.LFE6
 953 0048 00000000 		.4byte	0
 954 004c 00000000 		.4byte	0
 955              		.section	.debug_line,"",%progbits
 956              	.Ldebug_line0:
 957 0000 F7000000 		.section	.debug_str,"MS",%progbits,1
 957      02004400 
 957      00000201 
 957      FB0E0D00 
 957      01010101 
 958              	.LASF28:
 959 0000 47656E65 		.ascii	"Generated_Source\\PSoC5\\IDAC8_2.c\000"
 959      72617465 
 959      645F536F 
 959      75726365 
 959      5C50536F 
 960              	.LASF22:
 961 0021 49444143 		.ascii	"IDAC8_2_Start\000"
 961      385F325F 
 961      53746172 
 961      7400
 962              	.LASF2:
 963 002f 73686F72 		.ascii	"short int\000"
 963      7420696E 
 963      7400
 964              	.LASF14:
 965 0039 49444143 		.ascii	"IDAC8_2_Enable\000"
 965      385F325F 
 965      456E6162 
 965      6C6500
 966              	.LASF30:
 967 0048 6D6F6465 		.ascii	"mode\000"
 967      00
 968              	.LASF21:
 969 004d 49444143 		.ascii	"IDAC8_2_Init\000"
 969      385F325F 
 969      496E6974 
 969      00
 970              	.LASF19:
 971 005a 76616C75 		.ascii	"value\000"
 971      6500
ARM GAS  C:\Users\jpat614\AppData\Local\Temp\cccq3vST.s 			page 25


 972              	.LASF12:
 973 0060 75696E74 		.ascii	"uint8\000"
 973      3800
 974              	.LASF9:
 975 0066 666C6F61 		.ascii	"float\000"
 975      7400
 976              	.LASF31:
 977 006c 49444143 		.ascii	"IDAC8_2_initVar\000"
 977      385F325F 
 977      696E6974 
 977      56617200 
 978              	.LASF6:
 979 007c 6C6F6E67 		.ascii	"long long int\000"
 979      206C6F6E 
 979      6720696E 
 979      7400
 980              	.LASF17:
 981 008a 49444143 		.ascii	"IDAC8_2_SetValue\000"
 981      385F325F 
 981      53657456 
 981      616C7565 
 981      00
 982              	.LASF4:
 983 009b 6C6F6E67 		.ascii	"long int\000"
 983      20696E74 
 983      00
 984              	.LASF1:
 985 00a4 756E7369 		.ascii	"unsigned char\000"
 985      676E6564 
 985      20636861 
 985      7200
 986              	.LASF16:
 987 00b2 49444143 		.ascii	"IDAC8_2_SetSpeed\000"
 987      385F325F 
 987      53657453 
 987      70656564 
 987      00
 988              	.LASF24:
 989 00c3 706F6C61 		.ascii	"polarity\000"
 989      72697479 
 989      00
 990              	.LASF0:
 991 00cc 7369676E 		.ascii	"signed char\000"
 991      65642063 
 991      68617200 
 992              	.LASF7:
 993 00d8 6C6F6E67 		.ascii	"long long unsigned int\000"
 993      206C6F6E 
 993      6720756E 
 993      7369676E 
 993      65642069 
 994              	.LASF8:
 995 00ef 756E7369 		.ascii	"unsigned int\000"
 995      676E6564 
 995      20696E74 
 995      00
 996              	.LASF18:
ARM GAS  C:\Users\jpat614\AppData\Local\Temp\cccq3vST.s 			page 26


 997 00fc 73706565 		.ascii	"speed\000"
 997      6400
 998              	.LASF3:
 999 0102 73686F72 		.ascii	"short unsigned int\000"
 999      7420756E 
 999      7369676E 
 999      65642069 
 999      6E7400
 1000              	.LASF11:
 1001 0115 63686172 		.ascii	"char\000"
 1001      00
 1002              	.LASF15:
 1003 011a 49444143 		.ascii	"IDAC8_2_Stop\000"
 1003      385F325F 
 1003      53746F70 
 1003      00
 1004              	.LASF13:
 1005 0127 72656738 		.ascii	"reg8\000"
 1005      00
 1006              	.LASF5:
 1007 012c 6C6F6E67 		.ascii	"long unsigned int\000"
 1007      20756E73 
 1007      69676E65 
 1007      6420696E 
 1007      7400
 1008              	.LASF10:
 1009 013e 646F7562 		.ascii	"double\000"
 1009      6C6500
 1010              	.LASF25:
 1011 0145 49444143 		.ascii	"IDAC8_2_SetRange\000"
 1011      385F325F 
 1011      53657452 
 1011      616E6765 
 1011      00
 1012              	.LASF20:
 1013 0156 49444143 		.ascii	"IDAC8_2_DacTrim\000"
 1013      385F325F 
 1013      44616354 
 1013      72696D00 
 1014              	.LASF26:
 1015 0166 72616E67 		.ascii	"range\000"
 1015      6500
 1016              	.LASF29:
 1017 016c 433A5C55 		.ascii	"C:\\Users\\jpat614\\Documents\\GitHub\\P4P_Project-"
 1017      73657273 
 1017      5C6A7061 
 1017      74363134 
 1017      5C446F63 
 1018 019a 3133305C 		.ascii	"130\\Experimental_cap_sense\\Design01_Copy_01.cydsn"
 1018      45787065 
 1018      72696D65 
 1018      6E74616C 
 1018      5F636170 
 1019 01cb 00       		.ascii	"\000"
 1020              	.LASF27:
 1021 01cc 474E5520 		.ascii	"GNU C11 5.4.1 20160609 (release) [ARM/embedded-5-br"
 1021      43313120 
ARM GAS  C:\Users\jpat614\AppData\Local\Temp\cccq3vST.s 			page 27


 1021      352E342E 
 1021      31203230 
 1021      31363036 
 1022 01ff 616E6368 		.ascii	"anch revision 237715] -mcpu=cortex-m3 -mthumb -g -O"
 1022      20726576 
 1022      6973696F 
 1022      6E203233 
 1022      37373135 
 1023 0232 67202D66 		.ascii	"g -ffunction-sections -ffat-lto-objects\000"
 1023      66756E63 
 1023      74696F6E 
 1023      2D736563 
 1023      74696F6E 
 1024              	.LASF23:
 1025 025a 49444143 		.ascii	"IDAC8_2_SetPolarity\000"
 1025      385F325F 
 1025      53657450 
 1025      6F6C6172 
 1025      69747900 
 1026              		.ident	"GCC: (GNU Tools for ARM Embedded Processors) 5.4.1 20160609 (release) [ARM/embedded-5-bran
