ARM GAS  C:\Users\jpat614\AppData\Local\Temp\ccNccWAw.s 			page 1


   1              		.syntax unified
   2              		.cpu cortex-m3
   3              		.fpu softvfp
   4              		.eabi_attribute 20, 1
   5              		.eabi_attribute 21, 1
   6              		.eabi_attribute 23, 3
   7              		.eabi_attribute 24, 1
   8              		.eabi_attribute 25, 1
   9              		.eabi_attribute 26, 1
  10              		.eabi_attribute 30, 1
  11              		.eabi_attribute 34, 1
  12              		.eabi_attribute 18, 4
  13              		.thumb
  14              		.syntax unified
  15              		.file	"main.c"
  16              		.text
  17              	.Ltext0:
  18              		.cfi_sections	.debug_frame
  19              		.section	.text.main,"ax",%progbits
  20              		.align	2
  21              		.global	main
  22              		.thumb
  23              		.thumb_func
  24              		.type	main, %function
  25              	main:
  26              	.LFB63:
  27              		.file 1 "main.c"
   1:main.c        **** /* ========================================
   2:main.c        ****  *
   3:main.c        ****  * Copyright YOUR COMPANY, THE YEAR
   4:main.c        ****  * All Rights Reserved
   5:main.c        ****  * UNPUBLISHED, LICENSED SOFTWARE.
   6:main.c        ****  *
   7:main.c        ****  * CONFIDENTIAL AND PROPRIETARY INFORMATION
   8:main.c        ****  * WHICH IS THE PROPERTY OF your company.
   9:main.c        ****  *
  10:main.c        ****  * ========================================
  11:main.c        **** */
  12:main.c        **** #include "project.h"
  13:main.c        **** 
  14:main.c        **** int main(void)
  15:main.c        **** {
  28              		.loc 1 15 0
  29              		.cfi_startproc
  30              		@ Volatile: function does not return.
  31              		@ args = 0, pretend = 0, frame = 0
  32              		@ frame_needed = 0, uses_anonymous_args = 0
  33 0000 08B5     		push	{r3, lr}
  34              		.cfi_def_cfa_offset 8
  35              		.cfi_offset 3, -8
  36              		.cfi_offset 14, -4
  16:main.c        ****     CyGlobalIntEnable; /* Enable global interrupts. */
  37              		.loc 1 16 0
  38              		.syntax unified
  39              	@ 16 "main.c" 1
  40 0002 62B6     		CPSIE   i
  41              	@ 0 "" 2
ARM GAS  C:\Users\jpat614\AppData\Local\Temp\ccNccWAw.s 			page 2


  17:main.c        **** 
  18:main.c        ****     /* Place your initialization/startup code here (e.g. MyInst_Start()) */
  19:main.c        ****   
  20:main.c        ****     VDAC8_1_Start();
  42              		.loc 1 20 0
  43              		.thumb
  44              		.syntax unified
  45 0004 FFF7FEFF 		bl	VDAC8_1_Start
  46              	.LVL0:
  21:main.c        ****     VDAC8_1_SetValue(83);
  47              		.loc 1 21 0
  48 0008 5320     		movs	r0, #83
  49 000a FFF7FEFF 		bl	VDAC8_1_SetValue
  50              	.LVL1:
  22:main.c        ****     
  23:main.c        ****    
  24:main.c        ****     IDAC8_1_SetValue(8);
  51              		.loc 1 24 0
  52 000e 0820     		movs	r0, #8
  53 0010 FFF7FEFF 		bl	IDAC8_1_SetValue
  54              	.LVL2:
  25:main.c        ****     IDAC8_1_SetValue(16);
  55              		.loc 1 25 0
  56 0014 1020     		movs	r0, #16
  57 0016 FFF7FEFF 		bl	IDAC8_1_SetValue
  58              	.LVL3:
  26:main.c        ****     IDAC8_1_Start();
  59              		.loc 1 26 0
  60 001a FFF7FEFF 		bl	IDAC8_1_Start
  61              	.LVL4:
  27:main.c        ****     IDAC8_2_Start();
  62              		.loc 1 27 0
  63 001e FFF7FEFF 		bl	IDAC8_2_Start
  64              	.LVL5:
  65              	.L2:
  66 0022 FEE7     		b	.L2
  67              		.cfi_endproc
  68              	.LFE63:
  69              		.size	main, .-main
  70              		.text
  71              	.Letext0:
  72              		.file 2 "c:\\program files (x86)\\cypress\\psoc creator\\4.2\\psoc creator\\import\\gnu\\arm\\5.4.
  73              		.file 3 "c:\\program files (x86)\\cypress\\psoc creator\\4.2\\psoc creator\\import\\gnu\\arm\\5.4.
  74              		.file 4 "Generated_Source\\PSoC5/VDAC8_1.h"
  75              		.file 5 "Generated_Source\\PSoC5/IDAC8_1.h"
  76              		.file 6 "Generated_Source\\PSoC5/IDAC8_2.h"
  77              		.file 7 "Generated_Source\\PSoC5/core_cm3.h"
  78              		.section	.debug_info,"",%progbits
  79              	.Ldebug_info0:
  80 0000 58010000 		.4byte	0x158
  81 0004 0400     		.2byte	0x4
  82 0006 00000000 		.4byte	.Ldebug_abbrev0
  83 000a 04       		.byte	0x4
  84 000b 01       		.uleb128 0x1
  85 000c 46000000 		.4byte	.LASF21
  86 0010 0C       		.byte	0xc
  87 0011 3A000000 		.4byte	.LASF22
ARM GAS  C:\Users\jpat614\AppData\Local\Temp\ccNccWAw.s 			page 3


  88 0015 2C010000 		.4byte	.LASF23
  89 0019 00000000 		.4byte	.Ldebug_ranges0+0
  90 001d 00000000 		.4byte	0
  91 0021 00000000 		.4byte	.Ldebug_line0
  92 0025 02       		.uleb128 0x2
  93 0026 01       		.byte	0x1
  94 0027 06       		.byte	0x6
  95 0028 D1010000 		.4byte	.LASF0
  96 002c 02       		.uleb128 0x2
  97 002d 01       		.byte	0x1
  98 002e 08       		.byte	0x8
  99 002f 1E010000 		.4byte	.LASF1
 100 0033 02       		.uleb128 0x2
 101 0034 02       		.byte	0x2
 102 0035 05       		.byte	0x5
 103 0036 F9010000 		.4byte	.LASF2
 104 003a 02       		.uleb128 0x2
 105 003b 02       		.byte	0x2
 106 003c 07       		.byte	0x7
 107 003d 0B010000 		.4byte	.LASF3
 108 0041 03       		.uleb128 0x3
 109 0042 E9010000 		.4byte	.LASF9
 110 0046 02       		.byte	0x2
 111 0047 3F       		.byte	0x3f
 112 0048 4C000000 		.4byte	0x4c
 113 004c 02       		.uleb128 0x2
 114 004d 04       		.byte	0x4
 115 004e 05       		.byte	0x5
 116 004f 8C010000 		.4byte	.LASF4
 117 0053 02       		.uleb128 0x2
 118 0054 04       		.byte	0x4
 119 0055 07       		.byte	0x7
 120 0056 E2000000 		.4byte	.LASF5
 121 005a 02       		.uleb128 0x2
 122 005b 08       		.byte	0x8
 123 005c 05       		.byte	0x5
 124 005d 00000000 		.4byte	.LASF6
 125 0061 02       		.uleb128 0x2
 126 0062 08       		.byte	0x8
 127 0063 07       		.byte	0x7
 128 0064 F4000000 		.4byte	.LASF7
 129 0068 04       		.uleb128 0x4
 130 0069 04       		.byte	0x4
 131 006a 05       		.byte	0x5
 132 006b 696E7400 		.ascii	"int\000"
 133 006f 02       		.uleb128 0x2
 134 0070 04       		.byte	0x4
 135 0071 07       		.byte	0x7
 136 0072 1C000000 		.4byte	.LASF8
 137 0076 03       		.uleb128 0x3
 138 0077 03020000 		.4byte	.LASF10
 139 007b 03       		.byte	0x3
 140 007c 2C       		.byte	0x2c
 141 007d 41000000 		.4byte	0x41
 142 0081 02       		.uleb128 0x2
 143 0082 04       		.byte	0x4
 144 0083 04       		.byte	0x4
ARM GAS  C:\Users\jpat614\AppData\Local\Temp\ccNccWAw.s 			page 4


 145 0084 F3010000 		.4byte	.LASF11
 146 0088 02       		.uleb128 0x2
 147 0089 08       		.byte	0x8
 148 008a 04       		.byte	0x4
 149 008b A6010000 		.4byte	.LASF12
 150 008f 02       		.uleb128 0x2
 151 0090 01       		.byte	0x1
 152 0091 08       		.byte	0x8
 153 0092 0B020000 		.4byte	.LASF13
 154 0096 02       		.uleb128 0x2
 155 0097 08       		.byte	0x8
 156 0098 04       		.byte	0x4
 157 0099 DD010000 		.4byte	.LASF14
 158 009d 02       		.uleb128 0x2
 159 009e 04       		.byte	0x4
 160 009f 07       		.byte	0x7
 161 00a0 BB010000 		.4byte	.LASF15
 162 00a4 05       		.uleb128 0x5
 163 00a5 41000000 		.4byte	.LASF24
 164 00a9 01       		.byte	0x1
 165 00aa 0E       		.byte	0xe
 166 00ab 68000000 		.4byte	0x68
 167 00af 00000000 		.4byte	.LFB63
 168 00b3 24000000 		.4byte	.LFE63-.LFB63
 169 00b7 01       		.uleb128 0x1
 170 00b8 9C       		.byte	0x9c
 171 00b9 13010000 		.4byte	0x113
 172 00bd 06       		.uleb128 0x6
 173 00be 08000000 		.4byte	.LVL0
 174 00c2 24010000 		.4byte	0x124
 175 00c6 07       		.uleb128 0x7
 176 00c7 0E000000 		.4byte	.LVL1
 177 00cb 2F010000 		.4byte	0x12f
 178 00cf DA000000 		.4byte	0xda
 179 00d3 08       		.uleb128 0x8
 180 00d4 01       		.uleb128 0x1
 181 00d5 50       		.byte	0x50
 182 00d6 02       		.uleb128 0x2
 183 00d7 08       		.byte	0x8
 184 00d8 53       		.byte	0x53
 185 00d9 00       		.byte	0
 186 00da 07       		.uleb128 0x7
 187 00db 14000000 		.4byte	.LVL2
 188 00df 3A010000 		.4byte	0x13a
 189 00e3 ED000000 		.4byte	0xed
 190 00e7 08       		.uleb128 0x8
 191 00e8 01       		.uleb128 0x1
 192 00e9 50       		.byte	0x50
 193 00ea 01       		.uleb128 0x1
 194 00eb 38       		.byte	0x38
 195 00ec 00       		.byte	0
 196 00ed 07       		.uleb128 0x7
 197 00ee 1A000000 		.4byte	.LVL3
 198 00f2 3A010000 		.4byte	0x13a
 199 00f6 00010000 		.4byte	0x100
 200 00fa 08       		.uleb128 0x8
 201 00fb 01       		.uleb128 0x1
ARM GAS  C:\Users\jpat614\AppData\Local\Temp\ccNccWAw.s 			page 5


 202 00fc 50       		.byte	0x50
 203 00fd 01       		.uleb128 0x1
 204 00fe 40       		.byte	0x40
 205 00ff 00       		.byte	0
 206 0100 06       		.uleb128 0x6
 207 0101 1E000000 		.4byte	.LVL4
 208 0105 45010000 		.4byte	0x145
 209 0109 06       		.uleb128 0x6
 210 010a 22000000 		.4byte	.LVL5
 211 010e 50010000 		.4byte	0x150
 212 0112 00       		.byte	0
 213 0113 09       		.uleb128 0x9
 214 0114 C4010000 		.4byte	.LASF25
 215 0118 07       		.byte	0x7
 216 0119 1207     		.2byte	0x712
 217 011b 1F010000 		.4byte	0x11f
 218 011f 0A       		.uleb128 0xa
 219 0120 76000000 		.4byte	0x76
 220 0124 0B       		.uleb128 0xb
 221 0125 AD010000 		.4byte	.LASF16
 222 0129 AD010000 		.4byte	.LASF16
 223 012d 04       		.byte	0x4
 224 012e 33       		.byte	0x33
 225 012f 0B       		.uleb128 0xb
 226 0130 95010000 		.4byte	.LASF17
 227 0134 95010000 		.4byte	.LASF17
 228 0138 04       		.byte	0x4
 229 0139 37       		.byte	0x37
 230 013a 0B       		.uleb128 0xb
 231 013b 29000000 		.4byte	.LASF18
 232 013f 29000000 		.4byte	.LASF18
 233 0143 05       		.byte	0x5
 234 0144 41       		.byte	0x41
 235 0145 0B       		.uleb128 0xb
 236 0146 0E000000 		.4byte	.LASF19
 237 014a 0E000000 		.4byte	.LASF19
 238 014e 05       		.byte	0x5
 239 014f 3C       		.byte	0x3c
 240 0150 0B       		.uleb128 0xb
 241 0151 D4000000 		.4byte	.LASF20
 242 0155 D4000000 		.4byte	.LASF20
 243 0159 06       		.byte	0x6
 244 015a 3C       		.byte	0x3c
 245 015b 00       		.byte	0
 246              		.section	.debug_abbrev,"",%progbits
 247              	.Ldebug_abbrev0:
 248 0000 01       		.uleb128 0x1
 249 0001 11       		.uleb128 0x11
 250 0002 01       		.byte	0x1
 251 0003 25       		.uleb128 0x25
 252 0004 0E       		.uleb128 0xe
 253 0005 13       		.uleb128 0x13
 254 0006 0B       		.uleb128 0xb
 255 0007 03       		.uleb128 0x3
 256 0008 0E       		.uleb128 0xe
 257 0009 1B       		.uleb128 0x1b
 258 000a 0E       		.uleb128 0xe
ARM GAS  C:\Users\jpat614\AppData\Local\Temp\ccNccWAw.s 			page 6


 259 000b 55       		.uleb128 0x55
 260 000c 17       		.uleb128 0x17
 261 000d 11       		.uleb128 0x11
 262 000e 01       		.uleb128 0x1
 263 000f 10       		.uleb128 0x10
 264 0010 17       		.uleb128 0x17
 265 0011 00       		.byte	0
 266 0012 00       		.byte	0
 267 0013 02       		.uleb128 0x2
 268 0014 24       		.uleb128 0x24
 269 0015 00       		.byte	0
 270 0016 0B       		.uleb128 0xb
 271 0017 0B       		.uleb128 0xb
 272 0018 3E       		.uleb128 0x3e
 273 0019 0B       		.uleb128 0xb
 274 001a 03       		.uleb128 0x3
 275 001b 0E       		.uleb128 0xe
 276 001c 00       		.byte	0
 277 001d 00       		.byte	0
 278 001e 03       		.uleb128 0x3
 279 001f 16       		.uleb128 0x16
 280 0020 00       		.byte	0
 281 0021 03       		.uleb128 0x3
 282 0022 0E       		.uleb128 0xe
 283 0023 3A       		.uleb128 0x3a
 284 0024 0B       		.uleb128 0xb
 285 0025 3B       		.uleb128 0x3b
 286 0026 0B       		.uleb128 0xb
 287 0027 49       		.uleb128 0x49
 288 0028 13       		.uleb128 0x13
 289 0029 00       		.byte	0
 290 002a 00       		.byte	0
 291 002b 04       		.uleb128 0x4
 292 002c 24       		.uleb128 0x24
 293 002d 00       		.byte	0
 294 002e 0B       		.uleb128 0xb
 295 002f 0B       		.uleb128 0xb
 296 0030 3E       		.uleb128 0x3e
 297 0031 0B       		.uleb128 0xb
 298 0032 03       		.uleb128 0x3
 299 0033 08       		.uleb128 0x8
 300 0034 00       		.byte	0
 301 0035 00       		.byte	0
 302 0036 05       		.uleb128 0x5
 303 0037 2E       		.uleb128 0x2e
 304 0038 01       		.byte	0x1
 305 0039 3F       		.uleb128 0x3f
 306 003a 19       		.uleb128 0x19
 307 003b 03       		.uleb128 0x3
 308 003c 0E       		.uleb128 0xe
 309 003d 3A       		.uleb128 0x3a
 310 003e 0B       		.uleb128 0xb
 311 003f 3B       		.uleb128 0x3b
 312 0040 0B       		.uleb128 0xb
 313 0041 27       		.uleb128 0x27
 314 0042 19       		.uleb128 0x19
 315 0043 49       		.uleb128 0x49
ARM GAS  C:\Users\jpat614\AppData\Local\Temp\ccNccWAw.s 			page 7


 316 0044 13       		.uleb128 0x13
 317 0045 8701     		.uleb128 0x87
 318 0047 19       		.uleb128 0x19
 319 0048 11       		.uleb128 0x11
 320 0049 01       		.uleb128 0x1
 321 004a 12       		.uleb128 0x12
 322 004b 06       		.uleb128 0x6
 323 004c 40       		.uleb128 0x40
 324 004d 18       		.uleb128 0x18
 325 004e 9742     		.uleb128 0x2117
 326 0050 19       		.uleb128 0x19
 327 0051 01       		.uleb128 0x1
 328 0052 13       		.uleb128 0x13
 329 0053 00       		.byte	0
 330 0054 00       		.byte	0
 331 0055 06       		.uleb128 0x6
 332 0056 898201   		.uleb128 0x4109
 333 0059 00       		.byte	0
 334 005a 11       		.uleb128 0x11
 335 005b 01       		.uleb128 0x1
 336 005c 31       		.uleb128 0x31
 337 005d 13       		.uleb128 0x13
 338 005e 00       		.byte	0
 339 005f 00       		.byte	0
 340 0060 07       		.uleb128 0x7
 341 0061 898201   		.uleb128 0x4109
 342 0064 01       		.byte	0x1
 343 0065 11       		.uleb128 0x11
 344 0066 01       		.uleb128 0x1
 345 0067 31       		.uleb128 0x31
 346 0068 13       		.uleb128 0x13
 347 0069 01       		.uleb128 0x1
 348 006a 13       		.uleb128 0x13
 349 006b 00       		.byte	0
 350 006c 00       		.byte	0
 351 006d 08       		.uleb128 0x8
 352 006e 8A8201   		.uleb128 0x410a
 353 0071 00       		.byte	0
 354 0072 02       		.uleb128 0x2
 355 0073 18       		.uleb128 0x18
 356 0074 9142     		.uleb128 0x2111
 357 0076 18       		.uleb128 0x18
 358 0077 00       		.byte	0
 359 0078 00       		.byte	0
 360 0079 09       		.uleb128 0x9
 361 007a 34       		.uleb128 0x34
 362 007b 00       		.byte	0
 363 007c 03       		.uleb128 0x3
 364 007d 0E       		.uleb128 0xe
 365 007e 3A       		.uleb128 0x3a
 366 007f 0B       		.uleb128 0xb
 367 0080 3B       		.uleb128 0x3b
 368 0081 05       		.uleb128 0x5
 369 0082 49       		.uleb128 0x49
 370 0083 13       		.uleb128 0x13
 371 0084 3F       		.uleb128 0x3f
 372 0085 19       		.uleb128 0x19
ARM GAS  C:\Users\jpat614\AppData\Local\Temp\ccNccWAw.s 			page 8


 373 0086 3C       		.uleb128 0x3c
 374 0087 19       		.uleb128 0x19
 375 0088 00       		.byte	0
 376 0089 00       		.byte	0
 377 008a 0A       		.uleb128 0xa
 378 008b 35       		.uleb128 0x35
 379 008c 00       		.byte	0
 380 008d 49       		.uleb128 0x49
 381 008e 13       		.uleb128 0x13
 382 008f 00       		.byte	0
 383 0090 00       		.byte	0
 384 0091 0B       		.uleb128 0xb
 385 0092 2E       		.uleb128 0x2e
 386 0093 00       		.byte	0
 387 0094 3F       		.uleb128 0x3f
 388 0095 19       		.uleb128 0x19
 389 0096 3C       		.uleb128 0x3c
 390 0097 19       		.uleb128 0x19
 391 0098 6E       		.uleb128 0x6e
 392 0099 0E       		.uleb128 0xe
 393 009a 03       		.uleb128 0x3
 394 009b 0E       		.uleb128 0xe
 395 009c 3A       		.uleb128 0x3a
 396 009d 0B       		.uleb128 0xb
 397 009e 3B       		.uleb128 0x3b
 398 009f 0B       		.uleb128 0xb
 399 00a0 00       		.byte	0
 400 00a1 00       		.byte	0
 401 00a2 00       		.byte	0
 402              		.section	.debug_aranges,"",%progbits
 403 0000 1C000000 		.4byte	0x1c
 404 0004 0200     		.2byte	0x2
 405 0006 00000000 		.4byte	.Ldebug_info0
 406 000a 04       		.byte	0x4
 407 000b 00       		.byte	0
 408 000c 0000     		.2byte	0
 409 000e 0000     		.2byte	0
 410 0010 00000000 		.4byte	.LFB63
 411 0014 24000000 		.4byte	.LFE63-.LFB63
 412 0018 00000000 		.4byte	0
 413 001c 00000000 		.4byte	0
 414              		.section	.debug_ranges,"",%progbits
 415              	.Ldebug_ranges0:
 416 0000 00000000 		.4byte	.LFB63
 417 0004 24000000 		.4byte	.LFE63
 418 0008 00000000 		.4byte	0
 419 000c 00000000 		.4byte	0
 420              		.section	.debug_line,"",%progbits
 421              	.Ldebug_line0:
 422 0000 82010000 		.section	.debug_str,"MS",%progbits,1
 422      02006601 
 422      00000201 
 422      FB0E0D00 
 422      01010101 
 423              	.LASF6:
 424 0000 6C6F6E67 		.ascii	"long long int\000"
 424      206C6F6E 
ARM GAS  C:\Users\jpat614\AppData\Local\Temp\ccNccWAw.s 			page 9


 424      6720696E 
 424      7400
 425              	.LASF19:
 426 000e 49444143 		.ascii	"IDAC8_1_Start\000"
 426      385F315F 
 426      53746172 
 426      7400
 427              	.LASF8:
 428 001c 756E7369 		.ascii	"unsigned int\000"
 428      676E6564 
 428      20696E74 
 428      00
 429              	.LASF18:
 430 0029 49444143 		.ascii	"IDAC8_1_SetValue\000"
 430      385F315F 
 430      53657456 
 430      616C7565 
 430      00
 431              	.LASF22:
 432 003a 6D61696E 		.ascii	"main.c\000"
 432      2E6300
 433              	.LASF24:
 434 0041 6D61696E 		.ascii	"main\000"
 434      00
 435              	.LASF21:
 436 0046 474E5520 		.ascii	"GNU C11 5.4.1 20160609 (release) [ARM/embedded-5-br"
 436      43313120 
 436      352E342E 
 436      31203230 
 436      31363036 
 437 0079 616E6368 		.ascii	"anch revision 237715] -mcpu=cortex-m3 -mthumb -g -O"
 437      20726576 
 437      6973696F 
 437      6E203233 
 437      37373135 
 438 00ac 67202D66 		.ascii	"g -ffunction-sections -ffat-lto-objects\000"
 438      66756E63 
 438      74696F6E 
 438      2D736563 
 438      74696F6E 
 439              	.LASF20:
 440 00d4 49444143 		.ascii	"IDAC8_2_Start\000"
 440      385F325F 
 440      53746172 
 440      7400
 441              	.LASF5:
 442 00e2 6C6F6E67 		.ascii	"long unsigned int\000"
 442      20756E73 
 442      69676E65 
 442      6420696E 
 442      7400
 443              	.LASF7:
 444 00f4 6C6F6E67 		.ascii	"long long unsigned int\000"
 444      206C6F6E 
 444      6720756E 
 444      7369676E 
 444      65642069 
ARM GAS  C:\Users\jpat614\AppData\Local\Temp\ccNccWAw.s 			page 10


 445              	.LASF3:
 446 010b 73686F72 		.ascii	"short unsigned int\000"
 446      7420756E 
 446      7369676E 
 446      65642069 
 446      6E7400
 447              	.LASF1:
 448 011e 756E7369 		.ascii	"unsigned char\000"
 448      676E6564 
 448      20636861 
 448      7200
 449              	.LASF23:
 450 012c 433A5C55 		.ascii	"C:\\Users\\jpat614\\Documents\\GitHub\\P4P_Project-"
 450      73657273 
 450      5C6A7061 
 450      74363134 
 450      5C446F63 
 451 015a 3133305C 		.ascii	"130\\Experimental_cap_sense\\Design01_Copy_01.cydsn"
 451      45787065 
 451      72696D65 
 451      6E74616C 
 451      5F636170 
 452 018b 00       		.ascii	"\000"
 453              	.LASF4:
 454 018c 6C6F6E67 		.ascii	"long int\000"
 454      20696E74 
 454      00
 455              	.LASF17:
 456 0195 56444143 		.ascii	"VDAC8_1_SetValue\000"
 456      385F315F 
 456      53657456 
 456      616C7565 
 456      00
 457              	.LASF12:
 458 01a6 646F7562 		.ascii	"double\000"
 458      6C6500
 459              	.LASF16:
 460 01ad 56444143 		.ascii	"VDAC8_1_Start\000"
 460      385F315F 
 460      53746172 
 460      7400
 461              	.LASF15:
 462 01bb 73697A65 		.ascii	"sizetype\000"
 462      74797065 
 462      00
 463              	.LASF25:
 464 01c4 49544D5F 		.ascii	"ITM_RxBuffer\000"
 464      52784275 
 464      66666572 
 464      00
 465              	.LASF0:
 466 01d1 7369676E 		.ascii	"signed char\000"
 466      65642063 
 466      68617200 
 467              	.LASF14:
 468 01dd 6C6F6E67 		.ascii	"long double\000"
 468      20646F75 
ARM GAS  C:\Users\jpat614\AppData\Local\Temp\ccNccWAw.s 			page 11


 468      626C6500 
 469              	.LASF9:
 470 01e9 5F5F696E 		.ascii	"__int32_t\000"
 470      7433325F 
 470      7400
 471              	.LASF11:
 472 01f3 666C6F61 		.ascii	"float\000"
 472      7400
 473              	.LASF2:
 474 01f9 73686F72 		.ascii	"short int\000"
 474      7420696E 
 474      7400
 475              	.LASF10:
 476 0203 696E7433 		.ascii	"int32_t\000"
 476      325F7400 
 477              	.LASF13:
 478 020b 63686172 		.ascii	"char\000"
 478      00
 479              		.ident	"GCC: (GNU Tools for ARM Embedded Processors) 5.4.1 20160609 (release) [ARM/embedded-5-bran
