2025-07-13 23:52:49   LF Time Domain Solver (MQS)

                      ------------------------------------------------------------------------------
2025-07-13 23:52:49   Units settings: 

                        Dimensions: mm
                        Frequency:  MHz

                      ------------------------------------------------------------------------------
2025-07-13 23:52:49   Boundary conditions: 

                        YZsymmetry: none
                        XZsymmetry: none
                        XYsymmetry: none

                        Xmin: magnetic
                        Xmax: magnetic

                        Ymin: magnetic
                        Ymax: magnetic

                        Zmin: magnetic
                        Zmax: magnetic

                      ------------------------------------------------------------------------------
2025-07-13 23:52:49   *** Warning ***

                      This software is licensed for non-commercial use only.

                      ------------------------------------------------------------------------------
2025-07-13 23:52:49   The length ratio between the shortest and the longest model edges is 1:3333.
                      Short model edges can be highlighted via Mesh:Mesh Control->Check Mesh->Check
                      Model Edge Length.... (It may be advantageous to model the metallizations as
                      infinitely thin sheets.) More...

                      ------------------------------------------------------------------------------
2025-07-13 23:52:49   --- Material prioritization table with "ElectricConductivity" scheme was used
                      ---
                       - PEC
                       - esf1-B_Cu_0(PCB2)/PEC Sheets
                       - esf1-F_Cu_0(PCB1)/PEC Sheets
                       - Copper (annealed)
                       - esf1-B_Cu_0(PCB2)/Copper
                       - esf1-B_Cu_0(PCB2)/VIAS_MATERIAL
                       - esf1-F_Cu_0(PCB1)/Copper
                       - esf1-F_Cu_0(PCB1)/VIAS_MATERIAL
                       - $CoilMaterial$
                       - $NFSMaterial$
                       - Air
                       - FR-4 (lossy)
                       - Folder1/material1
                       - air_0

                      ------------------------------------------------------------------------------
2025-07-13 23:52:52   Solver started at: 2025-07-13 23:52:52 +1200

                        Module:  LF Time Domain Solver (MQS) (Win 64)
                        Version: 2024.5 Release from 2024-06-14 (change 1285309)

                        Hardware:
                           Computer name: EN461026

                      ------------------------------------------------------------------------------
2025-07-13 23:52:52   Solver order = 2


                      ------------------------------------------------------------------------------
2025-07-13 23:52:52   Detected 4 independent conductive sets.
2025-07-13 23:52:52   Desired accuracy = 1.0e-062025-07-13 23:52:52   


                      ------------------------------------------------------------------------------
2025-07-13 23:52:52   Using mesh with curved elements order: 2


                      ------------------------------------------------------------------------------
2025-07-13 23:52:52   Linear solver is running
                      Desired linear accuracy = 1.0e-06, max Iter = 1200


                      ------------------------------------------------------------------------------
2025-07-13 23:52:52   Linear solver is running
                      Desired linear accuracy = 1.0e-06, max Iter = 1200


                      ------------------------------------------------------------------------------
2025-07-13 23:52:59   Solver Size Statistics:

                        Number of mesh cells:         38175 
                        Number of unknowns:           44884

                      ------------------------------------------------------------------------------
2025-07-13 23:52:59   Solver Timing Statistics:

                        Meshing time:	           0d :  0h :  0m :  2s
                        Assemble time:           0d :  0h :  0m :  0s
                        Solver time:             0d :  0h :  0m :  6s
                        Post-processing time:    0d :  0h :  0m :  0s
                                          	--------------------------
                        Total time:              0d :  0h :  0m :  8s

                        Number of threads used:  8 



                      ------------------------------------------------------------------------------
2025-07-13 23:52:59   Memory statistics:

                        ----------------------------------------------------------------------------
                                            Peak memory used (kB)         Free physical memory (kB) 
                                                                          At begin     Minimum      
                        ----------------------------------------------------------------------------
                        Solver start        15388                         14384712     14383528     
                        Solver run total    110572                        14380988     14289516     
                        ----------------------------------------------------------------------------


                      ------------------------------------------------------------------------------
2025-07-13 23:52:59   Creating parametric 1D results for Run ID 1

                      ------------------------------------------------------------------------------
