2025-07-22 16:11:38   Electrostatic Solver

                      ------------------------------------------------------------------------------
2025-07-22 16:11:38   Units settings: 

                        Dimensions: mm
                        Frequency:  kHz

                      ------------------------------------------------------------------------------
2025-07-22 16:11:38   Boundary conditions: 

                        YZsymmetry: none
                        XZsymmetry: none
                        XYsymmetry: none

                        Xmin: magnetic
                        Xmax: magnetic

                        Ymin: magnetic
                        Ymax: magnetic

                        Zmin: magnetic
                        Zmax: magnetic

                      ------------------------------------------------------------------------------
2025-07-22 16:11:38   *** Warning ***

                      This software is licensed for non-commercial use only.

                      ------------------------------------------------------------------------------
2025-07-22 16:11:38   *** Warning ***

                      Electric charges with nonzero charge have been defined.	They will be ignored in
                      capacitance calculation.

                      ------------------------------------------------------------------------------
2025-07-22 16:11:39   Solver started at: 2025-07-22 16:11:39 +1200

                        Module:  Electrostatic Solver (Win 64)
                        Version: 2024.5 Release from 2024-06-14 (change 1285309)

                        Hardware:
                           Computer name: EN461026

                      ------------------------------------------------------------------------------
2025-07-22 16:11:39   Solver order = 2


                      ------------------------------------------------------------------------------
2025-07-22 16:11:39   Detected 4 independent conductive sets.
2025-07-22 16:11:39   Desired accuracy = 1.0e-062025-07-22 16:11:39   


                      ------------------------------------------------------------------------------
2025-07-22 16:11:39   Using mesh with curved elements order: 1


                      ------------------------------------------------------------------------------
2025-07-22 16:11:39   Adaptive Computation

                      ------------------------------------------------------------------------------
2025-07-22 16:11:39   Pass 1: 

                      ------------------------------------------------------------------------------
2025-07-22 16:11:40   Electrostatic force and torque computation successful

                      ------------------------------------------------------------------------------
2025-07-22 16:11:40   Pass 2: 

                      ------------------------------------------------------------------------------
2025-07-22 16:11:40   Marked 7867 of 81094 for refinement.2025-07-22 16:11:41   Refinement successful
2025-07-22 16:11:43   Electrostatic force and torque computation successful

                      ------------------------------------------------------------------------------
2025-07-22 16:11:43   Capacitance computation

                      ------------------------------------------------------------------------------
2025-07-22 16:11:43   *** Warning ***

2025-07-22 16:11:43   No reference potential can be found for this model. This will lead to a singular capacitance matrix. At least one PEC 
                      body or one electric boundary must be left without a source definition and defined as grounded (in the Specials settings
                      of the Electrostatic Solver Parameters) in order to get a regular capacitance matrix.

                      ------------------------------------------------------------------------------
2025-07-22 16:11:45   Solver Timing Statistics: (last run)

                        Mesh generation:                  0d :  0h :  0m :  2s
                        Initialization and data import:   0d :  0h :  0m :  0s
                        Assembling process:               0d :  0h :  0m :  1s
                        Linear solver:                    0d :  0h :  0m :  0s
                        Post-processing:                  0d :  0h :  0m :  2s
                                                       --------------------------
                        Total time:                       0d :  0h :  0m :  5s

                        Number of threads used:           1024 



                      ------------------------------------------------------------------------------
2025-07-22 16:11:45   Total simulation time (all mesh adaptation runs) 0d :  0h :  0m :  3s


                      ------------------------------------------------------------------------------
2025-07-22 16:11:45   Solver Size Statistics:

                        Number of mesh cells:         105408 
                        Number of unknowns:           135147

                      ------------------------------------------------------------------------------
2025-07-22 16:11:45   Linear Solver Results: (last run)

                        Accuracy:                     5.719302e-07
                        Desired accuracy:             1.000000e-06
                        Number of iterations:         14
                        Maximum number of iterations: 10000


                      ------------------------------------------------------------------------------
2025-07-22 16:11:45   Memory statistics:

                        ----------------------------------------------------------------------------
                                            Peak memory used (kB)         Free physical memory (kB) 
                                                                          At begin     Minimum      
                        ----------------------------------------------------------------------------
                        Solver start        14884                         6634376      6634100      
                        Solver run total    187100                        6632840      6411176      
                        ----------------------------------------------------------------------------


                      ------------------------------------------------------------------------------
2025-07-22 16:11:45   Created export files in C:\Users\npat025\OneDrive - The University of
                      Auckland\mystuff\cst\esf\esf3_charge\Export\FieldPlots\Potential (Es) (Contour
                      Plot)\

                      ------------------------------------------------------------------------------
2025-07-22 16:11:46   Creating parametric 1D results for Run ID 1

                      ------------------------------------------------------------------------------
