2025-07-27 17:15:28   Electrostatic Solver

                      ------------------------------------------------------------------------------
2025-07-27 17:15:28   Units settings: 

                        Dimensions: mm
                        Frequency:  MHz

                      ------------------------------------------------------------------------------
2025-07-27 17:15:28   Boundary conditions: 

                        YZsymmetry: none
                        XZsymmetry: none
                        XYsymmetry: none

                        Xmin: electric
                        Xmax: electric

                        Ymin: electric
                        Ymax: electric

                        Zmin: electric
                        Zmax: electric

                      ------------------------------------------------------------------------------
2025-07-27 17:15:28   *** Warning ***

                      This software is licensed for non-commercial use only.

                      ------------------------------------------------------------------------------
2025-07-27 17:15:28   --- Material prioritization table with "ElectricConductivity" scheme was used
                      ---
                       - PEC
                       - esf6_gnd(PCB3)/PEC Sheets
                       - esf6_s1(PCB1)/PEC Sheets
                       - esf6_s2(PCB2)/PEC Sheets
                       - esf6_source(PCB4)/PEC Sheets
                       - Copper (annealed)
                       - esf6_gnd(PCB3)/Copper
                       - esf6_gnd(PCB3)/VIAS_MATERIAL
                       - esf6_s1(PCB1)/Copper
                       - esf6_s1(PCB1)/VIAS_MATERIAL
                       - esf6_s2(PCB2)/Copper
                       - esf6_s2(PCB2)/VIAS_MATERIAL
                       - esf6_source(PCB4)/Copper
                       - esf6_source(PCB4)/VIAS_MATERIAL
                       - $CoilMaterial$
                       - $NFSMaterial$
                       - Air
                       - FR-4 (loss free)
                       - air_0

                      ------------------------------------------------------------------------------
2025-07-27 17:15:32   Solver started at: 2025-07-27 17:15:32 +1200

                        Module:  Electrostatic Solver (Win 64)
                        Version: 2024.5 Release from 2024-06-14 (change 1285309)

                        Hardware:
                           Computer name: EN461026

                      ------------------------------------------------------------------------------
2025-07-27 17:15:32   Solver order = 2


                      ------------------------------------------------------------------------------
2025-07-27 17:15:32   Detected 9 independent conductive sets.
2025-07-27 17:15:32   Desired accuracy = 1.0e-062025-07-27 17:15:32   


                      ------------------------------------------------------------------------------
2025-07-27 17:15:32   Using mesh with curved elements order: 3


                      ------------------------------------------------------------------------------
2025-07-27 17:15:34   Capacitance computation

                      ------------------------------------------------------------------------------
2025-07-27 17:15:37   Solver Timing Statistics: (last run)

                        Mesh generation:                  0d :  0h :  0m :  3s
                        Assembling process:               0d :  0h :  0m :  0s
                        Linear solver:                    0d :  0h :  0m :  0s
                        Post-processing:                  0d :  0h :  0m :  3s
                                                       --------------------------
                        Total time:                       0d :  0h :  0m :  6s

                        Number of threads used:           1024 



                      ------------------------------------------------------------------------------
2025-07-27 17:15:37   Solver Size Statistics:

                        Number of mesh cells:         83003 
                        Number of unknowns:           101898

                      ------------------------------------------------------------------------------
2025-07-27 17:15:37   Linear Solver Results: (last run)

                        Accuracy:                     4.572576e-07
                        Desired accuracy:             1.000000e-06
                        Number of iterations:         15
                        Maximum number of iterations: 10000


                      ------------------------------------------------------------------------------
2025-07-27 17:15:37   Memory statistics:

                        ----------------------------------------------------------------------------
                                            Peak memory used (kB)         Free physical memory (kB) 
                                                                          At begin     Minimum      
                        ----------------------------------------------------------------------------
                        Solver start        15240                         14197324     14193400     
                        Solver run total    165232                        14186856     14029672     
                        ----------------------------------------------------------------------------


                      ------------------------------------------------------------------------------
2025-07-27 17:15:37   Creating parametric 1D results for Run ID 11

                      ------------------------------------------------------------------------------
