ARM GAS  C:\Users\jpat614\AppData\Local\Temp\ccnou5xB.s 			page 1


   1              		.syntax unified
   2              		.cpu cortex-m3
   3              		.fpu softvfp
   4              		.eabi_attribute 20, 1
   5              		.eabi_attribute 21, 1
   6              		.eabi_attribute 23, 3
   7              		.eabi_attribute 24, 1
   8              		.eabi_attribute 25, 1
   9              		.eabi_attribute 26, 1
  10              		.eabi_attribute 30, 1
  11              		.eabi_attribute 34, 1
  12              		.eabi_attribute 18, 4
  13              		.thumb
  14              		.syntax unified
  15              		.file	"main.c"
  16              		.text
  17              	.Ltext0:
  18              		.cfi_sections	.debug_frame
  19              		.section	.text.main,"ax",%progbits
  20              		.align	2
  21              		.global	main
  22              		.thumb
  23              		.thumb_func
  24              		.type	main, %function
  25              	main:
  26              	.LFB63:
  27              		.file 1 "main.c"
   1:main.c        **** /* ========================================
   2:main.c        ****  *
   3:main.c        ****  * Copyright YOUR COMPANY, THE YEAR
   4:main.c        ****  * All Rights Reserved
   5:main.c        ****  * UNPUBLISHED, LICENSED SOFTWARE.
   6:main.c        ****  *
   7:main.c        ****  * CONFIDENTIAL AND PROPRIETARY INFORMATION
   8:main.c        ****  * WHICH IS THE PROPERTY OF your company.
   9:main.c        ****  *
  10:main.c        ****  * ========================================
  11:main.c        **** */
  12:main.c        **** #include "project.h"
  13:main.c        **** 
  14:main.c        **** //CY_ISR(Schmitt_Output_Handler) {
  15:main.c        ****     // Toggle LED
  16:main.c        **** //    LED_Write(~LED_Read());
  17:main.c        **** //    Schmitt_Output_ClearInterrupt();
  18:main.c        **** //}
  19:main.c        **** 
  20:main.c        **** int main(void)
  21:main.c        **** {
  28              		.loc 1 21 0
  29              		.cfi_startproc
  30              		@ Volatile: function does not return.
  31              		@ args = 0, pretend = 0, frame = 0
  32              		@ frame_needed = 0, uses_anonymous_args = 0
  33 0000 08B5     		push	{r3, lr}
  34              		.cfi_def_cfa_offset 8
  35              		.cfi_offset 3, -8
  36              		.cfi_offset 14, -4
ARM GAS  C:\Users\jpat614\AppData\Local\Temp\ccnou5xB.s 			page 2


  22:main.c        ****     CyGlobalIntEnable; /* Enable global interrupts. */
  37              		.loc 1 22 0
  38              		.syntax unified
  39              	@ 22 "main.c" 1
  40 0002 62B6     		CPSIE   i
  41              	@ 0 "" 2
  23:main.c        **** 
  24:main.c        ****     /* Place your initialization/startup code here (e.g. MyInst_Start()) */
  25:main.c        ****     //isr_schmitt_StartEx(Schmitt_Output_Handler);
  26:main.c        ****     VDAC8_1_Start();
  42              		.loc 1 26 0
  43              		.thumb
  44              		.syntax unified
  45 0004 FFF7FEFF 		bl	VDAC8_1_Start
  46              	.LVL0:
  27:main.c        ****     //VDAC8_1_SetValue(127);
  28:main.c        ****     
  29:main.c        ****    
  30:main.c        ****     //IDAC8_1_SetValue(80);
  31:main.c        ****     //IDAC8_1_SetValue(78);
  32:main.c        ****     //IDAC8_1_Start();
  33:main.c        ****     //IDAC8_2_Start();
  34:main.c        ****     
  35:main.c        ****     WaveDAC8_1_Start();
  47              		.loc 1 35 0
  48 0008 FFF7FEFF 		bl	WaveDAC8_1_Start
  49              	.LVL1:
  36:main.c        ****     
  37:main.c        ****     Opamp_1_Start();
  50              		.loc 1 37 0
  51 000c FFF7FEFF 		bl	Opamp_1_Start
  52              	.LVL2:
  38:main.c        ****     Opamp_2_Start();
  53              		.loc 1 38 0
  54 0010 FFF7FEFF 		bl	Opamp_2_Start
  55              	.LVL3:
  56              	.L2:
  57 0014 FEE7     		b	.L2
  58              		.cfi_endproc
  59              	.LFE63:
  60              		.size	main, .-main
  61 0016 00BF     		.text
  62              	.Letext0:
  63              		.file 2 "c:\\program files (x86)\\cypress\\psoc creator\\4.2\\psoc creator\\import\\gnu\\arm\\5.4.
  64              		.file 3 "c:\\program files (x86)\\cypress\\psoc creator\\4.2\\psoc creator\\import\\gnu\\arm\\5.4.
  65              		.file 4 "Generated_Source\\PSoC5/VDAC8_1.h"
  66              		.file 5 "Generated_Source\\PSoC5/WaveDAC8_1.h"
  67              		.file 6 "Generated_Source\\PSoC5/Opamp_1.h"
  68              		.file 7 "Generated_Source\\PSoC5/Opamp_2.h"
  69              		.file 8 "Generated_Source\\PSoC5/core_cm3.h"
  70              		.section	.debug_info,"",%progbits
  71              	.Ldebug_info0:
  72 0000 1C010000 		.4byte	0x11c
  73 0004 0400     		.2byte	0x4
  74 0006 00000000 		.4byte	.Ldebug_abbrev0
  75 000a 04       		.byte	0x4
  76 000b 01       		.uleb128 0x1
ARM GAS  C:\Users\jpat614\AppData\Local\Temp\ccnou5xB.s 			page 3


  77 000c 48000000 		.4byte	.LASF20
  78 0010 0C       		.byte	0xc
  79 0011 3C000000 		.4byte	.LASF21
  80 0015 7D010000 		.4byte	.LASF22
  81 0019 00000000 		.4byte	.Ldebug_ranges0+0
  82 001d 00000000 		.4byte	0
  83 0021 00000000 		.4byte	.Ldebug_line0
  84 0025 02       		.uleb128 0x2
  85 0026 01       		.byte	0x1
  86 0027 06       		.byte	0x6
  87 0028 3D010000 		.4byte	.LASF0
  88 002c 02       		.uleb128 0x2
  89 002d 01       		.byte	0x1
  90 002e 08       		.byte	0x8
  91 002f FF000000 		.4byte	.LASF1
  92 0033 02       		.uleb128 0x2
  93 0034 02       		.byte	0x2
  94 0035 05       		.byte	0x5
  95 0036 73010000 		.4byte	.LASF2
  96 003a 02       		.uleb128 0x2
  97 003b 02       		.byte	0x2
  98 003c 07       		.byte	0x7
  99 003d 0E000000 		.4byte	.LASF3
 100 0041 03       		.uleb128 0x3
 101 0042 55010000 		.4byte	.LASF9
 102 0046 02       		.byte	0x2
 103 0047 3F       		.byte	0x3f
 104 0048 4C000000 		.4byte	0x4c
 105 004c 02       		.uleb128 0x2
 106 004d 04       		.byte	0x4
 107 004e 05       		.byte	0x5
 108 004f 12010000 		.4byte	.LASF4
 109 0053 02       		.uleb128 0x2
 110 0054 04       		.byte	0x4
 111 0055 07       		.byte	0x7
 112 0056 D6000000 		.4byte	.LASF5
 113 005a 02       		.uleb128 0x2
 114 005b 08       		.byte	0x8
 115 005c 05       		.byte	0x5
 116 005d 00000000 		.4byte	.LASF6
 117 0061 02       		.uleb128 0x2
 118 0062 08       		.byte	0x8
 119 0063 07       		.byte	0x7
 120 0064 E8000000 		.4byte	.LASF7
 121 0068 04       		.uleb128 0x4
 122 0069 04       		.byte	0x4
 123 006a 05       		.byte	0x5
 124 006b 696E7400 		.ascii	"int\000"
 125 006f 02       		.uleb128 0x2
 126 0070 04       		.byte	0x4
 127 0071 07       		.byte	0x7
 128 0072 21000000 		.4byte	.LASF8
 129 0076 03       		.uleb128 0x3
 130 0077 D8010000 		.4byte	.LASF10
 131 007b 03       		.byte	0x3
 132 007c 2C       		.byte	0x2c
 133 007d 41000000 		.4byte	0x41
ARM GAS  C:\Users\jpat614\AppData\Local\Temp\ccnou5xB.s 			page 4


 134 0081 02       		.uleb128 0x2
 135 0082 04       		.byte	0x4
 136 0083 04       		.byte	0x4
 137 0084 5F010000 		.4byte	.LASF11
 138 0088 02       		.uleb128 0x2
 139 0089 08       		.byte	0x8
 140 008a 04       		.byte	0x4
 141 008b 1B010000 		.4byte	.LASF12
 142 008f 02       		.uleb128 0x2
 143 0090 01       		.byte	0x1
 144 0091 08       		.byte	0x8
 145 0092 0D010000 		.4byte	.LASF13
 146 0096 02       		.uleb128 0x2
 147 0097 08       		.byte	0x8
 148 0098 04       		.byte	0x4
 149 0099 49010000 		.4byte	.LASF14
 150 009d 02       		.uleb128 0x2
 151 009e 04       		.byte	0x4
 152 009f 07       		.byte	0x7
 153 00a0 F1010000 		.4byte	.LASF15
 154 00a4 05       		.uleb128 0x5
 155 00a5 43000000 		.4byte	.LASF23
 156 00a9 01       		.byte	0x1
 157 00aa 14       		.byte	0x14
 158 00ab 68000000 		.4byte	0x68
 159 00af 00000000 		.4byte	.LFB63
 160 00b3 16000000 		.4byte	.LFE63-.LFB63
 161 00b7 01       		.uleb128 0x1
 162 00b8 9C       		.byte	0x9c
 163 00b9 E2000000 		.4byte	0xe2
 164 00bd 06       		.uleb128 0x6
 165 00be 08000000 		.4byte	.LVL0
 166 00c2 F3000000 		.4byte	0xf3
 167 00c6 06       		.uleb128 0x6
 168 00c7 0C000000 		.4byte	.LVL1
 169 00cb FE000000 		.4byte	0xfe
 170 00cf 06       		.uleb128 0x6
 171 00d0 10000000 		.4byte	.LVL2
 172 00d4 09010000 		.4byte	0x109
 173 00d8 06       		.uleb128 0x6
 174 00d9 14000000 		.4byte	.LVL3
 175 00dd 14010000 		.4byte	0x114
 176 00e1 00       		.byte	0
 177 00e2 07       		.uleb128 0x7
 178 00e3 30010000 		.4byte	.LASF24
 179 00e7 08       		.byte	0x8
 180 00e8 1207     		.2byte	0x712
 181 00ea EE000000 		.4byte	0xee
 182 00ee 08       		.uleb128 0x8
 183 00ef 76000000 		.4byte	0x76
 184 00f3 09       		.uleb128 0x9
 185 00f4 22010000 		.4byte	.LASF16
 186 00f8 22010000 		.4byte	.LASF16
 187 00fc 04       		.byte	0x4
 188 00fd 33       		.byte	0x33
 189 00fe 09       		.uleb128 0x9
 190 00ff E0010000 		.4byte	.LASF17
ARM GAS  C:\Users\jpat614\AppData\Local\Temp\ccnou5xB.s 			page 5


 191 0103 E0010000 		.4byte	.LASF17
 192 0107 05       		.byte	0x5
 193 0108 67       		.byte	0x67
 194 0109 09       		.uleb128 0x9
 195 010a 65010000 		.4byte	.LASF18
 196 010e 65010000 		.4byte	.LASF18
 197 0112 06       		.byte	0x6
 198 0113 33       		.byte	0x33
 199 0114 09       		.uleb128 0x9
 200 0115 2E000000 		.4byte	.LASF19
 201 0119 2E000000 		.4byte	.LASF19
 202 011d 07       		.byte	0x7
 203 011e 33       		.byte	0x33
 204 011f 00       		.byte	0
 205              		.section	.debug_abbrev,"",%progbits
 206              	.Ldebug_abbrev0:
 207 0000 01       		.uleb128 0x1
 208 0001 11       		.uleb128 0x11
 209 0002 01       		.byte	0x1
 210 0003 25       		.uleb128 0x25
 211 0004 0E       		.uleb128 0xe
 212 0005 13       		.uleb128 0x13
 213 0006 0B       		.uleb128 0xb
 214 0007 03       		.uleb128 0x3
 215 0008 0E       		.uleb128 0xe
 216 0009 1B       		.uleb128 0x1b
 217 000a 0E       		.uleb128 0xe
 218 000b 55       		.uleb128 0x55
 219 000c 17       		.uleb128 0x17
 220 000d 11       		.uleb128 0x11
 221 000e 01       		.uleb128 0x1
 222 000f 10       		.uleb128 0x10
 223 0010 17       		.uleb128 0x17
 224 0011 00       		.byte	0
 225 0012 00       		.byte	0
 226 0013 02       		.uleb128 0x2
 227 0014 24       		.uleb128 0x24
 228 0015 00       		.byte	0
 229 0016 0B       		.uleb128 0xb
 230 0017 0B       		.uleb128 0xb
 231 0018 3E       		.uleb128 0x3e
 232 0019 0B       		.uleb128 0xb
 233 001a 03       		.uleb128 0x3
 234 001b 0E       		.uleb128 0xe
 235 001c 00       		.byte	0
 236 001d 00       		.byte	0
 237 001e 03       		.uleb128 0x3
 238 001f 16       		.uleb128 0x16
 239 0020 00       		.byte	0
 240 0021 03       		.uleb128 0x3
 241 0022 0E       		.uleb128 0xe
 242 0023 3A       		.uleb128 0x3a
 243 0024 0B       		.uleb128 0xb
 244 0025 3B       		.uleb128 0x3b
 245 0026 0B       		.uleb128 0xb
 246 0027 49       		.uleb128 0x49
 247 0028 13       		.uleb128 0x13
ARM GAS  C:\Users\jpat614\AppData\Local\Temp\ccnou5xB.s 			page 6


 248 0029 00       		.byte	0
 249 002a 00       		.byte	0
 250 002b 04       		.uleb128 0x4
 251 002c 24       		.uleb128 0x24
 252 002d 00       		.byte	0
 253 002e 0B       		.uleb128 0xb
 254 002f 0B       		.uleb128 0xb
 255 0030 3E       		.uleb128 0x3e
 256 0031 0B       		.uleb128 0xb
 257 0032 03       		.uleb128 0x3
 258 0033 08       		.uleb128 0x8
 259 0034 00       		.byte	0
 260 0035 00       		.byte	0
 261 0036 05       		.uleb128 0x5
 262 0037 2E       		.uleb128 0x2e
 263 0038 01       		.byte	0x1
 264 0039 3F       		.uleb128 0x3f
 265 003a 19       		.uleb128 0x19
 266 003b 03       		.uleb128 0x3
 267 003c 0E       		.uleb128 0xe
 268 003d 3A       		.uleb128 0x3a
 269 003e 0B       		.uleb128 0xb
 270 003f 3B       		.uleb128 0x3b
 271 0040 0B       		.uleb128 0xb
 272 0041 27       		.uleb128 0x27
 273 0042 19       		.uleb128 0x19
 274 0043 49       		.uleb128 0x49
 275 0044 13       		.uleb128 0x13
 276 0045 8701     		.uleb128 0x87
 277 0047 19       		.uleb128 0x19
 278 0048 11       		.uleb128 0x11
 279 0049 01       		.uleb128 0x1
 280 004a 12       		.uleb128 0x12
 281 004b 06       		.uleb128 0x6
 282 004c 40       		.uleb128 0x40
 283 004d 18       		.uleb128 0x18
 284 004e 9742     		.uleb128 0x2117
 285 0050 19       		.uleb128 0x19
 286 0051 01       		.uleb128 0x1
 287 0052 13       		.uleb128 0x13
 288 0053 00       		.byte	0
 289 0054 00       		.byte	0
 290 0055 06       		.uleb128 0x6
 291 0056 898201   		.uleb128 0x4109
 292 0059 00       		.byte	0
 293 005a 11       		.uleb128 0x11
 294 005b 01       		.uleb128 0x1
 295 005c 31       		.uleb128 0x31
 296 005d 13       		.uleb128 0x13
 297 005e 00       		.byte	0
 298 005f 00       		.byte	0
 299 0060 07       		.uleb128 0x7
 300 0061 34       		.uleb128 0x34
 301 0062 00       		.byte	0
 302 0063 03       		.uleb128 0x3
 303 0064 0E       		.uleb128 0xe
 304 0065 3A       		.uleb128 0x3a
ARM GAS  C:\Users\jpat614\AppData\Local\Temp\ccnou5xB.s 			page 7


 305 0066 0B       		.uleb128 0xb
 306 0067 3B       		.uleb128 0x3b
 307 0068 05       		.uleb128 0x5
 308 0069 49       		.uleb128 0x49
 309 006a 13       		.uleb128 0x13
 310 006b 3F       		.uleb128 0x3f
 311 006c 19       		.uleb128 0x19
 312 006d 3C       		.uleb128 0x3c
 313 006e 19       		.uleb128 0x19
 314 006f 00       		.byte	0
 315 0070 00       		.byte	0
 316 0071 08       		.uleb128 0x8
 317 0072 35       		.uleb128 0x35
 318 0073 00       		.byte	0
 319 0074 49       		.uleb128 0x49
 320 0075 13       		.uleb128 0x13
 321 0076 00       		.byte	0
 322 0077 00       		.byte	0
 323 0078 09       		.uleb128 0x9
 324 0079 2E       		.uleb128 0x2e
 325 007a 00       		.byte	0
 326 007b 3F       		.uleb128 0x3f
 327 007c 19       		.uleb128 0x19
 328 007d 3C       		.uleb128 0x3c
 329 007e 19       		.uleb128 0x19
 330 007f 6E       		.uleb128 0x6e
 331 0080 0E       		.uleb128 0xe
 332 0081 03       		.uleb128 0x3
 333 0082 0E       		.uleb128 0xe
 334 0083 3A       		.uleb128 0x3a
 335 0084 0B       		.uleb128 0xb
 336 0085 3B       		.uleb128 0x3b
 337 0086 0B       		.uleb128 0xb
 338 0087 00       		.byte	0
 339 0088 00       		.byte	0
 340 0089 00       		.byte	0
 341              		.section	.debug_aranges,"",%progbits
 342 0000 1C000000 		.4byte	0x1c
 343 0004 0200     		.2byte	0x2
 344 0006 00000000 		.4byte	.Ldebug_info0
 345 000a 04       		.byte	0x4
 346 000b 00       		.byte	0
 347 000c 0000     		.2byte	0
 348 000e 0000     		.2byte	0
 349 0010 00000000 		.4byte	.LFB63
 350 0014 16000000 		.4byte	.LFE63-.LFB63
 351 0018 00000000 		.4byte	0
 352 001c 00000000 		.4byte	0
 353              		.section	.debug_ranges,"",%progbits
 354              	.Ldebug_ranges0:
 355 0000 00000000 		.4byte	.LFB63
 356 0004 16000000 		.4byte	.LFE63
 357 0008 00000000 		.4byte	0
 358 000c 00000000 		.4byte	0
 359              		.section	.debug_line,"",%progbits
 360              	.Ldebug_line0:
 361 0000 92010000 		.section	.debug_str,"MS",%progbits,1
ARM GAS  C:\Users\jpat614\AppData\Local\Temp\ccnou5xB.s 			page 8


 361      02007601 
 361      00000201 
 361      FB0E0D00 
 361      01010101 
 362              	.LASF6:
 363 0000 6C6F6E67 		.ascii	"long long int\000"
 363      206C6F6E 
 363      6720696E 
 363      7400
 364              	.LASF3:
 365 000e 73686F72 		.ascii	"short unsigned int\000"
 365      7420756E 
 365      7369676E 
 365      65642069 
 365      6E7400
 366              	.LASF8:
 367 0021 756E7369 		.ascii	"unsigned int\000"
 367      676E6564 
 367      20696E74 
 367      00
 368              	.LASF19:
 369 002e 4F70616D 		.ascii	"Opamp_2_Start\000"
 369      705F325F 
 369      53746172 
 369      7400
 370              	.LASF21:
 371 003c 6D61696E 		.ascii	"main.c\000"
 371      2E6300
 372              	.LASF23:
 373 0043 6D61696E 		.ascii	"main\000"
 373      00
 374              	.LASF20:
 375 0048 474E5520 		.ascii	"GNU C11 5.4.1 20160609 (release) [ARM/embedded-5-br"
 375      43313120 
 375      352E342E 
 375      31203230 
 375      31363036 
 376 007b 616E6368 		.ascii	"anch revision 237715] -mcpu=cortex-m3 -mthumb -g -O"
 376      20726576 
 376      6973696F 
 376      6E203233 
 376      37373135 
 377 00ae 67202D66 		.ascii	"g -ffunction-sections -ffat-lto-objects\000"
 377      66756E63 
 377      74696F6E 
 377      2D736563 
 377      74696F6E 
 378              	.LASF5:
 379 00d6 6C6F6E67 		.ascii	"long unsigned int\000"
 379      20756E73 
 379      69676E65 
 379      6420696E 
 379      7400
 380              	.LASF7:
 381 00e8 6C6F6E67 		.ascii	"long long unsigned int\000"
 381      206C6F6E 
 381      6720756E 
ARM GAS  C:\Users\jpat614\AppData\Local\Temp\ccnou5xB.s 			page 9


 381      7369676E 
 381      65642069 
 382              	.LASF1:
 383 00ff 756E7369 		.ascii	"unsigned char\000"
 383      676E6564 
 383      20636861 
 383      7200
 384              	.LASF13:
 385 010d 63686172 		.ascii	"char\000"
 385      00
 386              	.LASF4:
 387 0112 6C6F6E67 		.ascii	"long int\000"
 387      20696E74 
 387      00
 388              	.LASF12:
 389 011b 646F7562 		.ascii	"double\000"
 389      6C6500
 390              	.LASF16:
 391 0122 56444143 		.ascii	"VDAC8_1_Start\000"
 391      385F315F 
 391      53746172 
 391      7400
 392              	.LASF24:
 393 0130 49544D5F 		.ascii	"ITM_RxBuffer\000"
 393      52784275 
 393      66666572 
 393      00
 394              	.LASF0:
 395 013d 7369676E 		.ascii	"signed char\000"
 395      65642063 
 395      68617200 
 396              	.LASF14:
 397 0149 6C6F6E67 		.ascii	"long double\000"
 397      20646F75 
 397      626C6500 
 398              	.LASF9:
 399 0155 5F5F696E 		.ascii	"__int32_t\000"
 399      7433325F 
 399      7400
 400              	.LASF11:
 401 015f 666C6F61 		.ascii	"float\000"
 401      7400
 402              	.LASF18:
 403 0165 4F70616D 		.ascii	"Opamp_1_Start\000"
 403      705F315F 
 403      53746172 
 403      7400
 404              	.LASF2:
 405 0173 73686F72 		.ascii	"short int\000"
 405      7420696E 
 405      7400
 406              	.LASF22:
 407 017d 433A5C55 		.ascii	"C:\\Users\\jpat614\\Documents\\GitHub\\P4P_Project-"
 407      73657273 
 407      5C6A7061 
 407      74363134 
 407      5C446F63 
ARM GAS  C:\Users\jpat614\AppData\Local\Temp\ccnou5xB.s 			page 10


 408 01ab 3133305C 		.ascii	"130\\Experimental_cap_sense\\bts_schmitt.cydsn\000"
 408      45787065 
 408      72696D65 
 408      6E74616C 
 408      5F636170 
 409              	.LASF10:
 410 01d8 696E7433 		.ascii	"int32_t\000"
 410      325F7400 
 411              	.LASF17:
 412 01e0 57617665 		.ascii	"WaveDAC8_1_Start\000"
 412      44414338 
 412      5F315F53 
 412      74617274 
 412      00
 413              	.LASF15:
 414 01f1 73697A65 		.ascii	"sizetype\000"
 414      74797065 
 414      00
 415              		.ident	"GCC: (GNU Tools for ARM Embedded Processors) 5.4.1 20160609 (release) [ARM/embedded-5-bran
