Replace Part C1 CerCap_TH_5P0 in H:\P4P\New\P4P_Project-130\PCBs\Crystal_cct\schematic_crystal.SchDoc with CerCap_TH_5P0 from EE209_Library.IntLib
Replace Part C2 CerCap_TH_5P0 in H:\P4P\New\P4P_Project-130\PCBs\Crystal_cct\schematic_crystal.SchDoc with CerCap_TH_5P0 from EE209_Library.IntLib
Replace Part C3 CerCap_TH_5P0 in H:\P4P\New\P4P_Project-130\PCBs\Crystal_cct\schematic_crystal.SchDoc with CerCap_TH_5P0 from EE209_Library.IntLib
Replace Part C4 CerCap_TH_5P0 in H:\P4P\New\P4P_Project-130\PCBs\Crystal_cct\schematic_crystal.SchDoc with CerCap_TH_5P0 from EE209_Library.IntLib
Replace Part C5 CerCap_TH_5P0 in H:\P4P\New\P4P_Project-130\PCBs\Crystal_cct\schematic_crystal.SchDoc with CerCap_TH_5P0 from EE209_Library.IntLib
Replace Part C6 CerCap_TH_5P0 in H:\P4P\New\P4P_Project-130\PCBs\Crystal_cct\schematic_crystal.SchDoc with CerCap_TH_5P0 from EE209_Library.IntLib
Replace Part C7 CerCap_TH_5P0 in H:\P4P\New\P4P_Project-130\PCBs\Crystal_cct\schematic_crystal.SchDoc with CerCap_TH_5P0 from EE209_Library.IntLib
Replace Part C8 CerCap_TH_5P0 in H:\P4P\New\P4P_Project-130\PCBs\Crystal_cct\schematic_crystal.SchDoc with CerCap_TH_5P0 from EE209_Library.IntLib
Replace Part C9 CerCap_TH_5P0 in H:\P4P\New\P4P_Project-130\PCBs\Crystal_cct\schematic_crystal.SchDoc with CerCap_TH_5P0 from EE209_Library.IntLib
Replace Part C10 CerCap_TH_5P0 in H:\P4P\New\P4P_Project-130\PCBs\Crystal_cct\schematic_crystal.SchDoc with CerCap_TH_5P0 from EE209_Library.IntLib
Replace Part C11 CerCap_TH_5P0 in H:\P4P\New\P4P_Project-130\PCBs\Crystal_cct\schematic_crystal.SchDoc with CerCap_TH_5P0 from EE209_Library.IntLib
Replace Part C12 CerCap_TH_5P0 in H:\P4P\New\P4P_Project-130\PCBs\Crystal_cct\schematic_crystal.SchDoc with CerCap_TH_5P0 from EE209_Library.IntLib
Update Managed Component P1 From CMP-1502-01082-5[61301011121] To CMP-1502-01082-5[61301011121] in schematic_crystal.SchDoc
Replace Part R1 Res_TH_0AX4 in H:\P4P\New\P4P_Project-130\PCBs\Crystal_cct\schematic_crystal.SchDoc with Res_TH_0AX4 from EE209_Library.IntLib
Replace Part R2 Res_TH_0AX4 in H:\P4P\New\P4P_Project-130\PCBs\Crystal_cct\schematic_crystal.SchDoc with Res_TH_0AX4 from EE209_Library.IntLib
Replace Part R3 Res_TH_0AX4 in H:\P4P\New\P4P_Project-130\PCBs\Crystal_cct\schematic_crystal.SchDoc with Res_TH_0AX4 from EE209_Library.IntLib
Replace Part R4 Res_TH_0AX4 in H:\P4P\New\P4P_Project-130\PCBs\Crystal_cct\schematic_crystal.SchDoc with Res_TH_0AX4 from EE209_Library.IntLib
Replace Part R5 Res_TH_0AX4 in H:\P4P\New\P4P_Project-130\PCBs\Crystal_cct\schematic_crystal.SchDoc with Res_TH_0AX4 from EE209_Library.IntLib
Replace Part R6 Res_TH_0AX4 in H:\P4P\New\P4P_Project-130\PCBs\Crystal_cct\schematic_crystal.SchDoc with Res_TH_0AX4 from EE209_Library.IntLib
Update Managed Component U1 From CMP-1627-00488-2[CD4011BE] To CMP-1627-00488-2[CD4011BE] in schematic_crystal.SchDoc
Update Managed Component U1 From CMP-1627-00488-2[CD4011BE] To CMP-1627-00488-2[CD4011BE] in schematic_crystal.SchDoc
Update Managed Component U1 From CMP-1627-00488-2[CD4011BE] To CMP-1627-00488-2[CD4011BE] in schematic_crystal.SchDoc
Update Managed Component U1 From CMP-1627-00488-2[CD4011BE] To CMP-1627-00488-2[CD4011BE] in schematic_crystal.SchDoc
Update Managed Component U1 From CMP-1627-00488-2[CD4011BE] To CMP-1627-00488-2[CD4011BE] in schematic_crystal.SchDoc
Update Managed Component U2 From CMP-1627-00488-2[CD4011BE] To CMP-1627-00488-2[CD4011BE] in schematic_crystal.SchDoc
Update Managed Component U2 From CMP-1627-00488-2[CD4011BE] To CMP-1627-00488-2[CD4011BE] in schematic_crystal.SchDoc
Update Managed Component U2 From CMP-1627-00488-2[CD4011BE] To CMP-1627-00488-2[CD4011BE] in schematic_crystal.SchDoc
Replace Part Y1 TXC9C-16_XTAL_SMT in H:\P4P\New\P4P_Project-130\PCBs\Crystal_cct\schematic_crystal.SchDoc with TXC9C-16_XTAL_SMT from EE209_Library.IntLib
Replace Part Y2 TXC9C-16_XTAL_SMT in H:\P4P\New\P4P_Project-130\PCBs\Crystal_cct\schematic_crystal.SchDoc with TXC9C-16_XTAL_SMT from EE209_Library.IntLib
Replace Part Y3 TXC9C-16_XTAL_SMT in H:\P4P\New\P4P_Project-130\PCBs\Crystal_cct\schematic_crystal.SchDoc with TXC9C-16_XTAL_SMT from EE209_Library.IntLib
Replace Part Y4 TXC9C-16_XTAL_SMT in H:\P4P\New\P4P_Project-130\PCBs\Crystal_cct\schematic_crystal.SchDoc with TXC9C-16_XTAL_SMT from EE209_Library.IntLib
Replace Part Y5 TXC9C-16_XTAL_SMT in H:\P4P\New\P4P_Project-130\PCBs\Crystal_cct\schematic_crystal.SchDoc with TXC9C-16_XTAL_SMT from EE209_Library.IntLib
Replace Part Y6 TXC9C-16_XTAL_SMT in H:\P4P\New\P4P_Project-130\PCBs\Crystal_cct\schematic_crystal.SchDoc with TXC9C-16_XTAL_SMT from EE209_Library.IntLib
