2025-07-11 17:20:36   Electrostatic Solver

                      ------------------------------------------------------------------------------
2025-07-11 17:20:36   Units settings: 

                        Dimensions: mm
                        Frequency:  kHz

                      ------------------------------------------------------------------------------
2025-07-11 17:20:36   Boundary conditions: 

                        YZsymmetry: none
                        XZsymmetry: none
                        XYsymmetry: none

                        Xmin: magnetic
                        Xmax: magnetic

                        Ymin: magnetic
                        Ymax: magnetic

                        Zmin: magnetic
                        Zmax: magnetic

                      ------------------------------------------------------------------------------
2025-07-11 17:20:36   *** Warning ***

                      This software is licensed for non-commercial use only.

                      ------------------------------------------------------------------------------
2025-07-11 17:20:37   Solver started at: 2025-07-11 17:20:37 +1200

                        Module:  Electrostatic Solver (Win 64)
                        Version: 2024.5 Release from 2024-06-14 (change 1285309)

                        Hardware:
                           Computer name: EN461026

                      ------------------------------------------------------------------------------
2025-07-11 17:20:37   Solver order = 2


                      ------------------------------------------------------------------------------
2025-07-11 17:20:37   Detected 4 independent conductive sets.
2025-07-11 17:20:37   Desired accuracy = 1.0e-062025-07-11 17:20:37   


                      ------------------------------------------------------------------------------
2025-07-11 17:20:37   Using mesh with curved elements order: 1


                      ------------------------------------------------------------------------------
2025-07-11 17:20:37   Adaptive Computation

                      ------------------------------------------------------------------------------
2025-07-11 17:20:37   Pass 1: 

                      ------------------------------------------------------------------------------
2025-07-11 17:20:37   Pass 2: 

                      ------------------------------------------------------------------------------
2025-07-11 17:20:37   Marked 822 of 8263 for refinement.2025-07-11 17:20:38   Refinement successful
2025-07-11 17:20:38   Solver Timing Statistics: (last run)

                        Mesh generation:                  0d :  0h :  0m :  3s
                        Initialization and data import:   0d :  0h :  0m :  0s
                        Assembling process:               0d :  0h :  0m :  0s
                        Linear solver:                    0d :  0h :  0m :  0s
                                                       --------------------------
                        Total time:                       0d :  0h :  0m :  3s

                        Number of threads used:           1024 



                      ------------------------------------------------------------------------------
2025-07-11 17:20:38   Total simulation time (all mesh adaptation runs) 0d :  0h :  0m :  1s


                      ------------------------------------------------------------------------------
2025-07-11 17:20:38   Solver Size Statistics:

                        Number of mesh cells:         15052 
                        Number of unknowns:           18906

                      ------------------------------------------------------------------------------
2025-07-11 17:20:38   Linear Solver Results: (last run)

                        Accuracy:                     1.927377e-15
                        Desired accuracy:             1.000000e-06
                        Number of iterations:         1
                        Maximum number of iterations: 10000


                      ------------------------------------------------------------------------------
2025-07-11 17:20:38   Memory statistics:

                        ----------------------------------------------------------------------------
                                            Peak memory used (kB)         Free physical memory (kB) 
                                                                          At begin     Minimum      
                        ----------------------------------------------------------------------------
                        Solver start        14756                         16612656     16612000     
                        Solver run total    100736                        16610272     16558052     
                        ----------------------------------------------------------------------------


                      ------------------------------------------------------------------------------
2025-07-11 17:20:39   Created export files in C:\Users\npat025\OneDrive - The University of
                      Auckland\mystuff\cst\esf\esf4\Export\FieldPlots\Potential (Es) (Contour Plot)\

                      ------------------------------------------------------------------------------
2025-07-11 17:20:42   Creating parametric 1D results for Run ID 1

                      ------------------------------------------------------------------------------
