ARM GAS  C:\Users\ash750\AppData\Local\Temp\ccd8AQK1.s 			page 1


   1              		.syntax unified
   2              		.cpu cortex-m3
   3              		.fpu softvfp
   4              		.eabi_attribute 20, 1
   5              		.eabi_attribute 21, 1
   6              		.eabi_attribute 23, 3
   7              		.eabi_attribute 24, 1
   8              		.eabi_attribute 25, 1
   9              		.eabi_attribute 26, 1
  10              		.eabi_attribute 30, 6
  11              		.eabi_attribute 34, 1
  12              		.eabi_attribute 18, 4
  13              		.thumb
  14              		.syntax unified
  15              		.file	"CapSense_CSD_MBX.c"
  16              		.text
  17              	.Ltext0:
  18              		.cfi_sections	.debug_frame
  19              		.section	.text.CapSense_CSD_InitParams,"ax",%progbits
  20              		.align	2
  21              		.thumb
  22              		.thumb_func
  23              		.type	CapSense_CSD_InitParams, %function
  24              	CapSense_CSD_InitParams:
  25              	.LFB0:
  26              		.file 1 "Generated_Source\\PSoC5\\CapSense_CSD_MBX.c"
   1:Generated_Source\PSoC5/CapSense_CSD_MBX.c **** /*******************************************************************************
   2:Generated_Source\PSoC5/CapSense_CSD_MBX.c **** * File Name: CapSense_CSD_MBX.c
   3:Generated_Source\PSoC5/CapSense_CSD_MBX.c **** * Version 3.50
   4:Generated_Source\PSoC5/CapSense_CSD_MBX.c **** *
   5:Generated_Source\PSoC5/CapSense_CSD_MBX.c **** * Description:
   6:Generated_Source\PSoC5/CapSense_CSD_MBX.c **** *  This file provides the source code of Tuner communication APIs for the 
   7:Generated_Source\PSoC5/CapSense_CSD_MBX.c **** *  CapSense CSD component.
   8:Generated_Source\PSoC5/CapSense_CSD_MBX.c **** *
   9:Generated_Source\PSoC5/CapSense_CSD_MBX.c **** * Note:
  10:Generated_Source\PSoC5/CapSense_CSD_MBX.c **** *
  11:Generated_Source\PSoC5/CapSense_CSD_MBX.c **** ********************************************************************************
  12:Generated_Source\PSoC5/CapSense_CSD_MBX.c **** * Copyright 2008-2013, Cypress Semiconductor Corporation.  All rights reserved.
  13:Generated_Source\PSoC5/CapSense_CSD_MBX.c **** * You may use this file only in accordance with the license, terms, conditions,
  14:Generated_Source\PSoC5/CapSense_CSD_MBX.c **** * disclaimers, and limitations in the end user license agreement accompanying
  15:Generated_Source\PSoC5/CapSense_CSD_MBX.c **** * the software package with which this file was provided.
  16:Generated_Source\PSoC5/CapSense_CSD_MBX.c **** *******************************************************************************/
  17:Generated_Source\PSoC5/CapSense_CSD_MBX.c **** 
  18:Generated_Source\PSoC5/CapSense_CSD_MBX.c **** #include "CapSense_CSD_MBX.h"
  19:Generated_Source\PSoC5/CapSense_CSD_MBX.c **** 
  20:Generated_Source\PSoC5/CapSense_CSD_MBX.c **** #if (CapSense_CSD_TUNING_METHOD == CapSense_CSD_MANUAL_TUNING)
  21:Generated_Source\PSoC5/CapSense_CSD_MBX.c ****     
  22:Generated_Source\PSoC5/CapSense_CSD_MBX.c **** CapSense_CSD_NO_STRICT_VOLATILE static void CapSense_CSD_InitParams(volatile const CapSense_CSD_INB
  23:Generated_Source\PSoC5/CapSense_CSD_MBX.c ****                                         ;
  24:Generated_Source\PSoC5/CapSense_CSD_MBX.c ****     
  25:Generated_Source\PSoC5/CapSense_CSD_MBX.c ****                                         
  26:Generated_Source\PSoC5/CapSense_CSD_MBX.c ****     /*******************************************************************************
  27:Generated_Source\PSoC5/CapSense_CSD_MBX.c ****     * Function Name: CapSense_CSD_InitParams
  28:Generated_Source\PSoC5/CapSense_CSD_MBX.c ****     ********************************************************************************
  29:Generated_Source\PSoC5/CapSense_CSD_MBX.c ****     *
  30:Generated_Source\PSoC5/CapSense_CSD_MBX.c ****     * Summary:
  31:Generated_Source\PSoC5/CapSense_CSD_MBX.c ****     *  Configures component parameters to match the parameters in the inbox.
ARM GAS  C:\Users\ash750\AppData\Local\Temp\ccd8AQK1.s 			page 2


  32:Generated_Source\PSoC5/CapSense_CSD_MBX.c ****     *  Used only in manual tuning mode to apply new scanning parameters from Tuner 
  33:Generated_Source\PSoC5/CapSense_CSD_MBX.c ****     *  GUI.
  34:Generated_Source\PSoC5/CapSense_CSD_MBX.c ****     *
  35:Generated_Source\PSoC5/CapSense_CSD_MBX.c ****     * Parameters:
  36:Generated_Source\PSoC5/CapSense_CSD_MBX.c ****     *  inbox:  Pointer to Inbox structure in RAM.
  37:Generated_Source\PSoC5/CapSense_CSD_MBX.c ****     *
  38:Generated_Source\PSoC5/CapSense_CSD_MBX.c ****     * Return:
  39:Generated_Source\PSoC5/CapSense_CSD_MBX.c ****     *  None. Contents of the structure are not modified.
  40:Generated_Source\PSoC5/CapSense_CSD_MBX.c ****     * 
  41:Generated_Source\PSoC5/CapSense_CSD_MBX.c ****     * Side Effects: 
  42:Generated_Source\PSoC5/CapSense_CSD_MBX.c ****     *  Resets baseline values.
  43:Generated_Source\PSoC5/CapSense_CSD_MBX.c ****     *
  44:Generated_Source\PSoC5/CapSense_CSD_MBX.c ****     * Global Variables:
  45:Generated_Source\PSoC5/CapSense_CSD_MBX.c ****     *  CapSense_CSD_idacSettings[] - used to store idac value for all sensors.
  46:Generated_Source\PSoC5/CapSense_CSD_MBX.c ****     *  CapSense_CSD_fingerThreshold[] - used to store finger threshold for all 
  47:Generated_Source\PSoC5/CapSense_CSD_MBX.c ****     *  widgets.
  48:Generated_Source\PSoC5/CapSense_CSD_MBX.c ****     *  CapSense_CSD_noiseThreshold[] - used to sotre noise threshold for all 
  49:Generated_Source\PSoC5/CapSense_CSD_MBX.c ****     *  widgets.
  50:Generated_Source\PSoC5/CapSense_CSD_MBX.c ****     *  CapSense_CSD_hysteresis[] - used to store finger threshold for all 
  51:Generated_Source\PSoC5/CapSense_CSD_MBX.c ****     *  widgets.
  52:Generated_Source\PSoC5/CapSense_CSD_MBX.c ****     *  CapSense_CSD_debounce[] - used to store finger threshold for all 
  53:Generated_Source\PSoC5/CapSense_CSD_MBX.c ****     *  widgets.
  54:Generated_Source\PSoC5/CapSense_CSD_MBX.c ****     *  CapSense_CSD_INBOX inbox - structure which is used as input buffer
  55:Generated_Source\PSoC5/CapSense_CSD_MBX.c ****     *  for parameters from Tuner GUI. Only used in manual tuning mode.
  56:Generated_Source\PSoC5/CapSense_CSD_MBX.c ****     *
  57:Generated_Source\PSoC5/CapSense_CSD_MBX.c ****     * Reentrant:
  58:Generated_Source\PSoC5/CapSense_CSD_MBX.c ****     *  No
  59:Generated_Source\PSoC5/CapSense_CSD_MBX.c ****     *
  60:Generated_Source\PSoC5/CapSense_CSD_MBX.c ****     *******************************************************************************/
  61:Generated_Source\PSoC5/CapSense_CSD_MBX.c ****     static void CapSense_CSD_InitParams(volatile const CapSense_CSD_INBOX *inbox)
  62:Generated_Source\PSoC5/CapSense_CSD_MBX.c **** 	                                        
  63:Generated_Source\PSoC5/CapSense_CSD_MBX.c ****     {
  27              		.loc 1 63 0
  28              		.cfi_startproc
  29              		@ args = 0, pretend = 0, frame = 16
  30              		@ frame_needed = 1, uses_anonymous_args = 0
  31 0000 80B5     		push	{r7, lr}
  32              		.cfi_def_cfa_offset 8
  33              		.cfi_offset 7, -8
  34              		.cfi_offset 14, -4
  35 0002 84B0     		sub	sp, sp, #16
  36              		.cfi_def_cfa_offset 24
  37 0004 00AF     		add	r7, sp, #0
  38              		.cfi_def_cfa_register 7
  39 0006 7860     		str	r0, [r7, #4]
  64:Generated_Source\PSoC5/CapSense_CSD_MBX.c ****         /* Define widget sensor belongs to */
  65:Generated_Source\PSoC5/CapSense_CSD_MBX.c ****         uint8 sensor = inbox->sensorIndex;
  40              		.loc 1 65 0
  41 0008 7B68     		ldr	r3, [r7, #4]
  42 000a 1B78     		ldrb	r3, [r3]
  43 000c FB73     		strb	r3, [r7, #15]
  66:Generated_Source\PSoC5/CapSense_CSD_MBX.c ****         uint8 widget = CapSense_CSD_widgetNumber[sensor];
  44              		.loc 1 66 0
  45 000e FB7B     		ldrb	r3, [r7, #15]	@ zero_extendqisi2
  46 0010 314A     		ldr	r2, .L2
  47 0012 D35C     		ldrb	r3, [r2, r3]
  48 0014 BB73     		strb	r3, [r7, #14]
ARM GAS  C:\Users\ash750\AppData\Local\Temp\ccd8AQK1.s 			page 3


  67:Generated_Source\PSoC5/CapSense_CSD_MBX.c ****         uint16 tmpValue;
  68:Generated_Source\PSoC5/CapSense_CSD_MBX.c ****         
  69:Generated_Source\PSoC5/CapSense_CSD_MBX.c ****         /* Scanning parameters */
  70:Generated_Source\PSoC5/CapSense_CSD_MBX.c ****         #if (CapSense_CSD_CURRENT_SOURCE)
  71:Generated_Source\PSoC5/CapSense_CSD_MBX.c ****             CapSense_CSD_idacSettings[sensor] = inbox->idacSettings;
  49              		.loc 1 71 0
  50 0016 FB7B     		ldrb	r3, [r7, #15]	@ zero_extendqisi2
  51 0018 7A68     		ldr	r2, [r7, #4]
  52 001a 5278     		ldrb	r2, [r2, #1]
  53 001c D1B2     		uxtb	r1, r2
  54 001e 2F4A     		ldr	r2, .L2+4
  55 0020 D154     		strb	r1, [r2, r3]
  72:Generated_Source\PSoC5/CapSense_CSD_MBX.c ****         #endif /* CapSense_CSD_CURRENT_SOURCE */   
  73:Generated_Source\PSoC5/CapSense_CSD_MBX.c ****         CapSense_CSD_widgetResolution[widget] = inbox->resolution;
  56              		.loc 1 73 0
  57 0022 BB7B     		ldrb	r3, [r7, #14]	@ zero_extendqisi2
  58 0024 7A68     		ldr	r2, [r7, #4]
  59 0026 9278     		ldrb	r2, [r2, #2]
  60 0028 D1B2     		uxtb	r1, r2
  61 002a 2D4A     		ldr	r2, .L2+8
  62 002c D154     		strb	r1, [r2, r3]
  74:Generated_Source\PSoC5/CapSense_CSD_MBX.c ****     
  75:Generated_Source\PSoC5/CapSense_CSD_MBX.c ****         #if (CapSense_CSD_TOTAL_GENERICS_COUNT)
  76:Generated_Source\PSoC5/CapSense_CSD_MBX.c ****             /* Exclude generic wiget */
  77:Generated_Source\PSoC5/CapSense_CSD_MBX.c ****             if(widget < CapSense_CSD_END_OF_WIDGETS_INDEX)
  78:Generated_Source\PSoC5/CapSense_CSD_MBX.c ****             {
  79:Generated_Source\PSoC5/CapSense_CSD_MBX.c ****         #endif  /* CapSense_CSD_TOTAL_GENERICS_COUNT */
  80:Generated_Source\PSoC5/CapSense_CSD_MBX.c ****         
  81:Generated_Source\PSoC5/CapSense_CSD_MBX.c ****             /* High level parameters */
  82:Generated_Source\PSoC5/CapSense_CSD_MBX.c ****             tmpValue = inbox->fingerThreshold;
  63              		.loc 1 82 0
  64 002e 7B68     		ldr	r3, [r7, #4]
  65 0030 DA78     		ldrb	r2, [r3, #3]
  66 0032 D2B2     		uxtb	r2, r2
  67 0034 1B79     		ldrb	r3, [r3, #4]
  68 0036 DBB2     		uxtb	r3, r3
  69 0038 1B02     		lsls	r3, r3, #8
  70 003a 1343     		orrs	r3, r3, r2
  71 003c BB81     		strh	r3, [r7, #12]	@ movhi
  83:Generated_Source\PSoC5/CapSense_CSD_MBX.c ****             CapSense_CSD_fingerThreshold[widget] = CapSense_CSD_SWAP_ENDIAN16(tmpValue);
  72              		.loc 1 83 0
  73 003e BB7B     		ldrb	r3, [r7, #14]	@ zero_extendqisi2
  74 0040 BA89     		ldrh	r2, [r7, #12]
  75 0042 1202     		lsls	r2, r2, #8
  76 0044 11B2     		sxth	r1, r2
  77 0046 BA89     		ldrh	r2, [r7, #12]
  78 0048 120A     		lsrs	r2, r2, #8
  79 004a 92B2     		uxth	r2, r2
  80 004c 12B2     		sxth	r2, r2
  81 004e 0A43     		orrs	r2, r2, r1
  82 0050 12B2     		sxth	r2, r2
  83 0052 91B2     		uxth	r1, r2
  84 0054 234A     		ldr	r2, .L2+12
  85 0056 22F81310 		strh	r1, [r2, r3, lsl #1]	@ movhi
  84:Generated_Source\PSoC5/CapSense_CSD_MBX.c ****             tmpValue = inbox->noiseThreshold;
  86              		.loc 1 84 0
  87 005a 7B68     		ldr	r3, [r7, #4]
ARM GAS  C:\Users\ash750\AppData\Local\Temp\ccd8AQK1.s 			page 4


  88 005c 5A79     		ldrb	r2, [r3, #5]
  89 005e D2B2     		uxtb	r2, r2
  90 0060 9B79     		ldrb	r3, [r3, #6]
  91 0062 DBB2     		uxtb	r3, r3
  92 0064 1B02     		lsls	r3, r3, #8
  93 0066 1343     		orrs	r3, r3, r2
  94 0068 BB81     		strh	r3, [r7, #12]	@ movhi
  85:Generated_Source\PSoC5/CapSense_CSD_MBX.c ****             CapSense_CSD_noiseThreshold[widget]  = CapSense_CSD_SWAP_ENDIAN16(tmpValue);
  95              		.loc 1 85 0
  96 006a BB7B     		ldrb	r3, [r7, #14]	@ zero_extendqisi2
  97 006c BA89     		ldrh	r2, [r7, #12]
  98 006e 1202     		lsls	r2, r2, #8
  99 0070 11B2     		sxth	r1, r2
 100 0072 BA89     		ldrh	r2, [r7, #12]
 101 0074 120A     		lsrs	r2, r2, #8
 102 0076 92B2     		uxth	r2, r2
 103 0078 12B2     		sxth	r2, r2
 104 007a 0A43     		orrs	r2, r2, r1
 105 007c 12B2     		sxth	r2, r2
 106 007e 91B2     		uxth	r1, r2
 107 0080 194A     		ldr	r2, .L2+16
 108 0082 22F81310 		strh	r1, [r2, r3, lsl #1]	@ movhi
  86:Generated_Source\PSoC5/CapSense_CSD_MBX.c ****             
  87:Generated_Source\PSoC5/CapSense_CSD_MBX.c ****             tmpValue = inbox->hysteresis;
 109              		.loc 1 87 0
 110 0086 7B68     		ldr	r3, [r7, #4]
 111 0088 DA79     		ldrb	r2, [r3, #7]
 112 008a D2B2     		uxtb	r2, r2
 113 008c 1B7A     		ldrb	r3, [r3, #8]
 114 008e DBB2     		uxtb	r3, r3
 115 0090 1B02     		lsls	r3, r3, #8
 116 0092 1343     		orrs	r3, r3, r2
 117 0094 BB81     		strh	r3, [r7, #12]	@ movhi
  88:Generated_Source\PSoC5/CapSense_CSD_MBX.c ****             CapSense_CSD_hysteresis[widget] = CapSense_CSD_SWAP_ENDIAN16(tmpValue);
 118              		.loc 1 88 0
 119 0096 BB7B     		ldrb	r3, [r7, #14]	@ zero_extendqisi2
 120 0098 BA89     		ldrh	r2, [r7, #12]
 121 009a 1202     		lsls	r2, r2, #8
 122 009c 11B2     		sxth	r1, r2
 123 009e BA89     		ldrh	r2, [r7, #12]
 124 00a0 120A     		lsrs	r2, r2, #8
 125 00a2 92B2     		uxth	r2, r2
 126 00a4 12B2     		sxth	r2, r2
 127 00a6 0A43     		orrs	r2, r2, r1
 128 00a8 12B2     		sxth	r2, r2
 129 00aa 91B2     		uxth	r1, r2
 130 00ac 0F4A     		ldr	r2, .L2+20
 131 00ae 22F81310 		strh	r1, [r2, r3, lsl #1]	@ movhi
  89:Generated_Source\PSoC5/CapSense_CSD_MBX.c ****             CapSense_CSD_debounce[widget]   = inbox->debounce;
 132              		.loc 1 89 0
 133 00b2 BB7B     		ldrb	r3, [r7, #14]	@ zero_extendqisi2
 134 00b4 7A68     		ldr	r2, [r7, #4]
 135 00b6 527A     		ldrb	r2, [r2, #9]
 136 00b8 D1B2     		uxtb	r1, r2
 137 00ba 0D4A     		ldr	r2, .L2+24
 138 00bc D154     		strb	r1, [r2, r3]
  90:Generated_Source\PSoC5/CapSense_CSD_MBX.c ****         
ARM GAS  C:\Users\ash750\AppData\Local\Temp\ccd8AQK1.s 			page 5


  91:Generated_Source\PSoC5/CapSense_CSD_MBX.c ****         #if (CapSense_CSD_TOTAL_GENERICS_COUNT)
  92:Generated_Source\PSoC5/CapSense_CSD_MBX.c ****             /* Exclude generic wiget */
  93:Generated_Source\PSoC5/CapSense_CSD_MBX.c ****             }
  94:Generated_Source\PSoC5/CapSense_CSD_MBX.c ****         #endif  /* CapSense_CSD_TOTAL_GENERICS_COUNT */
  95:Generated_Source\PSoC5/CapSense_CSD_MBX.c **** 
  96:Generated_Source\PSoC5/CapSense_CSD_MBX.c ****         #if ( CapSense_CSD_MULTIPLE_PRESCALER_ENABLED )
  97:Generated_Source\PSoC5/CapSense_CSD_MBX.c ****             #if (CapSense_CSD_DESIGN_TYPE == CapSense_CSD_TWO_CHANNELS_DESIGN)
  98:Generated_Source\PSoC5/CapSense_CSD_MBX.c ****                 if( sensor > CapSense_CSD_TOTAL_SENSOR_COUNT__CH0 && \
  99:Generated_Source\PSoC5/CapSense_CSD_MBX.c ****                     sensor < CapSense_CSD_TOTAL_SENSOR_COUNT__CH1 )
 100:Generated_Source\PSoC5/CapSense_CSD_MBX.c ****                 {
 101:Generated_Source\PSoC5/CapSense_CSD_MBX.c ****                     sensor = sensor - CapSense_CSD_TOTAL_SENSOR_COUNT__CH0;
 102:Generated_Source\PSoC5/CapSense_CSD_MBX.c ****                 }
 103:Generated_Source\PSoC5/CapSense_CSD_MBX.c ****             #endif /* (CapSense_CSD_DESIGN_TYPE == CapSense_CSD_TWO_CHANNELS_DESIGN) */
 104:Generated_Source\PSoC5/CapSense_CSD_MBX.c ****             CapSense_CSD_analogSwitchDivider[sensor] = inbox->analogSwitchDivider;
 139              		.loc 1 104 0
 140 00be FB7B     		ldrb	r3, [r7, #15]	@ zero_extendqisi2
 141 00c0 7A68     		ldr	r2, [r7, #4]
 142 00c2 927A     		ldrb	r2, [r2, #10]
 143 00c4 D1B2     		uxtb	r1, r2
 144 00c6 0B4A     		ldr	r2, .L2+28
 145 00c8 D154     		strb	r1, [r2, r3]
 105:Generated_Source\PSoC5/CapSense_CSD_MBX.c ****         #else
 106:Generated_Source\PSoC5/CapSense_CSD_MBX.c ****             CapSense_CSD_analogSwitchDivider = inbox->analogSwitchDivider;
 107:Generated_Source\PSoC5/CapSense_CSD_MBX.c ****         #endif /* ( CapSense_CSD_MULTIPLE_PRESCALER_ENABLED ) */
 108:Generated_Source\PSoC5/CapSense_CSD_MBX.c **** 
 109:Generated_Source\PSoC5/CapSense_CSD_MBX.c ****         /* Re-Init baselines */
 110:Generated_Source\PSoC5/CapSense_CSD_MBX.c ****         CapSense_CSD_InitializeAllBaselines();
 146              		.loc 1 110 0
 147 00ca FFF7FEFF 		bl	CapSense_CSD_InitializeAllBaselines
 111:Generated_Source\PSoC5/CapSense_CSD_MBX.c ****     }
 148              		.loc 1 111 0
 149 00ce 00BF     		nop
 150 00d0 1037     		adds	r7, r7, #16
 151              		.cfi_def_cfa_offset 8
 152 00d2 BD46     		mov	sp, r7
 153              		.cfi_def_cfa_register 13
 154              		@ sp needed
 155 00d4 80BD     		pop	{r7, pc}
 156              	.L3:
 157 00d6 00BF     		.align	2
 158              	.L2:
 159 00d8 00000000 		.word	CapSense_CSD_widgetNumber
 160 00dc 00000000 		.word	CapSense_CSD_idacSettings
 161 00e0 00000000 		.word	CapSense_CSD_widgetResolution
 162 00e4 00000000 		.word	CapSense_CSD_fingerThreshold
 163 00e8 00000000 		.word	CapSense_CSD_noiseThreshold
 164 00ec 00000000 		.word	CapSense_CSD_hysteresis
 165 00f0 00000000 		.word	CapSense_CSD_debounce
 166 00f4 00000000 		.word	CapSense_CSD_analogSwitchDivider
 167              		.cfi_endproc
 168              	.LFE0:
 169              		.size	CapSense_CSD_InitParams, .-CapSense_CSD_InitParams
 170              		.section	.text.CapSense_CSD_InitMailbox,"ax",%progbits
 171              		.align	2
 172              		.global	CapSense_CSD_InitMailbox
 173              		.thumb
 174              		.thumb_func
ARM GAS  C:\Users\ash750\AppData\Local\Temp\ccd8AQK1.s 			page 6


 175              		.type	CapSense_CSD_InitMailbox, %function
 176              	CapSense_CSD_InitMailbox:
 177              	.LFB1:
 112:Generated_Source\PSoC5/CapSense_CSD_MBX.c **** #endif  /* (CapSense_CSD_TUNING_METHOD == CapSense_CSD_MANUAL_TUNING) */
 113:Generated_Source\PSoC5/CapSense_CSD_MBX.c **** 
 114:Generated_Source\PSoC5/CapSense_CSD_MBX.c **** 
 115:Generated_Source\PSoC5/CapSense_CSD_MBX.c **** /*******************************************************************************
 116:Generated_Source\PSoC5/CapSense_CSD_MBX.c **** * Function Name: CapSense_CSD_InitMailbox
 117:Generated_Source\PSoC5/CapSense_CSD_MBX.c **** ********************************************************************************
 118:Generated_Source\PSoC5/CapSense_CSD_MBX.c **** *
 119:Generated_Source\PSoC5/CapSense_CSD_MBX.c **** * Summary:
 120:Generated_Source\PSoC5/CapSense_CSD_MBX.c **** *  Initialize parameters  of mailbox structure.
 121:Generated_Source\PSoC5/CapSense_CSD_MBX.c **** *  Sets type and size of mailbox structure. 
 122:Generated_Source\PSoC5/CapSense_CSD_MBX.c **** *  Sets check sum to check by Tuner GUI and noReadMsg flag to indicate that this 
 123:Generated_Source\PSoC5/CapSense_CSD_MBX.c **** *  is the first communication packet.
 124:Generated_Source\PSoC5/CapSense_CSD_MBX.c **** *
 125:Generated_Source\PSoC5/CapSense_CSD_MBX.c **** * Parameters:
 126:Generated_Source\PSoC5/CapSense_CSD_MBX.c **** *  mbx:  Pointer to Mailbox structure in RAM.
 127:Generated_Source\PSoC5/CapSense_CSD_MBX.c **** *
 128:Generated_Source\PSoC5/CapSense_CSD_MBX.c **** * Return:
 129:Generated_Source\PSoC5/CapSense_CSD_MBX.c **** *  None. Modifies the contents of mbx and mbx->outbox.
 130:Generated_Source\PSoC5/CapSense_CSD_MBX.c **** *
 131:Generated_Source\PSoC5/CapSense_CSD_MBX.c **** * Global Variables:
 132:Generated_Source\PSoC5/CapSense_CSD_MBX.c **** *  CapSense_CSD_MAILBOXES - structure which incorporates two fields: 
 133:Generated_Source\PSoC5/CapSense_CSD_MBX.c **** *    - numMailBoxes (number of mailboxes);
 134:Generated_Source\PSoC5/CapSense_CSD_MBX.c **** *    - CapSense_CSD_MAILBOX csdMailbox;
 135:Generated_Source\PSoC5/CapSense_CSD_MBX.c **** *  CapSense_CSD_MAILBOX - structure which incorporates status output and
 136:Generated_Source\PSoC5/CapSense_CSD_MBX.c **** *  input buffer fields and CapSense_CSD_OUTBOX and CapSense_CSD_INBOX.
 137:Generated_Source\PSoC5/CapSense_CSD_MBX.c **** *    - type (used as outbox read status of Tuner GUI);
 138:Generated_Source\PSoC5/CapSense_CSD_MBX.c **** *    - size (used as inbox apply status of component);
 139:Generated_Source\PSoC5/CapSense_CSD_MBX.c **** *    - CapSense_CSD_OUTBOX outbox - structure which is used as ouput 
 140:Generated_Source\PSoC5/CapSense_CSD_MBX.c **** *      buffer for report data to Tuner GUI.
 141:Generated_Source\PSoC5/CapSense_CSD_MBX.c **** *    - CapSense_CSD_INBOX inbox - structure which is used as input buffer
 142:Generated_Source\PSoC5/CapSense_CSD_MBX.c **** *      for paramters from Tuner GUI. Only used in manual tuning mode.
 143:Generated_Source\PSoC5/CapSense_CSD_MBX.c **** *
 144:Generated_Source\PSoC5/CapSense_CSD_MBX.c **** * Reentrant:
 145:Generated_Source\PSoC5/CapSense_CSD_MBX.c **** *  No
 146:Generated_Source\PSoC5/CapSense_CSD_MBX.c **** *
 147:Generated_Source\PSoC5/CapSense_CSD_MBX.c **** *******************************************************************************/
 148:Generated_Source\PSoC5/CapSense_CSD_MBX.c **** void CapSense_CSD_InitMailbox(volatile CapSense_CSD_MAILBOX *mbx)
 149:Generated_Source\PSoC5/CapSense_CSD_MBX.c ****                                   
 150:Generated_Source\PSoC5/CapSense_CSD_MBX.c **** {
 178              		.loc 1 150 0
 179              		.cfi_startproc
 180              		@ args = 0, pretend = 0, frame = 8
 181              		@ frame_needed = 1, uses_anonymous_args = 0
 182              		@ link register save eliminated.
 183 0000 80B4     		push	{r7}
 184              		.cfi_def_cfa_offset 4
 185              		.cfi_offset 7, -4
 186 0002 83B0     		sub	sp, sp, #12
 187              		.cfi_def_cfa_offset 16
 188 0004 00AF     		add	r7, sp, #0
 189              		.cfi_def_cfa_register 7
 190 0006 7860     		str	r0, [r7, #4]
 151:Generated_Source\PSoC5/CapSense_CSD_MBX.c ****     /* Restore TYPE_ID (clear busy flag) to indicate "action complete" */
 152:Generated_Source\PSoC5/CapSense_CSD_MBX.c ****     mbx->type = CapSense_CSD_TYPE_ID;
ARM GAS  C:\Users\ash750\AppData\Local\Temp\ccd8AQK1.s 			page 7


 191              		.loc 1 152 0
 192 0008 7B68     		ldr	r3, [r7, #4]
 193 000a 0422     		movs	r2, #4
 194 000c 1A70     		strb	r2, [r3]
 153:Generated_Source\PSoC5/CapSense_CSD_MBX.c ****     /* Restore default value - clear "have_msg" */
 154:Generated_Source\PSoC5/CapSense_CSD_MBX.c ****     mbx->size = CapSense_CSD_SWAP_ENDIAN16(sizeof(CapSense_CSD_MAILBOX));
 195              		.loc 1 154 0
 196 000e 7B68     		ldr	r3, [r7, #4]
 197 0010 5A78     		ldrb	r2, [r3, #1]
 198 0012 0022     		movs	r2, #0
 199 0014 5A70     		strb	r2, [r3, #1]
 200 0016 9A78     		ldrb	r2, [r3, #2]
 201 0018 0022     		movs	r2, #0
 202 001a 42F03E02 		orr	r2, r2, #62
 203 001e 9A70     		strb	r2, [r3, #2]
 155:Generated_Source\PSoC5/CapSense_CSD_MBX.c ****     
 156:Generated_Source\PSoC5/CapSense_CSD_MBX.c ****     /* Addtional fields for async and reset handling */
 157:Generated_Source\PSoC5/CapSense_CSD_MBX.c ****     #if(CapSense_CSD_TUNING_METHOD == CapSense_CSD_MANUAL_TUNING)
 158:Generated_Source\PSoC5/CapSense_CSD_MBX.c ****         mbx->outbox.noReadMsg = 1u;
 204              		.loc 1 158 0
 205 0020 7B68     		ldr	r3, [r7, #4]
 206 0022 0122     		movs	r2, #1
 207 0024 83F83020 		strb	r2, [r3, #48]
 159:Generated_Source\PSoC5/CapSense_CSD_MBX.c ****     #endif  /* (CapSense_CSD_TUNING_METHOD == CapSense_CSD_MANUAL_TUNING) */
 160:Generated_Source\PSoC5/CapSense_CSD_MBX.c ****     
 161:Generated_Source\PSoC5/CapSense_CSD_MBX.c ****     mbx->outbox.checkSum = CapSense_CSD_SWAP_ENDIAN16(CapSense_CSD_CHECK_SUM);
 208              		.loc 1 161 0
 209 0028 7B68     		ldr	r3, [r7, #4]
 210 002a 93F83120 		ldrb	r2, [r3, #49]
 211 002e 0022     		movs	r2, #0
 212 0030 42F01902 		orr	r2, r2, #25
 213 0034 83F83120 		strb	r2, [r3, #49]
 214 0038 93F83220 		ldrb	r2, [r3, #50]
 215 003c 0022     		movs	r2, #0
 216 003e 42F04002 		orr	r2, r2, #64
 217 0042 83F83220 		strb	r2, [r3, #50]
 162:Generated_Source\PSoC5/CapSense_CSD_MBX.c **** }
 218              		.loc 1 162 0
 219 0046 00BF     		nop
 220 0048 0C37     		adds	r7, r7, #12
 221              		.cfi_def_cfa_offset 4
 222 004a BD46     		mov	sp, r7
 223              		.cfi_def_cfa_register 13
 224              		@ sp needed
 225 004c 80BC     		pop	{r7}
 226              		.cfi_restore 7
 227              		.cfi_def_cfa_offset 0
 228 004e 7047     		bx	lr
 229              		.cfi_endproc
 230              	.LFE1:
 231              		.size	CapSense_CSD_InitMailbox, .-CapSense_CSD_InitMailbox
 232              		.section	.text.CapSense_CSD_PostMessage,"ax",%progbits
 233              		.align	2
 234              		.global	CapSense_CSD_PostMessage
 235              		.thumb
 236              		.thumb_func
 237              		.type	CapSense_CSD_PostMessage, %function
ARM GAS  C:\Users\ash750\AppData\Local\Temp\ccd8AQK1.s 			page 8


 238              	CapSense_CSD_PostMessage:
 239              	.LFB2:
 163:Generated_Source\PSoC5/CapSense_CSD_MBX.c **** 
 164:Generated_Source\PSoC5/CapSense_CSD_MBX.c **** 
 165:Generated_Source\PSoC5/CapSense_CSD_MBX.c **** /*******************************************************************************
 166:Generated_Source\PSoC5/CapSense_CSD_MBX.c **** * Function Name:  CapSense_CSD_PostMessage
 167:Generated_Source\PSoC5/CapSense_CSD_MBX.c **** ********************************************************************************
 168:Generated_Source\PSoC5/CapSense_CSD_MBX.c **** *
 169:Generated_Source\PSoC5/CapSense_CSD_MBX.c **** * Summary:
 170:Generated_Source\PSoC5/CapSense_CSD_MBX.c **** *  This blocking function waits while Tuner GUI reports that content of mailbox 
 171:Generated_Source\PSoC5/CapSense_CSD_MBX.c **** *  could be modified (clears CapSense_CSD_BUSY_FLAG). Then loads the report 
 172:Generated_Source\PSoC5/CapSense_CSD_MBX.c **** *  data to outbox and sets the busy flag.
 173:Generated_Source\PSoC5/CapSense_CSD_MBX.c **** *  In manual tuning mode the report data:
 174:Generated_Source\PSoC5/CapSense_CSD_MBX.c **** *    - raw data, baseline, signal;
 175:Generated_Source\PSoC5/CapSense_CSD_MBX.c **** *  In auto tuning mode to report added data:
 176:Generated_Source\PSoC5/CapSense_CSD_MBX.c **** *    - fingerThreshold;
 177:Generated_Source\PSoC5/CapSense_CSD_MBX.c **** *    - noiseThreshold;
 178:Generated_Source\PSoC5/CapSense_CSD_MBX.c **** *    - scanResolution;
 179:Generated_Source\PSoC5/CapSense_CSD_MBX.c **** *    - idacValue;
 180:Generated_Source\PSoC5/CapSense_CSD_MBX.c **** *    - prescaler.
 181:Generated_Source\PSoC5/CapSense_CSD_MBX.c **** *
 182:Generated_Source\PSoC5/CapSense_CSD_MBX.c **** * Parameters:
 183:Generated_Source\PSoC5/CapSense_CSD_MBX.c **** *  mbx:  Pointer to Mailbox structure in RAM.
 184:Generated_Source\PSoC5/CapSense_CSD_MBX.c **** *
 185:Generated_Source\PSoC5/CapSense_CSD_MBX.c **** * Return:
 186:Generated_Source\PSoC5/CapSense_CSD_MBX.c **** *  None. Modifies the contents of mbx->outbox.
 187:Generated_Source\PSoC5/CapSense_CSD_MBX.c **** *
 188:Generated_Source\PSoC5/CapSense_CSD_MBX.c **** * Global Variables:
 189:Generated_Source\PSoC5/CapSense_CSD_MBX.c **** *  CapSense_CSD_MAILBOXES - structure which incorporates two fields: 
 190:Generated_Source\PSoC5/CapSense_CSD_MBX.c **** *    - numMailBoxes (number of mailboxes);
 191:Generated_Source\PSoC5/CapSense_CSD_MBX.c **** *    - CapSense_CSD_MAILBOX csdMailbox;
 192:Generated_Source\PSoC5/CapSense_CSD_MBX.c **** *  CapSense_CSD_MAILBOX - structure which incorporates status output and
 193:Generated_Source\PSoC5/CapSense_CSD_MBX.c **** *  input buffer fields and CapSense_CSD_OUTBOX and CapSense_CSD_INBOX.
 194:Generated_Source\PSoC5/CapSense_CSD_MBX.c **** *    - type (used as outbox read status of Tuner GUI);
 195:Generated_Source\PSoC5/CapSense_CSD_MBX.c **** *    - size (used as inbox apply status of component);
 196:Generated_Source\PSoC5/CapSense_CSD_MBX.c **** *    - CapSense_CSD_OUTBOX outbox - structure which is used as ouput 
 197:Generated_Source\PSoC5/CapSense_CSD_MBX.c **** *      buffer for report data to Tuner GUI.
 198:Generated_Source\PSoC5/CapSense_CSD_MBX.c **** *    - CapSense_CSD_INBOX inbox - structure which is used as input buffer
 199:Generated_Source\PSoC5/CapSense_CSD_MBX.c **** *      for parameters from Tuner GUI. Only used in manual tuning mode.
 200:Generated_Source\PSoC5/CapSense_CSD_MBX.c **** *  CapSense_CSD_lowLevelTuningDone - used to notify the Tuner GUI that 
 201:Generated_Source\PSoC5/CapSense_CSD_MBX.c **** *  tuning of scanning parameters are done. The scanning parameters in mailbox
 202:Generated_Source\PSoC5/CapSense_CSD_MBX.c **** *  will not be updated after clear it.
 203:Generated_Source\PSoC5/CapSense_CSD_MBX.c **** *
 204:Generated_Source\PSoC5/CapSense_CSD_MBX.c **** * Reentrant:
 205:Generated_Source\PSoC5/CapSense_CSD_MBX.c **** *  No
 206:Generated_Source\PSoC5/CapSense_CSD_MBX.c **** *
 207:Generated_Source\PSoC5/CapSense_CSD_MBX.c **** *******************************************************************************/
 208:Generated_Source\PSoC5/CapSense_CSD_MBX.c **** void CapSense_CSD_PostMessage(volatile CapSense_CSD_MAILBOX *mbx)
 209:Generated_Source\PSoC5/CapSense_CSD_MBX.c ****                                   
 210:Generated_Source\PSoC5/CapSense_CSD_MBX.c **** {
 240              		.loc 1 210 0
 241              		.cfi_startproc
 242              		@ args = 0, pretend = 0, frame = 16
 243              		@ frame_needed = 1, uses_anonymous_args = 0
 244              		@ link register save eliminated.
 245 0000 80B4     		push	{r7}
 246              		.cfi_def_cfa_offset 4
ARM GAS  C:\Users\ash750\AppData\Local\Temp\ccd8AQK1.s 			page 9


 247              		.cfi_offset 7, -4
 248 0002 85B0     		sub	sp, sp, #20
 249              		.cfi_def_cfa_offset 24
 250 0004 00AF     		add	r7, sp, #0
 251              		.cfi_def_cfa_register 7
 252 0006 7860     		str	r0, [r7, #4]
 211:Generated_Source\PSoC5/CapSense_CSD_MBX.c ****     uint8 i;
 212:Generated_Source\PSoC5/CapSense_CSD_MBX.c **** 
 213:Generated_Source\PSoC5/CapSense_CSD_MBX.c ****     /* Check busy flag */
 214:Generated_Source\PSoC5/CapSense_CSD_MBX.c ****     while (mbx->type != CapSense_CSD_TYPE_ID)
 253              		.loc 1 214 0
 254 0008 00BF     		nop
 255              	.L6:
 256              		.loc 1 214 0 is_stmt 0 discriminator 1
 257 000a 7B68     		ldr	r3, [r7, #4]
 258 000c 1B78     		ldrb	r3, [r3]
 259 000e DBB2     		uxtb	r3, r3
 260 0010 042B     		cmp	r3, #4
 261 0012 FAD1     		bne	.L6
 215:Generated_Source\PSoC5/CapSense_CSD_MBX.c ****     {
 216:Generated_Source\PSoC5/CapSense_CSD_MBX.c ****         /* Wait while busy flag is set */
 217:Generated_Source\PSoC5/CapSense_CSD_MBX.c ****     }
 218:Generated_Source\PSoC5/CapSense_CSD_MBX.c ****     
 219:Generated_Source\PSoC5/CapSense_CSD_MBX.c ****     /* Copy all data - Raw, Base, Signal, OnMask */
 220:Generated_Source\PSoC5/CapSense_CSD_MBX.c ****     for(i = 0u; i < CapSense_CSD_TOTAL_SENSOR_COUNT; i++)
 262              		.loc 1 220 0 is_stmt 1
 263 0014 0023     		movs	r3, #0
 264 0016 FB73     		strb	r3, [r7, #15]
 265 0018 49E0     		b	.L7
 266              	.L8:
 221:Generated_Source\PSoC5/CapSense_CSD_MBX.c ****     {
 222:Generated_Source\PSoC5/CapSense_CSD_MBX.c ****         mbx->outbox.rawData[i]  = CapSense_CSD_SWAP_ENDIAN16(CapSense_CSD_sensorRaw[i]);
 267              		.loc 1 222 0 discriminator 3
 268 001a FB7B     		ldrb	r3, [r7, #15]	@ zero_extendqisi2
 269 001c FA7B     		ldrb	r2, [r7, #15]	@ zero_extendqisi2
 270 001e 2949     		ldr	r1, .L9
 271 0020 31F81220 		ldrh	r2, [r1, r2, lsl #1]
 272 0024 1202     		lsls	r2, r2, #8
 273 0026 11B2     		sxth	r1, r2
 274 0028 FA7B     		ldrb	r2, [r7, #15]	@ zero_extendqisi2
 275 002a 2648     		ldr	r0, .L9
 276 002c 30F81220 		ldrh	r2, [r0, r2, lsl #1]
 277 0030 120A     		lsrs	r2, r2, #8
 278 0032 92B2     		uxth	r2, r2
 279 0034 12B2     		sxth	r2, r2
 280 0036 0A43     		orrs	r2, r2, r1
 281 0038 12B2     		sxth	r2, r2
 282 003a 91B2     		uxth	r1, r2
 283 003c 7A68     		ldr	r2, [r7, #4]
 284 003e 5B00     		lsls	r3, r3, #1
 285 0040 1344     		add	r3, r3, r2
 286 0042 0A46     		mov	r2, r1	@ movhi
 287 0044 A3F80520 		strh	r2, [r3, #5]	@ unaligned
 223:Generated_Source\PSoC5/CapSense_CSD_MBX.c ****         mbx->outbox.baseLine[i] = CapSense_CSD_SWAP_ENDIAN16(CapSense_CSD_sensorBaseline[i]);
 288              		.loc 1 223 0 discriminator 3
 289 0048 FB7B     		ldrb	r3, [r7, #15]	@ zero_extendqisi2
 290 004a FA7B     		ldrb	r2, [r7, #15]	@ zero_extendqisi2
ARM GAS  C:\Users\ash750\AppData\Local\Temp\ccd8AQK1.s 			page 10


 291 004c 1E49     		ldr	r1, .L9+4
 292 004e 31F81220 		ldrh	r2, [r1, r2, lsl #1]
 293 0052 1202     		lsls	r2, r2, #8
 294 0054 11B2     		sxth	r1, r2
 295 0056 FA7B     		ldrb	r2, [r7, #15]	@ zero_extendqisi2
 296 0058 1B48     		ldr	r0, .L9+4
 297 005a 30F81220 		ldrh	r2, [r0, r2, lsl #1]
 298 005e 120A     		lsrs	r2, r2, #8
 299 0060 92B2     		uxth	r2, r2
 300 0062 12B2     		sxth	r2, r2
 301 0064 0A43     		orrs	r2, r2, r1
 302 0066 12B2     		sxth	r2, r2
 303 0068 91B2     		uxth	r1, r2
 304 006a 7A68     		ldr	r2, [r7, #4]
 305 006c 0833     		adds	r3, r3, #8
 306 006e 5B00     		lsls	r3, r3, #1
 307 0070 1344     		add	r3, r3, r2
 308 0072 0A46     		mov	r2, r1	@ movhi
 309 0074 A3F80320 		strh	r2, [r3, #3]	@ unaligned
 224:Generated_Source\PSoC5/CapSense_CSD_MBX.c ****         #if (CapSense_CSD_SIGNAL_SIZE == CapSense_CSD_SIGNAL_SIZE_UINT8)
 225:Generated_Source\PSoC5/CapSense_CSD_MBX.c ****             mbx->outbox.signal[i]   = CapSense_CSD_sensorSignal[i];
 226:Generated_Source\PSoC5/CapSense_CSD_MBX.c ****         #else
 227:Generated_Source\PSoC5/CapSense_CSD_MBX.c ****             mbx->outbox.signal[i]   = CapSense_CSD_SWAP_ENDIAN16(CapSense_CSD_sensorSignal[i]);
 310              		.loc 1 227 0 discriminator 3
 311 0078 FB7B     		ldrb	r3, [r7, #15]	@ zero_extendqisi2
 312 007a FA7B     		ldrb	r2, [r7, #15]	@ zero_extendqisi2
 313 007c 1349     		ldr	r1, .L9+8
 314 007e 31F81220 		ldrh	r2, [r1, r2, lsl #1]
 315 0082 1202     		lsls	r2, r2, #8
 316 0084 11B2     		sxth	r1, r2
 317 0086 FA7B     		ldrb	r2, [r7, #15]	@ zero_extendqisi2
 318 0088 1048     		ldr	r0, .L9+8
 319 008a 30F81220 		ldrh	r2, [r0, r2, lsl #1]
 320 008e 120A     		lsrs	r2, r2, #8
 321 0090 92B2     		uxth	r2, r2
 322 0092 12B2     		sxth	r2, r2
 323 0094 0A43     		orrs	r2, r2, r1
 324 0096 12B2     		sxth	r2, r2
 325 0098 91B2     		uxth	r1, r2
 326 009a 7A68     		ldr	r2, [r7, #4]
 327 009c 0C33     		adds	r3, r3, #12
 328 009e 5B00     		lsls	r3, r3, #1
 329 00a0 1344     		add	r3, r3, r2
 330 00a2 0A46     		mov	r2, r1	@ movhi
 331 00a4 A3F80920 		strh	r2, [r3, #9]	@ unaligned
 220:Generated_Source\PSoC5/CapSense_CSD_MBX.c ****     {
 332              		.loc 1 220 0 discriminator 3
 333 00a8 FB7B     		ldrb	r3, [r7, #15]	@ zero_extendqisi2
 334 00aa 0133     		adds	r3, r3, #1
 335 00ac FB73     		strb	r3, [r7, #15]
 336              	.L7:
 220:Generated_Source\PSoC5/CapSense_CSD_MBX.c ****     {
 337              		.loc 1 220 0 is_stmt 0 discriminator 1
 338 00ae FB7B     		ldrb	r3, [r7, #15]	@ zero_extendqisi2
 339 00b0 062B     		cmp	r3, #6
 340 00b2 B2D9     		bls	.L8
 228:Generated_Source\PSoC5/CapSense_CSD_MBX.c ****         #endif  /* (CapSense_CSD_SIGNAL_SIZE == CapSense_CSD_SIGNAL_SIZE_UINT8) */
ARM GAS  C:\Users\ash750\AppData\Local\Temp\ccd8AQK1.s 			page 11


 229:Generated_Source\PSoC5/CapSense_CSD_MBX.c ****     }
 230:Generated_Source\PSoC5/CapSense_CSD_MBX.c ****         
 231:Generated_Source\PSoC5/CapSense_CSD_MBX.c ****     /* AutoTuning - need to copy all High Level parameters */
 232:Generated_Source\PSoC5/CapSense_CSD_MBX.c ****     #if (CapSense_CSD_TUNING_METHOD == CapSense_CSD_AUTO_TUNING)
 233:Generated_Source\PSoC5/CapSense_CSD_MBX.c ****         
 234:Generated_Source\PSoC5/CapSense_CSD_MBX.c ****         /* Parameters are changed in run time */
 235:Generated_Source\PSoC5/CapSense_CSD_MBX.c ****         for(i = 0u; i < CapSense_CSD_WIDGET_CSHL_PARAMETERS_COUNT; i++)
 236:Generated_Source\PSoC5/CapSense_CSD_MBX.c ****         {
 237:Generated_Source\PSoC5/CapSense_CSD_MBX.c ****             #if (CapSense_CSD_SIGNAL_SIZE == CapSense_CSD_SIGNAL_SIZE_UINT8)
 238:Generated_Source\PSoC5/CapSense_CSD_MBX.c ****                 mbx->outbox.fingerThreshold[i] = CapSense_CSD_fingerThreshold[i];
 239:Generated_Source\PSoC5/CapSense_CSD_MBX.c ****                 mbx->outbox.noiseThreshold[i]  = CapSense_CSD_noiseThreshold[i];
 240:Generated_Source\PSoC5/CapSense_CSD_MBX.c ****             #else
 241:Generated_Source\PSoC5/CapSense_CSD_MBX.c ****                 mbx->outbox.fingerThreshold[i] = $INSTANCE_NAME`_SWAP_ENDIAN16(CapSense_CSD_fingerT
 242:Generated_Source\PSoC5/CapSense_CSD_MBX.c ****                 mbx->outbox.noiseThreshold[i]  = $INSTANCE_NAME`_SWAP_ENDIAN16(CapSense_CSD_noiseTh
 243:Generated_Source\PSoC5/CapSense_CSD_MBX.c ****             #endif /* (CapSense_CSD_SIGNAL_SIZE == CapSense_CSD_SIGNAL_SIZE_UINT8) */
 244:Generated_Source\PSoC5/CapSense_CSD_MBX.c ****         }
 245:Generated_Source\PSoC5/CapSense_CSD_MBX.c ****         
 246:Generated_Source\PSoC5/CapSense_CSD_MBX.c ****         /* Widget resolution, take to account TP and MB */
 247:Generated_Source\PSoC5/CapSense_CSD_MBX.c ****         for(i=0u; i < CapSense_CSD_WIDGET_RESOLUTION_PARAMETERS_COUNT; i++)
 248:Generated_Source\PSoC5/CapSense_CSD_MBX.c ****         {
 249:Generated_Source\PSoC5/CapSense_CSD_MBX.c ****             mbx->outbox.scanResolution[i]  = CapSense_CSD_widgetResolution[i];
 250:Generated_Source\PSoC5/CapSense_CSD_MBX.c ****         }
 251:Generated_Source\PSoC5/CapSense_CSD_MBX.c **** 
 252:Generated_Source\PSoC5/CapSense_CSD_MBX.c ****         /* Copy tuned idac values */
 253:Generated_Source\PSoC5/CapSense_CSD_MBX.c ****         for(i=0u; i < CapSense_CSD_TOTAL_SENSOR_COUNT; i++)
 254:Generated_Source\PSoC5/CapSense_CSD_MBX.c ****         {
 255:Generated_Source\PSoC5/CapSense_CSD_MBX.c ****             mbx->outbox.idacValue[i] = CapSense_CSD_idacSettings[i];
 256:Generated_Source\PSoC5/CapSense_CSD_MBX.c ****         }
 257:Generated_Source\PSoC5/CapSense_CSD_MBX.c ****             
 258:Generated_Source\PSoC5/CapSense_CSD_MBX.c ****         /* Pass parameters only once */
 259:Generated_Source\PSoC5/CapSense_CSD_MBX.c ****         CapSense_CSD_lowLevelTuningDone = 0u;
 260:Generated_Source\PSoC5/CapSense_CSD_MBX.c ****     #endif  /* (CapSense_CSD_TUNING_METHOD == CapSense_CSD_MANUAL_TUNING) */
 261:Generated_Source\PSoC5/CapSense_CSD_MBX.c **** 
 262:Generated_Source\PSoC5/CapSense_CSD_MBX.c ****     /* Copy scan parameters */
 263:Generated_Source\PSoC5/CapSense_CSD_MBX.c ****     #if ( CapSense_CSD_TUNING_METHOD == CapSense_CSD_AUTO_TUNING )
 264:Generated_Source\PSoC5/CapSense_CSD_MBX.c ****         for(i = 0u; i < CapSense_CSD_TOTAL_SCANSLOT_COUNT; i++)
 265:Generated_Source\PSoC5/CapSense_CSD_MBX.c ****         {
 266:Generated_Source\PSoC5/CapSense_CSD_MBX.c ****             mbx->outbox.analogSwitchDivider[i] = CapSense_CSD_analogSwitchDivider[i];
 267:Generated_Source\PSoC5/CapSense_CSD_MBX.c ****         }
 268:Generated_Source\PSoC5/CapSense_CSD_MBX.c ****     #endif /* (CapSense_CSD_TUNING_METHOD == CapSense_CSD_AUTO_TUNING) */
 269:Generated_Source\PSoC5/CapSense_CSD_MBX.c **** 
 270:Generated_Source\PSoC5/CapSense_CSD_MBX.c ****     /* Set busy flag */
 271:Generated_Source\PSoC5/CapSense_CSD_MBX.c ****     mbx->type = CapSense_CSD_BUSY_FLAG;
 341              		.loc 1 271 0 is_stmt 1
 342 00b4 7B68     		ldr	r3, [r7, #4]
 343 00b6 8422     		movs	r2, #132
 344 00b8 1A70     		strb	r2, [r3]
 272:Generated_Source\PSoC5/CapSense_CSD_MBX.c **** }
 345              		.loc 1 272 0
 346 00ba 00BF     		nop
 347 00bc 1437     		adds	r7, r7, #20
 348              		.cfi_def_cfa_offset 4
 349 00be BD46     		mov	sp, r7
 350              		.cfi_def_cfa_register 13
 351              		@ sp needed
 352 00c0 80BC     		pop	{r7}
 353              		.cfi_restore 7
ARM GAS  C:\Users\ash750\AppData\Local\Temp\ccd8AQK1.s 			page 12


 354              		.cfi_def_cfa_offset 0
 355 00c2 7047     		bx	lr
 356              	.L10:
 357              		.align	2
 358              	.L9:
 359 00c4 00000000 		.word	CapSense_CSD_sensorRaw
 360 00c8 00000000 		.word	CapSense_CSD_sensorBaseline
 361 00cc 00000000 		.word	CapSense_CSD_sensorSignal
 362              		.cfi_endproc
 363              	.LFE2:
 364              		.size	CapSense_CSD_PostMessage, .-CapSense_CSD_PostMessage
 365              		.section	.text.CapSense_CSD_ReadMessage,"ax",%progbits
 366              		.align	2
 367              		.global	CapSense_CSD_ReadMessage
 368              		.thumb
 369              		.thumb_func
 370              		.type	CapSense_CSD_ReadMessage, %function
 371              	CapSense_CSD_ReadMessage:
 372              	.LFB3:
 273:Generated_Source\PSoC5/CapSense_CSD_MBX.c **** 
 274:Generated_Source\PSoC5/CapSense_CSD_MBX.c **** 
 275:Generated_Source\PSoC5/CapSense_CSD_MBX.c **** #if (CapSense_CSD_TUNING_METHOD == CapSense_CSD_MANUAL_TUNING)
 276:Generated_Source\PSoC5/CapSense_CSD_MBX.c ****     /*******************************************************************************
 277:Generated_Source\PSoC5/CapSense_CSD_MBX.c ****     * Function Name: CapSense_CSD_ReadMessage
 278:Generated_Source\PSoC5/CapSense_CSD_MBX.c ****     ********************************************************************************
 279:Generated_Source\PSoC5/CapSense_CSD_MBX.c ****     *
 280:Generated_Source\PSoC5/CapSense_CSD_MBX.c ****     * Summary:
 281:Generated_Source\PSoC5/CapSense_CSD_MBX.c ****     *  If CapSense_CSD_HAVE_MSG is found in the mailbox, initialize component 
 282:Generated_Source\PSoC5/CapSense_CSD_MBX.c ****     *  with parameters found in the inbox. Signal DONE by overwriting the
 283:Generated_Source\PSoC5/CapSense_CSD_MBX.c ****     *  value in size field in mailbox.
 284:Generated_Source\PSoC5/CapSense_CSD_MBX.c ****     *  Only available when manual tuning mode.
 285:Generated_Source\PSoC5/CapSense_CSD_MBX.c ****     *
 286:Generated_Source\PSoC5/CapSense_CSD_MBX.c ****     * Parameters:
 287:Generated_Source\PSoC5/CapSense_CSD_MBX.c ****     *  mbx:  Pointer to Mailbox structure in RAM.
 288:Generated_Source\PSoC5/CapSense_CSD_MBX.c ****     *
 289:Generated_Source\PSoC5/CapSense_CSD_MBX.c ****     * Return:
 290:Generated_Source\PSoC5/CapSense_CSD_MBX.c ****     *  None. Modifies the contents of mbx.
 291:Generated_Source\PSoC5/CapSense_CSD_MBX.c ****     *
 292:Generated_Source\PSoC5/CapSense_CSD_MBX.c ****     * Side Effects: 
 293:Generated_Source\PSoC5/CapSense_CSD_MBX.c ****     *  Initializes component parameters if CapSense_CSD_HAVE_MSG is received.
 294:Generated_Source\PSoC5/CapSense_CSD_MBX.c ****     *
 295:Generated_Source\PSoC5/CapSense_CSD_MBX.c ****     * Global Variables:
 296:Generated_Source\PSoC5/CapSense_CSD_MBX.c ****     *  CapSense_CSD_MAILBOXES - structure which incorporates two fields: 
 297:Generated_Source\PSoC5/CapSense_CSD_MBX.c ****     *    - numMailBoxes (number of mailboxes);
 298:Generated_Source\PSoC5/CapSense_CSD_MBX.c ****     *    - CapSense_CSD_MAILBOX csdMailbox;
 299:Generated_Source\PSoC5/CapSense_CSD_MBX.c ****     *  CapSense_CSD_MAILBOX - structure which incorporates status output and
 300:Generated_Source\PSoC5/CapSense_CSD_MBX.c ****     *  input buffer fields and CapSense_CSD_OUTBOX and CapSense_CSD_INBOX.
 301:Generated_Source\PSoC5/CapSense_CSD_MBX.c ****     *    - type (used as outbox read status of Tuner GUI);
 302:Generated_Source\PSoC5/CapSense_CSD_MBX.c ****     *    - size (used as inbox apply status of component);
 303:Generated_Source\PSoC5/CapSense_CSD_MBX.c ****     *    - CapSense_CSD_OUTBOX outbox - structure which is used as ouput 
 304:Generated_Source\PSoC5/CapSense_CSD_MBX.c ****     *      buffer for report data to Tuner GUI.
 305:Generated_Source\PSoC5/CapSense_CSD_MBX.c ****     *    - CapSense_CSD_INBOX inbox - structure which is used as input buffer
 306:Generated_Source\PSoC5/CapSense_CSD_MBX.c ****     *      for parameters from Tuner GUI. Only used in manual tuning mode.
 307:Generated_Source\PSoC5/CapSense_CSD_MBX.c ****     *
 308:Generated_Source\PSoC5/CapSense_CSD_MBX.c ****     * Reentrant:
 309:Generated_Source\PSoC5/CapSense_CSD_MBX.c ****     *  No
 310:Generated_Source\PSoC5/CapSense_CSD_MBX.c ****     *
ARM GAS  C:\Users\ash750\AppData\Local\Temp\ccd8AQK1.s 			page 13


 311:Generated_Source\PSoC5/CapSense_CSD_MBX.c ****     *******************************************************************************/
 312:Generated_Source\PSoC5/CapSense_CSD_MBX.c ****     void CapSense_CSD_ReadMessage(volatile CapSense_CSD_MAILBOX *mbx)
 313:Generated_Source\PSoC5/CapSense_CSD_MBX.c **** 	                                  
 314:Generated_Source\PSoC5/CapSense_CSD_MBX.c ****     {
 373              		.loc 1 314 0
 374              		.cfi_startproc
 375              		@ args = 0, pretend = 0, frame = 16
 376              		@ frame_needed = 1, uses_anonymous_args = 0
 377 0000 80B5     		push	{r7, lr}
 378              		.cfi_def_cfa_offset 8
 379              		.cfi_offset 7, -8
 380              		.cfi_offset 14, -4
 381 0002 84B0     		sub	sp, sp, #16
 382              		.cfi_def_cfa_offset 24
 383 0004 00AF     		add	r7, sp, #0
 384              		.cfi_def_cfa_register 7
 385 0006 7860     		str	r0, [r7, #4]
 315:Generated_Source\PSoC5/CapSense_CSD_MBX.c ****         volatile CapSense_CSD_INBOX *tmpInbox;
 316:Generated_Source\PSoC5/CapSense_CSD_MBX.c ****         uint16 tmpValue;
 317:Generated_Source\PSoC5/CapSense_CSD_MBX.c ****         
 318:Generated_Source\PSoC5/CapSense_CSD_MBX.c ****         tmpValue = mbx->size;
 386              		.loc 1 318 0
 387 0008 7B68     		ldr	r3, [r7, #4]
 388 000a 5A78     		ldrb	r2, [r3, #1]
 389 000c D2B2     		uxtb	r2, r2
 390 000e 9B78     		ldrb	r3, [r3, #2]
 391 0010 DBB2     		uxtb	r3, r3
 392 0012 1B02     		lsls	r3, r3, #8
 393 0014 1343     		orrs	r3, r3, r2
 394 0016 FB81     		strh	r3, [r7, #14]	@ movhi
 319:Generated_Source\PSoC5/CapSense_CSD_MBX.c ****        
 320:Generated_Source\PSoC5/CapSense_CSD_MBX.c ****         /* Do we have a message waiting? */
 321:Generated_Source\PSoC5/CapSense_CSD_MBX.c ****         if (CapSense_CSD_SWAP_ENDIAN16(tmpValue) == CapSense_CSD_HAVE_MSG)
 395              		.loc 1 321 0
 396 0018 FB89     		ldrh	r3, [r7, #14]
 397 001a 1B02     		lsls	r3, r3, #8
 398 001c 1AB2     		sxth	r2, r3
 399 001e FB89     		ldrh	r3, [r7, #14]
 400 0020 1B0A     		lsrs	r3, r3, #8
 401 0022 9BB2     		uxth	r3, r3
 402 0024 1BB2     		sxth	r3, r3
 403 0026 1343     		orrs	r3, r3, r2
 404 0028 1BB2     		sxth	r3, r3
 405 002a 0D4A     		ldr	r2, .L14
 406 002c 9342     		cmp	r3, r2
 407 002e 12D1     		bne	.L13
 322:Generated_Source\PSoC5/CapSense_CSD_MBX.c ****         {
 323:Generated_Source\PSoC5/CapSense_CSD_MBX.c ****             tmpInbox = &(mbx->inbox);
 408              		.loc 1 323 0
 409 0030 7B68     		ldr	r3, [r7, #4]
 410 0032 3333     		adds	r3, r3, #51
 411 0034 BB60     		str	r3, [r7, #8]
 324:Generated_Source\PSoC5/CapSense_CSD_MBX.c ****             
 325:Generated_Source\PSoC5/CapSense_CSD_MBX.c ****             CapSense_CSD_InitParams(tmpInbox);
 412              		.loc 1 325 0
 413 0036 B868     		ldr	r0, [r7, #8]
 414 0038 FFF7FEFF 		bl	CapSense_CSD_InitParams
ARM GAS  C:\Users\ash750\AppData\Local\Temp\ccd8AQK1.s 			page 14


 326:Generated_Source\PSoC5/CapSense_CSD_MBX.c ****     
 327:Generated_Source\PSoC5/CapSense_CSD_MBX.c ****             /* Notify host/tuner that we have consumed the message */
 328:Generated_Source\PSoC5/CapSense_CSD_MBX.c ****             mbx->size = CapSense_CSD_SWAP_ENDIAN16(sizeof(CapSense_CSD_MAILBOX));
 415              		.loc 1 328 0
 416 003c 7B68     		ldr	r3, [r7, #4]
 417 003e 5A78     		ldrb	r2, [r3, #1]
 418 0040 0022     		movs	r2, #0
 419 0042 5A70     		strb	r2, [r3, #1]
 420 0044 9A78     		ldrb	r2, [r3, #2]
 421 0046 0022     		movs	r2, #0
 422 0048 42F03E02 		orr	r2, r2, #62
 423 004c 9A70     		strb	r2, [r3, #2]
 329:Generated_Source\PSoC5/CapSense_CSD_MBX.c ****             
 330:Generated_Source\PSoC5/CapSense_CSD_MBX.c ****             /* Defualt settings where changed */
 331:Generated_Source\PSoC5/CapSense_CSD_MBX.c ****             mbx->outbox.noReadMsg = 0u;
 424              		.loc 1 331 0
 425 004e 7B68     		ldr	r3, [r7, #4]
 426 0050 0022     		movs	r2, #0
 427 0052 83F83020 		strb	r2, [r3, #48]
 428              	.L13:
 332:Generated_Source\PSoC5/CapSense_CSD_MBX.c ****         }       
 333:Generated_Source\PSoC5/CapSense_CSD_MBX.c ****     }
 429              		.loc 1 333 0
 430 0056 00BF     		nop
 431 0058 1037     		adds	r7, r7, #16
 432              		.cfi_def_cfa_offset 8
 433 005a BD46     		mov	sp, r7
 434              		.cfi_def_cfa_register 13
 435              		@ sp needed
 436 005c 80BD     		pop	{r7, pc}
 437              	.L15:
 438 005e 00BF     		.align	2
 439              	.L14:
 440 0060 3E80FFFF 		.word	-32706
 441              		.cfi_endproc
 442              	.LFE3:
 443              		.size	CapSense_CSD_ReadMessage, .-CapSense_CSD_ReadMessage
 444              		.text
 445              	.Letext0:
 446              		.file 2 "Generated_Source\\PSoC5\\cytypes.h"
 447              		.file 3 "Generated_Source\\PSoC5\\CapSense_CSD_MBX.h"
 448              		.file 4 "Generated_Source\\PSoC5\\CapSense_CSD.h"
 449              		.file 5 "Generated_Source\\PSoC5\\CapSense_CSD_CSHL.h"
 450              		.section	.debug_info,"",%progbits
 451              	.Ldebug_info0:
 452 0000 C1030000 		.4byte	0x3c1
 453 0004 0400     		.2byte	0x4
 454 0006 00000000 		.4byte	.Ldebug_abbrev0
 455 000a 04       		.byte	0x4
 456 000b 01       		.uleb128 0x1
 457 000c 00000000 		.4byte	.LASF56
 458 0010 0C       		.byte	0xc
 459 0011 8E000000 		.4byte	.LASF57
 460 0015 97030000 		.4byte	.LASF58
 461 0019 00000000 		.4byte	.Ldebug_ranges0+0
 462 001d 00000000 		.4byte	0
 463 0021 00000000 		.4byte	.Ldebug_line0
ARM GAS  C:\Users\ash750\AppData\Local\Temp\ccd8AQK1.s 			page 15


 464 0025 02       		.uleb128 0x2
 465 0026 01       		.byte	0x1
 466 0027 06       		.byte	0x6
 467 0028 FC030000 		.4byte	.LASF0
 468 002c 02       		.uleb128 0x2
 469 002d 01       		.byte	0x1
 470 002e 08       		.byte	0x8
 471 002f E3010000 		.4byte	.LASF1
 472 0033 02       		.uleb128 0x2
 473 0034 02       		.byte	0x2
 474 0035 05       		.byte	0x5
 475 0036 20030000 		.4byte	.LASF2
 476 003a 02       		.uleb128 0x2
 477 003b 02       		.byte	0x2
 478 003c 07       		.byte	0x7
 479 003d D3000000 		.4byte	.LASF3
 480 0041 02       		.uleb128 0x2
 481 0042 04       		.byte	0x4
 482 0043 05       		.byte	0x5
 483 0044 89030000 		.4byte	.LASF4
 484 0048 02       		.uleb128 0x2
 485 0049 04       		.byte	0x4
 486 004a 07       		.byte	0x7
 487 004b 90010000 		.4byte	.LASF5
 488 004f 02       		.uleb128 0x2
 489 0050 08       		.byte	0x8
 490 0051 05       		.byte	0x5
 491 0052 D4020000 		.4byte	.LASF6
 492 0056 02       		.uleb128 0x2
 493 0057 08       		.byte	0x8
 494 0058 07       		.byte	0x7
 495 0059 3A010000 		.4byte	.LASF7
 496 005d 03       		.uleb128 0x3
 497 005e 04       		.byte	0x4
 498 005f 05       		.byte	0x5
 499 0060 696E7400 		.ascii	"int\000"
 500 0064 02       		.uleb128 0x2
 501 0065 04       		.byte	0x4
 502 0066 07       		.byte	0x7
 503 0067 4F020000 		.4byte	.LASF8
 504 006b 04       		.uleb128 0x4
 505 006c A2010000 		.4byte	.LASF9
 506 0070 02       		.byte	0x2
 507 0071 9201     		.2byte	0x192
 508 0073 2C000000 		.4byte	0x2c
 509 0077 04       		.uleb128 0x4
 510 0078 30020000 		.4byte	.LASF10
 511 007c 02       		.byte	0x2
 512 007d 9301     		.2byte	0x193
 513 007f 3A000000 		.4byte	0x3a
 514 0083 02       		.uleb128 0x2
 515 0084 04       		.byte	0x4
 516 0085 04       		.byte	0x4
 517 0086 2B010000 		.4byte	.LASF11
 518 008a 02       		.uleb128 0x2
 519 008b 08       		.byte	0x8
 520 008c 04       		.byte	0x4
ARM GAS  C:\Users\ash750\AppData\Local\Temp\ccd8AQK1.s 			page 16


 521 008d 06020000 		.4byte	.LASF12
 522 0091 02       		.uleb128 0x2
 523 0092 01       		.byte	0x1
 524 0093 08       		.byte	0x8
 525 0094 92030000 		.4byte	.LASF13
 526 0098 02       		.uleb128 0x2
 527 0099 08       		.byte	0x8
 528 009a 04       		.byte	0x4
 529 009b F0030000 		.4byte	.LASF14
 530 009f 02       		.uleb128 0x2
 531 00a0 04       		.byte	0x4
 532 00a1 07       		.byte	0x7
 533 00a2 CB020000 		.4byte	.LASF15
 534 00a6 05       		.uleb128 0x5
 535 00a7 30       		.byte	0x30
 536 00a8 03       		.byte	0x3
 537 00a9 3C       		.byte	0x3c
 538 00aa 03010000 		.4byte	0x103
 539 00ae 06       		.uleb128 0x6
 540 00af 37020000 		.4byte	.LASF16
 541 00b3 03       		.byte	0x3
 542 00b4 3F       		.byte	0x3f
 543 00b5 03010000 		.4byte	0x103
 544 00b9 00       		.byte	0
 545 00ba 06       		.uleb128 0x6
 546 00bb 81030000 		.4byte	.LASF17
 547 00bf 03       		.byte	0x3
 548 00c0 46       		.byte	0x46
 549 00c1 13010000 		.4byte	0x113
 550 00c5 02       		.byte	0x2
 551 00c6 06       		.uleb128 0x6
 552 00c7 22040000 		.4byte	.LASF18
 553 00cb 03       		.byte	0x3
 554 00cc 47       		.byte	0x47
 555 00cd 13010000 		.4byte	0x113
 556 00d1 10       		.byte	0x10
 557 00d2 06       		.uleb128 0x6
 558 00d3 B8000000 		.4byte	.LASF19
 559 00d7 03       		.byte	0x3
 560 00d8 48       		.byte	0x48
 561 00d9 13010000 		.4byte	0x113
 562 00dd 1E       		.byte	0x1e
 563 00de 06       		.uleb128 0x6
 564 00df 29020000 		.4byte	.LASF20
 565 00e3 03       		.byte	0x3
 566 00e4 49       		.byte	0x49
 567 00e5 23010000 		.4byte	0x123
 568 00e9 2C       		.byte	0x2c
 569 00ea 06       		.uleb128 0x6
 570 00eb 5C020000 		.4byte	.LASF21
 571 00ef 03       		.byte	0x3
 572 00f0 54       		.byte	0x54
 573 00f1 6B000000 		.4byte	0x6b
 574 00f5 2D       		.byte	0x2d
 575 00f6 06       		.uleb128 0x6
 576 00f7 09010000 		.4byte	.LASF22
 577 00fb 03       		.byte	0x3
ARM GAS  C:\Users\ash750\AppData\Local\Temp\ccd8AQK1.s 			page 17


 578 00fc 56       		.byte	0x56
 579 00fd 77000000 		.4byte	0x77
 580 0101 2E       		.byte	0x2e
 581 0102 00       		.byte	0
 582 0103 07       		.uleb128 0x7
 583 0104 77000000 		.4byte	0x77
 584 0108 13010000 		.4byte	0x113
 585 010c 08       		.uleb128 0x8
 586 010d 9F000000 		.4byte	0x9f
 587 0111 00       		.byte	0
 588 0112 00       		.byte	0
 589 0113 07       		.uleb128 0x7
 590 0114 77000000 		.4byte	0x77
 591 0118 23010000 		.4byte	0x123
 592 011c 08       		.uleb128 0x8
 593 011d 9F000000 		.4byte	0x9f
 594 0121 06       		.byte	0x6
 595 0122 00       		.byte	0
 596 0123 07       		.uleb128 0x7
 597 0124 6B000000 		.4byte	0x6b
 598 0128 33010000 		.4byte	0x133
 599 012c 08       		.uleb128 0x8
 600 012d 9F000000 		.4byte	0x9f
 601 0131 00       		.byte	0
 602 0132 00       		.byte	0
 603 0133 09       		.uleb128 0x9
 604 0134 BF000000 		.4byte	.LASF23
 605 0138 03       		.byte	0x3
 606 0139 58       		.byte	0x58
 607 013a A6000000 		.4byte	0xa6
 608 013e 05       		.uleb128 0x5
 609 013f 0B       		.byte	0xb
 610 0140 03       		.byte	0x3
 611 0141 5C       		.byte	0x5c
 612 0142 A7010000 		.4byte	0x1a7
 613 0146 06       		.uleb128 0x6
 614 0147 7F020000 		.4byte	.LASF24
 615 014b 03       		.byte	0x3
 616 014c 5E       		.byte	0x5e
 617 014d 6B000000 		.4byte	0x6b
 618 0151 00       		.byte	0
 619 0152 06       		.uleb128 0x6
 620 0153 8B020000 		.4byte	.LASF25
 621 0157 03       		.byte	0x3
 622 0158 60       		.byte	0x60
 623 0159 6B000000 		.4byte	0x6b
 624 015d 01       		.byte	0x1
 625 015e 06       		.uleb128 0x6
 626 015f 00030000 		.4byte	.LASF26
 627 0163 03       		.byte	0x3
 628 0164 62       		.byte	0x62
 629 0165 6B000000 		.4byte	0x6b
 630 0169 02       		.byte	0x2
 631 016a 06       		.uleb128 0x6
 632 016b 0B030000 		.4byte	.LASF27
 633 016f 03       		.byte	0x3
 634 0170 63       		.byte	0x63
ARM GAS  C:\Users\ash750\AppData\Local\Temp\ccd8AQK1.s 			page 18


 635 0171 77000000 		.4byte	0x77
 636 0175 03       		.byte	0x3
 637 0176 06       		.uleb128 0x6
 638 0177 40020000 		.4byte	.LASF28
 639 017b 03       		.byte	0x3
 640 017c 64       		.byte	0x64
 641 017d 77000000 		.4byte	0x77
 642 0181 05       		.byte	0x5
 643 0182 06       		.uleb128 0x6
 644 0183 A8020000 		.4byte	.LASF29
 645 0187 03       		.byte	0x3
 646 0188 65       		.byte	0x65
 647 0189 77000000 		.4byte	0x77
 648 018d 07       		.byte	0x7
 649 018e 06       		.uleb128 0x6
 650 018f 98020000 		.4byte	.LASF30
 651 0193 03       		.byte	0x3
 652 0194 66       		.byte	0x66
 653 0195 6B000000 		.4byte	0x6b
 654 0199 09       		.byte	0x9
 655 019a 06       		.uleb128 0x6
 656 019b 6F010000 		.4byte	.LASF31
 657 019f 03       		.byte	0x3
 658 01a0 67       		.byte	0x67
 659 01a1 6B000000 		.4byte	0x6b
 660 01a5 0A       		.byte	0xa
 661 01a6 00       		.byte	0
 662 01a7 09       		.uleb128 0x9
 663 01a8 43040000 		.4byte	.LASF32
 664 01ac 03       		.byte	0x3
 665 01ad 68       		.byte	0x68
 666 01ae 3E010000 		.4byte	0x13e
 667 01b2 05       		.uleb128 0x5
 668 01b3 3E       		.byte	0x3e
 669 01b4 03       		.byte	0x3
 670 01b5 6D       		.byte	0x6d
 671 01b6 EB010000 		.4byte	0x1eb
 672 01ba 06       		.uleb128 0x6
 673 01bb 1B030000 		.4byte	.LASF33
 674 01bf 03       		.byte	0x3
 675 01c0 6F       		.byte	0x6f
 676 01c1 6B000000 		.4byte	0x6b
 677 01c5 00       		.byte	0
 678 01c6 06       		.uleb128 0x6
 679 01c7 51010000 		.4byte	.LASF34
 680 01cb 03       		.byte	0x3
 681 01cc 70       		.byte	0x70
 682 01cd 77000000 		.4byte	0x77
 683 01d1 01       		.byte	0x1
 684 01d2 06       		.uleb128 0x6
 685 01d3 5E030000 		.4byte	.LASF35
 686 01d7 03       		.byte	0x3
 687 01d8 71       		.byte	0x71
 688 01d9 33010000 		.4byte	0x133
 689 01dd 03       		.byte	0x3
 690 01de 06       		.uleb128 0x6
 691 01df 8A010000 		.4byte	.LASF36
ARM GAS  C:\Users\ash750\AppData\Local\Temp\ccd8AQK1.s 			page 19


 692 01e3 03       		.byte	0x3
 693 01e4 73       		.byte	0x73
 694 01e5 A7010000 		.4byte	0x1a7
 695 01e9 33       		.byte	0x33
 696 01ea 00       		.byte	0
 697 01eb 09       		.uleb128 0x9
 698 01ec F1010000 		.4byte	.LASF37
 699 01f0 03       		.byte	0x3
 700 01f1 76       		.byte	0x76
 701 01f2 B2010000 		.4byte	0x1b2
 702 01f6 0A       		.uleb128 0xa
 703 01f7 2B040000 		.4byte	.LASF59
 704 01fb 01       		.byte	0x1
 705 01fc 3D       		.byte	0x3d
 706 01fd 00000000 		.4byte	.LFB0
 707 0201 F8000000 		.4byte	.LFE0-.LFB0
 708 0205 01       		.uleb128 0x1
 709 0206 9C       		.byte	0x9c
 710 0207 44020000 		.4byte	0x244
 711 020b 0B       		.uleb128 0xb
 712 020c 8A010000 		.4byte	.LASF36
 713 0210 01       		.byte	0x1
 714 0211 3D       		.byte	0x3d
 715 0212 44020000 		.4byte	0x244
 716 0216 02       		.uleb128 0x2
 717 0217 91       		.byte	0x91
 718 0218 6C       		.sleb128 -20
 719 0219 0C       		.uleb128 0xc
 720 021a 83010000 		.4byte	.LASF38
 721 021e 01       		.byte	0x1
 722 021f 41       		.byte	0x41
 723 0220 6B000000 		.4byte	0x6b
 724 0224 02       		.uleb128 0x2
 725 0225 91       		.byte	0x91
 726 0226 77       		.sleb128 -9
 727 0227 0C       		.uleb128 0xc
 728 0228 A1020000 		.4byte	.LASF39
 729 022c 01       		.byte	0x1
 730 022d 42       		.byte	0x42
 731 022e 6B000000 		.4byte	0x6b
 732 0232 02       		.uleb128 0x2
 733 0233 91       		.byte	0x91
 734 0234 76       		.sleb128 -10
 735 0235 0C       		.uleb128 0xc
 736 0236 E6000000 		.4byte	.LASF40
 737 023a 01       		.byte	0x1
 738 023b 43       		.byte	0x43
 739 023c 77000000 		.4byte	0x77
 740 0240 02       		.uleb128 0x2
 741 0241 91       		.byte	0x91
 742 0242 74       		.sleb128 -12
 743 0243 00       		.byte	0
 744 0244 0D       		.uleb128 0xd
 745 0245 04       		.byte	0x4
 746 0246 4F020000 		.4byte	0x24f
 747 024a 0E       		.uleb128 0xe
 748 024b A7010000 		.4byte	0x1a7
ARM GAS  C:\Users\ash750\AppData\Local\Temp\ccd8AQK1.s 			page 20


 749 024f 0F       		.uleb128 0xf
 750 0250 4A020000 		.4byte	0x24a
 751 0254 10       		.uleb128 0x10
 752 0255 66020000 		.4byte	.LASF41
 753 0259 01       		.byte	0x1
 754 025a 94       		.byte	0x94
 755 025b 00000000 		.4byte	.LFB1
 756 025f 50000000 		.4byte	.LFE1-.LFB1
 757 0263 01       		.uleb128 0x1
 758 0264 9C       		.byte	0x9c
 759 0265 78020000 		.4byte	0x278
 760 0269 11       		.uleb128 0x11
 761 026a 6D627800 		.ascii	"mbx\000"
 762 026e 01       		.byte	0x1
 763 026f 94       		.byte	0x94
 764 0270 78020000 		.4byte	0x278
 765 0274 02       		.uleb128 0x2
 766 0275 91       		.byte	0x91
 767 0276 74       		.sleb128 -12
 768 0277 00       		.byte	0
 769 0278 0D       		.uleb128 0xd
 770 0279 04       		.byte	0x4
 771 027a 7E020000 		.4byte	0x27e
 772 027e 0E       		.uleb128 0xe
 773 027f EB010000 		.4byte	0x1eb
 774 0283 10       		.uleb128 0x10
 775 0284 56010000 		.4byte	.LASF42
 776 0288 01       		.byte	0x1
 777 0289 D0       		.byte	0xd0
 778 028a 00000000 		.4byte	.LFB2
 779 028e D0000000 		.4byte	.LFE2-.LFB2
 780 0292 01       		.uleb128 0x1
 781 0293 9C       		.byte	0x9c
 782 0294 B3020000 		.4byte	0x2b3
 783 0298 11       		.uleb128 0x11
 784 0299 6D627800 		.ascii	"mbx\000"
 785 029d 01       		.byte	0x1
 786 029e D0       		.byte	0xd0
 787 029f 78020000 		.4byte	0x278
 788 02a3 02       		.uleb128 0x2
 789 02a4 91       		.byte	0x91
 790 02a5 6C       		.sleb128 -20
 791 02a6 12       		.uleb128 0x12
 792 02a7 6900     		.ascii	"i\000"
 793 02a9 01       		.byte	0x1
 794 02aa D3       		.byte	0xd3
 795 02ab 6B000000 		.4byte	0x6b
 796 02af 02       		.uleb128 0x2
 797 02b0 91       		.byte	0x91
 798 02b1 77       		.sleb128 -9
 799 02b2 00       		.byte	0
 800 02b3 13       		.uleb128 0x13
 801 02b4 12010000 		.4byte	.LASF43
 802 02b8 01       		.byte	0x1
 803 02b9 3801     		.2byte	0x138
 804 02bb 00000000 		.4byte	.LFB3
 805 02bf 64000000 		.4byte	.LFE3-.LFB3
ARM GAS  C:\Users\ash750\AppData\Local\Temp\ccd8AQK1.s 			page 21


 806 02c3 01       		.uleb128 0x1
 807 02c4 9C       		.byte	0x9c
 808 02c5 F7020000 		.4byte	0x2f7
 809 02c9 14       		.uleb128 0x14
 810 02ca 6D627800 		.ascii	"mbx\000"
 811 02ce 01       		.byte	0x1
 812 02cf 3801     		.2byte	0x138
 813 02d1 78020000 		.4byte	0x278
 814 02d5 02       		.uleb128 0x2
 815 02d6 91       		.byte	0x91
 816 02d7 6C       		.sleb128 -20
 817 02d8 15       		.uleb128 0x15
 818 02d9 31010000 		.4byte	.LASF44
 819 02dd 01       		.byte	0x1
 820 02de 3B01     		.2byte	0x13b
 821 02e0 F7020000 		.4byte	0x2f7
 822 02e4 02       		.uleb128 0x2
 823 02e5 91       		.byte	0x91
 824 02e6 70       		.sleb128 -16
 825 02e7 15       		.uleb128 0x15
 826 02e8 E6000000 		.4byte	.LASF40
 827 02ec 01       		.byte	0x1
 828 02ed 3C01     		.2byte	0x13c
 829 02ef 77000000 		.4byte	0x77
 830 02f3 02       		.uleb128 0x2
 831 02f4 91       		.byte	0x91
 832 02f5 76       		.sleb128 -10
 833 02f6 00       		.byte	0
 834 02f7 0D       		.uleb128 0xd
 835 02f8 04       		.byte	0x4
 836 02f9 4A020000 		.4byte	0x24a
 837 02fd 16       		.uleb128 0x16
 838 02fe 47030000 		.4byte	.LASF45
 839 0302 04       		.byte	0x4
 840 0303 BF02     		.2byte	0x2bf
 841 0305 13010000 		.4byte	0x113
 842 0309 07       		.uleb128 0x7
 843 030a 19030000 		.4byte	0x319
 844 030e 19030000 		.4byte	0x319
 845 0312 08       		.uleb128 0x8
 846 0313 9F000000 		.4byte	0x9f
 847 0317 06       		.byte	0x6
 848 0318 00       		.byte	0
 849 0319 0F       		.uleb128 0xf
 850 031a 6B000000 		.4byte	0x6b
 851 031e 16       		.uleb128 0x16
 852 031f 08040000 		.4byte	.LASF46
 853 0323 05       		.byte	0x5
 854 0324 0601     		.2byte	0x106
 855 0326 2A030000 		.4byte	0x32a
 856 032a 0F       		.uleb128 0xf
 857 032b 09030000 		.4byte	0x309
 858 032f 16       		.uleb128 0x16
 859 0330 65030000 		.4byte	.LASF47
 860 0334 05       		.byte	0x5
 861 0335 0801     		.2byte	0x108
 862 0337 13010000 		.4byte	0x113
ARM GAS  C:\Users\ash750\AppData\Local\Temp\ccd8AQK1.s 			page 22


 863 033b 16       		.uleb128 0x16
 864 033c EF000000 		.4byte	.LASF48
 865 0340 05       		.byte	0x5
 866 0341 0A01     		.2byte	0x10a
 867 0343 13010000 		.4byte	0x113
 868 0347 07       		.uleb128 0x7
 869 0348 6B000000 		.4byte	0x6b
 870 034c 57030000 		.4byte	0x357
 871 0350 08       		.uleb128 0x8
 872 0351 9F000000 		.4byte	0x9f
 873 0355 06       		.byte	0x6
 874 0356 00       		.byte	0
 875 0357 17       		.uleb128 0x17
 876 0358 C9010000 		.4byte	.LASF49
 877 035c 03       		.byte	0x3
 878 035d 9B       		.byte	0x9b
 879 035e 47030000 		.4byte	0x347
 880 0362 07       		.uleb128 0x7
 881 0363 6B000000 		.4byte	0x6b
 882 0367 72030000 		.4byte	0x372
 883 036b 08       		.uleb128 0x8
 884 036c 9F000000 		.4byte	0x9f
 885 0370 02       		.byte	0x2
 886 0371 00       		.byte	0
 887 0372 17       		.uleb128 0x17
 888 0373 E2020000 		.4byte	.LASF50
 889 0377 03       		.byte	0x3
 890 0378 9E       		.byte	0x9e
 891 0379 62030000 		.4byte	0x362
 892 037d 07       		.uleb128 0x7
 893 037e 77000000 		.4byte	0x77
 894 0382 8D030000 		.4byte	0x38d
 895 0386 08       		.uleb128 0x8
 896 0387 9F000000 		.4byte	0x9f
 897 038b 02       		.byte	0x2
 898 038c 00       		.byte	0
 899 038d 17       		.uleb128 0x17
 900 038e 2A030000 		.4byte	.LASF51
 901 0392 03       		.byte	0x3
 902 0393 A0       		.byte	0xa0
 903 0394 7D030000 		.4byte	0x37d
 904 0398 17       		.uleb128 0x17
 905 0399 0D020000 		.4byte	.LASF52
 906 039d 03       		.byte	0x3
 907 039e A1       		.byte	0xa1
 908 039f 7D030000 		.4byte	0x37d
 909 03a3 17       		.uleb128 0x17
 910 03a4 B3020000 		.4byte	.LASF53
 911 03a8 03       		.byte	0x3
 912 03a9 A2       		.byte	0xa2
 913 03aa 7D030000 		.4byte	0x37d
 914 03ae 17       		.uleb128 0x17
 915 03af 56040000 		.4byte	.LASF54
 916 03b3 03       		.byte	0x3
 917 03b4 A3       		.byte	0xa3
 918 03b5 62030000 		.4byte	0x362
 919 03b9 17       		.uleb128 0x17
ARM GAS  C:\Users\ash750\AppData\Local\Temp\ccd8AQK1.s 			page 23


 920 03ba A8010000 		.4byte	.LASF55
 921 03be 03       		.byte	0x3
 922 03bf AC       		.byte	0xac
 923 03c0 47030000 		.4byte	0x347
 924 03c4 00       		.byte	0
 925              		.section	.debug_abbrev,"",%progbits
 926              	.Ldebug_abbrev0:
 927 0000 01       		.uleb128 0x1
 928 0001 11       		.uleb128 0x11
 929 0002 01       		.byte	0x1
 930 0003 25       		.uleb128 0x25
 931 0004 0E       		.uleb128 0xe
 932 0005 13       		.uleb128 0x13
 933 0006 0B       		.uleb128 0xb
 934 0007 03       		.uleb128 0x3
 935 0008 0E       		.uleb128 0xe
 936 0009 1B       		.uleb128 0x1b
 937 000a 0E       		.uleb128 0xe
 938 000b 55       		.uleb128 0x55
 939 000c 17       		.uleb128 0x17
 940 000d 11       		.uleb128 0x11
 941 000e 01       		.uleb128 0x1
 942 000f 10       		.uleb128 0x10
 943 0010 17       		.uleb128 0x17
 944 0011 00       		.byte	0
 945 0012 00       		.byte	0
 946 0013 02       		.uleb128 0x2
 947 0014 24       		.uleb128 0x24
 948 0015 00       		.byte	0
 949 0016 0B       		.uleb128 0xb
 950 0017 0B       		.uleb128 0xb
 951 0018 3E       		.uleb128 0x3e
 952 0019 0B       		.uleb128 0xb
 953 001a 03       		.uleb128 0x3
 954 001b 0E       		.uleb128 0xe
 955 001c 00       		.byte	0
 956 001d 00       		.byte	0
 957 001e 03       		.uleb128 0x3
 958 001f 24       		.uleb128 0x24
 959 0020 00       		.byte	0
 960 0021 0B       		.uleb128 0xb
 961 0022 0B       		.uleb128 0xb
 962 0023 3E       		.uleb128 0x3e
 963 0024 0B       		.uleb128 0xb
 964 0025 03       		.uleb128 0x3
 965 0026 08       		.uleb128 0x8
 966 0027 00       		.byte	0
 967 0028 00       		.byte	0
 968 0029 04       		.uleb128 0x4
 969 002a 16       		.uleb128 0x16
 970 002b 00       		.byte	0
 971 002c 03       		.uleb128 0x3
 972 002d 0E       		.uleb128 0xe
 973 002e 3A       		.uleb128 0x3a
 974 002f 0B       		.uleb128 0xb
 975 0030 3B       		.uleb128 0x3b
 976 0031 05       		.uleb128 0x5
ARM GAS  C:\Users\ash750\AppData\Local\Temp\ccd8AQK1.s 			page 24


 977 0032 49       		.uleb128 0x49
 978 0033 13       		.uleb128 0x13
 979 0034 00       		.byte	0
 980 0035 00       		.byte	0
 981 0036 05       		.uleb128 0x5
 982 0037 13       		.uleb128 0x13
 983 0038 01       		.byte	0x1
 984 0039 0B       		.uleb128 0xb
 985 003a 0B       		.uleb128 0xb
 986 003b 3A       		.uleb128 0x3a
 987 003c 0B       		.uleb128 0xb
 988 003d 3B       		.uleb128 0x3b
 989 003e 0B       		.uleb128 0xb
 990 003f 01       		.uleb128 0x1
 991 0040 13       		.uleb128 0x13
 992 0041 00       		.byte	0
 993 0042 00       		.byte	0
 994 0043 06       		.uleb128 0x6
 995 0044 0D       		.uleb128 0xd
 996 0045 00       		.byte	0
 997 0046 03       		.uleb128 0x3
 998 0047 0E       		.uleb128 0xe
 999 0048 3A       		.uleb128 0x3a
 1000 0049 0B       		.uleb128 0xb
 1001 004a 3B       		.uleb128 0x3b
 1002 004b 0B       		.uleb128 0xb
 1003 004c 49       		.uleb128 0x49
 1004 004d 13       		.uleb128 0x13
 1005 004e 38       		.uleb128 0x38
 1006 004f 0B       		.uleb128 0xb
 1007 0050 00       		.byte	0
 1008 0051 00       		.byte	0
 1009 0052 07       		.uleb128 0x7
 1010 0053 01       		.uleb128 0x1
 1011 0054 01       		.byte	0x1
 1012 0055 49       		.uleb128 0x49
 1013 0056 13       		.uleb128 0x13
 1014 0057 01       		.uleb128 0x1
 1015 0058 13       		.uleb128 0x13
 1016 0059 00       		.byte	0
 1017 005a 00       		.byte	0
 1018 005b 08       		.uleb128 0x8
 1019 005c 21       		.uleb128 0x21
 1020 005d 00       		.byte	0
 1021 005e 49       		.uleb128 0x49
 1022 005f 13       		.uleb128 0x13
 1023 0060 2F       		.uleb128 0x2f
 1024 0061 0B       		.uleb128 0xb
 1025 0062 00       		.byte	0
 1026 0063 00       		.byte	0
 1027 0064 09       		.uleb128 0x9
 1028 0065 16       		.uleb128 0x16
 1029 0066 00       		.byte	0
 1030 0067 03       		.uleb128 0x3
 1031 0068 0E       		.uleb128 0xe
 1032 0069 3A       		.uleb128 0x3a
 1033 006a 0B       		.uleb128 0xb
ARM GAS  C:\Users\ash750\AppData\Local\Temp\ccd8AQK1.s 			page 25


 1034 006b 3B       		.uleb128 0x3b
 1035 006c 0B       		.uleb128 0xb
 1036 006d 49       		.uleb128 0x49
 1037 006e 13       		.uleb128 0x13
 1038 006f 00       		.byte	0
 1039 0070 00       		.byte	0
 1040 0071 0A       		.uleb128 0xa
 1041 0072 2E       		.uleb128 0x2e
 1042 0073 01       		.byte	0x1
 1043 0074 03       		.uleb128 0x3
 1044 0075 0E       		.uleb128 0xe
 1045 0076 3A       		.uleb128 0x3a
 1046 0077 0B       		.uleb128 0xb
 1047 0078 3B       		.uleb128 0x3b
 1048 0079 0B       		.uleb128 0xb
 1049 007a 27       		.uleb128 0x27
 1050 007b 19       		.uleb128 0x19
 1051 007c 11       		.uleb128 0x11
 1052 007d 01       		.uleb128 0x1
 1053 007e 12       		.uleb128 0x12
 1054 007f 06       		.uleb128 0x6
 1055 0080 40       		.uleb128 0x40
 1056 0081 18       		.uleb128 0x18
 1057 0082 9642     		.uleb128 0x2116
 1058 0084 19       		.uleb128 0x19
 1059 0085 01       		.uleb128 0x1
 1060 0086 13       		.uleb128 0x13
 1061 0087 00       		.byte	0
 1062 0088 00       		.byte	0
 1063 0089 0B       		.uleb128 0xb
 1064 008a 05       		.uleb128 0x5
 1065 008b 00       		.byte	0
 1066 008c 03       		.uleb128 0x3
 1067 008d 0E       		.uleb128 0xe
 1068 008e 3A       		.uleb128 0x3a
 1069 008f 0B       		.uleb128 0xb
 1070 0090 3B       		.uleb128 0x3b
 1071 0091 0B       		.uleb128 0xb
 1072 0092 49       		.uleb128 0x49
 1073 0093 13       		.uleb128 0x13
 1074 0094 02       		.uleb128 0x2
 1075 0095 18       		.uleb128 0x18
 1076 0096 00       		.byte	0
 1077 0097 00       		.byte	0
 1078 0098 0C       		.uleb128 0xc
 1079 0099 34       		.uleb128 0x34
 1080 009a 00       		.byte	0
 1081 009b 03       		.uleb128 0x3
 1082 009c 0E       		.uleb128 0xe
 1083 009d 3A       		.uleb128 0x3a
 1084 009e 0B       		.uleb128 0xb
 1085 009f 3B       		.uleb128 0x3b
 1086 00a0 0B       		.uleb128 0xb
 1087 00a1 49       		.uleb128 0x49
 1088 00a2 13       		.uleb128 0x13
 1089 00a3 02       		.uleb128 0x2
 1090 00a4 18       		.uleb128 0x18
ARM GAS  C:\Users\ash750\AppData\Local\Temp\ccd8AQK1.s 			page 26


 1091 00a5 00       		.byte	0
 1092 00a6 00       		.byte	0
 1093 00a7 0D       		.uleb128 0xd
 1094 00a8 0F       		.uleb128 0xf
 1095 00a9 00       		.byte	0
 1096 00aa 0B       		.uleb128 0xb
 1097 00ab 0B       		.uleb128 0xb
 1098 00ac 49       		.uleb128 0x49
 1099 00ad 13       		.uleb128 0x13
 1100 00ae 00       		.byte	0
 1101 00af 00       		.byte	0
 1102 00b0 0E       		.uleb128 0xe
 1103 00b1 35       		.uleb128 0x35
 1104 00b2 00       		.byte	0
 1105 00b3 49       		.uleb128 0x49
 1106 00b4 13       		.uleb128 0x13
 1107 00b5 00       		.byte	0
 1108 00b6 00       		.byte	0
 1109 00b7 0F       		.uleb128 0xf
 1110 00b8 26       		.uleb128 0x26
 1111 00b9 00       		.byte	0
 1112 00ba 49       		.uleb128 0x49
 1113 00bb 13       		.uleb128 0x13
 1114 00bc 00       		.byte	0
 1115 00bd 00       		.byte	0
 1116 00be 10       		.uleb128 0x10
 1117 00bf 2E       		.uleb128 0x2e
 1118 00c0 01       		.byte	0x1
 1119 00c1 3F       		.uleb128 0x3f
 1120 00c2 19       		.uleb128 0x19
 1121 00c3 03       		.uleb128 0x3
 1122 00c4 0E       		.uleb128 0xe
 1123 00c5 3A       		.uleb128 0x3a
 1124 00c6 0B       		.uleb128 0xb
 1125 00c7 3B       		.uleb128 0x3b
 1126 00c8 0B       		.uleb128 0xb
 1127 00c9 27       		.uleb128 0x27
 1128 00ca 19       		.uleb128 0x19
 1129 00cb 11       		.uleb128 0x11
 1130 00cc 01       		.uleb128 0x1
 1131 00cd 12       		.uleb128 0x12
 1132 00ce 06       		.uleb128 0x6
 1133 00cf 40       		.uleb128 0x40
 1134 00d0 18       		.uleb128 0x18
 1135 00d1 9742     		.uleb128 0x2117
 1136 00d3 19       		.uleb128 0x19
 1137 00d4 01       		.uleb128 0x1
 1138 00d5 13       		.uleb128 0x13
 1139 00d6 00       		.byte	0
 1140 00d7 00       		.byte	0
 1141 00d8 11       		.uleb128 0x11
 1142 00d9 05       		.uleb128 0x5
 1143 00da 00       		.byte	0
 1144 00db 03       		.uleb128 0x3
 1145 00dc 08       		.uleb128 0x8
 1146 00dd 3A       		.uleb128 0x3a
 1147 00de 0B       		.uleb128 0xb
ARM GAS  C:\Users\ash750\AppData\Local\Temp\ccd8AQK1.s 			page 27


 1148 00df 3B       		.uleb128 0x3b
 1149 00e0 0B       		.uleb128 0xb
 1150 00e1 49       		.uleb128 0x49
 1151 00e2 13       		.uleb128 0x13
 1152 00e3 02       		.uleb128 0x2
 1153 00e4 18       		.uleb128 0x18
 1154 00e5 00       		.byte	0
 1155 00e6 00       		.byte	0
 1156 00e7 12       		.uleb128 0x12
 1157 00e8 34       		.uleb128 0x34
 1158 00e9 00       		.byte	0
 1159 00ea 03       		.uleb128 0x3
 1160 00eb 08       		.uleb128 0x8
 1161 00ec 3A       		.uleb128 0x3a
 1162 00ed 0B       		.uleb128 0xb
 1163 00ee 3B       		.uleb128 0x3b
 1164 00ef 0B       		.uleb128 0xb
 1165 00f0 49       		.uleb128 0x49
 1166 00f1 13       		.uleb128 0x13
 1167 00f2 02       		.uleb128 0x2
 1168 00f3 18       		.uleb128 0x18
 1169 00f4 00       		.byte	0
 1170 00f5 00       		.byte	0
 1171 00f6 13       		.uleb128 0x13
 1172 00f7 2E       		.uleb128 0x2e
 1173 00f8 01       		.byte	0x1
 1174 00f9 3F       		.uleb128 0x3f
 1175 00fa 19       		.uleb128 0x19
 1176 00fb 03       		.uleb128 0x3
 1177 00fc 0E       		.uleb128 0xe
 1178 00fd 3A       		.uleb128 0x3a
 1179 00fe 0B       		.uleb128 0xb
 1180 00ff 3B       		.uleb128 0x3b
 1181 0100 05       		.uleb128 0x5
 1182 0101 27       		.uleb128 0x27
 1183 0102 19       		.uleb128 0x19
 1184 0103 11       		.uleb128 0x11
 1185 0104 01       		.uleb128 0x1
 1186 0105 12       		.uleb128 0x12
 1187 0106 06       		.uleb128 0x6
 1188 0107 40       		.uleb128 0x40
 1189 0108 18       		.uleb128 0x18
 1190 0109 9642     		.uleb128 0x2116
 1191 010b 19       		.uleb128 0x19
 1192 010c 01       		.uleb128 0x1
 1193 010d 13       		.uleb128 0x13
 1194 010e 00       		.byte	0
 1195 010f 00       		.byte	0
 1196 0110 14       		.uleb128 0x14
 1197 0111 05       		.uleb128 0x5
 1198 0112 00       		.byte	0
 1199 0113 03       		.uleb128 0x3
 1200 0114 08       		.uleb128 0x8
 1201 0115 3A       		.uleb128 0x3a
 1202 0116 0B       		.uleb128 0xb
 1203 0117 3B       		.uleb128 0x3b
 1204 0118 05       		.uleb128 0x5
ARM GAS  C:\Users\ash750\AppData\Local\Temp\ccd8AQK1.s 			page 28


 1205 0119 49       		.uleb128 0x49
 1206 011a 13       		.uleb128 0x13
 1207 011b 02       		.uleb128 0x2
 1208 011c 18       		.uleb128 0x18
 1209 011d 00       		.byte	0
 1210 011e 00       		.byte	0
 1211 011f 15       		.uleb128 0x15
 1212 0120 34       		.uleb128 0x34
 1213 0121 00       		.byte	0
 1214 0122 03       		.uleb128 0x3
 1215 0123 0E       		.uleb128 0xe
 1216 0124 3A       		.uleb128 0x3a
 1217 0125 0B       		.uleb128 0xb
 1218 0126 3B       		.uleb128 0x3b
 1219 0127 05       		.uleb128 0x5
 1220 0128 49       		.uleb128 0x49
 1221 0129 13       		.uleb128 0x13
 1222 012a 02       		.uleb128 0x2
 1223 012b 18       		.uleb128 0x18
 1224 012c 00       		.byte	0
 1225 012d 00       		.byte	0
 1226 012e 16       		.uleb128 0x16
 1227 012f 34       		.uleb128 0x34
 1228 0130 00       		.byte	0
 1229 0131 03       		.uleb128 0x3
 1230 0132 0E       		.uleb128 0xe
 1231 0133 3A       		.uleb128 0x3a
 1232 0134 0B       		.uleb128 0xb
 1233 0135 3B       		.uleb128 0x3b
 1234 0136 05       		.uleb128 0x5
 1235 0137 49       		.uleb128 0x49
 1236 0138 13       		.uleb128 0x13
 1237 0139 3F       		.uleb128 0x3f
 1238 013a 19       		.uleb128 0x19
 1239 013b 3C       		.uleb128 0x3c
 1240 013c 19       		.uleb128 0x19
 1241 013d 00       		.byte	0
 1242 013e 00       		.byte	0
 1243 013f 17       		.uleb128 0x17
 1244 0140 34       		.uleb128 0x34
 1245 0141 00       		.byte	0
 1246 0142 03       		.uleb128 0x3
 1247 0143 0E       		.uleb128 0xe
 1248 0144 3A       		.uleb128 0x3a
 1249 0145 0B       		.uleb128 0xb
 1250 0146 3B       		.uleb128 0x3b
 1251 0147 0B       		.uleb128 0xb
 1252 0148 49       		.uleb128 0x49
 1253 0149 13       		.uleb128 0x13
 1254 014a 3F       		.uleb128 0x3f
 1255 014b 19       		.uleb128 0x19
 1256 014c 3C       		.uleb128 0x3c
 1257 014d 19       		.uleb128 0x19
 1258 014e 00       		.byte	0
 1259 014f 00       		.byte	0
 1260 0150 00       		.byte	0
 1261              		.section	.debug_aranges,"",%progbits
ARM GAS  C:\Users\ash750\AppData\Local\Temp\ccd8AQK1.s 			page 29


 1262 0000 34000000 		.4byte	0x34
 1263 0004 0200     		.2byte	0x2
 1264 0006 00000000 		.4byte	.Ldebug_info0
 1265 000a 04       		.byte	0x4
 1266 000b 00       		.byte	0
 1267 000c 0000     		.2byte	0
 1268 000e 0000     		.2byte	0
 1269 0010 00000000 		.4byte	.LFB0
 1270 0014 F8000000 		.4byte	.LFE0-.LFB0
 1271 0018 00000000 		.4byte	.LFB1
 1272 001c 50000000 		.4byte	.LFE1-.LFB1
 1273 0020 00000000 		.4byte	.LFB2
 1274 0024 D0000000 		.4byte	.LFE2-.LFB2
 1275 0028 00000000 		.4byte	.LFB3
 1276 002c 64000000 		.4byte	.LFE3-.LFB3
 1277 0030 00000000 		.4byte	0
 1278 0034 00000000 		.4byte	0
 1279              		.section	.debug_ranges,"",%progbits
 1280              	.Ldebug_ranges0:
 1281 0000 00000000 		.4byte	.LFB0
 1282 0004 F8000000 		.4byte	.LFE0
 1283 0008 00000000 		.4byte	.LFB1
 1284 000c 50000000 		.4byte	.LFE1
 1285 0010 00000000 		.4byte	.LFB2
 1286 0014 D0000000 		.4byte	.LFE2
 1287 0018 00000000 		.4byte	.LFB3
 1288 001c 64000000 		.4byte	.LFE3
 1289 0020 00000000 		.4byte	0
 1290 0024 00000000 		.4byte	0
 1291              		.section	.debug_line,"",%progbits
 1292              	.Ldebug_line0:
 1293 0000 1C010000 		.section	.debug_str,"MS",%progbits,1
 1293      02008C00 
 1293      00000201 
 1293      FB0E0D00 
 1293      01010101 
 1294              	.LASF56:
 1295 0000 474E5520 		.ascii	"GNU C11 5.4.1 20160609 (release) [ARM/embedded-5-br"
 1295      43313120 
 1295      352E342E 
 1295      31203230 
 1295      31363036 
 1296 0033 616E6368 		.ascii	"anch revision 237715] -mcpu=cortex-m3 -mthumb -g -O"
 1296      20726576 
 1296      6973696F 
 1296      6E203233 
 1296      37373135 
 1297 0066 30202D66 		.ascii	"0 -ffunction-sections -ffat-lto-objects\000"
 1297      66756E63 
 1297      74696F6E 
 1297      2D736563 
 1297      74696F6E 
 1298              	.LASF57:
 1299 008e 47656E65 		.ascii	"Generated_Source\\PSoC5\\CapSense_CSD_MBX.c\000"
 1299      72617465 
 1299      645F536F 
 1299      75726365 
ARM GAS  C:\Users\ash750\AppData\Local\Temp\ccd8AQK1.s 			page 30


 1299      5C50536F 
 1300              	.LASF19:
 1301 00b8 7369676E 		.ascii	"signal\000"
 1301      616C00
 1302              	.LASF23:
 1303 00bf 43617053 		.ascii	"CapSense_CSD_OUTBOX\000"
 1303      656E7365 
 1303      5F435344 
 1303      5F4F5554 
 1303      424F5800 
 1304              	.LASF3:
 1305 00d3 73686F72 		.ascii	"short unsigned int\000"
 1305      7420756E 
 1305      7369676E 
 1305      65642069 
 1305      6E7400
 1306              	.LASF40:
 1307 00e6 746D7056 		.ascii	"tmpValue\000"
 1307      616C7565 
 1307      00
 1308              	.LASF48:
 1309 00ef 43617053 		.ascii	"CapSense_CSD_sensorSignal\000"
 1309      656E7365 
 1309      5F435344 
 1309      5F73656E 
 1309      736F7253 
 1310              	.LASF22:
 1311 0109 63686563 		.ascii	"checkSum\000"
 1311      6B53756D 
 1311      00
 1312              	.LASF43:
 1313 0112 43617053 		.ascii	"CapSense_CSD_ReadMessage\000"
 1313      656E7365 
 1313      5F435344 
 1313      5F526561 
 1313      644D6573 
 1314              	.LASF11:
 1315 012b 666C6F61 		.ascii	"float\000"
 1315      7400
 1316              	.LASF44:
 1317 0131 746D7049 		.ascii	"tmpInbox\000"
 1317      6E626F78 
 1317      00
 1318              	.LASF7:
 1319 013a 6C6F6E67 		.ascii	"long long unsigned int\000"
 1319      206C6F6E 
 1319      6720756E 
 1319      7369676E 
 1319      65642069 
 1320              	.LASF34:
 1321 0151 73697A65 		.ascii	"size\000"
 1321      00
 1322              	.LASF42:
 1323 0156 43617053 		.ascii	"CapSense_CSD_PostMessage\000"
 1323      656E7365 
 1323      5F435344 
 1323      5F506F73 
ARM GAS  C:\Users\ash750\AppData\Local\Temp\ccd8AQK1.s 			page 31


 1323      744D6573 
 1324              	.LASF31:
 1325 016f 616E616C 		.ascii	"analogSwitchDivider\000"
 1325      6F675377 
 1325      69746368 
 1325      44697669 
 1325      64657200 
 1326              	.LASF38:
 1327 0183 73656E73 		.ascii	"sensor\000"
 1327      6F7200
 1328              	.LASF36:
 1329 018a 696E626F 		.ascii	"inbox\000"
 1329      7800
 1330              	.LASF5:
 1331 0190 6C6F6E67 		.ascii	"long unsigned int\000"
 1331      20756E73 
 1331      69676E65 
 1331      6420696E 
 1331      7400
 1332              	.LASF9:
 1333 01a2 75696E74 		.ascii	"uint8\000"
 1333      3800
 1334              	.LASF55:
 1335 01a8 43617053 		.ascii	"CapSense_CSD_analogSwitchDivider\000"
 1335      656E7365 
 1335      5F435344 
 1335      5F616E61 
 1335      6C6F6753 
 1336              	.LASF49:
 1337 01c9 43617053 		.ascii	"CapSense_CSD_idacSettings\000"
 1337      656E7365 
 1337      5F435344 
 1337      5F696461 
 1337      63536574 
 1338              	.LASF1:
 1339 01e3 756E7369 		.ascii	"unsigned char\000"
 1339      676E6564 
 1339      20636861 
 1339      7200
 1340              	.LASF37:
 1341 01f1 43617053 		.ascii	"CapSense_CSD_MAILBOX\000"
 1341      656E7365 
 1341      5F435344 
 1341      5F4D4149 
 1341      4C424F58 
 1342              	.LASF12:
 1343 0206 646F7562 		.ascii	"double\000"
 1343      6C6500
 1344              	.LASF52:
 1345 020d 43617053 		.ascii	"CapSense_CSD_noiseThreshold\000"
 1345      656E7365 
 1345      5F435344 
 1345      5F6E6F69 
 1345      73655468 
 1346              	.LASF20:
 1347 0229 6F6E4D61 		.ascii	"onMask\000"
 1347      736B00
ARM GAS  C:\Users\ash750\AppData\Local\Temp\ccd8AQK1.s 			page 32


 1348              	.LASF10:
 1349 0230 75696E74 		.ascii	"uint16\000"
 1349      313600
 1350              	.LASF16:
 1351 0237 706F7369 		.ascii	"position\000"
 1351      74696F6E 
 1351      00
 1352              	.LASF28:
 1353 0240 6E6F6973 		.ascii	"noiseThreshold\000"
 1353      65546872 
 1353      6573686F 
 1353      6C6400
 1354              	.LASF8:
 1355 024f 756E7369 		.ascii	"unsigned int\000"
 1355      676E6564 
 1355      20696E74 
 1355      00
 1356              	.LASF21:
 1357 025c 6E6F5265 		.ascii	"noReadMsg\000"
 1357      61644D73 
 1357      6700
 1358              	.LASF41:
 1359 0266 43617053 		.ascii	"CapSense_CSD_InitMailbox\000"
 1359      656E7365 
 1359      5F435344 
 1359      5F496E69 
 1359      744D6169 
 1360              	.LASF24:
 1361 027f 73656E73 		.ascii	"sensorIndex\000"
 1361      6F72496E 
 1361      64657800 
 1362              	.LASF25:
 1363 028b 69646163 		.ascii	"idacSettings\000"
 1363      53657474 
 1363      696E6773 
 1363      00
 1364              	.LASF30:
 1365 0298 6465626F 		.ascii	"debounce\000"
 1365      756E6365 
 1365      00
 1366              	.LASF39:
 1367 02a1 77696467 		.ascii	"widget\000"
 1367      657400
 1368              	.LASF29:
 1369 02a8 68797374 		.ascii	"hysteresis\000"
 1369      65726573 
 1369      697300
 1370              	.LASF53:
 1371 02b3 43617053 		.ascii	"CapSense_CSD_hysteresis\000"
 1371      656E7365 
 1371      5F435344 
 1371      5F687973 
 1371      74657265 
 1372              	.LASF15:
 1373 02cb 73697A65 		.ascii	"sizetype\000"
 1373      74797065 
 1373      00
ARM GAS  C:\Users\ash750\AppData\Local\Temp\ccd8AQK1.s 			page 33


 1374              	.LASF6:
 1375 02d4 6C6F6E67 		.ascii	"long long int\000"
 1375      206C6F6E 
 1375      6720696E 
 1375      7400
 1376              	.LASF50:
 1377 02e2 43617053 		.ascii	"CapSense_CSD_widgetResolution\000"
 1377      656E7365 
 1377      5F435344 
 1377      5F776964 
 1377      67657452 
 1378              	.LASF26:
 1379 0300 7265736F 		.ascii	"resolution\000"
 1379      6C757469 
 1379      6F6E00
 1380              	.LASF27:
 1381 030b 66696E67 		.ascii	"fingerThreshold\000"
 1381      65725468 
 1381      72657368 
 1381      6F6C6400 
 1382              	.LASF33:
 1383 031b 74797065 		.ascii	"type\000"
 1383      00
 1384              	.LASF2:
 1385 0320 73686F72 		.ascii	"short int\000"
 1385      7420696E 
 1385      7400
 1386              	.LASF51:
 1387 032a 43617053 		.ascii	"CapSense_CSD_fingerThreshold\000"
 1387      656E7365 
 1387      5F435344 
 1387      5F66696E 
 1387      67657254 
 1388              	.LASF45:
 1389 0347 43617053 		.ascii	"CapSense_CSD_sensorRaw\000"
 1389      656E7365 
 1389      5F435344 
 1389      5F73656E 
 1389      736F7252 
 1390              	.LASF35:
 1391 035e 6F757462 		.ascii	"outbox\000"
 1391      6F7800
 1392              	.LASF47:
 1393 0365 43617053 		.ascii	"CapSense_CSD_sensorBaseline\000"
 1393      656E7365 
 1393      5F435344 
 1393      5F73656E 
 1393      736F7242 
 1394              	.LASF17:
 1395 0381 72617744 		.ascii	"rawData\000"
 1395      61746100 
 1396              	.LASF4:
 1397 0389 6C6F6E67 		.ascii	"long int\000"
 1397      20696E74 
 1397      00
 1398              	.LASF13:
 1399 0392 63686172 		.ascii	"char\000"
ARM GAS  C:\Users\ash750\AppData\Local\Temp\ccd8AQK1.s 			page 34


 1399      00
 1400              	.LASF58:
 1401 0397 483A5C50 		.ascii	"H:\\P4P\\New\\P4P_Project-130\\Capsense_stuff\\Cap_"
 1401      34505C4E 
 1401      65775C50 
 1401      34505F50 
 1401      726F6A65 
 1402 03c5 53656E73 		.ascii	"Sense.cydsn\\CapSense_CSD_WithTuner01.cydsn\000"
 1402      652E6379 
 1402      64736E5C 
 1402      43617053 
 1402      656E7365 
 1403              	.LASF14:
 1404 03f0 6C6F6E67 		.ascii	"long double\000"
 1404      20646F75 
 1404      626C6500 
 1405              	.LASF0:
 1406 03fc 7369676E 		.ascii	"signed char\000"
 1406      65642063 
 1406      68617200 
 1407              	.LASF46:
 1408 0408 43617053 		.ascii	"CapSense_CSD_widgetNumber\000"
 1408      656E7365 
 1408      5F435344 
 1408      5F776964 
 1408      6765744E 
 1409              	.LASF18:
 1410 0422 62617365 		.ascii	"baseLine\000"
 1410      4C696E65 
 1410      00
 1411              	.LASF59:
 1412 042b 43617053 		.ascii	"CapSense_CSD_InitParams\000"
 1412      656E7365 
 1412      5F435344 
 1412      5F496E69 
 1412      74506172 
 1413              	.LASF32:
 1414 0443 43617053 		.ascii	"CapSense_CSD_INBOX\000"
 1414      656E7365 
 1414      5F435344 
 1414      5F494E42 
 1414      4F5800
 1415              	.LASF54:
 1416 0456 43617053 		.ascii	"CapSense_CSD_debounce\000"
 1416      656E7365 
 1416      5F435344 
 1416      5F646562 
 1416      6F756E63 
 1417              		.ident	"GCC: (GNU Tools for ARM Embedded Processors) 5.4.1 20160609 (release) [ARM/embedded-5-bran
