ARM GAS  C:\Users\ash750\AppData\Local\Temp\cc9qhh5a.s 			page 1


   1              		.syntax unified
   2              		.cpu cortex-m3
   3              		.fpu softvfp
   4              		.eabi_attribute 20, 1
   5              		.eabi_attribute 21, 1
   6              		.eabi_attribute 23, 3
   7              		.eabi_attribute 24, 1
   8              		.eabi_attribute 25, 1
   9              		.eabi_attribute 26, 1
  10              		.eabi_attribute 30, 6
  11              		.eabi_attribute 34, 1
  12              		.eabi_attribute 18, 4
  13              		.thumb
  14              		.syntax unified
  15              		.file	"CapSense_CSD_Pins.c"
  16              		.text
  17              	.Ltext0:
  18              		.cfi_sections	.debug_frame
  19              		.section	.text.CapSense_CSD_SetAllSensorsDriveMode,"ax",%progbits
  20              		.align	2
  21              		.global	CapSense_CSD_SetAllSensorsDriveMode
  22              		.thumb
  23              		.thumb_func
  24              		.type	CapSense_CSD_SetAllSensorsDriveMode, %function
  25              	CapSense_CSD_SetAllSensorsDriveMode:
  26              	.LFB0:
  27              		.file 1 "Generated_Source\\PSoC5\\CapSense_CSD_Pins.c"
   1:Generated_Source\PSoC5/CapSense_CSD_Pins.c **** /*******************************************************************************
   2:Generated_Source\PSoC5/CapSense_CSD_Pins.c **** * File Name: CapSense_CSD_Pins.c
   3:Generated_Source\PSoC5/CapSense_CSD_Pins.c **** * Version 3.50
   4:Generated_Source\PSoC5/CapSense_CSD_Pins.c **** *
   5:Generated_Source\PSoC5/CapSense_CSD_Pins.c **** * Description:
   6:Generated_Source\PSoC5/CapSense_CSD_Pins.c **** *  This file contains API to enable firmware control of a Pins component.
   7:Generated_Source\PSoC5/CapSense_CSD_Pins.c **** *
   8:Generated_Source\PSoC5/CapSense_CSD_Pins.c **** * Note:
   9:Generated_Source\PSoC5/CapSense_CSD_Pins.c **** *
  10:Generated_Source\PSoC5/CapSense_CSD_Pins.c **** ********************************************************************************
  11:Generated_Source\PSoC5/CapSense_CSD_Pins.c **** * Copyright 2008-2013, Cypress Semiconductor Corporation.  All rights reserved.
  12:Generated_Source\PSoC5/CapSense_CSD_Pins.c **** * You may use this file only in accordance with the license, terms, conditions,
  13:Generated_Source\PSoC5/CapSense_CSD_Pins.c **** * disclaimers, and limitations in the end user license agreement accompanying
  14:Generated_Source\PSoC5/CapSense_CSD_Pins.c **** * the software package with which this file was provided.
  15:Generated_Source\PSoC5/CapSense_CSD_Pins.c **** *******************************************************************************/
  16:Generated_Source\PSoC5/CapSense_CSD_Pins.c **** 
  17:Generated_Source\PSoC5/CapSense_CSD_Pins.c **** #include "CapSense_CSD_Pins.h"
  18:Generated_Source\PSoC5/CapSense_CSD_Pins.c **** 
  19:Generated_Source\PSoC5/CapSense_CSD_Pins.c **** 
  20:Generated_Source\PSoC5/CapSense_CSD_Pins.c **** /*******************************************************************************
  21:Generated_Source\PSoC5/CapSense_CSD_Pins.c **** * Function Name: CapSense_CSD_SetAllSensorsDriveMode
  22:Generated_Source\PSoC5/CapSense_CSD_Pins.c **** ********************************************************************************
  23:Generated_Source\PSoC5/CapSense_CSD_Pins.c **** *
  24:Generated_Source\PSoC5/CapSense_CSD_Pins.c **** * Summary:
  25:Generated_Source\PSoC5/CapSense_CSD_Pins.c **** *  Sets the drive mode for the all pins used by capacitive sensors within 
  26:Generated_Source\PSoC5/CapSense_CSD_Pins.c **** *  CapSense component.
  27:Generated_Source\PSoC5/CapSense_CSD_Pins.c **** * 
  28:Generated_Source\PSoC5/CapSense_CSD_Pins.c **** * Parameters:  
  29:Generated_Source\PSoC5/CapSense_CSD_Pins.c **** *  mode: Desired drive mode.
  30:Generated_Source\PSoC5/CapSense_CSD_Pins.c **** *
ARM GAS  C:\Users\ash750\AppData\Local\Temp\cc9qhh5a.s 			page 2


  31:Generated_Source\PSoC5/CapSense_CSD_Pins.c **** * Return: 
  32:Generated_Source\PSoC5/CapSense_CSD_Pins.c **** *  None
  33:Generated_Source\PSoC5/CapSense_CSD_Pins.c **** *
  34:Generated_Source\PSoC5/CapSense_CSD_Pins.c **** *******************************************************************************/
  35:Generated_Source\PSoC5/CapSense_CSD_Pins.c **** void CapSense_CSD_SetAllSensorsDriveMode(uint8 mode) 
  36:Generated_Source\PSoC5/CapSense_CSD_Pins.c **** {
  28              		.loc 1 36 0
  29              		.cfi_startproc
  30              		@ args = 0, pretend = 0, frame = 8
  31              		@ frame_needed = 1, uses_anonymous_args = 0
  32              		@ link register save eliminated.
  33 0000 80B4     		push	{r7}
  34              		.cfi_def_cfa_offset 4
  35              		.cfi_offset 7, -4
  36 0002 83B0     		sub	sp, sp, #12
  37              		.cfi_def_cfa_offset 16
  38 0004 00AF     		add	r7, sp, #0
  39              		.cfi_def_cfa_register 7
  40 0006 0346     		mov	r3, r0
  41 0008 FB71     		strb	r3, [r7, #7]
  37:Generated_Source\PSoC5/CapSense_CSD_Pins.c ****     /* Set pins drive mode */
  38:Generated_Source\PSoC5/CapSense_CSD_Pins.c ****     CyPins_SetPinDriveMode(CapSense_CSD_PortCH0__Button0__BTN, mode);
  42              		.loc 1 38 0
  43 000a 1349     		ldr	r1, .L2
  44 000c 124B     		ldr	r3, .L2
  45 000e 1B78     		ldrb	r3, [r3]
  46 0010 DBB2     		uxtb	r3, r3
  47 0012 5BB2     		sxtb	r3, r3
  48 0014 23F00E03 		bic	r3, r3, #14
  49 0018 5AB2     		sxtb	r2, r3
  50 001a 97F90730 		ldrsb	r3, [r7, #7]
  51 001e 03F00E03 		and	r3, r3, #14
  52 0022 5BB2     		sxtb	r3, r3
  53 0024 1343     		orrs	r3, r3, r2
  54 0026 5BB2     		sxtb	r3, r3
  55 0028 DBB2     		uxtb	r3, r3
  56 002a 0B70     		strb	r3, [r1]
  39:Generated_Source\PSoC5/CapSense_CSD_Pins.c ****     CyPins_SetPinDriveMode(CapSense_CSD_PortCH0__ProximitySensor0_0__PROX, mode);
  57              		.loc 1 39 0
  58 002c 0B49     		ldr	r1, .L2+4
  59 002e 0B4B     		ldr	r3, .L2+4
  60 0030 1B78     		ldrb	r3, [r3]
  61 0032 DBB2     		uxtb	r3, r3
  62 0034 5BB2     		sxtb	r3, r3
  63 0036 23F00E03 		bic	r3, r3, #14
  64 003a 5AB2     		sxtb	r2, r3
  65 003c 97F90730 		ldrsb	r3, [r7, #7]
  66 0040 03F00E03 		and	r3, r3, #14
  67 0044 5BB2     		sxtb	r3, r3
  68 0046 1343     		orrs	r3, r3, r2
  69 0048 5BB2     		sxtb	r3, r3
  70 004a DBB2     		uxtb	r3, r3
  71 004c 0B70     		strb	r3, [r1]
  40:Generated_Source\PSoC5/CapSense_CSD_Pins.c **** 
  41:Generated_Source\PSoC5/CapSense_CSD_Pins.c **** }
  72              		.loc 1 41 0
  73 004e 00BF     		nop
ARM GAS  C:\Users\ash750\AppData\Local\Temp\cc9qhh5a.s 			page 3


  74 0050 0C37     		adds	r7, r7, #12
  75              		.cfi_def_cfa_offset 4
  76 0052 BD46     		mov	sp, r7
  77              		.cfi_def_cfa_register 13
  78              		@ sp needed
  79 0054 80BC     		pop	{r7}
  80              		.cfi_restore 7
  81              		.cfi_def_cfa_offset 0
  82 0056 7047     		bx	lr
  83              	.L3:
  84              		.align	2
  85              	.L2:
  86 0058 05500040 		.word	1073762309
  87 005c 06500040 		.word	1073762310
  88              		.cfi_endproc
  89              	.LFE0:
  90              		.size	CapSense_CSD_SetAllSensorsDriveMode, .-CapSense_CSD_SetAllSensorsDriveMode
  91              		.section	.text.CapSense_CSD_SetAllCmodsDriveMode,"ax",%progbits
  92              		.align	2
  93              		.global	CapSense_CSD_SetAllCmodsDriveMode
  94              		.thumb
  95              		.thumb_func
  96              		.type	CapSense_CSD_SetAllCmodsDriveMode, %function
  97              	CapSense_CSD_SetAllCmodsDriveMode:
  98              	.LFB1:
  42:Generated_Source\PSoC5/CapSense_CSD_Pins.c **** 
  43:Generated_Source\PSoC5/CapSense_CSD_Pins.c **** 
  44:Generated_Source\PSoC5/CapSense_CSD_Pins.c **** 
  45:Generated_Source\PSoC5/CapSense_CSD_Pins.c **** /*******************************************************************************
  46:Generated_Source\PSoC5/CapSense_CSD_Pins.c **** * Function Name: CapSense_CSD_SetAllCmodsDriveMode
  47:Generated_Source\PSoC5/CapSense_CSD_Pins.c **** ********************************************************************************
  48:Generated_Source\PSoC5/CapSense_CSD_Pins.c **** *
  49:Generated_Source\PSoC5/CapSense_CSD_Pins.c **** * Summary:
  50:Generated_Source\PSoC5/CapSense_CSD_Pins.c **** *  Sets the drive mode for the all pins used by Cmod capacitors within CapSense 
  51:Generated_Source\PSoC5/CapSense_CSD_Pins.c **** *  component.
  52:Generated_Source\PSoC5/CapSense_CSD_Pins.c **** * 
  53:Generated_Source\PSoC5/CapSense_CSD_Pins.c **** * Parameters:  
  54:Generated_Source\PSoC5/CapSense_CSD_Pins.c **** *  mode: Desired drive mode.
  55:Generated_Source\PSoC5/CapSense_CSD_Pins.c **** *
  56:Generated_Source\PSoC5/CapSense_CSD_Pins.c **** * Return: 
  57:Generated_Source\PSoC5/CapSense_CSD_Pins.c **** *  None
  58:Generated_Source\PSoC5/CapSense_CSD_Pins.c **** *
  59:Generated_Source\PSoC5/CapSense_CSD_Pins.c **** *******************************************************************************/
  60:Generated_Source\PSoC5/CapSense_CSD_Pins.c **** void CapSense_CSD_SetAllCmodsDriveMode(uint8 mode) 
  61:Generated_Source\PSoC5/CapSense_CSD_Pins.c **** {
  99              		.loc 1 61 0
 100              		.cfi_startproc
 101              		@ args = 0, pretend = 0, frame = 8
 102              		@ frame_needed = 1, uses_anonymous_args = 0
 103              		@ link register save eliminated.
 104 0000 80B4     		push	{r7}
 105              		.cfi_def_cfa_offset 4
 106              		.cfi_offset 7, -4
 107 0002 83B0     		sub	sp, sp, #12
 108              		.cfi_def_cfa_offset 16
 109 0004 00AF     		add	r7, sp, #0
 110              		.cfi_def_cfa_register 7
ARM GAS  C:\Users\ash750\AppData\Local\Temp\cc9qhh5a.s 			page 4


 111 0006 0346     		mov	r3, r0
 112 0008 FB71     		strb	r3, [r7, #7]
  62:Generated_Source\PSoC5/CapSense_CSD_Pins.c ****    /* Set pins drive mode */
  63:Generated_Source\PSoC5/CapSense_CSD_Pins.c ****     CyPins_SetPinDriveMode(CapSense_CSD_CmodCH0_Cmod_CH0, mode);
 113              		.loc 1 63 0
 114 000a 0B49     		ldr	r1, .L5
 115 000c 0A4B     		ldr	r3, .L5
 116 000e 1B78     		ldrb	r3, [r3]
 117 0010 DBB2     		uxtb	r3, r3
 118 0012 5BB2     		sxtb	r3, r3
 119 0014 23F00E03 		bic	r3, r3, #14
 120 0018 5AB2     		sxtb	r2, r3
 121 001a 97F90730 		ldrsb	r3, [r7, #7]
 122 001e 03F00E03 		and	r3, r3, #14
 123 0022 5BB2     		sxtb	r3, r3
 124 0024 1343     		orrs	r3, r3, r2
 125 0026 5BB2     		sxtb	r3, r3
 126 0028 DBB2     		uxtb	r3, r3
 127 002a 0B70     		strb	r3, [r1]
  64:Generated_Source\PSoC5/CapSense_CSD_Pins.c **** 
  65:Generated_Source\PSoC5/CapSense_CSD_Pins.c **** }
 128              		.loc 1 65 0
 129 002c 00BF     		nop
 130 002e 0C37     		adds	r7, r7, #12
 131              		.cfi_def_cfa_offset 4
 132 0030 BD46     		mov	sp, r7
 133              		.cfi_def_cfa_register 13
 134              		@ sp needed
 135 0032 80BC     		pop	{r7}
 136              		.cfi_restore 7
 137              		.cfi_def_cfa_offset 0
 138 0034 7047     		bx	lr
 139              	.L6:
 140 0036 00BF     		.align	2
 141              	.L5:
 142 0038 17500040 		.word	1073762327
 143              		.cfi_endproc
 144              	.LFE1:
 145              		.size	CapSense_CSD_SetAllCmodsDriveMode, .-CapSense_CSD_SetAllCmodsDriveMode
 146              		.text
 147              	.Letext0:
 148              		.file 2 "Generated_Source\\PSoC5\\cytypes.h"
 149              		.section	.debug_info,"",%progbits
 150              	.Ldebug_info0:
 151 0000 EC000000 		.4byte	0xec
 152 0004 0400     		.2byte	0x4
 153 0006 00000000 		.4byte	.Ldebug_abbrev0
 154 000a 04       		.byte	0x4
 155 000b 01       		.uleb128 0x1
 156 000c 81000000 		.4byte	.LASF17
 157 0010 0C       		.byte	0xc
 158 0011 DF010000 		.4byte	.LASF18
 159 0015 1D010000 		.4byte	.LASF19
 160 0019 00000000 		.4byte	.Ldebug_ranges0+0
 161 001d 00000000 		.4byte	0
 162 0021 00000000 		.4byte	.Ldebug_line0
 163 0025 02       		.uleb128 0x2
ARM GAS  C:\Users\ash750\AppData\Local\Temp\cc9qhh5a.s 			page 5


 164 0026 01       		.byte	0x1
 165 0027 06       		.byte	0x6
 166 0028 BD010000 		.4byte	.LASF0
 167 002c 02       		.uleb128 0x2
 168 002d 01       		.byte	0x1
 169 002e 08       		.byte	0x8
 170 002f 0F010000 		.4byte	.LASF1
 171 0033 02       		.uleb128 0x2
 172 0034 02       		.byte	0x2
 173 0035 05       		.byte	0x5
 174 0036 D5010000 		.4byte	.LASF2
 175 003a 02       		.uleb128 0x2
 176 003b 02       		.byte	0x2
 177 003c 07       		.byte	0x7
 178 003d AA010000 		.4byte	.LASF3
 179 0041 02       		.uleb128 0x2
 180 0042 04       		.byte	0x4
 181 0043 05       		.byte	0x5
 182 0044 76010000 		.4byte	.LASF4
 183 0048 02       		.uleb128 0x2
 184 0049 04       		.byte	0x4
 185 004a 07       		.byte	0x7
 186 004b 2B000000 		.4byte	.LASF5
 187 004f 02       		.uleb128 0x2
 188 0050 08       		.byte	0x8
 189 0051 05       		.byte	0x5
 190 0052 00000000 		.4byte	.LASF6
 191 0056 02       		.uleb128 0x2
 192 0057 08       		.byte	0x8
 193 0058 07       		.byte	0x7
 194 0059 5F000000 		.4byte	.LASF7
 195 005d 03       		.uleb128 0x3
 196 005e 04       		.byte	0x4
 197 005f 05       		.byte	0x5
 198 0060 696E7400 		.ascii	"int\000"
 199 0064 02       		.uleb128 0x2
 200 0065 04       		.byte	0x4
 201 0066 07       		.byte	0x7
 202 0067 0E000000 		.4byte	.LASF8
 203 006b 04       		.uleb128 0x4
 204 006c 25000000 		.4byte	.LASF12
 205 0070 02       		.byte	0x2
 206 0071 9201     		.2byte	0x192
 207 0073 2C000000 		.4byte	0x2c
 208 0077 02       		.uleb128 0x2
 209 0078 04       		.byte	0x4
 210 0079 04       		.byte	0x4
 211 007a 76000000 		.4byte	.LASF9
 212 007e 02       		.uleb128 0x2
 213 007f 08       		.byte	0x8
 214 0080 04       		.byte	0x4
 215 0081 A3010000 		.4byte	.LASF10
 216 0085 02       		.uleb128 0x2
 217 0086 01       		.byte	0x1
 218 0087 08       		.byte	0x8
 219 0088 7C000000 		.4byte	.LASF11
 220 008c 04       		.uleb128 0x4
ARM GAS  C:\Users\ash750\AppData\Local\Temp\cc9qhh5a.s 			page 6


 221 008d 20000000 		.4byte	.LASF13
 222 0091 02       		.byte	0x2
 223 0092 3C02     		.2byte	0x23c
 224 0094 98000000 		.4byte	0x98
 225 0098 05       		.uleb128 0x5
 226 0099 6B000000 		.4byte	0x6b
 227 009d 02       		.uleb128 0x2
 228 009e 08       		.byte	0x8
 229 009f 04       		.byte	0x4
 230 00a0 C9010000 		.4byte	.LASF14
 231 00a4 02       		.uleb128 0x2
 232 00a5 04       		.byte	0x4
 233 00a6 07       		.byte	0x7
 234 00a7 0A020000 		.4byte	.LASF15
 235 00ab 06       		.uleb128 0x6
 236 00ac 7F010000 		.4byte	.LASF20
 237 00b0 01       		.byte	0x1
 238 00b1 23       		.byte	0x23
 239 00b2 00000000 		.4byte	.LFB0
 240 00b6 60000000 		.4byte	.LFE0-.LFB0
 241 00ba 01       		.uleb128 0x1
 242 00bb 9C       		.byte	0x9c
 243 00bc CF000000 		.4byte	0xcf
 244 00c0 07       		.uleb128 0x7
 245 00c1 1B000000 		.4byte	.LASF16
 246 00c5 01       		.byte	0x1
 247 00c6 23       		.byte	0x23
 248 00c7 6B000000 		.4byte	0x6b
 249 00cb 02       		.uleb128 0x2
 250 00cc 91       		.byte	0x91
 251 00cd 77       		.sleb128 -9
 252 00ce 00       		.byte	0
 253 00cf 08       		.uleb128 0x8
 254 00d0 3D000000 		.4byte	.LASF21
 255 00d4 01       		.byte	0x1
 256 00d5 3C       		.byte	0x3c
 257 00d6 00000000 		.4byte	.LFB1
 258 00da 3C000000 		.4byte	.LFE1-.LFB1
 259 00de 01       		.uleb128 0x1
 260 00df 9C       		.byte	0x9c
 261 00e0 07       		.uleb128 0x7
 262 00e1 1B000000 		.4byte	.LASF16
 263 00e5 01       		.byte	0x1
 264 00e6 3C       		.byte	0x3c
 265 00e7 6B000000 		.4byte	0x6b
 266 00eb 02       		.uleb128 0x2
 267 00ec 91       		.byte	0x91
 268 00ed 77       		.sleb128 -9
 269 00ee 00       		.byte	0
 270 00ef 00       		.byte	0
 271              		.section	.debug_abbrev,"",%progbits
 272              	.Ldebug_abbrev0:
 273 0000 01       		.uleb128 0x1
 274 0001 11       		.uleb128 0x11
 275 0002 01       		.byte	0x1
 276 0003 25       		.uleb128 0x25
 277 0004 0E       		.uleb128 0xe
ARM GAS  C:\Users\ash750\AppData\Local\Temp\cc9qhh5a.s 			page 7


 278 0005 13       		.uleb128 0x13
 279 0006 0B       		.uleb128 0xb
 280 0007 03       		.uleb128 0x3
 281 0008 0E       		.uleb128 0xe
 282 0009 1B       		.uleb128 0x1b
 283 000a 0E       		.uleb128 0xe
 284 000b 55       		.uleb128 0x55
 285 000c 17       		.uleb128 0x17
 286 000d 11       		.uleb128 0x11
 287 000e 01       		.uleb128 0x1
 288 000f 10       		.uleb128 0x10
 289 0010 17       		.uleb128 0x17
 290 0011 00       		.byte	0
 291 0012 00       		.byte	0
 292 0013 02       		.uleb128 0x2
 293 0014 24       		.uleb128 0x24
 294 0015 00       		.byte	0
 295 0016 0B       		.uleb128 0xb
 296 0017 0B       		.uleb128 0xb
 297 0018 3E       		.uleb128 0x3e
 298 0019 0B       		.uleb128 0xb
 299 001a 03       		.uleb128 0x3
 300 001b 0E       		.uleb128 0xe
 301 001c 00       		.byte	0
 302 001d 00       		.byte	0
 303 001e 03       		.uleb128 0x3
 304 001f 24       		.uleb128 0x24
 305 0020 00       		.byte	0
 306 0021 0B       		.uleb128 0xb
 307 0022 0B       		.uleb128 0xb
 308 0023 3E       		.uleb128 0x3e
 309 0024 0B       		.uleb128 0xb
 310 0025 03       		.uleb128 0x3
 311 0026 08       		.uleb128 0x8
 312 0027 00       		.byte	0
 313 0028 00       		.byte	0
 314 0029 04       		.uleb128 0x4
 315 002a 16       		.uleb128 0x16
 316 002b 00       		.byte	0
 317 002c 03       		.uleb128 0x3
 318 002d 0E       		.uleb128 0xe
 319 002e 3A       		.uleb128 0x3a
 320 002f 0B       		.uleb128 0xb
 321 0030 3B       		.uleb128 0x3b
 322 0031 05       		.uleb128 0x5
 323 0032 49       		.uleb128 0x49
 324 0033 13       		.uleb128 0x13
 325 0034 00       		.byte	0
 326 0035 00       		.byte	0
 327 0036 05       		.uleb128 0x5
 328 0037 35       		.uleb128 0x35
 329 0038 00       		.byte	0
 330 0039 49       		.uleb128 0x49
 331 003a 13       		.uleb128 0x13
 332 003b 00       		.byte	0
 333 003c 00       		.byte	0
 334 003d 06       		.uleb128 0x6
ARM GAS  C:\Users\ash750\AppData\Local\Temp\cc9qhh5a.s 			page 8


 335 003e 2E       		.uleb128 0x2e
 336 003f 01       		.byte	0x1
 337 0040 3F       		.uleb128 0x3f
 338 0041 19       		.uleb128 0x19
 339 0042 03       		.uleb128 0x3
 340 0043 0E       		.uleb128 0xe
 341 0044 3A       		.uleb128 0x3a
 342 0045 0B       		.uleb128 0xb
 343 0046 3B       		.uleb128 0x3b
 344 0047 0B       		.uleb128 0xb
 345 0048 27       		.uleb128 0x27
 346 0049 19       		.uleb128 0x19
 347 004a 11       		.uleb128 0x11
 348 004b 01       		.uleb128 0x1
 349 004c 12       		.uleb128 0x12
 350 004d 06       		.uleb128 0x6
 351 004e 40       		.uleb128 0x40
 352 004f 18       		.uleb128 0x18
 353 0050 9742     		.uleb128 0x2117
 354 0052 19       		.uleb128 0x19
 355 0053 01       		.uleb128 0x1
 356 0054 13       		.uleb128 0x13
 357 0055 00       		.byte	0
 358 0056 00       		.byte	0
 359 0057 07       		.uleb128 0x7
 360 0058 05       		.uleb128 0x5
 361 0059 00       		.byte	0
 362 005a 03       		.uleb128 0x3
 363 005b 0E       		.uleb128 0xe
 364 005c 3A       		.uleb128 0x3a
 365 005d 0B       		.uleb128 0xb
 366 005e 3B       		.uleb128 0x3b
 367 005f 0B       		.uleb128 0xb
 368 0060 49       		.uleb128 0x49
 369 0061 13       		.uleb128 0x13
 370 0062 02       		.uleb128 0x2
 371 0063 18       		.uleb128 0x18
 372 0064 00       		.byte	0
 373 0065 00       		.byte	0
 374 0066 08       		.uleb128 0x8
 375 0067 2E       		.uleb128 0x2e
 376 0068 01       		.byte	0x1
 377 0069 3F       		.uleb128 0x3f
 378 006a 19       		.uleb128 0x19
 379 006b 03       		.uleb128 0x3
 380 006c 0E       		.uleb128 0xe
 381 006d 3A       		.uleb128 0x3a
 382 006e 0B       		.uleb128 0xb
 383 006f 3B       		.uleb128 0x3b
 384 0070 0B       		.uleb128 0xb
 385 0071 27       		.uleb128 0x27
 386 0072 19       		.uleb128 0x19
 387 0073 11       		.uleb128 0x11
 388 0074 01       		.uleb128 0x1
 389 0075 12       		.uleb128 0x12
 390 0076 06       		.uleb128 0x6
 391 0077 40       		.uleb128 0x40
ARM GAS  C:\Users\ash750\AppData\Local\Temp\cc9qhh5a.s 			page 9


 392 0078 18       		.uleb128 0x18
 393 0079 9742     		.uleb128 0x2117
 394 007b 19       		.uleb128 0x19
 395 007c 00       		.byte	0
 396 007d 00       		.byte	0
 397 007e 00       		.byte	0
 398              		.section	.debug_aranges,"",%progbits
 399 0000 24000000 		.4byte	0x24
 400 0004 0200     		.2byte	0x2
 401 0006 00000000 		.4byte	.Ldebug_info0
 402 000a 04       		.byte	0x4
 403 000b 00       		.byte	0
 404 000c 0000     		.2byte	0
 405 000e 0000     		.2byte	0
 406 0010 00000000 		.4byte	.LFB0
 407 0014 60000000 		.4byte	.LFE0-.LFB0
 408 0018 00000000 		.4byte	.LFB1
 409 001c 3C000000 		.4byte	.LFE1-.LFB1
 410 0020 00000000 		.4byte	0
 411 0024 00000000 		.4byte	0
 412              		.section	.debug_ranges,"",%progbits
 413              	.Ldebug_ranges0:
 414 0000 00000000 		.4byte	.LFB0
 415 0004 60000000 		.4byte	.LFE0
 416 0008 00000000 		.4byte	.LFB1
 417 000c 3C000000 		.4byte	.LFE1
 418 0010 00000000 		.4byte	0
 419 0014 00000000 		.4byte	0
 420              		.section	.debug_line,"",%progbits
 421              	.Ldebug_line0:
 422 0000 7A000000 		.section	.debug_str,"MS",%progbits,1
 422      02004E00 
 422      00000201 
 422      FB0E0D00 
 422      01010101 
 423              	.LASF6:
 424 0000 6C6F6E67 		.ascii	"long long int\000"
 424      206C6F6E 
 424      6720696E 
 424      7400
 425              	.LASF8:
 426 000e 756E7369 		.ascii	"unsigned int\000"
 426      676E6564 
 426      20696E74 
 426      00
 427              	.LASF16:
 428 001b 6D6F6465 		.ascii	"mode\000"
 428      00
 429              	.LASF13:
 430 0020 72656738 		.ascii	"reg8\000"
 430      00
 431              	.LASF12:
 432 0025 75696E74 		.ascii	"uint8\000"
 432      3800
 433              	.LASF5:
 434 002b 6C6F6E67 		.ascii	"long unsigned int\000"
 434      20756E73 
ARM GAS  C:\Users\ash750\AppData\Local\Temp\cc9qhh5a.s 			page 10


 434      69676E65 
 434      6420696E 
 434      7400
 435              	.LASF21:
 436 003d 43617053 		.ascii	"CapSense_CSD_SetAllCmodsDriveMode\000"
 436      656E7365 
 436      5F435344 
 436      5F536574 
 436      416C6C43 
 437              	.LASF7:
 438 005f 6C6F6E67 		.ascii	"long long unsigned int\000"
 438      206C6F6E 
 438      6720756E 
 438      7369676E 
 438      65642069 
 439              	.LASF9:
 440 0076 666C6F61 		.ascii	"float\000"
 440      7400
 441              	.LASF11:
 442 007c 63686172 		.ascii	"char\000"
 442      00
 443              	.LASF17:
 444 0081 474E5520 		.ascii	"GNU C11 5.4.1 20160609 (release) [ARM/embedded-5-br"
 444      43313120 
 444      352E342E 
 444      31203230 
 444      31363036 
 445 00b4 616E6368 		.ascii	"anch revision 237715] -mcpu=cortex-m3 -mthumb -g -O"
 445      20726576 
 445      6973696F 
 445      6E203233 
 445      37373135 
 446 00e7 30202D66 		.ascii	"0 -ffunction-sections -ffat-lto-objects\000"
 446      66756E63 
 446      74696F6E 
 446      2D736563 
 446      74696F6E 
 447              	.LASF1:
 448 010f 756E7369 		.ascii	"unsigned char\000"
 448      676E6564 
 448      20636861 
 448      7200
 449              	.LASF19:
 450 011d 483A5C50 		.ascii	"H:\\P4P\\New\\P4P_Project-130\\Capsense_stuff\\Cap_"
 450      34505C4E 
 450      65775C50 
 450      34505F50 
 450      726F6A65 
 451 014b 53656E73 		.ascii	"Sense.cydsn\\CapSense_CSD_WithTuner01.cydsn\000"
 451      652E6379 
 451      64736E5C 
 451      43617053 
 451      656E7365 
 452              	.LASF4:
 453 0176 6C6F6E67 		.ascii	"long int\000"
 453      20696E74 
 453      00
ARM GAS  C:\Users\ash750\AppData\Local\Temp\cc9qhh5a.s 			page 11


 454              	.LASF20:
 455 017f 43617053 		.ascii	"CapSense_CSD_SetAllSensorsDriveMode\000"
 455      656E7365 
 455      5F435344 
 455      5F536574 
 455      416C6C53 
 456              	.LASF10:
 457 01a3 646F7562 		.ascii	"double\000"
 457      6C6500
 458              	.LASF3:
 459 01aa 73686F72 		.ascii	"short unsigned int\000"
 459      7420756E 
 459      7369676E 
 459      65642069 
 459      6E7400
 460              	.LASF0:
 461 01bd 7369676E 		.ascii	"signed char\000"
 461      65642063 
 461      68617200 
 462              	.LASF14:
 463 01c9 6C6F6E67 		.ascii	"long double\000"
 463      20646F75 
 463      626C6500 
 464              	.LASF2:
 465 01d5 73686F72 		.ascii	"short int\000"
 465      7420696E 
 465      7400
 466              	.LASF18:
 467 01df 47656E65 		.ascii	"Generated_Source\\PSoC5\\CapSense_CSD_Pins.c\000"
 467      72617465 
 467      645F536F 
 467      75726365 
 467      5C50536F 
 468              	.LASF15:
 469 020a 73697A65 		.ascii	"sizetype\000"
 469      74797065 
 469      00
 470              		.ident	"GCC: (GNU Tools for ARM Embedded Processors) 5.4.1 20160609 (release) [ARM/embedded-5-bran
