ARM GAS  C:\Users\ash750\AppData\Local\Temp\ccigoEyy.s 			page 1


   1              		.syntax unified
   2              		.cpu cortex-m3
   3              		.fpu softvfp
   4              		.eabi_attribute 20, 1
   5              		.eabi_attribute 21, 1
   6              		.eabi_attribute 23, 3
   7              		.eabi_attribute 24, 1
   8              		.eabi_attribute 25, 1
   9              		.eabi_attribute 26, 1
  10              		.eabi_attribute 30, 6
  11              		.eabi_attribute 34, 1
  12              		.eabi_attribute 18, 4
  13              		.thumb
  14              		.syntax unified
  15              		.file	"CapSense_CSD_PM.c"
  16              		.text
  17              	.Ltext0:
  18              		.cfi_sections	.debug_frame
  19              		.global	CapSense_CSD_backup
  20              		.bss
  21              		.align	2
  22              		.type	CapSense_CSD_backup, %object
  23              		.size	CapSense_CSD_backup, 2
  24              	CapSense_CSD_backup:
  25 0000 0000     		.space	2
  26              		.section	.text.CapSense_CSD_SaveConfig,"ax",%progbits
  27              		.align	2
  28              		.global	CapSense_CSD_SaveConfig
  29              		.thumb
  30              		.thumb_func
  31              		.type	CapSense_CSD_SaveConfig, %function
  32              	CapSense_CSD_SaveConfig:
  33              	.LFB0:
  34              		.file 1 "Generated_Source\\PSoC5\\CapSense_CSD_PM.c"
   1:Generated_Source\PSoC5/CapSense_CSD_PM.c **** /*******************************************************************************
   2:Generated_Source\PSoC5/CapSense_CSD_PM.c **** * File Name: CapSense_CSD_PM.c
   3:Generated_Source\PSoC5/CapSense_CSD_PM.c **** * Version 3.50
   4:Generated_Source\PSoC5/CapSense_CSD_PM.c **** *
   5:Generated_Source\PSoC5/CapSense_CSD_PM.c **** * Description:
   6:Generated_Source\PSoC5/CapSense_CSD_PM.c **** *  This file provides Sleep APIs for CapSense CSD Component.
   7:Generated_Source\PSoC5/CapSense_CSD_PM.c **** *
   8:Generated_Source\PSoC5/CapSense_CSD_PM.c **** * Note:
   9:Generated_Source\PSoC5/CapSense_CSD_PM.c **** *
  10:Generated_Source\PSoC5/CapSense_CSD_PM.c **** ********************************************************************************
  11:Generated_Source\PSoC5/CapSense_CSD_PM.c **** * Copyright 2008-2013, Cypress Semiconductor Corporation.  All rights reserved.
  12:Generated_Source\PSoC5/CapSense_CSD_PM.c **** * You may use this file only in accordance with the license, terms, conditions, 
  13:Generated_Source\PSoC5/CapSense_CSD_PM.c **** * disclaimers, and limitations in the end user license agreement accompanying 
  14:Generated_Source\PSoC5/CapSense_CSD_PM.c **** * the software package with which this file was provided.
  15:Generated_Source\PSoC5/CapSense_CSD_PM.c **** *******************************************************************************/
  16:Generated_Source\PSoC5/CapSense_CSD_PM.c **** 
  17:Generated_Source\PSoC5/CapSense_CSD_PM.c **** #include "CapSense_CSD.h"
  18:Generated_Source\PSoC5/CapSense_CSD_PM.c **** 
  19:Generated_Source\PSoC5/CapSense_CSD_PM.c **** CapSense_CSD_BACKUP_STRUCT CapSense_CSD_backup =
  20:Generated_Source\PSoC5/CapSense_CSD_PM.c **** {   
  21:Generated_Source\PSoC5/CapSense_CSD_PM.c ****     0x00u, /* enableState; */
  22:Generated_Source\PSoC5/CapSense_CSD_PM.c ****     
  23:Generated_Source\PSoC5/CapSense_CSD_PM.c **** };
ARM GAS  C:\Users\ash750\AppData\Local\Temp\ccigoEyy.s 			page 2


  24:Generated_Source\PSoC5/CapSense_CSD_PM.c **** 
  25:Generated_Source\PSoC5/CapSense_CSD_PM.c **** 
  26:Generated_Source\PSoC5/CapSense_CSD_PM.c **** /*******************************************************************************
  27:Generated_Source\PSoC5/CapSense_CSD_PM.c **** * Function Name: CapSense_CSD_SaveConfig
  28:Generated_Source\PSoC5/CapSense_CSD_PM.c **** ********************************************************************************
  29:Generated_Source\PSoC5/CapSense_CSD_PM.c **** *
  30:Generated_Source\PSoC5/CapSense_CSD_PM.c **** * Summary:
  31:Generated_Source\PSoC5/CapSense_CSD_PM.c **** *  Saves customer configuration of CapSense none-retention registers. Resets 
  32:Generated_Source\PSoC5/CapSense_CSD_PM.c **** *  all sensors to an inactive state.
  33:Generated_Source\PSoC5/CapSense_CSD_PM.c **** *
  34:Generated_Source\PSoC5/CapSense_CSD_PM.c **** * Parameters:
  35:Generated_Source\PSoC5/CapSense_CSD_PM.c **** *  None
  36:Generated_Source\PSoC5/CapSense_CSD_PM.c **** *
  37:Generated_Source\PSoC5/CapSense_CSD_PM.c **** * Return:
  38:Generated_Source\PSoC5/CapSense_CSD_PM.c **** *  None
  39:Generated_Source\PSoC5/CapSense_CSD_PM.c **** *
  40:Generated_Source\PSoC5/CapSense_CSD_PM.c **** * Side Effects:
  41:Generated_Source\PSoC5/CapSense_CSD_PM.c **** *  Function CapSense_CSD_SaveConfig disconnects all sensors from the
  42:Generated_Source\PSoC5/CapSense_CSD_PM.c **** *  Analog MUX Bus and puts them into inactive state. Call this function
  43:Generated_Source\PSoC5/CapSense_CSD_PM.c **** *  during the active scan can cause unpredictable component behavior.
  44:Generated_Source\PSoC5/CapSense_CSD_PM.c **** *
  45:Generated_Source\PSoC5/CapSense_CSD_PM.c **** * Note:
  46:Generated_Source\PSoC5/CapSense_CSD_PM.c **** *  This function should be called after completion of all scans.
  47:Generated_Source\PSoC5/CapSense_CSD_PM.c **** *
  48:Generated_Source\PSoC5/CapSense_CSD_PM.c **** * Global Variables:
  49:Generated_Source\PSoC5/CapSense_CSD_PM.c **** *  CapSense_CSD_backup - used to save component state before enter sleep 
  50:Generated_Source\PSoC5/CapSense_CSD_PM.c **** *  mode and none-retention registers.
  51:Generated_Source\PSoC5/CapSense_CSD_PM.c **** *
  52:Generated_Source\PSoC5/CapSense_CSD_PM.c **** * Reentrant:
  53:Generated_Source\PSoC5/CapSense_CSD_PM.c **** *  Yes.
  54:Generated_Source\PSoC5/CapSense_CSD_PM.c **** *
  55:Generated_Source\PSoC5/CapSense_CSD_PM.c **** *******************************************************************************/
  56:Generated_Source\PSoC5/CapSense_CSD_PM.c **** void CapSense_CSD_SaveConfig(void) 
  57:Generated_Source\PSoC5/CapSense_CSD_PM.c **** {    
  35              		.loc 1 57 0
  36              		.cfi_startproc
  37              		@ args = 0, pretend = 0, frame = 0
  38              		@ frame_needed = 1, uses_anonymous_args = 0
  39 0000 80B5     		push	{r7, lr}
  40              		.cfi_def_cfa_offset 8
  41              		.cfi_offset 7, -8
  42              		.cfi_offset 14, -4
  43 0002 00AF     		add	r7, sp, #0
  44              		.cfi_def_cfa_register 7
  58:Generated_Source\PSoC5/CapSense_CSD_PM.c **** 
  59:Generated_Source\PSoC5/CapSense_CSD_PM.c ****     /* Set CONTROL_REG */
  60:Generated_Source\PSoC5/CapSense_CSD_PM.c ****     CapSense_CSD_backup.ctrlReg = CapSense_CSD_CONTROL_REG;
  45              		.loc 1 60 0
  46 0004 044B     		ldr	r3, .L2
  47 0006 1B78     		ldrb	r3, [r3]
  48 0008 DAB2     		uxtb	r2, r3
  49 000a 044B     		ldr	r3, .L2+4
  50 000c 5A70     		strb	r2, [r3, #1]
  61:Generated_Source\PSoC5/CapSense_CSD_PM.c **** 
  62:Generated_Source\PSoC5/CapSense_CSD_PM.c ****     /* Clear all sensors */
  63:Generated_Source\PSoC5/CapSense_CSD_PM.c ****     CapSense_CSD_ClearSensors();
  51              		.loc 1 63 0
ARM GAS  C:\Users\ash750\AppData\Local\Temp\ccigoEyy.s 			page 3


  52 000e FFF7FEFF 		bl	CapSense_CSD_ClearSensors
  64:Generated_Source\PSoC5/CapSense_CSD_PM.c ****     
  65:Generated_Source\PSoC5/CapSense_CSD_PM.c ****     /* The pins disable is customer concern: Cmod and Rb */
  66:Generated_Source\PSoC5/CapSense_CSD_PM.c **** }
  53              		.loc 1 66 0
  54 0012 00BF     		nop
  55 0014 80BD     		pop	{r7, pc}
  56              	.L3:
  57 0016 00BF     		.align	2
  58              	.L2:
  59 0018 78640040 		.word	1073767544
  60 001c 00000000 		.word	CapSense_CSD_backup
  61              		.cfi_endproc
  62              	.LFE0:
  63              		.size	CapSense_CSD_SaveConfig, .-CapSense_CSD_SaveConfig
  64              		.section	.text.CapSense_CSD_Sleep,"ax",%progbits
  65              		.align	2
  66              		.global	CapSense_CSD_Sleep
  67              		.thumb
  68              		.thumb_func
  69              		.type	CapSense_CSD_Sleep, %function
  70              	CapSense_CSD_Sleep:
  71              	.LFB1:
  67:Generated_Source\PSoC5/CapSense_CSD_PM.c **** 
  68:Generated_Source\PSoC5/CapSense_CSD_PM.c **** 
  69:Generated_Source\PSoC5/CapSense_CSD_PM.c **** /*******************************************************************************
  70:Generated_Source\PSoC5/CapSense_CSD_PM.c **** * Function Name: CapSense_CSD_Sleep
  71:Generated_Source\PSoC5/CapSense_CSD_PM.c **** ********************************************************************************
  72:Generated_Source\PSoC5/CapSense_CSD_PM.c **** *
  73:Generated_Source\PSoC5/CapSense_CSD_PM.c **** * Summary:
  74:Generated_Source\PSoC5/CapSense_CSD_PM.c **** *  Disables Active mode power template bits for number of component used within 
  75:Generated_Source\PSoC5/CapSense_CSD_PM.c **** *  CapSense. Calls CapSense_CSD_SaveConfig() function to save customer 
  76:Generated_Source\PSoC5/CapSense_CSD_PM.c **** *  configuration of CapSense none-retention registers and resets all sensors 
  77:Generated_Source\PSoC5/CapSense_CSD_PM.c **** *  to an inactive state.
  78:Generated_Source\PSoC5/CapSense_CSD_PM.c **** *
  79:Generated_Source\PSoC5/CapSense_CSD_PM.c **** * Parameters:
  80:Generated_Source\PSoC5/CapSense_CSD_PM.c **** *  None
  81:Generated_Source\PSoC5/CapSense_CSD_PM.c **** *
  82:Generated_Source\PSoC5/CapSense_CSD_PM.c **** * Return:
  83:Generated_Source\PSoC5/CapSense_CSD_PM.c **** *  None
  84:Generated_Source\PSoC5/CapSense_CSD_PM.c **** *
  85:Generated_Source\PSoC5/CapSense_CSD_PM.c **** * Side Effects:
  86:Generated_Source\PSoC5/CapSense_CSD_PM.c **** *  Function CapSense_CSD_Sleep disconnects all sensors from the
  87:Generated_Source\PSoC5/CapSense_CSD_PM.c **** *  Analog MUX Bus and puts them into inactive state. Call this function
  88:Generated_Source\PSoC5/CapSense_CSD_PM.c **** *  during the active scan can cause unpredictable component behavior.
  89:Generated_Source\PSoC5/CapSense_CSD_PM.c **** *
  90:Generated_Source\PSoC5/CapSense_CSD_PM.c **** * Note:
  91:Generated_Source\PSoC5/CapSense_CSD_PM.c **** *  This function should be called after completion of all scans.
  92:Generated_Source\PSoC5/CapSense_CSD_PM.c **** *
  93:Generated_Source\PSoC5/CapSense_CSD_PM.c **** * Global Variables:
  94:Generated_Source\PSoC5/CapSense_CSD_PM.c **** *  CapSense_CSD_backup - used to save component state before enter sleep 
  95:Generated_Source\PSoC5/CapSense_CSD_PM.c **** *  mode and none-retention registers.
  96:Generated_Source\PSoC5/CapSense_CSD_PM.c **** *
  97:Generated_Source\PSoC5/CapSense_CSD_PM.c **** * Reentrant:
  98:Generated_Source\PSoC5/CapSense_CSD_PM.c **** *  No
  99:Generated_Source\PSoC5/CapSense_CSD_PM.c **** *
 100:Generated_Source\PSoC5/CapSense_CSD_PM.c **** *******************************************************************************/
ARM GAS  C:\Users\ash750\AppData\Local\Temp\ccigoEyy.s 			page 4


 101:Generated_Source\PSoC5/CapSense_CSD_PM.c **** void CapSense_CSD_Sleep(void) 
 102:Generated_Source\PSoC5/CapSense_CSD_PM.c **** {
  72              		.loc 1 102 0
  73              		.cfi_startproc
  74              		@ args = 0, pretend = 0, frame = 0
  75              		@ frame_needed = 1, uses_anonymous_args = 0
  76 0000 80B5     		push	{r7, lr}
  77              		.cfi_def_cfa_offset 8
  78              		.cfi_offset 7, -8
  79              		.cfi_offset 14, -4
  80 0002 00AF     		add	r7, sp, #0
  81              		.cfi_def_cfa_register 7
 103:Generated_Source\PSoC5/CapSense_CSD_PM.c ****     /* Check and save enable state */
 104:Generated_Source\PSoC5/CapSense_CSD_PM.c ****     if(CapSense_CSD_IS_CAPSENSE_ENABLE(CapSense_CSD_CONTROL_REG))
  82              		.loc 1 104 0
  83 0004 094B     		ldr	r3, .L7
  84 0006 1B78     		ldrb	r3, [r3]
  85 0008 DBB2     		uxtb	r3, r3
  86 000a 5BB2     		sxtb	r3, r3
  87 000c 002B     		cmp	r3, #0
  88 000e 05DA     		bge	.L5
 105:Generated_Source\PSoC5/CapSense_CSD_PM.c ****     {
 106:Generated_Source\PSoC5/CapSense_CSD_PM.c ****         CapSense_CSD_backup.enableState = 1u;
  89              		.loc 1 106 0
  90 0010 074B     		ldr	r3, .L7+4
  91 0012 0122     		movs	r2, #1
  92 0014 1A70     		strb	r2, [r3]
 107:Generated_Source\PSoC5/CapSense_CSD_PM.c ****         CapSense_CSD_Stop();
  93              		.loc 1 107 0
  94 0016 FFF7FEFF 		bl	CapSense_CSD_Stop
  95 001a 02E0     		b	.L6
  96              	.L5:
 108:Generated_Source\PSoC5/CapSense_CSD_PM.c ****     }
 109:Generated_Source\PSoC5/CapSense_CSD_PM.c ****     else
 110:Generated_Source\PSoC5/CapSense_CSD_PM.c ****     {
 111:Generated_Source\PSoC5/CapSense_CSD_PM.c ****         CapSense_CSD_backup.enableState = 0u;
  97              		.loc 1 111 0
  98 001c 044B     		ldr	r3, .L7+4
  99 001e 0022     		movs	r2, #0
 100 0020 1A70     		strb	r2, [r3]
 101              	.L6:
 112:Generated_Source\PSoC5/CapSense_CSD_PM.c ****     }
 113:Generated_Source\PSoC5/CapSense_CSD_PM.c ****     
 114:Generated_Source\PSoC5/CapSense_CSD_PM.c ****     CapSense_CSD_SaveConfig();
 102              		.loc 1 114 0
 103 0022 FFF7FEFF 		bl	CapSense_CSD_SaveConfig
 115:Generated_Source\PSoC5/CapSense_CSD_PM.c **** }
 104              		.loc 1 115 0
 105 0026 00BF     		nop
 106 0028 80BD     		pop	{r7, pc}
 107              	.L8:
 108 002a 00BF     		.align	2
 109              	.L7:
 110 002c 78640040 		.word	1073767544
 111 0030 00000000 		.word	CapSense_CSD_backup
 112              		.cfi_endproc
 113              	.LFE1:
ARM GAS  C:\Users\ash750\AppData\Local\Temp\ccigoEyy.s 			page 5


 114              		.size	CapSense_CSD_Sleep, .-CapSense_CSD_Sleep
 115              		.section	.text.CapSense_CSD_RestoreConfig,"ax",%progbits
 116              		.align	2
 117              		.global	CapSense_CSD_RestoreConfig
 118              		.thumb
 119              		.thumb_func
 120              		.type	CapSense_CSD_RestoreConfig, %function
 121              	CapSense_CSD_RestoreConfig:
 122              	.LFB2:
 116:Generated_Source\PSoC5/CapSense_CSD_PM.c **** 
 117:Generated_Source\PSoC5/CapSense_CSD_PM.c **** 
 118:Generated_Source\PSoC5/CapSense_CSD_PM.c **** /*******************************************************************************
 119:Generated_Source\PSoC5/CapSense_CSD_PM.c **** * Function Name: CapSense_CSD_RestoreConfig
 120:Generated_Source\PSoC5/CapSense_CSD_PM.c **** ********************************************************************************
 121:Generated_Source\PSoC5/CapSense_CSD_PM.c **** *
 122:Generated_Source\PSoC5/CapSense_CSD_PM.c **** * Summary:
 123:Generated_Source\PSoC5/CapSense_CSD_PM.c **** *  Restores CapSense configuration and non-retention register values.
 124:Generated_Source\PSoC5/CapSense_CSD_PM.c **** *
 125:Generated_Source\PSoC5/CapSense_CSD_PM.c **** * Parameters:
 126:Generated_Source\PSoC5/CapSense_CSD_PM.c **** *  None
 127:Generated_Source\PSoC5/CapSense_CSD_PM.c **** *
 128:Generated_Source\PSoC5/CapSense_CSD_PM.c **** * Return:
 129:Generated_Source\PSoC5/CapSense_CSD_PM.c **** *  None
 130:Generated_Source\PSoC5/CapSense_CSD_PM.c **** *
 131:Generated_Source\PSoC5/CapSense_CSD_PM.c **** * Side Effects:
 132:Generated_Source\PSoC5/CapSense_CSD_PM.c **** *  Must be called only after CapSense_CSD_SaveConfig() routine. Otherwise 
 133:Generated_Source\PSoC5/CapSense_CSD_PM.c **** *  the component configuration will be overwritten with its initial setting.
 134:Generated_Source\PSoC5/CapSense_CSD_PM.c **** *  This finction modifies the CONTROL_REG register. 
 135:Generated_Source\PSoC5/CapSense_CSD_PM.c **** *
 136:Generated_Source\PSoC5/CapSense_CSD_PM.c **** * Note:
 137:Generated_Source\PSoC5/CapSense_CSD_PM.c **** *  This function should be called after completion of all scans.
 138:Generated_Source\PSoC5/CapSense_CSD_PM.c **** *
 139:Generated_Source\PSoC5/CapSense_CSD_PM.c **** * Global Variables:
 140:Generated_Source\PSoC5/CapSense_CSD_PM.c **** *  CapSense_CSD_backup - used to save component state before enter sleep 
 141:Generated_Source\PSoC5/CapSense_CSD_PM.c **** *  mode and none-retention registers.
 142:Generated_Source\PSoC5/CapSense_CSD_PM.c **** *
 143:Generated_Source\PSoC5/CapSense_CSD_PM.c **** *******************************************************************************/
 144:Generated_Source\PSoC5/CapSense_CSD_PM.c **** void CapSense_CSD_RestoreConfig(void) 
 145:Generated_Source\PSoC5/CapSense_CSD_PM.c **** {       
 123              		.loc 1 145 0
 124              		.cfi_startproc
 125              		@ args = 0, pretend = 0, frame = 0
 126              		@ frame_needed = 1, uses_anonymous_args = 0
 127              		@ link register save eliminated.
 128 0000 80B4     		push	{r7}
 129              		.cfi_def_cfa_offset 4
 130              		.cfi_offset 7, -4
 131 0002 00AF     		add	r7, sp, #0
 132              		.cfi_def_cfa_register 7
 146:Generated_Source\PSoC5/CapSense_CSD_PM.c ****     /* Set PRS */
 147:Generated_Source\PSoC5/CapSense_CSD_PM.c ****     #if (CapSense_CSD_PRS_OPTIONS == CapSense_CSD_PRS_8BITS)        
 148:Generated_Source\PSoC5/CapSense_CSD_PM.c ****         /* Write FIFO with seed */
 149:Generated_Source\PSoC5/CapSense_CSD_PM.c ****         CapSense_CSD_SEED_COPY_REG = CapSense_CSD_MEASURE_FULL_RANGE_LOW;               /* F0 regis
 150:Generated_Source\PSoC5/CapSense_CSD_PM.c ****     
 151:Generated_Source\PSoC5/CapSense_CSD_PM.c ****     #elif (CapSense_CSD_PRS_OPTIONS == CapSense_CSD_PRS_16BITS)
 152:Generated_Source\PSoC5/CapSense_CSD_PM.c ****         /* Write FIFO with seed */
 153:Generated_Source\PSoC5/CapSense_CSD_PM.c ****         CY_SET_REG16(CapSense_CSD_SEED_COPY_PTR, CapSense_CSD_MEASURE_FULL_RANGE);      /* F0 regis
ARM GAS  C:\Users\ash750\AppData\Local\Temp\ccigoEyy.s 			page 6


 154:Generated_Source\PSoC5/CapSense_CSD_PM.c ****                 
 155:Generated_Source\PSoC5/CapSense_CSD_PM.c ****     #elif (CapSense_CSD_PRS_OPTIONS == CapSense_CSD_PRS_16BITS_4X)
 156:Generated_Source\PSoC5/CapSense_CSD_PM.c ****         
 157:Generated_Source\PSoC5/CapSense_CSD_PM.c ****         /* Write FIFO with seed */
 158:Generated_Source\PSoC5/CapSense_CSD_PM.c ****         CapSense_CSD_SEED_COPY_A__F1_REG = CapSense_CSD_MEASURE_FULL_RANGE_LOW;         /* F0 regis
 159:Generated_Source\PSoC5/CapSense_CSD_PM.c ****         CapSense_CSD_SEED_COPY_A__F0_REG =CapSense_CSD_MEASURE_FULL_RANGE_LOW;          /* F1 regis
 160:Generated_Source\PSoC5/CapSense_CSD_PM.c ****         
 161:Generated_Source\PSoC5/CapSense_CSD_PM.c ****     #else
 162:Generated_Source\PSoC5/CapSense_CSD_PM.c ****         /* Do nothing = config without PRS */
 163:Generated_Source\PSoC5/CapSense_CSD_PM.c ****     #endif  /* (CapSense_CSD_PRS_OPTIONS == CapSense_CSD_PRS_8BITS) */
 164:Generated_Source\PSoC5/CapSense_CSD_PM.c ****     
 165:Generated_Source\PSoC5/CapSense_CSD_PM.c ****     /* Set the Measure */
 166:Generated_Source\PSoC5/CapSense_CSD_PM.c ****     #if (CapSense_CSD_IMPLEMENTATION_CH0 == CapSense_CSD_MEASURE_IMPLEMENTATION_FF)
 167:Generated_Source\PSoC5/CapSense_CSD_PM.c ****         /* Window PWM  - FF Timer register are retention */
 168:Generated_Source\PSoC5/CapSense_CSD_PM.c ****         /* Raw Counter - FF Timer register are retention */
 169:Generated_Source\PSoC5/CapSense_CSD_PM.c ****     #else
 170:Generated_Source\PSoC5/CapSense_CSD_PM.c ****         
 171:Generated_Source\PSoC5/CapSense_CSD_PM.c ****         /* Window PWM */
 172:Generated_Source\PSoC5/CapSense_CSD_PM.c ****         CapSense_CSD_PWM_CH0_PERIOD_LO_REG    = CapSense_CSD_MEASURE_FULL_RANGE_LOW;        /* F0 r
 133              		.loc 1 172 0
 134 0004 0C4B     		ldr	r3, .L10
 135 0006 FF22     		movs	r2, #255
 136 0008 1A70     		strb	r2, [r3]
 173:Generated_Source\PSoC5/CapSense_CSD_PM.c ****         
 174:Generated_Source\PSoC5/CapSense_CSD_PM.c ****         /* Raw Counter */
 175:Generated_Source\PSoC5/CapSense_CSD_PM.c ****         CapSense_CSD_RAW_CH0_PERIOD_HI_REG    = CapSense_CSD_MEASURE_FULL_RANGE_LOW;        /* F1 r
 137              		.loc 1 175 0
 138 000a 0C4B     		ldr	r3, .L10+4
 139 000c FF22     		movs	r2, #255
 140 000e 1A70     		strb	r2, [r3]
 176:Generated_Source\PSoC5/CapSense_CSD_PM.c ****         CapSense_CSD_RAW_CH0_PERIOD_LO_REG    = CapSense_CSD_MEASURE_FULL_RANGE_LOW;        /* F0 r
 141              		.loc 1 176 0
 142 0010 0B4B     		ldr	r3, .L10+8
 143 0012 FF22     		movs	r2, #255
 144 0014 1A70     		strb	r2, [r3]
 177:Generated_Source\PSoC5/CapSense_CSD_PM.c ****     
 178:Generated_Source\PSoC5/CapSense_CSD_PM.c ****     #endif  /* (CapSense_CSD_IMPLEMENTATION_CH0 == CapSense_CSD_MEASURE_IMPLEMENTATION_FF) */ 
 179:Generated_Source\PSoC5/CapSense_CSD_PM.c ****     
 180:Generated_Source\PSoC5/CapSense_CSD_PM.c ****     #if (CapSense_CSD_DESIGN_TYPE == CapSense_CSD_TWO_CHANNELS_DESIGN)
 181:Generated_Source\PSoC5/CapSense_CSD_PM.c ****         #if (CapSense_CSD_IMPLEMENTATION_CH1 == CapSense_CSD_MEASURE_IMPLEMENTATION_FF)
 182:Generated_Source\PSoC5/CapSense_CSD_PM.c ****             /* Window PWM  - FF Timer register are retention */
 183:Generated_Source\PSoC5/CapSense_CSD_PM.c ****             /* Raw Counter - FF Timer register are retention */
 184:Generated_Source\PSoC5/CapSense_CSD_PM.c ****         #else
 185:Generated_Source\PSoC5/CapSense_CSD_PM.c ****             
 186:Generated_Source\PSoC5/CapSense_CSD_PM.c ****             /* Window PWM */
 187:Generated_Source\PSoC5/CapSense_CSD_PM.c ****             CapSense_CSD_PWM_CH1_PERIOD_LO_REG    = CapSense_CSD_MEASURE_FULL_RANGE_LOW;       /* F
 188:Generated_Source\PSoC5/CapSense_CSD_PM.c ****             
 189:Generated_Source\PSoC5/CapSense_CSD_PM.c ****             /* Raw Counter */
 190:Generated_Source\PSoC5/CapSense_CSD_PM.c ****             CapSense_CSD_RAW_CH1_PERIOD_HI_REG    = CapSense_CSD_MEASURE_FULL_RANGE_LOW;       /* F
 191:Generated_Source\PSoC5/CapSense_CSD_PM.c ****             CapSense_CSD_RAW_CH1_PERIOD_LO_REG    = CapSense_CSD_MEASURE_FULL_RANGE_LOW;       /* F
 192:Generated_Source\PSoC5/CapSense_CSD_PM.c ****             
 193:Generated_Source\PSoC5/CapSense_CSD_PM.c ****         #endif  /* (CapSense_CSD_IMPLEMENTATION_CH1 == CapSense_CSD_MEASURE_IMPLEMENTATION_FF) */
 194:Generated_Source\PSoC5/CapSense_CSD_PM.c ****     
 195:Generated_Source\PSoC5/CapSense_CSD_PM.c ****     #endif  /* (CapSense_CSD_DESIGN_TYPE == TWO_CHANNELS_DESIGN)*/
 196:Generated_Source\PSoC5/CapSense_CSD_PM.c **** 
 197:Generated_Source\PSoC5/CapSense_CSD_PM.c ****     /* Set CONTROL_REG */
 198:Generated_Source\PSoC5/CapSense_CSD_PM.c ****     CapSense_CSD_CONTROL_REG = CapSense_CSD_backup.ctrlReg;
ARM GAS  C:\Users\ash750\AppData\Local\Temp\ccigoEyy.s 			page 7


 145              		.loc 1 198 0
 146 0016 0B4B     		ldr	r3, .L10+12
 147 0018 0B4A     		ldr	r2, .L10+16
 148 001a 5278     		ldrb	r2, [r2, #1]	@ zero_extendqisi2
 149 001c 1A70     		strb	r2, [r3]
 199:Generated_Source\PSoC5/CapSense_CSD_PM.c **** 
 200:Generated_Source\PSoC5/CapSense_CSD_PM.c ****     /* Enable window generation */
 201:Generated_Source\PSoC5/CapSense_CSD_PM.c ****     #if (CapSense_CSD_DESIGN_TYPE == CapSense_CSD_ONE_CHANNEL_DESIGN)
 202:Generated_Source\PSoC5/CapSense_CSD_PM.c ****         CapSense_CSD_CONTROL_REG |= CapSense_CSD_CTRL_WINDOW_EN__CH0;
 150              		.loc 1 202 0
 151 001e 094A     		ldr	r2, .L10+12
 152 0020 084B     		ldr	r3, .L10+12
 153 0022 1B78     		ldrb	r3, [r3]
 154 0024 DBB2     		uxtb	r3, r3
 155 0026 43F00403 		orr	r3, r3, #4
 156 002a DBB2     		uxtb	r3, r3
 157 002c 1370     		strb	r3, [r2]
 203:Generated_Source\PSoC5/CapSense_CSD_PM.c ****     #elif (CapSense_CSD_DESIGN_TYPE == CapSense_CSD_TWO_CHANNELS_DESIGN) 
 204:Generated_Source\PSoC5/CapSense_CSD_PM.c ****         CapSense_CSD_CONTROL_REG |= (CapSense_CSD_CTRL_WINDOW_EN__CH0 | CapSense_CSD_CTRL_WINDOW_EN
 205:Generated_Source\PSoC5/CapSense_CSD_PM.c ****     #endif  /* CapSense_CSD_DESIGN_TYPE */
 206:Generated_Source\PSoC5/CapSense_CSD_PM.c ****  
 207:Generated_Source\PSoC5/CapSense_CSD_PM.c ****     /* The pins enable are customer concern: Cmod and Rb */
 208:Generated_Source\PSoC5/CapSense_CSD_PM.c ****  }
 158              		.loc 1 208 0
 159 002e 00BF     		nop
 160 0030 BD46     		mov	sp, r7
 161              		.cfi_def_cfa_register 13
 162              		@ sp needed
 163 0032 80BC     		pop	{r7}
 164              		.cfi_restore 7
 165              		.cfi_def_cfa_offset 0
 166 0034 7047     		bx	lr
 167              	.L11:
 168 0036 00BF     		.align	2
 169              	.L10:
 170 0038 4A640040 		.word	1073767498
 171 003c 5B640040 		.word	1073767515
 172 0040 4B640040 		.word	1073767499
 173 0044 78640040 		.word	1073767544
 174 0048 00000000 		.word	CapSense_CSD_backup
 175              		.cfi_endproc
 176              	.LFE2:
 177              		.size	CapSense_CSD_RestoreConfig, .-CapSense_CSD_RestoreConfig
 178              		.section	.text.CapSense_CSD_Wakeup,"ax",%progbits
 179              		.align	2
 180              		.global	CapSense_CSD_Wakeup
 181              		.thumb
 182              		.thumb_func
 183              		.type	CapSense_CSD_Wakeup, %function
 184              	CapSense_CSD_Wakeup:
 185              	.LFB3:
 209:Generated_Source\PSoC5/CapSense_CSD_PM.c ****  
 210:Generated_Source\PSoC5/CapSense_CSD_PM.c **** 
 211:Generated_Source\PSoC5/CapSense_CSD_PM.c **** /*******************************************************************************
 212:Generated_Source\PSoC5/CapSense_CSD_PM.c **** * Function Name: CapSense_CSD_Wakeup
 213:Generated_Source\PSoC5/CapSense_CSD_PM.c **** ********************************************************************************
 214:Generated_Source\PSoC5/CapSense_CSD_PM.c **** *
ARM GAS  C:\Users\ash750\AppData\Local\Temp\ccigoEyy.s 			page 8


 215:Generated_Source\PSoC5/CapSense_CSD_PM.c **** * Summary:
 216:Generated_Source\PSoC5/CapSense_CSD_PM.c **** *  Restores CapSense configuration and non-retention register values. 
 217:Generated_Source\PSoC5/CapSense_CSD_PM.c **** *  Restores enabled state of component by setting Active mode power template 
 218:Generated_Source\PSoC5/CapSense_CSD_PM.c **** *  bits for number of component used within CapSense.
 219:Generated_Source\PSoC5/CapSense_CSD_PM.c **** *
 220:Generated_Source\PSoC5/CapSense_CSD_PM.c **** * Parameters:
 221:Generated_Source\PSoC5/CapSense_CSD_PM.c **** *  None
 222:Generated_Source\PSoC5/CapSense_CSD_PM.c **** *
 223:Generated_Source\PSoC5/CapSense_CSD_PM.c **** * Return:
 224:Generated_Source\PSoC5/CapSense_CSD_PM.c **** *  None
 225:Generated_Source\PSoC5/CapSense_CSD_PM.c **** *
 226:Generated_Source\PSoC5/CapSense_CSD_PM.c **** * Side Effects:
 227:Generated_Source\PSoC5/CapSense_CSD_PM.c **** *  Must be called only after CapSense_CSD_SaveConfig() routine. Otherwise 
 228:Generated_Source\PSoC5/CapSense_CSD_PM.c **** *  the component configuration will be overwritten with its initial setting.
 229:Generated_Source\PSoC5/CapSense_CSD_PM.c **** *  This finction modifies the CONTROL_REG register. 
 230:Generated_Source\PSoC5/CapSense_CSD_PM.c **** *
 231:Generated_Source\PSoC5/CapSense_CSD_PM.c **** * Note:
 232:Generated_Source\PSoC5/CapSense_CSD_PM.c **** *  This function should be called after completion of all scans.
 233:Generated_Source\PSoC5/CapSense_CSD_PM.c **** *
 234:Generated_Source\PSoC5/CapSense_CSD_PM.c **** * Global Variables:
 235:Generated_Source\PSoC5/CapSense_CSD_PM.c **** *  CapSense_CSD_backup - used to save component state before enter sleep 
 236:Generated_Source\PSoC5/CapSense_CSD_PM.c **** *  mode and none-retention registers.
 237:Generated_Source\PSoC5/CapSense_CSD_PM.c **** *
 238:Generated_Source\PSoC5/CapSense_CSD_PM.c **** *******************************************************************************/
 239:Generated_Source\PSoC5/CapSense_CSD_PM.c **** void CapSense_CSD_Wakeup(void) 
 240:Generated_Source\PSoC5/CapSense_CSD_PM.c **** {
 186              		.loc 1 240 0
 187              		.cfi_startproc
 188              		@ args = 0, pretend = 0, frame = 0
 189              		@ frame_needed = 1, uses_anonymous_args = 0
 190 0000 80B5     		push	{r7, lr}
 191              		.cfi_def_cfa_offset 8
 192              		.cfi_offset 7, -8
 193              		.cfi_offset 14, -4
 194 0002 00AF     		add	r7, sp, #0
 195              		.cfi_def_cfa_register 7
 241:Generated_Source\PSoC5/CapSense_CSD_PM.c ****     CapSense_CSD_RestoreConfig();
 196              		.loc 1 241 0
 197 0004 FFF7FEFF 		bl	CapSense_CSD_RestoreConfig
 242:Generated_Source\PSoC5/CapSense_CSD_PM.c ****     
 243:Generated_Source\PSoC5/CapSense_CSD_PM.c ****     /* Restore CapSense Enable state */
 244:Generated_Source\PSoC5/CapSense_CSD_PM.c ****     if (CapSense_CSD_backup.enableState != 0u)
 198              		.loc 1 244 0
 199 0008 034B     		ldr	r3, .L15
 200 000a 1B78     		ldrb	r3, [r3]	@ zero_extendqisi2
 201 000c 002B     		cmp	r3, #0
 202 000e 01D0     		beq	.L14
 245:Generated_Source\PSoC5/CapSense_CSD_PM.c ****     {
 246:Generated_Source\PSoC5/CapSense_CSD_PM.c ****         CapSense_CSD_Enable();
 203              		.loc 1 246 0
 204 0010 FFF7FEFF 		bl	CapSense_CSD_Enable
 205              	.L14:
 247:Generated_Source\PSoC5/CapSense_CSD_PM.c ****     }
 248:Generated_Source\PSoC5/CapSense_CSD_PM.c **** }
 206              		.loc 1 248 0
 207 0014 00BF     		nop
 208 0016 80BD     		pop	{r7, pc}
ARM GAS  C:\Users\ash750\AppData\Local\Temp\ccigoEyy.s 			page 9


 209              	.L16:
 210              		.align	2
 211              	.L15:
 212 0018 00000000 		.word	CapSense_CSD_backup
 213              		.cfi_endproc
 214              	.LFE3:
 215              		.size	CapSense_CSD_Wakeup, .-CapSense_CSD_Wakeup
 216              		.text
 217              	.Letext0:
 218              		.file 2 "Generated_Source\\PSoC5\\cytypes.h"
 219              		.file 3 "Generated_Source\\PSoC5\\CapSense_CSD.h"
 220              		.section	.debug_info,"",%progbits
 221              	.Ldebug_info0:
 222 0000 29010000 		.4byte	0x129
 223 0004 0400     		.2byte	0x4
 224 0006 00000000 		.4byte	.Ldebug_abbrev0
 225 000a 04       		.byte	0x4
 226 000b 01       		.uleb128 0x1
 227 000c A1000000 		.4byte	.LASF23
 228 0010 0C       		.byte	0xc
 229 0011 0C020000 		.4byte	.LASF24
 230 0015 51010000 		.4byte	.LASF25
 231 0019 00000000 		.4byte	.Ldebug_ranges0+0
 232 001d 00000000 		.4byte	0
 233 0021 00000000 		.4byte	.Ldebug_line0
 234 0025 02       		.uleb128 0x2
 235 0026 01       		.byte	0x1
 236 0027 06       		.byte	0x6
 237 0028 CD010000 		.4byte	.LASF0
 238 002c 02       		.uleb128 0x2
 239 002d 01       		.byte	0x1
 240 002e 08       		.byte	0x8
 241 002f 2F010000 		.4byte	.LASF1
 242 0033 02       		.uleb128 0x2
 243 0034 02       		.byte	0x2
 244 0035 05       		.byte	0x5
 245 0036 35020000 		.4byte	.LASF2
 246 003a 02       		.uleb128 0x2
 247 003b 02       		.byte	0x2
 248 003c 07       		.byte	0x7
 249 003d BA010000 		.4byte	.LASF3
 250 0041 02       		.uleb128 0x2
 251 0042 04       		.byte	0x4
 252 0043 05       		.byte	0x5
 253 0044 AA010000 		.4byte	.LASF4
 254 0048 02       		.uleb128 0x2
 255 0049 04       		.byte	0x4
 256 004a 07       		.byte	0x7
 257 004b 3A000000 		.4byte	.LASF5
 258 004f 02       		.uleb128 0x2
 259 0050 08       		.byte	0x8
 260 0051 05       		.byte	0x5
 261 0052 00000000 		.4byte	.LASF6
 262 0056 02       		.uleb128 0x2
 263 0057 08       		.byte	0x8
 264 0058 07       		.byte	0x7
 265 0059 4C000000 		.4byte	.LASF7
ARM GAS  C:\Users\ash750\AppData\Local\Temp\ccigoEyy.s 			page 10


 266 005d 03       		.uleb128 0x3
 267 005e 04       		.byte	0x4
 268 005f 05       		.byte	0x5
 269 0060 696E7400 		.ascii	"int\000"
 270 0064 02       		.uleb128 0x2
 271 0065 04       		.byte	0x4
 272 0066 07       		.byte	0x7
 273 0067 1A000000 		.4byte	.LASF8
 274 006b 04       		.uleb128 0x4
 275 006c 34000000 		.4byte	.LASF12
 276 0070 02       		.byte	0x2
 277 0071 9201     		.2byte	0x192
 278 0073 2C000000 		.4byte	0x2c
 279 0077 02       		.uleb128 0x2
 280 0078 04       		.byte	0x4
 281 0079 04       		.byte	0x4
 282 007a 96000000 		.4byte	.LASF9
 283 007e 02       		.uleb128 0x2
 284 007f 08       		.byte	0x8
 285 0080 04       		.byte	0x4
 286 0081 B3010000 		.4byte	.LASF10
 287 0085 02       		.uleb128 0x2
 288 0086 01       		.byte	0x1
 289 0087 08       		.byte	0x8
 290 0088 9C000000 		.4byte	.LASF11
 291 008c 04       		.uleb128 0x4
 292 008d 2F000000 		.4byte	.LASF13
 293 0091 02       		.byte	0x2
 294 0092 3C02     		.2byte	0x23c
 295 0094 98000000 		.4byte	0x98
 296 0098 05       		.uleb128 0x5
 297 0099 6B000000 		.4byte	0x6b
 298 009d 02       		.uleb128 0x2
 299 009e 08       		.byte	0x8
 300 009f 04       		.byte	0x4
 301 00a0 EC010000 		.4byte	.LASF14
 302 00a4 02       		.uleb128 0x2
 303 00a5 04       		.byte	0x4
 304 00a6 07       		.byte	0x7
 305 00a7 5A020000 		.4byte	.LASF15
 306 00ab 06       		.uleb128 0x6
 307 00ac 02       		.byte	0x2
 308 00ad 03       		.byte	0x3
 309 00ae 84       		.byte	0x84
 310 00af CC000000 		.4byte	0xcc
 311 00b3 07       		.uleb128 0x7
 312 00b4 0E000000 		.4byte	.LASF16
 313 00b8 03       		.byte	0x3
 314 00b9 86       		.byte	0x86
 315 00ba 6B000000 		.4byte	0x6b
 316 00be 00       		.byte	0
 317 00bf 07       		.uleb128 0x7
 318 00c0 27000000 		.4byte	.LASF17
 319 00c4 03       		.byte	0x3
 320 00c5 89       		.byte	0x89
 321 00c6 6B000000 		.4byte	0x6b
 322 00ca 01       		.byte	0x1
ARM GAS  C:\Users\ash750\AppData\Local\Temp\ccigoEyy.s 			page 11


 323 00cb 00       		.byte	0
 324 00cc 08       		.uleb128 0x8
 325 00cd 3F020000 		.4byte	.LASF18
 326 00d1 03       		.byte	0x3
 327 00d2 8A       		.byte	0x8a
 328 00d3 AB000000 		.4byte	0xab
 329 00d7 09       		.uleb128 0x9
 330 00d8 7E000000 		.4byte	.LASF19
 331 00dc 01       		.byte	0x1
 332 00dd 38       		.byte	0x38
 333 00de 00000000 		.4byte	.LFB0
 334 00e2 20000000 		.4byte	.LFE0-.LFB0
 335 00e6 01       		.uleb128 0x1
 336 00e7 9C       		.byte	0x9c
 337 00e8 09       		.uleb128 0x9
 338 00e9 D9010000 		.4byte	.LASF20
 339 00ed 01       		.byte	0x1
 340 00ee 65       		.byte	0x65
 341 00ef 00000000 		.4byte	.LFB1
 342 00f3 34000000 		.4byte	.LFE1-.LFB1
 343 00f7 01       		.uleb128 0x1
 344 00f8 9C       		.byte	0x9c
 345 00f9 0A       		.uleb128 0xa
 346 00fa 63000000 		.4byte	.LASF21
 347 00fe 01       		.byte	0x1
 348 00ff 90       		.byte	0x90
 349 0100 00000000 		.4byte	.LFB2
 350 0104 4C000000 		.4byte	.LFE2-.LFB2
 351 0108 01       		.uleb128 0x1
 352 0109 9C       		.byte	0x9c
 353 010a 09       		.uleb128 0x9
 354 010b F8010000 		.4byte	.LASF22
 355 010f 01       		.byte	0x1
 356 0110 EF       		.byte	0xef
 357 0111 00000000 		.4byte	.LFB3
 358 0115 1C000000 		.4byte	.LFE3-.LFB3
 359 0119 01       		.uleb128 0x1
 360 011a 9C       		.byte	0x9c
 361 011b 0B       		.uleb128 0xb
 362 011c 3D010000 		.4byte	.LASF26
 363 0120 01       		.byte	0x1
 364 0121 13       		.byte	0x13
 365 0122 CC000000 		.4byte	0xcc
 366 0126 05       		.uleb128 0x5
 367 0127 03       		.byte	0x3
 368 0128 00000000 		.4byte	CapSense_CSD_backup
 369 012c 00       		.byte	0
 370              		.section	.debug_abbrev,"",%progbits
 371              	.Ldebug_abbrev0:
 372 0000 01       		.uleb128 0x1
 373 0001 11       		.uleb128 0x11
 374 0002 01       		.byte	0x1
 375 0003 25       		.uleb128 0x25
 376 0004 0E       		.uleb128 0xe
 377 0005 13       		.uleb128 0x13
 378 0006 0B       		.uleb128 0xb
 379 0007 03       		.uleb128 0x3
ARM GAS  C:\Users\ash750\AppData\Local\Temp\ccigoEyy.s 			page 12


 380 0008 0E       		.uleb128 0xe
 381 0009 1B       		.uleb128 0x1b
 382 000a 0E       		.uleb128 0xe
 383 000b 55       		.uleb128 0x55
 384 000c 17       		.uleb128 0x17
 385 000d 11       		.uleb128 0x11
 386 000e 01       		.uleb128 0x1
 387 000f 10       		.uleb128 0x10
 388 0010 17       		.uleb128 0x17
 389 0011 00       		.byte	0
 390 0012 00       		.byte	0
 391 0013 02       		.uleb128 0x2
 392 0014 24       		.uleb128 0x24
 393 0015 00       		.byte	0
 394 0016 0B       		.uleb128 0xb
 395 0017 0B       		.uleb128 0xb
 396 0018 3E       		.uleb128 0x3e
 397 0019 0B       		.uleb128 0xb
 398 001a 03       		.uleb128 0x3
 399 001b 0E       		.uleb128 0xe
 400 001c 00       		.byte	0
 401 001d 00       		.byte	0
 402 001e 03       		.uleb128 0x3
 403 001f 24       		.uleb128 0x24
 404 0020 00       		.byte	0
 405 0021 0B       		.uleb128 0xb
 406 0022 0B       		.uleb128 0xb
 407 0023 3E       		.uleb128 0x3e
 408 0024 0B       		.uleb128 0xb
 409 0025 03       		.uleb128 0x3
 410 0026 08       		.uleb128 0x8
 411 0027 00       		.byte	0
 412 0028 00       		.byte	0
 413 0029 04       		.uleb128 0x4
 414 002a 16       		.uleb128 0x16
 415 002b 00       		.byte	0
 416 002c 03       		.uleb128 0x3
 417 002d 0E       		.uleb128 0xe
 418 002e 3A       		.uleb128 0x3a
 419 002f 0B       		.uleb128 0xb
 420 0030 3B       		.uleb128 0x3b
 421 0031 05       		.uleb128 0x5
 422 0032 49       		.uleb128 0x49
 423 0033 13       		.uleb128 0x13
 424 0034 00       		.byte	0
 425 0035 00       		.byte	0
 426 0036 05       		.uleb128 0x5
 427 0037 35       		.uleb128 0x35
 428 0038 00       		.byte	0
 429 0039 49       		.uleb128 0x49
 430 003a 13       		.uleb128 0x13
 431 003b 00       		.byte	0
 432 003c 00       		.byte	0
 433 003d 06       		.uleb128 0x6
 434 003e 13       		.uleb128 0x13
 435 003f 01       		.byte	0x1
 436 0040 0B       		.uleb128 0xb
ARM GAS  C:\Users\ash750\AppData\Local\Temp\ccigoEyy.s 			page 13


 437 0041 0B       		.uleb128 0xb
 438 0042 3A       		.uleb128 0x3a
 439 0043 0B       		.uleb128 0xb
 440 0044 3B       		.uleb128 0x3b
 441 0045 0B       		.uleb128 0xb
 442 0046 01       		.uleb128 0x1
 443 0047 13       		.uleb128 0x13
 444 0048 00       		.byte	0
 445 0049 00       		.byte	0
 446 004a 07       		.uleb128 0x7
 447 004b 0D       		.uleb128 0xd
 448 004c 00       		.byte	0
 449 004d 03       		.uleb128 0x3
 450 004e 0E       		.uleb128 0xe
 451 004f 3A       		.uleb128 0x3a
 452 0050 0B       		.uleb128 0xb
 453 0051 3B       		.uleb128 0x3b
 454 0052 0B       		.uleb128 0xb
 455 0053 49       		.uleb128 0x49
 456 0054 13       		.uleb128 0x13
 457 0055 38       		.uleb128 0x38
 458 0056 0B       		.uleb128 0xb
 459 0057 00       		.byte	0
 460 0058 00       		.byte	0
 461 0059 08       		.uleb128 0x8
 462 005a 16       		.uleb128 0x16
 463 005b 00       		.byte	0
 464 005c 03       		.uleb128 0x3
 465 005d 0E       		.uleb128 0xe
 466 005e 3A       		.uleb128 0x3a
 467 005f 0B       		.uleb128 0xb
 468 0060 3B       		.uleb128 0x3b
 469 0061 0B       		.uleb128 0xb
 470 0062 49       		.uleb128 0x49
 471 0063 13       		.uleb128 0x13
 472 0064 00       		.byte	0
 473 0065 00       		.byte	0
 474 0066 09       		.uleb128 0x9
 475 0067 2E       		.uleb128 0x2e
 476 0068 00       		.byte	0
 477 0069 3F       		.uleb128 0x3f
 478 006a 19       		.uleb128 0x19
 479 006b 03       		.uleb128 0x3
 480 006c 0E       		.uleb128 0xe
 481 006d 3A       		.uleb128 0x3a
 482 006e 0B       		.uleb128 0xb
 483 006f 3B       		.uleb128 0x3b
 484 0070 0B       		.uleb128 0xb
 485 0071 27       		.uleb128 0x27
 486 0072 19       		.uleb128 0x19
 487 0073 11       		.uleb128 0x11
 488 0074 01       		.uleb128 0x1
 489 0075 12       		.uleb128 0x12
 490 0076 06       		.uleb128 0x6
 491 0077 40       		.uleb128 0x40
 492 0078 18       		.uleb128 0x18
 493 0079 9642     		.uleb128 0x2116
ARM GAS  C:\Users\ash750\AppData\Local\Temp\ccigoEyy.s 			page 14


 494 007b 19       		.uleb128 0x19
 495 007c 00       		.byte	0
 496 007d 00       		.byte	0
 497 007e 0A       		.uleb128 0xa
 498 007f 2E       		.uleb128 0x2e
 499 0080 00       		.byte	0
 500 0081 3F       		.uleb128 0x3f
 501 0082 19       		.uleb128 0x19
 502 0083 03       		.uleb128 0x3
 503 0084 0E       		.uleb128 0xe
 504 0085 3A       		.uleb128 0x3a
 505 0086 0B       		.uleb128 0xb
 506 0087 3B       		.uleb128 0x3b
 507 0088 0B       		.uleb128 0xb
 508 0089 27       		.uleb128 0x27
 509 008a 19       		.uleb128 0x19
 510 008b 11       		.uleb128 0x11
 511 008c 01       		.uleb128 0x1
 512 008d 12       		.uleb128 0x12
 513 008e 06       		.uleb128 0x6
 514 008f 40       		.uleb128 0x40
 515 0090 18       		.uleb128 0x18
 516 0091 9742     		.uleb128 0x2117
 517 0093 19       		.uleb128 0x19
 518 0094 00       		.byte	0
 519 0095 00       		.byte	0
 520 0096 0B       		.uleb128 0xb
 521 0097 34       		.uleb128 0x34
 522 0098 00       		.byte	0
 523 0099 03       		.uleb128 0x3
 524 009a 0E       		.uleb128 0xe
 525 009b 3A       		.uleb128 0x3a
 526 009c 0B       		.uleb128 0xb
 527 009d 3B       		.uleb128 0x3b
 528 009e 0B       		.uleb128 0xb
 529 009f 49       		.uleb128 0x49
 530 00a0 13       		.uleb128 0x13
 531 00a1 3F       		.uleb128 0x3f
 532 00a2 19       		.uleb128 0x19
 533 00a3 02       		.uleb128 0x2
 534 00a4 18       		.uleb128 0x18
 535 00a5 00       		.byte	0
 536 00a6 00       		.byte	0
 537 00a7 00       		.byte	0
 538              		.section	.debug_aranges,"",%progbits
 539 0000 34000000 		.4byte	0x34
 540 0004 0200     		.2byte	0x2
 541 0006 00000000 		.4byte	.Ldebug_info0
 542 000a 04       		.byte	0x4
 543 000b 00       		.byte	0
 544 000c 0000     		.2byte	0
 545 000e 0000     		.2byte	0
 546 0010 00000000 		.4byte	.LFB0
 547 0014 20000000 		.4byte	.LFE0-.LFB0
 548 0018 00000000 		.4byte	.LFB1
 549 001c 34000000 		.4byte	.LFE1-.LFB1
 550 0020 00000000 		.4byte	.LFB2
ARM GAS  C:\Users\ash750\AppData\Local\Temp\ccigoEyy.s 			page 15


 551 0024 4C000000 		.4byte	.LFE2-.LFB2
 552 0028 00000000 		.4byte	.LFB3
 553 002c 1C000000 		.4byte	.LFE3-.LFB3
 554 0030 00000000 		.4byte	0
 555 0034 00000000 		.4byte	0
 556              		.section	.debug_ranges,"",%progbits
 557              	.Ldebug_ranges0:
 558 0000 00000000 		.4byte	.LFB0
 559 0004 20000000 		.4byte	.LFE0
 560 0008 00000000 		.4byte	.LFB1
 561 000c 34000000 		.4byte	.LFE1
 562 0010 00000000 		.4byte	.LFB2
 563 0014 4C000000 		.4byte	.LFE2
 564 0018 00000000 		.4byte	.LFB3
 565 001c 1C000000 		.4byte	.LFE3
 566 0020 00000000 		.4byte	0
 567 0024 00000000 		.4byte	0
 568              		.section	.debug_line,"",%progbits
 569              	.Ldebug_line0:
 570 0000 BA000000 		.section	.debug_str,"MS",%progbits,1
 570      02005E00 
 570      00000201 
 570      FB0E0D00 
 570      01010101 
 571              	.LASF6:
 572 0000 6C6F6E67 		.ascii	"long long int\000"
 572      206C6F6E 
 572      6720696E 
 572      7400
 573              	.LASF16:
 574 000e 656E6162 		.ascii	"enableState\000"
 574      6C655374 
 574      61746500 
 575              	.LASF8:
 576 001a 756E7369 		.ascii	"unsigned int\000"
 576      676E6564 
 576      20696E74 
 576      00
 577              	.LASF17:
 578 0027 6374726C 		.ascii	"ctrlReg\000"
 578      52656700 
 579              	.LASF13:
 580 002f 72656738 		.ascii	"reg8\000"
 580      00
 581              	.LASF12:
 582 0034 75696E74 		.ascii	"uint8\000"
 582      3800
 583              	.LASF5:
 584 003a 6C6F6E67 		.ascii	"long unsigned int\000"
 584      20756E73 
 584      69676E65 
 584      6420696E 
 584      7400
 585              	.LASF7:
 586 004c 6C6F6E67 		.ascii	"long long unsigned int\000"
 586      206C6F6E 
 586      6720756E 
ARM GAS  C:\Users\ash750\AppData\Local\Temp\ccigoEyy.s 			page 16


 586      7369676E 
 586      65642069 
 587              	.LASF21:
 588 0063 43617053 		.ascii	"CapSense_CSD_RestoreConfig\000"
 588      656E7365 
 588      5F435344 
 588      5F526573 
 588      746F7265 
 589              	.LASF19:
 590 007e 43617053 		.ascii	"CapSense_CSD_SaveConfig\000"
 590      656E7365 
 590      5F435344 
 590      5F536176 
 590      65436F6E 
 591              	.LASF9:
 592 0096 666C6F61 		.ascii	"float\000"
 592      7400
 593              	.LASF11:
 594 009c 63686172 		.ascii	"char\000"
 594      00
 595              	.LASF23:
 596 00a1 474E5520 		.ascii	"GNU C11 5.4.1 20160609 (release) [ARM/embedded-5-br"
 596      43313120 
 596      352E342E 
 596      31203230 
 596      31363036 
 597 00d4 616E6368 		.ascii	"anch revision 237715] -mcpu=cortex-m3 -mthumb -g -O"
 597      20726576 
 597      6973696F 
 597      6E203233 
 597      37373135 
 598 0107 30202D66 		.ascii	"0 -ffunction-sections -ffat-lto-objects\000"
 598      66756E63 
 598      74696F6E 
 598      2D736563 
 598      74696F6E 
 599              	.LASF1:
 600 012f 756E7369 		.ascii	"unsigned char\000"
 600      676E6564 
 600      20636861 
 600      7200
 601              	.LASF26:
 602 013d 43617053 		.ascii	"CapSense_CSD_backup\000"
 602      656E7365 
 602      5F435344 
 602      5F626163 
 602      6B757000 
 603              	.LASF25:
 604 0151 483A5C50 		.ascii	"H:\\P4P\\New\\P4P_Project-130\\Capsense_stuff\\Cap_"
 604      34505C4E 
 604      65775C50 
 604      34505F50 
 604      726F6A65 
 605 017f 53656E73 		.ascii	"Sense.cydsn\\CapSense_CSD_WithTuner01.cydsn\000"
 605      652E6379 
 605      64736E5C 
 605      43617053 
ARM GAS  C:\Users\ash750\AppData\Local\Temp\ccigoEyy.s 			page 17


 605      656E7365 
 606              	.LASF4:
 607 01aa 6C6F6E67 		.ascii	"long int\000"
 607      20696E74 
 607      00
 608              	.LASF10:
 609 01b3 646F7562 		.ascii	"double\000"
 609      6C6500
 610              	.LASF3:
 611 01ba 73686F72 		.ascii	"short unsigned int\000"
 611      7420756E 
 611      7369676E 
 611      65642069 
 611      6E7400
 612              	.LASF0:
 613 01cd 7369676E 		.ascii	"signed char\000"
 613      65642063 
 613      68617200 
 614              	.LASF20:
 615 01d9 43617053 		.ascii	"CapSense_CSD_Sleep\000"
 615      656E7365 
 615      5F435344 
 615      5F536C65 
 615      657000
 616              	.LASF14:
 617 01ec 6C6F6E67 		.ascii	"long double\000"
 617      20646F75 
 617      626C6500 
 618              	.LASF22:
 619 01f8 43617053 		.ascii	"CapSense_CSD_Wakeup\000"
 619      656E7365 
 619      5F435344 
 619      5F57616B 
 619      65757000 
 620              	.LASF24:
 621 020c 47656E65 		.ascii	"Generated_Source\\PSoC5\\CapSense_CSD_PM.c\000"
 621      72617465 
 621      645F536F 
 621      75726365 
 621      5C50536F 
 622              	.LASF2:
 623 0235 73686F72 		.ascii	"short int\000"
 623      7420696E 
 623      7400
 624              	.LASF18:
 625 023f 43617053 		.ascii	"CapSense_CSD_BACKUP_STRUCT\000"
 625      656E7365 
 625      5F435344 
 625      5F424143 
 625      4B55505F 
 626              	.LASF15:
 627 025a 73697A65 		.ascii	"sizetype\000"
 627      74797065 
 627      00
 628              		.ident	"GCC: (GNU Tools for ARM Embedded Processors) 5.4.1 20160609 (release) [ARM/embedded-5-bran
