ARM GAS  C:\Users\ash750\AppData\Local\Temp\ccyRLEso.s 			page 1


   1              		.syntax unified
   2              		.cpu cortex-m3
   3              		.fpu softvfp
   4              		.eabi_attribute 20, 1
   5              		.eabi_attribute 21, 1
   6              		.eabi_attribute 23, 3
   7              		.eabi_attribute 24, 1
   8              		.eabi_attribute 25, 1
   9              		.eabi_attribute 26, 1
  10              		.eabi_attribute 30, 6
  11              		.eabi_attribute 34, 1
  12              		.eabi_attribute 18, 4
  13              		.thumb
  14              		.syntax unified
  15              		.file	"cymetadata.c"
  16              		.text
  17              	.Ltext0:
  18              		.cfi_sections	.debug_frame
  19              		.global	cy_meta_configecc
  20              		.section	.cyconfigecc,"a",%progbits
  21              		.align	2
  22              		.type	cy_meta_configecc, %object
  23              		.size	cy_meta_configecc, 984
  24              	cy_meta_configecc:
  25 0000 04       		.byte	4
  26 0001 52       		.byte	82
  27 0002 00       		.byte	0
  28 0003 40       		.byte	64
  29 0004 09       		.byte	9
  30 0005 64       		.byte	100
  31 0006 00       		.byte	0
  32 0007 40       		.byte	64
  33 0008 01       		.byte	1
  34 0009 01       		.byte	1
  35 000a 01       		.byte	1
  36 000b 40       		.byte	64
  37 000c 01       		.byte	1
  38 000d 03       		.byte	3
  39 000e 01       		.byte	1
  40 000f 40       		.byte	64
  41 0010 39       		.byte	57
  42 0011 08       		.byte	8
  43 0012 01       		.byte	1
  44 0013 40       		.byte	64
  45 0014 2C       		.byte	44
  46 0015 09       		.byte	9
  47 0016 01       		.byte	1
  48 0017 40       		.byte	64
  49 0018 56       		.byte	86
  50 0019 0A       		.byte	10
  51 001a 01       		.byte	1
  52 001b 40       		.byte	64
  53 001c 31       		.byte	49
  54 001d 0B       		.byte	11
  55 001e 01       		.byte	1
  56 001f 40       		.byte	64
  57 0020 3E       		.byte	62
ARM GAS  C:\Users\ash750\AppData\Local\Temp\ccyRLEso.s 			page 2


  58 0021 0C       		.byte	12
  59 0022 01       		.byte	1
  60 0023 40       		.byte	64
  61 0024 1F       		.byte	31
  62 0025 0D       		.byte	13
  63 0026 01       		.byte	1
  64 0027 40       		.byte	64
  65 0028 01       		.byte	1
  66 0029 0F       		.byte	15
  67 002a 01       		.byte	1
  68 002b 40       		.byte	64
  69 002c 03       		.byte	3
  70 002d 15       		.byte	21
  71 002e 01       		.byte	1
  72 002f 40       		.byte	64
  73 0030 01       		.byte	1
  74 0031 17       		.byte	23
  75 0032 01       		.byte	1
  76 0033 40       		.byte	64
  77 0034 01       		.byte	1
  78 0035 19       		.byte	25
  79 0036 01       		.byte	1
  80 0037 40       		.byte	64
  81 0038 03       		.byte	3
  82 0039 1B       		.byte	27
  83 003a 01       		.byte	1
  84 003b 40       		.byte	64
  85 003c 06       		.byte	6
  86 003d 40       		.byte	64
  87 003e 01       		.byte	1
  88 003f 40       		.byte	64
  89 0040 03       		.byte	3
  90 0041 41       		.byte	65
  91 0042 01       		.byte	1
  92 0043 40       		.byte	64
  93 0044 02       		.byte	2
  94 0045 42       		.byte	66
  95 0046 01       		.byte	1
  96 0047 40       		.byte	64
  97 0048 01       		.byte	1
  98 0049 43       		.byte	67
  99 004a 01       		.byte	1
 100 004b 40       		.byte	64
 101 004c 02       		.byte	2
 102 004d 45       		.byte	69
 103 004e 01       		.byte	1
 104 004f 40       		.byte	64
 105 0050 05       		.byte	5
 106 0051 46       		.byte	70
 107 0052 01       		.byte	1
 108 0053 40       		.byte	64
 109 0054 04       		.byte	4
 110 0055 47       		.byte	71
 111 0056 01       		.byte	1
 112 0057 40       		.byte	64
 113 0058 03       		.byte	3
 114 0059 48       		.byte	72
ARM GAS  C:\Users\ash750\AppData\Local\Temp\ccyRLEso.s 			page 3


 115 005a 01       		.byte	1
 116 005b 40       		.byte	64
 117 005c 10       		.byte	16
 118 005d 49       		.byte	73
 119 005e 01       		.byte	1
 120 005f 40       		.byte	64
 121 0060 08       		.byte	8
 122 0061 4C       		.byte	76
 123 0062 01       		.byte	1
 124 0063 40       		.byte	64
 125 0064 06       		.byte	6
 126 0065 4D       		.byte	77
 127 0066 01       		.byte	1
 128 0067 40       		.byte	64
 129 0068 03       		.byte	3
 130 0069 50       		.byte	80
 131 006a 01       		.byte	1
 132 006b 40       		.byte	64
 133 006c 02       		.byte	2
 134 006d 51       		.byte	81
 135 006e 01       		.byte	1
 136 006f 40       		.byte	64
 137 0070 06       		.byte	6
 138 0071 60       		.byte	96
 139 0072 11       		.byte	17
 140 0073 02       		.byte	2
 141 0074 60       		.byte	96
 142 0075 01       		.byte	1
 143 0076 64       		.byte	100
 144 0077 03       		.byte	3
 145 0078 08       		.byte	8
 146 0079 FF       		.byte	-1
 147 007a 0A       		.byte	10
 148 007b FF       		.byte	-1
 149 007c 0B       		.byte	11
 150 007d FF       		.byte	-1
 151 007e 18       		.byte	24
 152 007f FF       		.byte	-1
 153 0080 1B       		.byte	27
 154 0081 FF       		.byte	-1
 155 0082 28       		.byte	40
 156 0083 FF       		.byte	-1
 157 0084 2B       		.byte	43
 158 0085 FF       		.byte	-1
 159 0086 8B       		.byte	-117
 160 0087 1F       		.byte	31
 161 0088 8D       		.byte	-115
 162 0089 0D       		.byte	13
 163 008a E6       		.byte	-26
 164 008b 01       		.byte	1
 165 008c E6       		.byte	-26
 166 008d 01       		.byte	1
 167 008e 01       		.byte	1
 168 008f 03       		.byte	3
 169 0090 02       		.byte	2
 170 0091 01       		.byte	1
 171 0092 04       		.byte	4
ARM GAS  C:\Users\ash750\AppData\Local\Temp\ccyRLEso.s 			page 4


 172 0093 01       		.byte	1
 173 0094 05       		.byte	5
 174 0095 03       		.byte	3
 175 0096 06       		.byte	6
 176 0097 02       		.byte	2
 177 0098 08       		.byte	8
 178 0099 17       		.byte	23
 179 009a 09       		.byte	9
 180 009b 04       		.byte	4
 181 009c 0A       		.byte	10
 182 009d 28       		.byte	40
 183 009e 0C       		.byte	12
 184 009f 2C       		.byte	44
 185 00a0 0D       		.byte	13
 186 00a1 01       		.byte	1
 187 00a2 0E       		.byte	14
 188 00a3 12       		.byte	18
 189 00a4 12       		.byte	18
 190 00a5 01       		.byte	1
 191 00a6 13       		.byte	19
 192 00a7 04       		.byte	4
 193 00a8 14       		.byte	20
 194 00a9 02       		.byte	2
 195 00aa 16       		.byte	22
 196 00ab 01       		.byte	1
 197 00ac 18       		.byte	24
 198 00ad 38       		.byte	56
 199 00ae 1A       		.byte	26
 200 00af 04       		.byte	4
 201 00b0 1B       		.byte	27
 202 00b1 03       		.byte	3
 203 00b2 1C       		.byte	28
 204 00b3 03       		.byte	3
 205 00b4 1D       		.byte	29
 206 00b5 02       		.byte	2
 207 00b6 22       		.byte	34
 208 00b7 10       		.byte	16
 209 00b8 24       		.byte	36
 210 00b9 08       		.byte	8
 211 00ba 25       		.byte	37
 212 00bb 04       		.byte	4
 213 00bc 26       		.byte	38
 214 00bd 20       		.byte	32
 215 00be 2A       		.byte	42
 216 00bf 02       		.byte	2
 217 00c0 2B       		.byte	43
 218 00c1 03       		.byte	3
 219 00c2 2C       		.byte	44
 220 00c3 03       		.byte	3
 221 00c4 2D       		.byte	45
 222 00c5 04       		.byte	4
 223 00c6 30       		.byte	48
 224 00c7 30       		.byte	48
 225 00c8 32       		.byte	50
 226 00c9 03       		.byte	3
 227 00ca 33       		.byte	51
 228 00cb 03       		.byte	3
ARM GAS  C:\Users\ash750\AppData\Local\Temp\ccyRLEso.s 			page 5


 229 00cc 34       		.byte	52
 230 00cd 0C       		.byte	12
 231 00ce 35       		.byte	53
 232 00cf 04       		.byte	4
 233 00d0 3F       		.byte	63
 234 00d1 04       		.byte	4
 235 00d2 40       		.byte	64
 236 00d3 23       		.byte	35
 237 00d4 41       		.byte	65
 238 00d5 04       		.byte	4
 239 00d6 46       		.byte	70
 240 00d7 60       		.byte	96
 241 00d8 47       		.byte	71
 242 00d9 02       		.byte	2
 243 00da 48       		.byte	72
 244 00db 18       		.byte	24
 245 00dc 52       		.byte	82
 246 00dd 07       		.byte	7
 247 00de 58       		.byte	88
 248 00df 04       		.byte	4
 249 00e0 59       		.byte	89
 250 00e1 04       		.byte	4
 251 00e2 5A       		.byte	90
 252 00e3 04       		.byte	4
 253 00e4 5B       		.byte	91
 254 00e5 04       		.byte	4
 255 00e6 5F       		.byte	95
 256 00e7 01       		.byte	1
 257 00e8 61       		.byte	97
 258 00e9 0C       		.byte	12
 259 00ea 62       		.byte	98
 260 00eb F0       		.byte	-16
 261 00ec 63       		.byte	99
 262 00ed 0C       		.byte	12
 263 00ee 65       		.byte	101
 264 00ef 0C       		.byte	12
 265 00f0 67       		.byte	103
 266 00f1 0C       		.byte	12
 267 00f2 68       		.byte	104
 268 00f3 40       		.byte	64
 269 00f4 69       		.byte	105
 270 00f5 4C       		.byte	76
 271 00f6 6A       		.byte	106
 272 00f7 40       		.byte	64
 273 00f8 6B       		.byte	107
 274 00f9 4C       		.byte	76
 275 00fa 6C       		.byte	108
 276 00fb 90       		.byte	-112
 277 00fc 6D       		.byte	109
 278 00fd 58       		.byte	88
 279 00fe 6F       		.byte	111
 280 00ff 0C       		.byte	12
 281 0100 04       		.byte	4
 282 0101 40       		.byte	64
 283 0102 05       		.byte	5
 284 0103 16       		.byte	22
 285 0104 0D       		.byte	13
ARM GAS  C:\Users\ash750\AppData\Local\Temp\ccyRLEso.s 			page 6


 286 0105 20       		.byte	32
 287 0106 0E       		.byte	14
 288 0107 22       		.byte	34
 289 0108 0F       		.byte	15
 290 0109 80       		.byte	-128
 291 010a 16       		.byte	22
 292 010b 01       		.byte	1
 293 010c 17       		.byte	23
 294 010d 15       		.byte	21
 295 010e 1C       		.byte	28
 296 010f 40       		.byte	64
 297 0110 1D       		.byte	29
 298 0111 15       		.byte	21
 299 0112 1F       		.byte	31
 300 0113 12       		.byte	18
 301 0114 24       		.byte	36
 302 0115 04       		.byte	4
 303 0116 25       		.byte	37
 304 0117 30       		.byte	48
 305 0118 27       		.byte	39
 306 0119 20       		.byte	32
 307 011a 2F       		.byte	47
 308 011b 1A       		.byte	26
 309 011c 36       		.byte	54
 310 011d 90       		.byte	-112
 311 011e 37       		.byte	55
 312 011f 01       		.byte	1
 313 0120 3D       		.byte	61
 314 0121 20       		.byte	32
 315 0122 3E       		.byte	62
 316 0123 04       		.byte	4
 317 0124 3F       		.byte	63
 318 0125 81       		.byte	-127
 319 0126 47       		.byte	71
 320 0127 2A       		.byte	42
 321 0128 57       		.byte	87
 322 0129 28       		.byte	40
 323 012a 6F       		.byte	111
 324 012b 15       		.byte	21
 325 012c 92       		.byte	-110
 326 012d 04       		.byte	4
 327 012e 93       		.byte	-109
 328 012f 01       		.byte	1
 329 0130 94       		.byte	-108
 330 0131 04       		.byte	4
 331 0132 99       		.byte	-103
 332 0133 02       		.byte	2
 333 0134 9A       		.byte	-102
 334 0135 01       		.byte	1
 335 0136 9B       		.byte	-101
 336 0137 0A       		.byte	10
 337 0138 9D       		.byte	-99
 338 0139 15       		.byte	21
 339 013a 9F       		.byte	-97
 340 013b 10       		.byte	16
 341 013c A2       		.byte	-94
 342 013d 91       		.byte	-111
ARM GAS  C:\Users\ash750\AppData\Local\Temp\ccyRLEso.s 			page 7


 343 013e A3       		.byte	-93
 344 013f 40       		.byte	64
 345 0140 A7       		.byte	-89
 346 0141 20       		.byte	32
 347 0142 B0       		.byte	-80
 348 0143 01       		.byte	1
 349 0144 B5       		.byte	-75
 350 0145 04       		.byte	4
 351 0146 B6       		.byte	-74
 352 0147 01       		.byte	1
 353 0148 B7       		.byte	-73
 354 0149 01       		.byte	1
 355 014a C0       		.byte	-64
 356 014b F0       		.byte	-16
 357 014c C2       		.byte	-62
 358 014d F0       		.byte	-16
 359 014e C4       		.byte	-60
 360 014f F0       		.byte	-16
 361 0150 CA       		.byte	-54
 362 0151 70       		.byte	112
 363 0152 CC       		.byte	-52
 364 0153 B0       		.byte	-80
 365 0154 CE       		.byte	-50
 366 0155 F0       		.byte	-16
 367 0156 D0       		.byte	-48
 368 0157 E0       		.byte	-32
 369 0158 00       		.byte	0
 370 0159 02       		.byte	2
 371 015a 14       		.byte	20
 372 015b 01       		.byte	1
 373 015c 24       		.byte	36
 374 015d 01       		.byte	1
 375 015e 30       		.byte	48
 376 015f 02       		.byte	2
 377 0160 34       		.byte	52
 378 0161 01       		.byte	1
 379 0162 38       		.byte	56
 380 0163 20       		.byte	32
 381 0164 3E       		.byte	62
 382 0165 01       		.byte	1
 383 0166 40       		.byte	64
 384 0167 62       		.byte	98
 385 0168 45       		.byte	69
 386 0169 04       		.byte	4
 387 016a 46       		.byte	70
 388 016b 50       		.byte	80
 389 016c 47       		.byte	71
 390 016d 02       		.byte	2
 391 016e 48       		.byte	72
 392 016f 19       		.byte	25
 393 0170 49       		.byte	73
 394 0171 FF       		.byte	-1
 395 0172 4A       		.byte	74
 396 0173 FF       		.byte	-1
 397 0174 4B       		.byte	75
 398 0175 FF       		.byte	-1
 399 0176 4C       		.byte	76
ARM GAS  C:\Users\ash750\AppData\Local\Temp\ccyRLEso.s 			page 8


 400 0177 02       		.byte	2
 401 0178 4D       		.byte	77
 402 0179 20       		.byte	32
 403 017a 4F       		.byte	79
 404 017b 05       		.byte	5
 405 017c 51       		.byte	81
 406 017d 10       		.byte	16
 407 017e 56       		.byte	86
 408 017f 08       		.byte	8
 409 0180 58       		.byte	88
 410 0181 04       		.byte	4
 411 0182 5A       		.byte	90
 412 0183 04       		.byte	4
 413 0184 5B       		.byte	91
 414 0185 0C       		.byte	12
 415 0186 5F       		.byte	95
 416 0187 01       		.byte	1
 417 0188 60       		.byte	96
 418 0189 40       		.byte	64
 419 018a 61       		.byte	97
 420 018b 40       		.byte	64
 421 018c 62       		.byte	98
 422 018d 80       		.byte	-128
 423 018e 64       		.byte	100
 424 018f 80       		.byte	-128
 425 0190 66       		.byte	102
 426 0191 80       		.byte	-128
 427 0192 81       		.byte	-127
 428 0193 78       		.byte	120
 429 0194 82       		.byte	-126
 430 0195 10       		.byte	16
 431 0196 84       		.byte	-124
 432 0197 9F       		.byte	-97
 433 0198 85       		.byte	-123
 434 0199 1F       		.byte	31
 435 019a 87       		.byte	-121
 436 019b 80       		.byte	-128
 437 019c 88       		.byte	-120
 438 019d 9F       		.byte	-97
 439 019e 8D       		.byte	-115
 440 019f 2A       		.byte	42
 441 01a0 8F       		.byte	-113
 442 01a1 01       		.byte	1
 443 01a2 90       		.byte	-112
 444 01a3 22       		.byte	34
 445 01a4 94       		.byte	-108
 446 01a5 99       		.byte	-103
 447 01a6 96       		.byte	-106
 448 01a7 26       		.byte	38
 449 01a8 98       		.byte	-104
 450 01a9 97       		.byte	-105
 451 01aa 9A       		.byte	-102
 452 01ab 48       		.byte	72
 453 01ac 9B       		.byte	-101
 454 01ad 7F       		.byte	127
 455 01ae 9C       		.byte	-100
 456 01af 1E       		.byte	30
ARM GAS  C:\Users\ash750\AppData\Local\Temp\ccyRLEso.s 			page 9


 457 01b0 9D       		.byte	-99
 458 01b1 55       		.byte	85
 459 01b2 9E       		.byte	-98
 460 01b3 81       		.byte	-127
 461 01b4 A0       		.byte	-96
 462 01b5 04       		.byte	4
 463 01b6 A2       		.byte	-94
 464 01b7 20       		.byte	32
 465 01b8 A7       		.byte	-89
 466 01b9 60       		.byte	96
 467 01ba AA       		.byte	-86
 468 01bb 10       		.byte	16
 469 01bc AC       		.byte	-84
 470 01bd 01       		.byte	1
 471 01be AE       		.byte	-82
 472 01bf 80       		.byte	-128
 473 01c0 B0       		.byte	-80
 474 01c1 60       		.byte	96
 475 01c2 B1       		.byte	-79
 476 01c3 06       		.byte	6
 477 01c4 B2       		.byte	-78
 478 01c5 80       		.byte	-128
 479 01c6 B3       		.byte	-77
 480 01c7 01       		.byte	1
 481 01c8 B4       		.byte	-76
 482 01c9 10       		.byte	16
 483 01ca B5       		.byte	-75
 484 01cb E0       		.byte	-32
 485 01cc B6       		.byte	-74
 486 01cd 0F       		.byte	15
 487 01ce B7       		.byte	-73
 488 01cf 18       		.byte	24
 489 01d0 BE       		.byte	-66
 490 01d1 01       		.byte	1
 491 01d2 BF       		.byte	-65
 492 01d3 55       		.byte	85
 493 01d4 C0       		.byte	-64
 494 01d5 34       		.byte	52
 495 01d6 C1       		.byte	-63
 496 01d7 05       		.byte	5
 497 01d8 C5       		.byte	-59
 498 01d9 60       		.byte	96
 499 01da C6       		.byte	-58
 500 01db 02       		.byte	2
 501 01dc C8       		.byte	-56
 502 01dd 06       		.byte	6
 503 01de D6       		.byte	-42
 504 01df 02       		.byte	2
 505 01e0 D8       		.byte	-40
 506 01e1 04       		.byte	4
 507 01e2 D9       		.byte	-39
 508 01e3 04       		.byte	4
 509 01e4 DA       		.byte	-38
 510 01e5 04       		.byte	4
 511 01e6 DB       		.byte	-37
 512 01e7 04       		.byte	4
 513 01e8 DE       		.byte	-34
ARM GAS  C:\Users\ash750\AppData\Local\Temp\ccyRLEso.s 			page 10


 514 01e9 08       		.byte	8
 515 01ea DF       		.byte	-33
 516 01eb 01       		.byte	1
 517 01ec E1       		.byte	-31
 518 01ed 0C       		.byte	12
 519 01ee E2       		.byte	-30
 520 01ef F0       		.byte	-16
 521 01f0 E3       		.byte	-29
 522 01f1 0C       		.byte	12
 523 01f2 E5       		.byte	-27
 524 01f3 0C       		.byte	12
 525 01f4 E7       		.byte	-25
 526 01f5 0C       		.byte	12
 527 01f6 E8       		.byte	-24
 528 01f7 40       		.byte	64
 529 01f8 E9       		.byte	-23
 530 01f9 4C       		.byte	76
 531 01fa EA       		.byte	-22
 532 01fb 40       		.byte	64
 533 01fc EB       		.byte	-21
 534 01fd 4C       		.byte	76
 535 01fe EC       		.byte	-20
 536 01ff 90       		.byte	-112
 537 0200 ED       		.byte	-19
 538 0201 58       		.byte	88
 539 0202 EF       		.byte	-17
 540 0203 0C       		.byte	12
 541 0204 00       		.byte	0
 542 0205 02       		.byte	2
 543 0206 05       		.byte	5
 544 0207 15       		.byte	21
 545 0208 0B       		.byte	11
 546 0209 20       		.byte	32
 547 020a 0E       		.byte	14
 548 020b 26       		.byte	38
 549 020c 0F       		.byte	15
 550 020d 80       		.byte	-128
 551 020e 10       		.byte	16
 552 020f 20       		.byte	32
 553 0210 15       		.byte	21
 554 0211 41       		.byte	65
 555 0212 17       		.byte	23
 556 0213 50       		.byte	80
 557 0214 18       		.byte	24
 558 0215 08       		.byte	8
 559 0216 1A       		.byte	26
 560 0217 40       		.byte	64
 561 0218 1D       		.byte	29
 562 0219 02       		.byte	2
 563 021a 1E       		.byte	30
 564 021b 26       		.byte	38
 565 021c 25       		.byte	37
 566 021d 08       		.byte	8
 567 021e 26       		.byte	38
 568 021f 02       		.byte	2
 569 0220 27       		.byte	39
 570 0221 0A       		.byte	10
ARM GAS  C:\Users\ash750\AppData\Local\Temp\ccyRLEso.s 			page 11


 571 0222 2F       		.byte	47
 572 0223 20       		.byte	32
 573 0224 36       		.byte	54
 574 0225 90       		.byte	-112
 575 0226 3D       		.byte	61
 576 0227 08       		.byte	8
 577 0228 3E       		.byte	62
 578 0229 04       		.byte	4
 579 022a 3F       		.byte	63
 580 022b 81       		.byte	-127
 581 022c 40       		.byte	64
 582 022d 04       		.byte	4
 583 022e 45       		.byte	69
 584 022f 0A       		.byte	10
 585 0230 48       		.byte	72
 586 0231 28       		.byte	40
 587 0232 4D       		.byte	77
 588 0233 03       		.byte	3
 589 0234 4E       		.byte	78
 590 0235 82       		.byte	-126
 591 0236 50       		.byte	80
 592 0237 08       		.byte	8
 593 0238 53       		.byte	83
 594 0239 10       		.byte	16
 595 023a 57       		.byte	87
 596 023b 40       		.byte	64
 597 023c 5A       		.byte	90
 598 023d 40       		.byte	64
 599 023e 63       		.byte	99
 600 023f 01       		.byte	1
 601 0240 77       		.byte	119
 602 0241 40       		.byte	64
 603 0242 79       		.byte	121
 604 0243 40       		.byte	64
 605 0244 7C       		.byte	124
 606 0245 04       		.byte	4
 607 0246 94       		.byte	-108
 608 0247 08       		.byte	8
 609 0248 9D       		.byte	-99
 610 0249 04       		.byte	4
 611 024a AB       		.byte	-85
 612 024b 80       		.byte	-128
 613 024c B4       		.byte	-76
 614 024d 48       		.byte	72
 615 024e C0       		.byte	-64
 616 024f 78       		.byte	120
 617 0250 C2       		.byte	-62
 618 0251 F4       		.byte	-12
 619 0252 C4       		.byte	-60
 620 0253 D4       		.byte	-44
 621 0254 CA       		.byte	-54
 622 0255 40       		.byte	64
 623 0256 CC       		.byte	-52
 624 0257 30       		.byte	48
 625 0258 CE       		.byte	-50
 626 0259 D0       		.byte	-48
 627 025a D0       		.byte	-48
ARM GAS  C:\Users\ash750\AppData\Local\Temp\ccyRLEso.s 			page 12


 628 025b C4       		.byte	-60
 629 025c D2       		.byte	-46
 630 025d 14       		.byte	20
 631 025e D6       		.byte	-42
 632 025f 08       		.byte	8
 633 0260 D8       		.byte	-40
 634 0261 08       		.byte	8
 635 0262 DE       		.byte	-34
 636 0263 48       		.byte	72
 637 0264 EC       		.byte	-20
 638 0265 04       		.byte	4
 639 0266 40       		.byte	64
 640 0267 60       		.byte	96
 641 0268 41       		.byte	65
 642 0269 02       		.byte	2
 643 026a 49       		.byte	73
 644 026b FF       		.byte	-1
 645 026c 4A       		.byte	74
 646 026d FF       		.byte	-1
 647 026e 4B       		.byte	75
 648 026f FF       		.byte	-1
 649 0270 4D       		.byte	77
 650 0271 A0       		.byte	-96
 651 0272 4F       		.byte	79
 652 0273 04       		.byte	4
 653 0274 50       		.byte	80
 654 0275 18       		.byte	24
 655 0276 5A       		.byte	90
 656 0277 04       		.byte	4
 657 0278 5D       		.byte	93
 658 0279 01       		.byte	1
 659 027a 5F       		.byte	95
 660 027b 01       		.byte	1
 661 027c 60       		.byte	96
 662 027d 40       		.byte	64
 663 027e 62       		.byte	98
 664 027f C0       		.byte	-64
 665 0280 64       		.byte	100
 666 0281 40       		.byte	64
 667 0282 65       		.byte	101
 668 0283 40       		.byte	64
 669 0284 66       		.byte	102
 670 0285 C0       		.byte	-64
 671 0286 68       		.byte	104
 672 0287 C0       		.byte	-64
 673 0288 6A       		.byte	106
 674 0289 C0       		.byte	-64
 675 028a 6C       		.byte	108
 676 028b C0       		.byte	-64
 677 028c 6E       		.byte	110
 678 028d C0       		.byte	-64
 679 028e 92       		.byte	-110
 680 028f 01       		.byte	1
 681 0290 9A       		.byte	-102
 682 0291 06       		.byte	6
 683 0292 9B       		.byte	-101
 684 0293 01       		.byte	1
ARM GAS  C:\Users\ash750\AppData\Local\Temp\ccyRLEso.s 			page 13


 685 0294 A5       		.byte	-91
 686 0295 01       		.byte	1
 687 0296 A6       		.byte	-90
 688 0297 0C       		.byte	12
 689 0298 AA       		.byte	-86
 690 0299 02       		.byte	2
 691 029a B0       		.byte	-80
 692 029b 02       		.byte	2
 693 029c B2       		.byte	-78
 694 029d 08       		.byte	8
 695 029e B4       		.byte	-76
 696 029f 01       		.byte	1
 697 02a0 B6       		.byte	-74
 698 02a1 04       		.byte	4
 699 02a2 B7       		.byte	-73
 700 02a3 01       		.byte	1
 701 02a4 BE       		.byte	-66
 702 02a5 01       		.byte	1
 703 02a6 C0       		.byte	-64
 704 02a7 20       		.byte	32
 705 02a8 C1       		.byte	-63
 706 02a9 06       		.byte	6
 707 02aa C5       		.byte	-59
 708 02ab D1       		.byte	-47
 709 02ac C7       		.byte	-57
 710 02ad 02       		.byte	2
 711 02ae C8       		.byte	-56
 712 02af 13       		.byte	19
 713 02b0 C9       		.byte	-55
 714 02b1 FF       		.byte	-1
 715 02b2 CA       		.byte	-54
 716 02b3 FF       		.byte	-1
 717 02b4 CB       		.byte	-53
 718 02b5 FF       		.byte	-1
 719 02b6 CD       		.byte	-51
 720 02b7 AF       		.byte	-81
 721 02b8 CE       		.byte	-50
 722 02b9 0F       		.byte	15
 723 02ba CF       		.byte	-49
 724 02bb 04       		.byte	4
 725 02bc D0       		.byte	-48
 726 02bd 18       		.byte	24
 727 02be D2       		.byte	-46
 728 02bf 80       		.byte	-128
 729 02c0 D4       		.byte	-44
 730 02c1 05       		.byte	5
 731 02c2 D8       		.byte	-40
 732 02c3 04       		.byte	4
 733 02c4 D9       		.byte	-39
 734 02c5 04       		.byte	4
 735 02c6 DA       		.byte	-38
 736 02c7 04       		.byte	4
 737 02c8 DB       		.byte	-37
 738 02c9 04       		.byte	4
 739 02ca DC       		.byte	-36
 740 02cb 11       		.byte	17
 741 02cc DD       		.byte	-35
ARM GAS  C:\Users\ash750\AppData\Local\Temp\ccyRLEso.s 			page 14


 742 02cd 11       		.byte	17
 743 02ce DF       		.byte	-33
 744 02cf 01       		.byte	1
 745 02d0 E0       		.byte	-32
 746 02d1 40       		.byte	64
 747 02d2 E2       		.byte	-30
 748 02d3 C0       		.byte	-64
 749 02d4 E4       		.byte	-28
 750 02d5 40       		.byte	64
 751 02d6 E5       		.byte	-27
 752 02d7 40       		.byte	64
 753 02d8 E6       		.byte	-26
 754 02d9 C0       		.byte	-64
 755 02da E8       		.byte	-24
 756 02db C0       		.byte	-64
 757 02dc EA       		.byte	-22
 758 02dd C0       		.byte	-64
 759 02de EC       		.byte	-20
 760 02df C0       		.byte	-64
 761 02e0 EE       		.byte	-18
 762 02e1 C0       		.byte	-64
 763 02e2 09       		.byte	9
 764 02e3 02       		.byte	2
 765 02e4 0A       		.byte	10
 766 02e5 08       		.byte	8
 767 02e6 10       		.byte	16
 768 02e7 20       		.byte	32
 769 02e8 12       		.byte	18
 770 02e9 04       		.byte	4
 771 02ea 18       		.byte	24
 772 02eb 44       		.byte	68
 773 02ec 19       		.byte	25
 774 02ed 08       		.byte	8
 775 02ee 1A       		.byte	26
 776 02ef 08       		.byte	8
 777 02f0 1B       		.byte	27
 778 02f1 80       		.byte	-128
 779 02f2 22       		.byte	34
 780 02f3 40       		.byte	64
 781 02f4 29       		.byte	41
 782 02f5 08       		.byte	8
 783 02f6 30       		.byte	48
 784 02f7 20       		.byte	32
 785 02f8 40       		.byte	64
 786 02f9 04       		.byte	4
 787 02fa 46       		.byte	70
 788 02fb 04       		.byte	4
 789 02fc 48       		.byte	72
 790 02fd 28       		.byte	40
 791 02fe 49       		.byte	73
 792 02ff 01       		.byte	1
 793 0300 4E       		.byte	78
 794 0301 04       		.byte	4
 795 0302 50       		.byte	80
 796 0303 08       		.byte	8
 797 0304 52       		.byte	82
 798 0305 04       		.byte	4
ARM GAS  C:\Users\ash750\AppData\Local\Temp\ccyRLEso.s 			page 15


 799 0306 58       		.byte	88
 800 0307 08       		.byte	8
 801 0308 59       		.byte	89
 802 0309 01       		.byte	1
 803 030a 5A       		.byte	90
 804 030b 80       		.byte	-128
 805 030c 71       		.byte	113
 806 030d 02       		.byte	2
 807 030e 81       		.byte	-127
 808 030f 04       		.byte	4
 809 0310 94       		.byte	-108
 810 0311 08       		.byte	8
 811 0312 C2       		.byte	-62
 812 0313 0A       		.byte	10
 813 0314 C4       		.byte	-60
 814 0315 06       		.byte	6
 815 0316 CA       		.byte	-54
 816 0317 02       		.byte	2
 817 0318 CC       		.byte	-52
 818 0319 04       		.byte	4
 819 031a D0       		.byte	-48
 820 031b 24       		.byte	36
 821 031c D2       		.byte	-46
 822 031d 24       		.byte	36
 823 031e D6       		.byte	-42
 824 031f 0B       		.byte	11
 825 0320 80       		.byte	-128
 826 0321 04       		.byte	4
 827 0322 E0       		.byte	-32
 828 0323 08       		.byte	8
 829 0324 E4       		.byte	-28
 830 0325 01       		.byte	1
 831 0326 EA       		.byte	-22
 832 0327 05       		.byte	5
 833 0328 E6       		.byte	-26
 834 0329 08       		.byte	8
 835 032a E6       		.byte	-26
 836 032b 08       		.byte	8
 837 032c E0       		.byte	-32
 838 032d 08       		.byte	8
 839 032e E4       		.byte	-28
 840 032f 01       		.byte	1
 841 0330 EA       		.byte	-22
 842 0331 05       		.byte	5
 843 0332 31       		.byte	49
 844 0333 80       		.byte	-128
 845 0334 70       		.byte	112
 846 0335 04       		.byte	4
 847 0336 80       		.byte	-128
 848 0337 04       		.byte	4
 849 0338 CC       		.byte	-52
 850 0339 10       		.byte	16
 851 033a DC       		.byte	-36
 852 033b 80       		.byte	-128
 853 033c E6       		.byte	-26
 854 033d 80       		.byte	-128
 855 033e 81       		.byte	-127
ARM GAS  C:\Users\ash750\AppData\Local\Temp\ccyRLEso.s 			page 16


 856 033f 80       		.byte	-128
 857 0340 A5       		.byte	-91
 858 0341 80       		.byte	-128
 859 0342 E6       		.byte	-26
 860 0343 80       		.byte	-128
 861 0344 3E       		.byte	62
 862 0345 10       		.byte	16
 863 0346 CE       		.byte	-50
 864 0347 20       		.byte	32
 865 0348 96       		.byte	-106
 866 0349 10       		.byte	16
 867 034a 53       		.byte	83
 868 034b 01       		.byte	1
 869 034c D4       		.byte	-44
 870 034d 01       		.byte	1
 871 034e 01       		.byte	1
 872 034f 10       		.byte	16
 873 0350 39       		.byte	57
 874 0351 80       		.byte	-128
 875 0352 AB       		.byte	-85
 876 0353 01       		.byte	1
 877 0354 C0       		.byte	-64
 878 0355 02       		.byte	2
 879 0356 CE       		.byte	-50
 880 0357 08       		.byte	8
 881 0358 B1       		.byte	-79
 882 0359 10       		.byte	16
 883 035a B5       		.byte	-75
 884 035b 40       		.byte	64
 885 035c EA       		.byte	-22
 886 035d 01       		.byte	1
 887 035e EC       		.byte	-20
 888 035f 08       		.byte	8
 889 0360 85       		.byte	-123
 890 0361 08       		.byte	8
 891 0362 96       		.byte	-106
 892 0363 10       		.byte	16
 893 0364 E6       		.byte	-26
 894 0365 10       		.byte	16
 895 0366 12       		.byte	18
 896 0367 20       		.byte	32
 897 0368 16       		.byte	22
 898 0369 40       		.byte	64
 899 036a 75       		.byte	117
 900 036b 08       		.byte	8
 901 036c 7B       		.byte	123
 902 036d 02       		.byte	2
 903 036e 82       		.byte	-126
 904 036f 20       		.byte	32
 905 0370 86       		.byte	-122
 906 0371 40       		.byte	64
 907 0372 99       		.byte	-103
 908 0373 08       		.byte	8
 909 0374 A3       		.byte	-93
 910 0375 02       		.byte	2
 911 0376 AA       		.byte	-86
 912 0377 10       		.byte	16
ARM GAS  C:\Users\ash750\AppData\Local\Temp\ccyRLEso.s 			page 17


 913 0378 AB       		.byte	-85
 914 0379 02       		.byte	2
 915 037a C4       		.byte	-60
 916 037b 30       		.byte	48
 917 037c DC       		.byte	-36
 918 037d 80       		.byte	-128
 919 037e DE       		.byte	-34
 920 037f 20       		.byte	32
 921 0380 E0       		.byte	-32
 922 0381 10       		.byte	16
 923 0382 E4       		.byte	-28
 924 0383 80       		.byte	-128
 925 0384 EA       		.byte	-22
 926 0385 A0       		.byte	-96
 927 0386 12       		.byte	18
 928 0387 80       		.byte	-128
 929 0388 13       		.byte	19
 930 0389 20       		.byte	32
 931 038a 16       		.byte	22
 932 038b 20       		.byte	32
 933 038c 7B       		.byte	123
 934 038d 10       		.byte	16
 935 038e 7F       		.byte	127
 936 038f 40       		.byte	64
 937 0390 86       		.byte	-122
 938 0391 80       		.byte	-128
 939 0392 C4       		.byte	-60
 940 0393 0E       		.byte	14
 941 0394 DE       		.byte	-34
 942 0395 03       		.byte	3
 943 0396 83       		.byte	-125
 944 0397 10       		.byte	16
 945 0398 87       		.byte	-121
 946 0399 40       		.byte	64
 947 039a 97       		.byte	-105
 948 039b 80       		.byte	-128
 949 039c A7       		.byte	-89
 950 039d 10       		.byte	16
 951 039e AA       		.byte	-86
 952 039f 20       		.byte	32
 953 03a0 AB       		.byte	-85
 954 03a1 20       		.byte	32
 955 03a2 00       		.byte	0
 956 03a3 03       		.byte	3
 957 03a4 0C       		.byte	12
 958 03a5 01       		.byte	1
 959 03a6 0E       		.byte	14
 960 03a7 02       		.byte	2
 961 03a8 00       		.byte	0
 962 03a9 03       		.byte	3
 963 03aa 03       		.byte	3
 964 03ab C0       		.byte	-64
 965 03ac 00       		.byte	0
 966 03ad 00       		.byte	0
 967 03ae 60       		.byte	96
 968 03af 00       		.byte	0
 969 03b0 00       		.byte	0
ARM GAS  C:\Users\ash750\AppData\Local\Temp\ccyRLEso.s 			page 18


 970 03b1 00       		.byte	0
 971 03b2 00       		.byte	0
 972 03b3 00       		.byte	0
 973 03b4 03       		.byte	3
 974 03b5 00       		.byte	0
 975 03b6 00       		.byte	0
 976 03b7 00       		.byte	0
 977 03b8 03       		.byte	3
 978 03b9 00       		.byte	0
 979 03ba 03       		.byte	3
 980 03bb 00       		.byte	0
 981 03bc 00       		.byte	0
 982 03bd 03       		.byte	3
 983 03be 00       		.byte	0
 984 03bf 00       		.byte	0
 985 03c0 00       		.byte	0
 986 03c1 02       		.byte	2
 987 03c2 00       		.byte	0
 988 03c3 00       		.byte	0
 989 03c4 00       		.byte	0
 990 03c5 00       		.byte	0
 991 03c6 00       		.byte	0
 992 03c7 00       		.byte	0
 993 03c8 00       		.byte	0
 994 03c9 0B       		.byte	11
 995 03ca 0B       		.byte	11
 996 03cb 00       		.byte	0
 997 03cc 00       		.byte	0
 998 03cd 00       		.byte	0
 999 03ce 00       		.byte	0
 1000 03cf 00       		.byte	0
 1001 03d0 00       		.byte	0
 1002 03d1 02       		.byte	2
 1003 03d2 02       		.byte	2
 1004 03d3 00       		.byte	0
 1005 03d4 02       		.byte	2
 1006 03d5 00       		.byte	0
 1007 03d6 80       		.byte	-128
 1008 03d7 00       		.byte	0
 1009              		.global	cy_meta_custnvl
 1010              		.section	.cycustnvl,"a",%progbits
 1011              		.align	2
 1012              		.type	cy_meta_custnvl, %object
 1013              		.size	cy_meta_custnvl, 4
 1014              	cy_meta_custnvl:
 1015 0000 00       		.byte	0
 1016 0001 00       		.byte	0
 1017 0002 40       		.byte	64
 1018 0003 05       		.byte	5
 1019              		.global	cy_meta_wonvl
 1020              		.section	.cywolatch,"a",%progbits
 1021              		.align	2
 1022              		.type	cy_meta_wonvl, %object
 1023              		.size	cy_meta_wonvl, 4
 1024              	cy_meta_wonvl:
 1025 0000 BC       		.byte	-68
 1026 0001 90       		.byte	-112
ARM GAS  C:\Users\ash750\AppData\Local\Temp\ccyRLEso.s 			page 19


 1027 0002 AC       		.byte	-84
 1028 0003 AF       		.byte	-81
 1029              		.global	cy_meta_flashprotect
 1030              		.section	.cyflashprotect,"a",%progbits
 1031              		.align	2
 1032              		.type	cy_meta_flashprotect, %object
 1033              		.size	cy_meta_flashprotect, 256
 1034              	cy_meta_flashprotect:
 1035 0000 00000000 		.space	256
 1035      00000000 
 1035      00000000 
 1035      00000000 
 1035      00000000 
 1036              		.global	cy_metadata
 1037              		.section	.cymeta,"a",%progbits
 1038              		.align	2
 1039              		.type	cy_metadata, %object
 1040              		.size	cy_metadata, 12
 1041              	cy_metadata:
 1042 0000 00       		.byte	0
 1043 0001 01       		.byte	1
 1044 0002 2E       		.byte	46
 1045 0003 16       		.byte	22
 1046 0004 10       		.byte	16
 1047 0005 69       		.byte	105
 1048 0006 00       		.byte	0
 1049 0007 01       		.byte	1
 1050 0008 00       		.byte	0
 1051 0009 00       		.byte	0
 1052 000a 00       		.byte	0
 1053 000b 00       		.byte	0
 1054              		.text
 1055              	.Letext0:
 1056              		.file 1 "c:\\program files (x86)\\cypress\\psoc creator\\4.2\\psoc creator\\import\\gnu\\arm\\5.4.
 1057              		.file 2 "c:\\program files (x86)\\cypress\\psoc creator\\4.2\\psoc creator\\import\\gnu\\arm\\5.4.
 1058              		.file 3 "Generated_Source\\PSoC5\\cymetadata.c"
 1059              		.section	.debug_info,"",%progbits
 1060              	.Ldebug_info0:
 1061 0000 31010000 		.4byte	0x131
 1062 0004 0400     		.2byte	0x4
 1063 0006 00000000 		.4byte	.Ldebug_abbrev0
 1064 000a 04       		.byte	0x4
 1065 000b 01       		.uleb128 0x1
 1066 000c 0A000000 		.4byte	.LASF17
 1067 0010 0C       		.byte	0xc
 1068 0011 D7010000 		.4byte	.LASF18
 1069 0015 72010000 		.4byte	.LASF19
 1070 0019 00000000 		.4byte	.Ldebug_line0
 1071 001d 02       		.uleb128 0x2
 1072 001e 01       		.byte	0x1
 1073 001f 06       		.byte	0x6
 1074 0020 CB010000 		.4byte	.LASF0
 1075 0024 03       		.uleb128 0x3
 1076 0025 00000000 		.4byte	.LASF9
 1077 0029 01       		.byte	0x1
 1078 002a 1D       		.byte	0x1d
 1079 002b 2F000000 		.4byte	0x2f
ARM GAS  C:\Users\ash750\AppData\Local\Temp\ccyRLEso.s 			page 20


 1080 002f 02       		.uleb128 0x2
 1081 0030 01       		.byte	0x1
 1082 0031 08       		.byte	0x8
 1083 0032 A4000000 		.4byte	.LASF1
 1084 0036 02       		.uleb128 0x2
 1085 0037 02       		.byte	0x2
 1086 0038 05       		.byte	0x5
 1087 0039 5F010000 		.4byte	.LASF2
 1088 003d 02       		.uleb128 0x2
 1089 003e 02       		.byte	0x2
 1090 003f 07       		.byte	0x7
 1091 0040 C4000000 		.4byte	.LASF3
 1092 0044 02       		.uleb128 0x2
 1093 0045 04       		.byte	0x4
 1094 0046 05       		.byte	0x5
 1095 0047 69010000 		.4byte	.LASF4
 1096 004b 02       		.uleb128 0x2
 1097 004c 04       		.byte	0x4
 1098 004d 07       		.byte	0x7
 1099 004e B2000000 		.4byte	.LASF5
 1100 0052 02       		.uleb128 0x2
 1101 0053 08       		.byte	0x8
 1102 0054 05       		.byte	0x5
 1103 0055 51010000 		.4byte	.LASF6
 1104 0059 02       		.uleb128 0x2
 1105 005a 08       		.byte	0x8
 1106 005b 07       		.byte	0x7
 1107 005c 06010000 		.4byte	.LASF7
 1108 0060 04       		.uleb128 0x4
 1109 0061 04       		.byte	0x4
 1110 0062 05       		.byte	0x5
 1111 0063 696E7400 		.ascii	"int\000"
 1112 0067 02       		.uleb128 0x2
 1113 0068 04       		.byte	0x4
 1114 0069 07       		.byte	0x7
 1115 006a F9000000 		.4byte	.LASF8
 1116 006e 03       		.uleb128 0x3
 1117 006f 1D010000 		.4byte	.LASF10
 1118 0073 02       		.byte	0x2
 1119 0074 18       		.byte	0x18
 1120 0075 24000000 		.4byte	0x24
 1121 0079 05       		.uleb128 0x5
 1122 007a 91000000 		.4byte	0x91
 1123 007e 8A000000 		.4byte	0x8a
 1124 0082 06       		.uleb128 0x6
 1125 0083 8A000000 		.4byte	0x8a
 1126 0087 D703     		.2byte	0x3d7
 1127 0089 00       		.byte	0
 1128 008a 02       		.uleb128 0x2
 1129 008b 04       		.byte	0x4
 1130 008c 07       		.byte	0x7
 1131 008d 48010000 		.4byte	.LASF11
 1132 0091 07       		.uleb128 0x7
 1133 0092 6E000000 		.4byte	0x6e
 1134 0096 08       		.uleb128 0x8
 1135 0097 E7000000 		.4byte	.LASF12
 1136 009b 03       		.byte	0x3
ARM GAS  C:\Users\ash750\AppData\Local\Temp\ccyRLEso.s 			page 21


 1137 009c 1F       		.byte	0x1f
 1138 009d A7000000 		.4byte	0xa7
 1139 00a1 05       		.uleb128 0x5
 1140 00a2 03       		.byte	0x3
 1141 00a3 00000000 		.4byte	cy_meta_configecc
 1142 00a7 07       		.uleb128 0x7
 1143 00a8 79000000 		.4byte	0x79
 1144 00ac 05       		.uleb128 0x5
 1145 00ad 91000000 		.4byte	0x91
 1146 00b1 BC000000 		.4byte	0xbc
 1147 00b5 09       		.uleb128 0x9
 1148 00b6 8A000000 		.4byte	0x8a
 1149 00ba 03       		.byte	0x3
 1150 00bb 00       		.byte	0
 1151 00bc 08       		.uleb128 0x8
 1152 00bd D7000000 		.4byte	.LASF13
 1153 00c1 03       		.byte	0x3
 1154 00c2 A7       		.byte	0xa7
 1155 00c3 CD000000 		.4byte	0xcd
 1156 00c7 05       		.uleb128 0x5
 1157 00c8 03       		.byte	0x3
 1158 00c9 00000000 		.4byte	cy_meta_custnvl
 1159 00cd 07       		.uleb128 0x7
 1160 00ce AC000000 		.4byte	0xac
 1161 00d2 08       		.uleb128 0x8
 1162 00d3 3A010000 		.4byte	.LASF14
 1163 00d7 03       		.byte	0x3
 1164 00d8 B5       		.byte	0xb5
 1165 00d9 E3000000 		.4byte	0xe3
 1166 00dd 05       		.uleb128 0x5
 1167 00de 03       		.byte	0x3
 1168 00df 00000000 		.4byte	cy_meta_wonvl
 1169 00e3 07       		.uleb128 0x7
 1170 00e4 AC000000 		.4byte	0xac
 1171 00e8 05       		.uleb128 0x5
 1172 00e9 91000000 		.4byte	0x91
 1173 00ed F8000000 		.4byte	0xf8
 1174 00f1 09       		.uleb128 0x9
 1175 00f2 8A000000 		.4byte	0x8a
 1176 00f6 FF       		.byte	0xff
 1177 00f7 00       		.byte	0
 1178 00f8 08       		.uleb128 0x8
 1179 00f9 25010000 		.4byte	.LASF15
 1180 00fd 03       		.byte	0x3
 1181 00fe C3       		.byte	0xc3
 1182 00ff 09010000 		.4byte	0x109
 1183 0103 05       		.uleb128 0x5
 1184 0104 03       		.byte	0x3
 1185 0105 00000000 		.4byte	cy_meta_flashprotect
 1186 0109 07       		.uleb128 0x7
 1187 010a E8000000 		.4byte	0xe8
 1188 010e 05       		.uleb128 0x5
 1189 010f 91000000 		.4byte	0x91
 1190 0113 1E010000 		.4byte	0x11e
 1191 0117 09       		.uleb128 0x9
 1192 0118 8A000000 		.4byte	0x8a
 1193 011c 0B       		.byte	0xb
ARM GAS  C:\Users\ash750\AppData\Local\Temp\ccyRLEso.s 			page 22


 1194 011d 00       		.byte	0
 1195 011e 08       		.uleb128 0x8
 1196 011f 98000000 		.4byte	.LASF16
 1197 0123 03       		.byte	0x3
 1198 0124 F0       		.byte	0xf0
 1199 0125 2F010000 		.4byte	0x12f
 1200 0129 05       		.uleb128 0x5
 1201 012a 03       		.byte	0x3
 1202 012b 00000000 		.4byte	cy_metadata
 1203 012f 07       		.uleb128 0x7
 1204 0130 0E010000 		.4byte	0x10e
 1205 0134 00       		.byte	0
 1206              		.section	.debug_abbrev,"",%progbits
 1207              	.Ldebug_abbrev0:
 1208 0000 01       		.uleb128 0x1
 1209 0001 11       		.uleb128 0x11
 1210 0002 01       		.byte	0x1
 1211 0003 25       		.uleb128 0x25
 1212 0004 0E       		.uleb128 0xe
 1213 0005 13       		.uleb128 0x13
 1214 0006 0B       		.uleb128 0xb
 1215 0007 03       		.uleb128 0x3
 1216 0008 0E       		.uleb128 0xe
 1217 0009 1B       		.uleb128 0x1b
 1218 000a 0E       		.uleb128 0xe
 1219 000b 10       		.uleb128 0x10
 1220 000c 17       		.uleb128 0x17
 1221 000d 00       		.byte	0
 1222 000e 00       		.byte	0
 1223 000f 02       		.uleb128 0x2
 1224 0010 24       		.uleb128 0x24
 1225 0011 00       		.byte	0
 1226 0012 0B       		.uleb128 0xb
 1227 0013 0B       		.uleb128 0xb
 1228 0014 3E       		.uleb128 0x3e
 1229 0015 0B       		.uleb128 0xb
 1230 0016 03       		.uleb128 0x3
 1231 0017 0E       		.uleb128 0xe
 1232 0018 00       		.byte	0
 1233 0019 00       		.byte	0
 1234 001a 03       		.uleb128 0x3
 1235 001b 16       		.uleb128 0x16
 1236 001c 00       		.byte	0
 1237 001d 03       		.uleb128 0x3
 1238 001e 0E       		.uleb128 0xe
 1239 001f 3A       		.uleb128 0x3a
 1240 0020 0B       		.uleb128 0xb
 1241 0021 3B       		.uleb128 0x3b
 1242 0022 0B       		.uleb128 0xb
 1243 0023 49       		.uleb128 0x49
 1244 0024 13       		.uleb128 0x13
 1245 0025 00       		.byte	0
 1246 0026 00       		.byte	0
 1247 0027 04       		.uleb128 0x4
 1248 0028 24       		.uleb128 0x24
 1249 0029 00       		.byte	0
 1250 002a 0B       		.uleb128 0xb
ARM GAS  C:\Users\ash750\AppData\Local\Temp\ccyRLEso.s 			page 23


 1251 002b 0B       		.uleb128 0xb
 1252 002c 3E       		.uleb128 0x3e
 1253 002d 0B       		.uleb128 0xb
 1254 002e 03       		.uleb128 0x3
 1255 002f 08       		.uleb128 0x8
 1256 0030 00       		.byte	0
 1257 0031 00       		.byte	0
 1258 0032 05       		.uleb128 0x5
 1259 0033 01       		.uleb128 0x1
 1260 0034 01       		.byte	0x1
 1261 0035 49       		.uleb128 0x49
 1262 0036 13       		.uleb128 0x13
 1263 0037 01       		.uleb128 0x1
 1264 0038 13       		.uleb128 0x13
 1265 0039 00       		.byte	0
 1266 003a 00       		.byte	0
 1267 003b 06       		.uleb128 0x6
 1268 003c 21       		.uleb128 0x21
 1269 003d 00       		.byte	0
 1270 003e 49       		.uleb128 0x49
 1271 003f 13       		.uleb128 0x13
 1272 0040 2F       		.uleb128 0x2f
 1273 0041 05       		.uleb128 0x5
 1274 0042 00       		.byte	0
 1275 0043 00       		.byte	0
 1276 0044 07       		.uleb128 0x7
 1277 0045 26       		.uleb128 0x26
 1278 0046 00       		.byte	0
 1279 0047 49       		.uleb128 0x49
 1280 0048 13       		.uleb128 0x13
 1281 0049 00       		.byte	0
 1282 004a 00       		.byte	0
 1283 004b 08       		.uleb128 0x8
 1284 004c 34       		.uleb128 0x34
 1285 004d 00       		.byte	0
 1286 004e 03       		.uleb128 0x3
 1287 004f 0E       		.uleb128 0xe
 1288 0050 3A       		.uleb128 0x3a
 1289 0051 0B       		.uleb128 0xb
 1290 0052 3B       		.uleb128 0x3b
 1291 0053 0B       		.uleb128 0xb
 1292 0054 49       		.uleb128 0x49
 1293 0055 13       		.uleb128 0x13
 1294 0056 3F       		.uleb128 0x3f
 1295 0057 19       		.uleb128 0x19
 1296 0058 02       		.uleb128 0x2
 1297 0059 18       		.uleb128 0x18
 1298 005a 00       		.byte	0
 1299 005b 00       		.byte	0
 1300 005c 09       		.uleb128 0x9
 1301 005d 21       		.uleb128 0x21
 1302 005e 00       		.byte	0
 1303 005f 49       		.uleb128 0x49
 1304 0060 13       		.uleb128 0x13
 1305 0061 2F       		.uleb128 0x2f
 1306 0062 0B       		.uleb128 0xb
 1307 0063 00       		.byte	0
ARM GAS  C:\Users\ash750\AppData\Local\Temp\ccyRLEso.s 			page 24


 1308 0064 00       		.byte	0
 1309 0065 00       		.byte	0
 1310              		.section	.debug_aranges,"",%progbits
 1311 0000 14000000 		.4byte	0x14
 1312 0004 0200     		.2byte	0x2
 1313 0006 00000000 		.4byte	.Ldebug_info0
 1314 000a 04       		.byte	0x4
 1315 000b 00       		.byte	0
 1316 000c 0000     		.2byte	0
 1317 000e 0000     		.2byte	0
 1318 0010 00000000 		.4byte	0
 1319 0014 00000000 		.4byte	0
 1320              		.section	.debug_line,"",%progbits
 1321              	.Ldebug_line0:
 1322 0000 3D010000 		.section	.debug_str,"MS",%progbits,1
 1322      02003701 
 1322      00000201 
 1322      FB0E0D00 
 1322      01010101 
 1323              	.LASF9:
 1324 0000 5F5F7569 		.ascii	"__uint8_t\000"
 1324      6E74385F 
 1324      7400
 1325              	.LASF17:
 1326 000a 474E5520 		.ascii	"GNU C11 5.4.1 20160609 (release) [ARM/embedded-5-br"
 1326      43313120 
 1326      352E342E 
 1326      31203230 
 1326      31363036 
 1327 003d 616E6368 		.ascii	"anch revision 237715] -mcpu=cortex-m3 -mthumb -g -O"
 1327      20726576 
 1327      6973696F 
 1327      6E203233 
 1327      37373135 
 1328 0070 30202D66 		.ascii	"0 -ffunction-sections -ffat-lto-objects\000"
 1328      66756E63 
 1328      74696F6E 
 1328      2D736563 
 1328      74696F6E 
 1329              	.LASF16:
 1330 0098 63795F6D 		.ascii	"cy_metadata\000"
 1330      65746164 
 1330      61746100 
 1331              	.LASF1:
 1332 00a4 756E7369 		.ascii	"unsigned char\000"
 1332      676E6564 
 1332      20636861 
 1332      7200
 1333              	.LASF5:
 1334 00b2 6C6F6E67 		.ascii	"long unsigned int\000"
 1334      20756E73 
 1334      69676E65 
 1334      6420696E 
 1334      7400
 1335              	.LASF3:
 1336 00c4 73686F72 		.ascii	"short unsigned int\000"
 1336      7420756E 
ARM GAS  C:\Users\ash750\AppData\Local\Temp\ccyRLEso.s 			page 25


 1336      7369676E 
 1336      65642069 
 1336      6E7400
 1337              	.LASF13:
 1338 00d7 63795F6D 		.ascii	"cy_meta_custnvl\000"
 1338      6574615F 
 1338      63757374 
 1338      6E766C00 
 1339              	.LASF12:
 1340 00e7 63795F6D 		.ascii	"cy_meta_configecc\000"
 1340      6574615F 
 1340      636F6E66 
 1340      69676563 
 1340      6300
 1341              	.LASF8:
 1342 00f9 756E7369 		.ascii	"unsigned int\000"
 1342      676E6564 
 1342      20696E74 
 1342      00
 1343              	.LASF7:
 1344 0106 6C6F6E67 		.ascii	"long long unsigned int\000"
 1344      206C6F6E 
 1344      6720756E 
 1344      7369676E 
 1344      65642069 
 1345              	.LASF10:
 1346 011d 75696E74 		.ascii	"uint8_t\000"
 1346      385F7400 
 1347              	.LASF15:
 1348 0125 63795F6D 		.ascii	"cy_meta_flashprotect\000"
 1348      6574615F 
 1348      666C6173 
 1348      6870726F 
 1348      74656374 
 1349              	.LASF14:
 1350 013a 63795F6D 		.ascii	"cy_meta_wonvl\000"
 1350      6574615F 
 1350      776F6E76 
 1350      6C00
 1351              	.LASF11:
 1352 0148 73697A65 		.ascii	"sizetype\000"
 1352      74797065 
 1352      00
 1353              	.LASF6:
 1354 0151 6C6F6E67 		.ascii	"long long int\000"
 1354      206C6F6E 
 1354      6720696E 
 1354      7400
 1355              	.LASF2:
 1356 015f 73686F72 		.ascii	"short int\000"
 1356      7420696E 
 1356      7400
 1357              	.LASF4:
 1358 0169 6C6F6E67 		.ascii	"long int\000"
 1358      20696E74 
 1358      00
 1359              	.LASF19:
ARM GAS  C:\Users\ash750\AppData\Local\Temp\ccyRLEso.s 			page 26


 1360 0172 483A5C50 		.ascii	"H:\\P4P\\New\\P4P_Project-130\\Capsense_stuff\\Cap_"
 1360      34505C4E 
 1360      65775C50 
 1360      34505F50 
 1360      726F6A65 
 1361 01a0 53656E73 		.ascii	"Sense.cydsn\\CapSense_CSD_WithTuner01.cydsn\000"
 1361      652E6379 
 1361      64736E5C 
 1361      43617053 
 1361      656E7365 
 1362              	.LASF0:
 1363 01cb 7369676E 		.ascii	"signed char\000"
 1363      65642063 
 1363      68617200 
 1364              	.LASF18:
 1365 01d7 47656E65 		.ascii	"Generated_Source\\PSoC5\\cymetadata.c\000"
 1365      72617465 
 1365      645F536F 
 1365      75726365 
 1365      5C50536F 
 1366              		.ident	"GCC: (GNU Tools for ARM Embedded Processors) 5.4.1 20160609 (release) [ARM/embedded-5-bran
